> ./accounting_overview__
> ./accounting_overview_2013_08
> ./accounting_overview_2013_08.all
> ./accounting_overview_2013_08.lst
> ./accounting_overview_2013_09
> ./accounting_overview_2013_09.all
> ./accounting_overview_2013_09.lst
> ./accounting_overview_2013_10
> ./accounting_overview_2013_10.all
> ./accounting_overview_2013_10.lst
> ./accounting_overview_2013_11
> ./accounting_overview_2013_11.all
> ./accounting_overview_2013_11.lst
> ./accounting_overview_2013_12
> ./accounting_overview_2013_12.all
> ./accounting_overview_2013_12.lst
> ./accounting_overview_2014_01
> ./accounting_overview_2014_01.all
> ./accounting_overview_2014_01.lst
> ./accounting_overview_2014_02
> ./accounting_overview_2014_02.all
> ./accounting_overview_2014_02.lst
> ./accounting_overview_2014_03
> ./accounting_overview_2014_03.all
> ./accounting_overview_2014_03.lst
> ./accounting_overview_2014_04
> ./accounting_overview_2014_04.all
> ./accounting_overview_2014_04.lst
> ./accounting_overview_2014_05
> ./accounting_overview_2014_05.all
> ./accounting_overview_2014_05.lst
> ./accounting_overview_2014_06
> ./accounting_overview_2014_06.all
> ./accounting_overview_2014_06.lst
> ./accounting_overview_2014_07
> ./accounting_overview_2014_07.all
> ./accounting_overview_2014_07.lst
> ./accounting_overview_2014_08
> ./accounting_overview_2014_08.all
> ./accounting_overview_2014_08.lst
> ./accounting_overview_2014_09
> ./accounting_overview_2014_09.all
> ./accounting_overview_2014_09.lst
> ./accounting_overview__.all
> ./accounting_overview__.lst
> ./accounting_overview.sh
> ./gen_all.sh
