> ./.DS_Store
> ./help.txt
> ./scripts
> ./scripts/Associations
> ./scripts/Associations/Clustering_Strats
> ./scripts/Associations/Clustering_Strats/cluster_cohort.py
> ./scripts/Associations/make_dataset.py
> ./scripts/Associations/MetaMap
> ./scripts/Associations/MetaMap/cluster_analysis.py
> ./scripts/Associations/MetaMap/enter_metamap_files.py
> ./scripts/Associations/PostProcess
> ./scripts/Associations/PostProcess/Misc
> ./scripts/Associations/PostProcess/Misc/anaylze_umls_splitting_terms.py
> ./scripts/Associations/PostProcess/Misc/overlap_of_new_patients.py
> ./scripts/Associations/PostProcess/Parsing
> ./scripts/Associations/PostProcess/Parsing/analyze_results.py
> ./scripts/Associations/PostProcess/Parsing/parse_reformatted_results.py
> ./scripts/Associations/PostProcess/Parsing/parse_results.py
> ./scripts/Associations/PostProcess/Reformatting
> ./scripts/Associations/PostProcess/Reformatting/.ipynb_checkpoints
> ./scripts/Associations/PostProcess/Reformatting/.ipynb_checkpoints/Untitled0-checkpoint.ipynb
> ./scripts/Associations/PostProcess/Reformatting/reformat_melanie_output.py
> ./scripts/Associations/PostProcess/Reformatting/run_reformat_melanie_output.sh
> ./scripts/Associations/PostProcess/Reformatting/Untitled0.ipynb
> ./scripts/Associations/runAssociation.py
> ./scripts/assoc.py
> ./scripts/build_corpus_v2.py
> ./scripts/build_sentences.sh
> ./scripts/callVariants
> ./scripts/callVariants/call_variants.sh
> ./scripts/callVariants/collect_exome_pieces.py
> ./scripts/callVariants/create_gwas_data_stage_2ba_exome.py
> ./scripts/callVariants/linkHdf5.py
> ./scripts/callVariants/mergeMutectOnLinkedhdf5.py
> ./scripts/callVariants/vcfThdf5.py
> ./scripts/Clinical_Note_Classes
> ./scripts/Clinical_Note_Classes/ClinicalMetaData.py
> ./scripts/Clinical_Note_Classes/ClinicalNote3.py
> ./scripts/Clinical_Note_Classes/ClinicalNoteSection.py
> ./scripts/Clinical_Note_Classes/ClinicalNoteSentence.py
> ./scripts/Clinical_Note_Classes/CorpusReader.py
> ./scripts/Clinical_Note_Classes/__init__.py
> ./scripts/Clinical_Note_Classes/SyntaxLibrary.py
> ./scripts/Clinical_Object_Simularities
> ./scripts/Clinical_Object_Simularities/._clinical_object.py
> ./scripts/Clinical_Object_Simularities/clinical_object.py
> ./scripts/clinithink
> ./scripts/clinithink/._test_encode.py
> ./scripts/clinithink/test_encode.py
> ./scripts/Document_Similarity
> ./scripts/Document_Similarity/._compute_document_sim.py
> ./scripts/Document_Similarity/compute_document_sim.py
> ./scripts/Document_Similarity/._document_matrix_construction.py
> ./scripts/Document_Similarity/document_matrix_construction.py
> ./scripts/Document_Similarity/failed_jobs.txt
> ./scripts/Document_Similarity/._run_compute_document_sim.sh
> ./scripts/Document_Similarity/run_compute_document_sim.sh
> ./scripts/.DS_Store
> ./scripts/.gitignore
> ./scripts/graphlab
> ./scripts/graphlab/wordclouds-document-1000-shared_map2k.txt
> ./scripts/graphlab/wordclouds-document-1000-shared.txt
> ./scripts/graphlab/wordclouds-document-200-shared_map2k.txt
> ./scripts/graphlab/wordclouds-document-200-shared.txt
> ./scripts/graphlab/wordclouds-section-200-shared_map2k.txt
> ./scripts/graphlab/wordclouds-section-200-shared.txt
> ./scripts/HariMLAttempts
> ./scripts/HariMLAttempts/HariTest.py
> ./scripts/HariMLAttempts/kNearestNeighbor.py
> ./scripts/HariMLAttempts/LogisticRegression.py
> ./scripts/HariMLAttempts/planParser.py
> ./scripts/id_mapping
> ./scripts/id_mapping/dmp2clinical.h5
> ./scripts/id_mappingdmp2clinical.h5
> ./scripts/id_mapping/.gitignore
> ./scripts/id_mapping/map_ids.py
> ./scripts/impact_text
> ./scripts/impact_text/._get_umls_codes.py
> ./scripts/impact_text/get_umls_codes.py
> ./scripts/impact_text/._parse_pubtator.py
> ./scripts/impact_text/parse_pubtator.py
> ./scripts/impact_text/._write_text_notes.py
> ./scripts/impact_text/write_text_notes.py
> ./scripts/KNN
> ./scripts/KNN/Analysis
> ./scripts/KNN/Analysis/._query_smat.py
> ./scripts/KNN/Analysis/query_smat.py
> ./scripts/KNN/Application
> ./scripts/KNN/Application/make_cristobal_dataset.py
> ./scripts/KNN/Benchmarks
> ./scripts/KNN/Benchmarks/benchmark_KNN_searches.py
> ./scripts/KNN/Benchmarks/knn_search_base.py
> ./scripts/KNN/Benchmarks/knn_search_benchmark.pk
> ./scripts/KNN/Benchmarks/knn_search.py
> ./scripts/KNN/Community_Search
> ./scripts/KNN/Community_Search/cluster_100.o3224825
> ./scripts/KNN/Community_Search/Clustering
> ./scripts/KNN/Community_Search/Clustering/._analyze_sentence_clusters.py
> ./scripts/KNN/Community_Search/Clustering/analyze_sentence_clusters.py
> ./scripts/KNN/Community_Search/Clustering/._clin_trial_analysis.py
> ./scripts/KNN/Community_Search/Clustering/clin_trial_analysis.py
> ./scripts/KNN/Community_Search/Clustering/._clustering_stats.py
> ./scripts/KNN/Community_Search/Clustering/clustering_stats.py
> ./scripts/KNN/Community_Search/Clustering/._clusters_in_document.py
> ./scripts/KNN/Community_Search/Clustering/._correlation_analysis.py
> ./scripts/KNN/Community_Search/Clustering/correlation_analysis.py
> ./scripts/KNN/Community_Search/Clustering/create_matrices.py
> ./scripts/KNN/Community_Search/Clustering/._patient_cluster_analysis_old.py
> ./scripts/KNN/Community_Search/Clustering/patient_cluster_analysis_old.py
> ./scripts/KNN/Community_Search/Clustering/._patient_cluster_analysis.py
> ./scripts/KNN/Community_Search/Clustering/patient_cluster_analysis.py
> ./scripts/KNN/Community_Search/Clustering/._plot_sentence_cluster_network_OLD.py
> ./scripts/KNN/Community_Search/Clustering/plot_sentence_cluster_network_OLD.py
> ./scripts/KNN/Community_Search/Clustering/._plot_sentence_cluster_network.py
> ./scripts/KNN/Community_Search/Clustering/plot_sentence_cluster_network.py
> ./scripts/KNN/Community_Search/Clustering/._plotting_sparse_matrix.py
> ./scripts/KNN/Community_Search/Clustering/plotting_sparse_matrix.py
> ./scripts/KNN/Community_Search/Clustering/._print_sample_sentences.py
> ./scripts/KNN/Community_Search/Clustering/print_sample_sentences.py
> ./scripts/KNN/Community_Search/Clustering/._quantify_clusters.py
> ./scripts/KNN/Community_Search/Clustering/quantify_clusters.py
> ./scripts/KNN/Community_Search/Clustering/readme.txt
> ./scripts/KNN/Community_Search/Clustering/._reduce_knn_output.py
> ./scripts/KNN/Community_Search/Clustering/reduce_knn_output.py
> ./scripts/KNN/Community_Search/Clustering/._sentence_cluster_analysis.py
> ./scripts/KNN/Community_Search/Clustering/sentence_cluster_analysis.py
> ./scripts/KNN/Community_Search/Clustering/time_series
> ./scripts/KNN/Community_Search/Clustering/time_series/._breast_patient_time_series.py
> ./scripts/KNN/Community_Search/Clustering/time_series/breast_patient_time_series.py
> ./scripts/KNN/Community_Search/Clustering/time_series/._build_doc_mat.py
> ./scripts/KNN/Community_Search/Clustering/time_series/build_doc_mat.py
> ./scripts/KNN/Community_Search/Clustering/time_series/._cluster_analysis.py
> ./scripts/KNN/Community_Search/Clustering/time_series/cluster_analysis.py
> ./scripts/KNN/Community_Search/cluster_network_10knn_cutoff02.graphml
> ./scripts/KNN/Community_Search/cluster_network_10knn_cutoff05.graphml
> ./scripts/KNN/Community_Search/._compute_adj.py
> ./scripts/KNN/Community_Search/compute_adj.py
> ./scripts/KNN/Community_Search/._evaluate_cluster_quant.py
> ./scripts/KNN/Community_Search/evaluate_cluster_quant.py
> ./scripts/KNN/Community_Search/._explore_louvain_results.py
> ./scripts/KNN/Community_Search/explore_louvain_results.py
> ./scripts/KNN/Community_Search/find_overlap.py
> ./scripts/KNN/Community_Search/louvain
> ./scripts/KNN/Community_Search/louvain/._cluster_eval.py
> ./scripts/KNN/Community_Search/louvain/cluster_eval.py
> ./scripts/KNN/Community_Search/louvain/dt_30.o3397835
> ./scripts/KNN/Community_Search/louvain/dt_50.o3397836
> ./scripts/KNN/Community_Search/louvain/logs
> ./scripts/KNN/Community_Search/louvain/logs/clev_100_lvl1.o3269138
> ./scripts/KNN/Community_Search/louvain/logs/clev_100_lvl1.o3269208
> ./scripts/KNN/Community_Search/louvain/logs/clev_100_lvl2.o3269139
> ./scripts/KNN/Community_Search/louvain/logs/clev_100_lvl2.o3269209
> ./scripts/KNN/Community_Search/louvain/logs/clev_100_lvl3.o3269140
> ./scripts/KNN/Community_Search/louvain/logs/clev_100_lvl3.o3269210
> ./scripts/KNN/Community_Search/louvain/logs/clev_100_lvl4.o3269141
> ./scripts/KNN/Community_Search/louvain/logs/clev_100_lvl4.o3269211
> ./scripts/KNN/Community_Search/louvain/logs/clev_100_lvl5.o3269142
> ./scripts/KNN/Community_Search/louvain/logs/clev_100_lvl5.o3269212
> ./scripts/KNN/Community_Search/louvain/logs/clev_10_lvl1.o3249960
> ./scripts/KNN/Community_Search/louvain/logs/clev_10_lvl1.o3249986
> ./scripts/KNN/Community_Search/louvain/logs/clev_10_lvl1.o3250613
> ./scripts/KNN/Community_Search/louvain/logs/clev_10_lvl1.o3397861
> ./scripts/KNN/Community_Search/louvain/logs/clev_10_lvl2.o3249961
> ./scripts/KNN/Community_Search/louvain/logs/clev_10_lvl2.o3249987
> ./scripts/KNN/Community_Search/louvain/logs/clev_10_lvl2.o3250615
> ./scripts/KNN/Community_Search/louvain/logs/clev_10_lvl2.o3397862
> ./scripts/KNN/Community_Search/louvain/logs/clev_10_lvl3.o3249962
> ./scripts/KNN/Community_Search/louvain/logs/clev_10_lvl3.o3249988
> ./scripts/KNN/Community_Search/louvain/logs/clev_10_lvl3.o3250617
> ./scripts/KNN/Community_Search/louvain/logs/clev_10_lvl3.o3397863
> ./scripts/KNN/Community_Search/louvain/logs/clev_10_lvl4.o3249963
> ./scripts/KNN/Community_Search/louvain/logs/clev_10_lvl4.o3249989
> ./scripts/KNN/Community_Search/louvain/logs/clev_10_lvl4.o3250619
> ./scripts/KNN/Community_Search/louvain/logs/clev_10_lvl4.o3397864
> ./scripts/KNN/Community_Search/louvain/logs/clev_10_lvl5.o3249964
> ./scripts/KNN/Community_Search/louvain/logs/clev_10_lvl5.o3249990
> ./scripts/KNN/Community_Search/louvain/logs/clev_10_lvl5.o3250621
> ./scripts/KNN/Community_Search/louvain/logs/clev_10_lvl5.o3397865
> ./scripts/KNN/Community_Search/louvain/logs/clev_10_lvl6.o3249965
> ./scripts/KNN/Community_Search/louvain/logs/clev_10_lvl6.o3249991
> ./scripts/KNN/Community_Search/louvain/logs/clev_10_lvl6.o3250623
> ./scripts/KNN/Community_Search/louvain/logs/clev_10_lvl6.o3397866
> ./scripts/KNN/Community_Search/louvain/logs/clev_20_lvl1.o3199925
> ./scripts/KNN/Community_Search/louvain/logs/clev_20_lvl1.o3249966
> ./scripts/KNN/Community_Search/louvain/logs/clev_20_lvl1.o3249992
> ./scripts/KNN/Community_Search/louvain/logs/clev_20_lvl1.o3250633
> ./scripts/KNN/Community_Search/louvain/logs/clev_20_lvl1.o3397867
> ./scripts/KNN/Community_Search/louvain/logs/clev_20_lvl2.o3199926
> ./scripts/KNN/Community_Search/louvain/logs/clev_20_lvl2.o3249967
> ./scripts/KNN/Community_Search/louvain/logs/clev_20_lvl2.o3249993
> ./scripts/KNN/Community_Search/louvain/logs/clev_20_lvl2.o3250635
> ./scripts/KNN/Community_Search/louvain/logs/clev_20_lvl2.o3397868
> ./scripts/KNN/Community_Search/louvain/logs/clev_20_lvl3.o3199927
> ./scripts/KNN/Community_Search/louvain/logs/clev_20_lvl3.o3249968
> ./scripts/KNN/Community_Search/louvain/logs/clev_20_lvl3.o3249994
> ./scripts/KNN/Community_Search/louvain/logs/clev_20_lvl3.o3250637
> ./scripts/KNN/Community_Search/louvain/logs/clev_20_lvl3.o3397869
> ./scripts/KNN/Community_Search/louvain/logs/clev_20_lvl4.o3199928
> ./scripts/KNN/Community_Search/louvain/logs/clev_20_lvl4.o3249969
> ./scripts/KNN/Community_Search/louvain/logs/clev_20_lvl4.o3249995
> ./scripts/KNN/Community_Search/louvain/logs/clev_20_lvl4.o3250640
> ./scripts/KNN/Community_Search/louvain/logs/clev_20_lvl4.o3397870
> ./scripts/KNN/Community_Search/louvain/logs/clev_20_lvl5.o3199929
> ./scripts/KNN/Community_Search/louvain/logs/clev_20_lvl5.o3249970
> ./scripts/KNN/Community_Search/louvain/logs/clev_20_lvl5.o3249996
> ./scripts/KNN/Community_Search/louvain/logs/clev_20_lvl5.o3250641
> ./scripts/KNN/Community_Search/louvain/logs/clev_20_lvl5.o3397871
> ./scripts/KNN/Community_Search/louvain/logs/clev_20_lvl6.o3397872
> ./scripts/KNN/Community_Search/louvain/logs/clev_30_lvl1.o3199947
> ./scripts/KNN/Community_Search/louvain/logs/clev_30_lvl1.o3224418
> ./scripts/KNN/Community_Search/louvain/logs/clev_30_lvl1.o3249971
> ./scripts/KNN/Community_Search/louvain/logs/clev_30_lvl1.o3249997
> ./scripts/KNN/Community_Search/louvain/logs/clev_30_lvl1.o3250653
> ./scripts/KNN/Community_Search/louvain/logs/clev_30_lvl1.o3397873
> ./scripts/KNN/Community_Search/louvain/logs/clev_30_lvl2.o3199948
> ./scripts/KNN/Community_Search/louvain/logs/clev_30_lvl2.o3224419
> ./scripts/KNN/Community_Search/louvain/logs/clev_30_lvl2.o3249972
> ./scripts/KNN/Community_Search/louvain/logs/clev_30_lvl2.o3249998
> ./scripts/KNN/Community_Search/louvain/logs/clev_30_lvl2.o3250655
> ./scripts/KNN/Community_Search/louvain/logs/clev_30_lvl2.o3397874
> ./scripts/KNN/Community_Search/louvain/logs/clev_30_lvl3.o3199949
> ./scripts/KNN/Community_Search/louvain/logs/clev_30_lvl3.o3224420
> ./scripts/KNN/Community_Search/louvain/logs/clev_30_lvl3.o3249973
> ./scripts/KNN/Community_Search/louvain/logs/clev_30_lvl3.o3249999
> ./scripts/KNN/Community_Search/louvain/logs/clev_30_lvl3.o3250657
> ./scripts/KNN/Community_Search/louvain/logs/clev_30_lvl3.o3397875
> ./scripts/KNN/Community_Search/louvain/logs/clev_30_lvl4.o3199950
> ./scripts/KNN/Community_Search/louvain/logs/clev_30_lvl4.o3224421
> ./scripts/KNN/Community_Search/louvain/logs/clev_30_lvl4.o3249974
> ./scripts/KNN/Community_Search/louvain/logs/clev_30_lvl4.o3250000
> ./scripts/KNN/Community_Search/louvain/logs/clev_30_lvl4.o3250659
> ./scripts/KNN/Community_Search/louvain/logs/clev_30_lvl4.o3397876
> ./scripts/KNN/Community_Search/louvain/logs/clev_30_lvl5.o3199951
> ./scripts/KNN/Community_Search/louvain/logs/clev_30_lvl5.o3224422
> ./scripts/KNN/Community_Search/louvain/logs/clev_30_lvl5.o3249975
> ./scripts/KNN/Community_Search/louvain/logs/clev_30_lvl5.o3250001
> ./scripts/KNN/Community_Search/louvain/logs/clev_30_lvl5.o3250660
> ./scripts/KNN/Community_Search/louvain/logs/clev_30_lvl5.o3397877
> ./scripts/KNN/Community_Search/louvain/logs/clev_30_lvl6.o3397878
> ./scripts/KNN/Community_Search/louvain/logs/clev_40_lvl1.o3199952
> ./scripts/KNN/Community_Search/louvain/logs/clev_40_lvl1.o3224423
> ./scripts/KNN/Community_Search/louvain/logs/clev_40_lvl1.o3249976
> ./scripts/KNN/Community_Search/louvain/logs/clev_40_lvl1.o3250002
> ./scripts/KNN/Community_Search/louvain/logs/clev_40_lvl1.o3250663
> ./scripts/KNN/Community_Search/louvain/logs/clev_40_lvl2.o3199953
> ./scripts/KNN/Community_Search/louvain/logs/clev_40_lvl2.o3224424
> ./scripts/KNN/Community_Search/louvain/logs/clev_40_lvl2.o3249977
> ./scripts/KNN/Community_Search/louvain/logs/clev_40_lvl2.o3250003
> ./scripts/KNN/Community_Search/louvain/logs/clev_40_lvl2.o3250665
> ./scripts/KNN/Community_Search/louvain/logs/clev_40_lvl3.o3199954
> ./scripts/KNN/Community_Search/louvain/logs/clev_40_lvl3.o3224425
> ./scripts/KNN/Community_Search/louvain/logs/clev_40_lvl3.o3249978
> ./scripts/KNN/Community_Search/louvain/logs/clev_40_lvl3.o3250004
> ./scripts/KNN/Community_Search/louvain/logs/clev_40_lvl3.o3250667
> ./scripts/KNN/Community_Search/louvain/logs/clev_40_lvl4.o3199955
> ./scripts/KNN/Community_Search/louvain/logs/clev_40_lvl4.o3224426
> ./scripts/KNN/Community_Search/louvain/logs/clev_40_lvl4.o3249979
> ./scripts/KNN/Community_Search/louvain/logs/clev_40_lvl4.o3250005
> ./scripts/KNN/Community_Search/louvain/logs/clev_40_lvl4.o3250669
> ./scripts/KNN/Community_Search/louvain/logs/clev_40_lvl5.o3199956
> ./scripts/KNN/Community_Search/louvain/logs/clev_40_lvl5.o3224427
> ./scripts/KNN/Community_Search/louvain/logs/clev_40_lvl5.o3249980
> ./scripts/KNN/Community_Search/louvain/logs/clev_40_lvl5.o3250006
> ./scripts/KNN/Community_Search/louvain/logs/clev_40_lvl5.o3250671
> ./scripts/KNN/Community_Search/louvain/logs/clev_50_lvl1.o3199957
> ./scripts/KNN/Community_Search/louvain/logs/clev_50_lvl1.o3224428
> ./scripts/KNN/Community_Search/louvain/logs/clev_50_lvl1.o3249981
> ./scripts/KNN/Community_Search/louvain/logs/clev_50_lvl1.o3250007
> ./scripts/KNN/Community_Search/louvain/logs/clev_50_lvl1.o3250684
> ./scripts/KNN/Community_Search/louvain/logs/clev_50_lvl1.o3397879
> ./scripts/KNN/Community_Search/louvain/logs/clev_50_lvl2.o3199958
> ./scripts/KNN/Community_Search/louvain/logs/clev_50_lvl2.o3224429
> ./scripts/KNN/Community_Search/louvain/logs/clev_50_lvl2.o3249982
> ./scripts/KNN/Community_Search/louvain/logs/clev_50_lvl2.o3250008
> ./scripts/KNN/Community_Search/louvain/logs/clev_50_lvl2.o3250686
> ./scripts/KNN/Community_Search/louvain/logs/clev_50_lvl2.o3397880
> ./scripts/KNN/Community_Search/louvain/logs/clev_50_lvl3.o3199959
> ./scripts/KNN/Community_Search/louvain/logs/clev_50_lvl3.o3224430
> ./scripts/KNN/Community_Search/louvain/logs/clev_50_lvl3.o3249983
> ./scripts/KNN/Community_Search/louvain/logs/clev_50_lvl3.o3250009
> ./scripts/KNN/Community_Search/louvain/logs/clev_50_lvl3.o3250687
> ./scripts/KNN/Community_Search/louvain/logs/clev_50_lvl3.o3397881
> ./scripts/KNN/Community_Search/louvain/logs/clev_50_lvl4.o3199960
> ./scripts/KNN/Community_Search/louvain/logs/clev_50_lvl4.o3224431
> ./scripts/KNN/Community_Search/louvain/logs/clev_50_lvl4.o3249984
> ./scripts/KNN/Community_Search/louvain/logs/clev_50_lvl4.o3250010
> ./scripts/KNN/Community_Search/louvain/logs/clev_50_lvl4.o3250689
> ./scripts/KNN/Community_Search/louvain/logs/clev_50_lvl4.o3397882
> ./scripts/KNN/Community_Search/louvain/logs/clev_50_lvl5.o3199961
> ./scripts/KNN/Community_Search/louvain/logs/clev_50_lvl5.o3224432
> ./scripts/KNN/Community_Search/louvain/logs/clev_50_lvl5.o3249985
> ./scripts/KNN/Community_Search/louvain/logs/clev_50_lvl5.o3250011
> ./scripts/KNN/Community_Search/louvain/logs/clev_50_lvl5.o3250691
> ./scripts/KNN/Community_Search/louvain/logs/clev_50_lvl5.o3397883
> ./scripts/KNN/Community_Search/louvain/._post_process.py
> ./scripts/KNN/Community_Search/louvain/post_process.py
> ./scripts/KNN/Community_Search/louvain/._rewrite_details.py
> ./scripts/KNN/Community_Search/louvain/rewrite_details.py
> ./scripts/KNN/Community_Search/louvain/._run_post_process.py
> ./scripts/KNN/Community_Search/louvain/._run_post_process.sh
> ./scripts/KNN/Community_Search/louvain/run_post_process.sh
> ./scripts/KNN/Community_Search/._network_by_node_gt_01.png
> ./scripts/KNN/Community_Search/network_by_node_gt_01.png
> ./scripts/KNN/Community_Search/._parse_melanie_log.py
> ./scripts/KNN/Community_Search/parse_melanie_log.py
> ./scripts/KNN/Community_Search/reduce_knn.o3181587
> ./scripts/KNN/Community_Search/reduce_knn.o3181588
> ./scripts/KNN/Community_Search/reduce_knn.o3181701
> ./scripts/KNN/Community_Search/rlouv_100.o3386253
> ./scripts/KNN/Community_Search/rlouv_100.o3386259
> ./scripts/KNN/Community_Search/rlouv_10.o3386251
> ./scripts/KNN/Community_Search/rlouv_20.o3386255
> ./scripts/KNN/Community_Search/rlouv_20.o3386261
> ./scripts/KNN/Community_Search/rlouv_30.o3386256
> ./scripts/KNN/Community_Search/rlouv_30.o3386262
> ./scripts/KNN/Community_Search/rlouv_40.o3386254
> ./scripts/KNN/Community_Search/rlouv_40.o3386260
> ./scripts/KNN/Community_Search/rlouv_50.o3386252
> ./scripts/KNN/Community_Search/rlouv_50.o3386258
> ./scripts/KNN/Community_Search/._run_louvian.sh
> ./scripts/KNN/Community_Search/run_louvian.sh
> ./scripts/KNN/Community_Search/._submit_louvain.sh
> ./scripts/KNN/Community_Search/submit_louvain.sh
> ./scripts/KNN/Community_Search/test.sh
> ./scripts/KNN/Community_Search/._useful_fncs.py
> ./scripts/KNN/Community_Search/useful_fncs.py
> ./scripts/KNN/Configs
> ./scripts/KNN/Configs/.DS_Store
> ./scripts/KNN/Configs/__init__.py
> ./scripts/KNN/Configs/._knn_search_config.py
> ./scripts/KNN/Configs/knn_search_config.py
> ./scripts/KNN/.DS_Store
> ./scripts/KNN/KNN_Search
> ./scripts/KNN/KNN_Search/Add_Sentences
> ./scripts/KNN/KNN_Search/Add_Sentences/create_avg_cluster_vocabulary.py
> ./scripts/KNN/KNN_Search/assign.py
> ./scripts/KNN/KNN_Search/Blocked_iiDS
> ./scripts/KNN/KNN_Search/Blocked_iiDS/._block_overlap.py
> ./scripts/KNN/KNN_Search/Blocked_iiDS/block_overlap.py
> ./scripts/KNN/KNN_Search/._fill_knn_values.py
> ./scripts/KNN/KNN_Search/._find_overlap_npmat.py
> ./scripts/KNN/KNN_Search/._finish_knn_search.sh
> ./scripts/KNN/KNN_Search/finish_knn_search.sh
> ./scripts/KNN/KNN_Search/knn.py
> ./scripts/KNN/KNN_Search/._knn_search_chunk_fp.py
> ./scripts/KNN/KNN_Search/._knn_search_class_parse_args.py
> ./scripts/KNN/KNN_Search/._knn_search_class.py
> ./scripts/KNN/KNN_Search/._knnsearch_class.py
> ./scripts/KNN/KNN_Search/._knn_search_single.py
> ./scripts/KNN/KNN_Search/logs
> ./scripts/KNN/KNN_Search/logs/test
> ./scripts/KNN/KNN_Search/logs/test/test_1_of_2.o6182148
> ./scripts/KNN/KNN_Search/logs/test/test_1_of_2.o6182150
> ./scripts/KNN/KNN_Search/logs/test/test_2_of_2.o6182149
> ./scripts/KNN/KNN_Search/logs/test/test_2_of_2.o6182151
> ./scripts/KNN/KNN_Search/._merge_knn_files_intermed.py
> ./scripts/KNN/KNN_Search/._old_knn_search_functions.py
> ./scripts/KNN/KNN_Search/old_stuff
> ./scripts/KNN/KNN_Search/old_stuff/clean_up.py
> ./scripts/KNN/KNN_Search/old_stuff/knn_search_chunk_fp.py
> ./scripts/KNN/KNN_Search/old_stuff/._knn_search_chunk.py
> ./scripts/KNN/KNN_Search/old_stuff/knn_search_chunk.py
> ./scripts/KNN/KNN_Search/old_stuff/knn_search_class_parse_args.py
> ./scripts/KNN/KNN_Search/old_stuff/knn_search_class.py
> ./scripts/KNN/KNN_Search/old_stuff/manual_run_knn_search.sh
> ./scripts/KNN/KNN_Search/old_stuff/merge_knn_files_intermed.py
> ./scripts/KNN/KNN_Search/old_stuff/old_knn_search_functions.py
> ./scripts/KNN/KNN_Search/old_stuff/print_knn.py
> ./scripts/KNN/KNN_Search/old_stuff/print_knn_toadj.py
> ./scripts/KNN/KNN_Search/old_stuff/profiles
> ./scripts/KNN/KNN_Search/old_stuff/profiles/dec10
> ./scripts/KNN/KNN_Search/old_stuff/profiles/dec10/knn_search_normalized.prf
> ./scripts/KNN/KNN_Search/old_stuff/profiles/dec10/knn_search_normalized_sp_arr2.prf
> ./scripts/KNN/KNN_Search/old_stuff/profiles/dec10/knn_search_normalized_sp_arr.prf
> ./scripts/KNN/KNN_Search/old_stuff/profiles/dec3
> ./scripts/KNN/KNN_Search/old_stuff/profiles/dec3/knn_search_normalized_incr_no_sub_mats.prf
> ./scripts/KNN/KNN_Search/old_stuff/profiles/dec3/knn_search_normalized_incr_no_sub_mats.txt
> ./scripts/KNN/KNN_Search/old_stuff/profiles/dec3/knn_search_normalized_incr.prf
> ./scripts/KNN/KNN_Search/old_stuff/profiles/dec3/knn_search_normalized_incr.txt
> ./scripts/KNN/KNN_Search/old_stuff/profiles/dec3/knn_search_normalized_no_sub_mats.prf
> ./scripts/KNN/KNN_Search/old_stuff/profiles/dec3/knn_search_normalized_no_sub_mats.txt
> ./scripts/KNN/KNN_Search/old_stuff/profiles/dec3/knn_search_normalized.prf
> ./scripts/KNN/KNN_Search/old_stuff/profiles/dec3/knn_search_normalized.txt
> ./scripts/KNN/KNN_Search/old_stuff/profiles/prf_guide.txt
> ./scripts/KNN/KNN_Search/old_stuff/run_knn_search_manual.sh
> ./scripts/KNN/KNN_Search/old_stuff/sparse_matrix_to_indices_array.py
> ./scripts/KNN/KNN_Search/old_stuff/tmp
> ./scripts/KNN/KNN_Search/old_stuff/tmp/fill_knn_values.py
> ./scripts/KNN/KNN_Search/old_stuff/tmp/reduce_knn_search.py
> ./scripts/KNN/KNN_Search/old_stuff/tmp/run_finish_knn_search.sh
> ./scripts/KNN/KNN_Search/old_stuff/tmp/run_knn_search.sh
> ./scripts/KNN/KNN_Search/old_stuff/tmp/test_knn_search_chunk.py
> ./scripts/KNN/KNN_Search/._parse_args.py
> ./scripts/KNN/KNN_Search/PostProcess
> ./scripts/KNN/KNN_Search/PostProcess/._calc_job_parameters.py
> ./scripts/KNN/KNN_Search/PostProcess/calc_job_parameters.py
> ./scripts/KNN/KNN_Search/PostProcess/._compare_choice_k.py
> ./scripts/KNN/KNN_Search/PostProcess/Duplicate_Nodes
> ./scripts/KNN/KNN_Search/PostProcess/Duplicate_Nodes/explore.py
> ./scripts/KNN/KNN_Search/PostProcess/knn_to_louvain
> ./scripts/KNN/KNN_Search/PostProcess/knn_to_louvain/._reduce_knn_for_louvain.py
> ./scripts/KNN/KNN_Search/PostProcess/knn_to_louvain/reduce_knn_for_louvain.py
> ./scripts/KNN/KNN_Search/PostProcess/knn_to_louvain/run_louv_100.o3186631
> ./scripts/KNN/KNN_Search/PostProcess/knn_to_louvain/run_louv_30.o3186632
> ./scripts/KNN/KNN_Search/PostProcess/knn_to_louvain/run_louv_40.o3186629
> ./scripts/KNN/KNN_Search/PostProcess/knn_to_louvain/run_louv_50.o3186630
> ./scripts/KNN/KNN_Search/PostProcess/._overlap_indices.py
> ./scripts/KNN/KNN_Search/PostProcess/overlap_indices.py
> ./scripts/KNN/KNN_Search/PostProcess/._print_csr_to_adj.npy
> ./scripts/KNN/KNN_Search/PostProcess/._print_indices_whole.py
> ./scripts/KNN/KNN_Search/PostProcess/._reduce_adj.sh
> ./scripts/KNN/KNN_Search/PostProcess/._reduce_knn_chunks.py
> ./scripts/KNN/KNN_Search/PostProcess/._reduce_knn_indices.py
> ./scripts/KNN/KNN_Search/PostProcess/._reduce_ranc_ssm.py
> ./scripts/KNN/KNN_Search/PostProcess/._run_overlap_indices.sh
> ./scripts/KNN/KNN_Search/PostProcess/run_overlap_indices.sh
> ./scripts/KNN/KNN_Search/PostProcess/tmp
> ./scripts/KNN/KNN_Search/PostProcess/tmp/compare_choice_k.py
> ./scripts/KNN/KNN_Search/PostProcess/tmp/compute_overlap.py
> ./scripts/KNN/KNN_Search/PostProcess/tmp/find_overlap_npmat.py
> ./scripts/KNN/KNN_Search/PostProcess/tmp/print_csr_to_adj.py
> ./scripts/KNN/KNN_Search/PostProcess/tmp/print_indices_whole.py
> ./scripts/KNN/KNN_Search/PostProcess/tmp/reduce_adj.sh
> ./scripts/KNN/KNN_Search/PostProcess/tmp/reduce_knn_chunks.py
> ./scripts/KNN/KNN_Search/PostProcess/tmp/reduce_knn_indices.py
> ./scripts/KNN/KNN_Search/PostProcess/tmp/reduce_ranc_ssm.py
> ./scripts/KNN/KNN_Search/PostProcess/tmp.txt
> ./scripts/KNN/KNN_Search/._print_knn.py
> ./scripts/KNN/KNN_Search/._print_knn_toadj.py
> ./scripts/KNN/KNN_Search/._reduce_knn_search.py
> ./scripts/KNN/KNN_Search/._run_finish_knn_search.sh
> ./scripts/KNN/KNN_Search/._run_knn_search_fp.sh
> ./scripts/KNN/KNN_Search/._run_knn_search.sh
> ./scripts/KNN/KNN_Search/run_knn_search.sh
> ./scripts/KNN/KNN_Search/test.py
> ./scripts/KNN/KNN_Search/tests
> ./scripts/KNN/KNN_Search/tests/._benchmark.sh
> ./scripts/KNN/KNN_Search/tests/benchmark.sh
> ./scripts/KNN/KNN_Search/tests/input_matrix_csr.npz
> ./scripts/KNN/KNN_Search/tests/._is_sparse_csr_equal.py
> ./scripts/KNN/KNN_Search/tests/is_sparse_csr_equal.py
> ./scripts/KNN/KNN_Search/tests/._test_knn_search.py
> ./scripts/KNN/KNN_Search/tests/._test_knn_search.sh
> ./scripts/KNN/KNN_Search/tests/test_knn_search.sh
> ./scripts/KNN/KNN_Search/tests/test_output.npz
> ./scripts/KNN/KNN_Search/tests/true_output_knn_csr.npz
> ./scripts/KNN/Make_Raw_Sentence_Matrix
> ./scripts/KNN/Make_Raw_Sentence_Matrix/aggregate_sentence_matrix.py
> ./scripts/KNN/Make_Raw_Sentence_Matrix/._clean_sentence_matrix.py
> ./scripts/KNN/Make_Raw_Sentence_Matrix/clean_sentence_matrix.py
> ./scripts/KNN/Make_Raw_Sentence_Matrix/generate_sentence_matrix_one.py
> ./scripts/KNN/Make_Raw_Sentence_Matrix/make_complete_sentence_matrix.py
> ./scripts/KNN/Make_Raw_Sentence_Matrix/._print_tokens.py
> ./scripts/KNN/Make_Raw_Sentence_Matrix/print_tokens.py
> ./scripts/KNN/Make_Raw_Sentence_Matrix/run_generate_sentence_matrix.sh
> ./scripts/KNN/Make_Raw_Sentence_Matrix/run_make_complete_sentence_matrix.sh
> ./scripts/KNN/Make_Raw_Sentence_Matrix/untitled
> ./scripts/KNN/Make_Raw_Sentence_Matrix/._untitled
> ./scripts/KNN/Make_Raw_Sentence_Matrix/v3_clinical_note_objects_list.npy
> ./scripts/KNN/Make_Raw_Sentence_Matrix/v3_clinical_note_objects_list.txt
> ./scripts/KNN/._map_sentence_to_doc_pat.py
> ./scripts/KNN/map_sentence_to_doc_pat.py
> ./scripts/KNN/MetaData
> ./scripts/KNN/MetaData/._analyze_icd9_codes.py
> ./scripts/KNN/MetaData/analyze_icd9_codes.py
> ./scripts/KNN/MetaData/._consolidate_tables.py
> ./scripts/KNN/MetaData/consolidate_tables.py
> ./scripts/KNN/MetaData/._icd9_distribution.py
> ./scripts/KNN/MetaData/icd9_distribution.py
> ./scripts/KNN/MetaData/._make_codes_by_clusters.py
> ./scripts/KNN/MetaData/make_codes_by_clusters.py
> ./scripts/KNN/MetaData/._procedure_category.py
> ./scripts/KNN/MetaData/procedure_category.py
> ./scripts/KNN/MetaData/._sig_codes_to_pandas.py
> ./scripts/KNN/MetaData/sig_codes_to_pandas.py
> ./scripts/KNN/MetaData/._tag_docs_icd9.py
> ./scripts/KNN/MetaData/tag_docs_icd9.py
> ./scripts/KNN/MetaData/._untitled.py
> ./scripts/KNN/MetaData/untitled.py
> ./scripts/KNN/Prediction
> ./scripts/KNN/Prediction/Clinical_Trials
> ./scripts/KNN/Prediction/Clinical_Trials/._make_dataset.py
> ./scripts/KNN/Prediction/Clinical_Trials/make_dataset.py
> ./scripts/KNN/Preprocess
> ./scripts/KNN/Preprocess/._assign_clusters_v3.py
> ./scripts/KNN/Preprocess/assign_clusters_v3.py
> ./scripts/KNN/Preprocess/assign.o3749936
> ./scripts/KNN/Preprocess/assign.o3754126
> ./scripts/KNN/Preprocess/._clin_note.py
> ./scripts/KNN/Preprocess/clin_note.py
> ./scripts/KNN/Preprocess/._ClinNote.py
> ./scripts/KNN/Preprocess/ClinNote.py
> ./scripts/KNN/Preprocess/__init__.py
> ./scripts/KNN/Preprocess/.___init__.py
> ./scripts/KNN/Preprocess/._map_new_sent_mat.py
> ./scripts/KNN/Preprocess/map_new_sent_mat.py
> ./scripts/KNN/Preprocess/._merge_vocab.py
> ./scripts/KNN/Preprocess/merge_vocab.py
> ./scripts/KNN/Preprocess/._reduce_npnote_objects.py
> ./scripts/KNN/Preprocess/reduce_npnote_objects.py
> ./scripts/KNN/Preprocess/._sentence_matrix.py
> ./scripts/KNN/Preprocess/sentence_matrix.py
> ./scripts/KNN/Preprocess/._unit_tests.py
> ./scripts/KNN/Preprocess/unit_tests.py
> ./scripts/KNN/._reduce_knn_output.py
> ./scripts/KNN/reduce_knn_output.py
> ./scripts/KNN/Remove_Duplicate_Rows
> ./scripts/KNN/Remove_Duplicate_Rows/._map_sents_to_uniq_sents.py
> ./scripts/KNN/Remove_Duplicate_Rows/old
> ./scripts/KNN/Remove_Duplicate_Rows/old/combine_sentence_matrices.py
> ./scripts/KNN/Remove_Duplicate_Rows/old/map_sents_to_uniq_sents.py
> ./scripts/KNN/Remove_Duplicate_Rows/old/run_sentence_matrix_reduce.sh
> ./scripts/KNN/Remove_Duplicate_Rows/old/run_split_sentence_matrix.sh
> ./scripts/KNN/Remove_Duplicate_Rows/old/#sentence_matrix_reduce_one.py#
> ./scripts/KNN/Remove_Duplicate_Rows/old/sentence_matrix_reduce_one.py
> ./scripts/KNN/Remove_Duplicate_Rows/old/sentence_matrix_reduce_single.pk
> ./scripts/KNN/Remove_Duplicate_Rows/old/split_sentence_matrix_one.py
> ./scripts/KNN/Remove_Duplicate_Rows/._reduce_unique_chunks.py
> ./scripts/KNN/Remove_Duplicate_Rows/reduce_unique_chunks.py
> ./scripts/KNN/Remove_Duplicate_Rows/._remove_duplicates_one.py
> ./scripts/KNN/Remove_Duplicate_Rows/remove_duplicates_one.py
> ./scripts/KNN/Remove_Duplicate_Rows/._run_remove_duplicates.sh
> ./scripts/KNN/Remove_Duplicate_Rows/run_remove_duplicates.sh
> ./scripts/KNN/Remove_Duplicate_Rows/._sentence_matrix_reduce_single.py
> ./scripts/KNN/Remove_Duplicate_Rows/sentence_matrix_reduce_single.py
> ./scripts/KNN/Remove_Duplicate_Rows/._split_csr_row_lengths.py
> ./scripts/KNN/Remove_Duplicate_Rows/split_csr_row_lengths.py
> ./scripts/KNN/._run_array_job.sh
> ./scripts/KNN/run_array_job.sh
> ./scripts/KNN/Sandbox
> ./scripts/KNN/Sandbox/._fix_map.py
> ./scripts/KNN/Sandbox/fix_map.py
> ./scripts/KNN/Sandbox/knn_to_txt.py
> ./scripts/KNN/Sandbox/._make_v3_sentences.py
> ./scripts/KNN/Sandbox/make_v3_sentences.py
> ./scripts/KNN/Sandbox/._normalize_csc.py
> ./scripts/KNN/Sandbox/normalize_csc.py
> ./scripts/KNN/Sandbox/._save_load_tokens.py
> ./scripts/KNN/Sandbox/save_load_tokens.py
> ./scripts/KNN/Sandbox/sentence_length_one.py
> ./scripts/KNN/Sandbox/SentenceMatrixScripts.py
> ./scripts/KNN/Sandbox/._subset_sentence_matrix.py
> ./scripts/KNN/Sandbox/subset_sentence_matrix.py
> ./scripts/KNN/Sandbox/V1_SentenceMatrixScripts.py
> ./scripts/KNN/Sandbox/v2_functions.py
> ./scripts/KNN/._save_load_csr.py
> ./scripts/KNN/._sparse_fnxs.py
> ./scripts/KNN/test_script.sh
> ./scripts/KNN/._test.sh
> ./scripts/KNN/test.sh
> ./scripts/KNN/timelines
> ./scripts/KNN/timelines/._analyze_docs.py
> ./scripts/KNN/timelines/analyze_docs.py
> ./scripts/KNN/timelines/._cancer_types_per_year.py
> ./scripts/KNN/timelines/cancer_types_per_year.py
> ./scripts/KNN/timelines/._create_timelines.py
> ./scripts/KNN/timelines/create_timelines.py
> ./scripts/KNN/timelines/._patient_sim_by_time.py
> ./scripts/KNN/timelines/patient_sim_by_time.py
> ./scripts/KNN/timelines/._plot_stats.py
> ./scripts/KNN/timelines/plot_stats.py
> ./scripts/KNN/timelines/._write_adj.sh
> ./scripts/KNN/timelines/write_adj.sh
> ./scripts/KNN/timelines/._write_adj_to_file.py
> ./scripts/KNN/timelines/write_adj_to_file.py
> ./scripts/KNN/tmp.txt
> ./scripts/KNN/update_impact
> ./scripts/KNN/update_impact/._create_pat_x_words.py
> ./scripts/KNN/update_impact/._create_pmat
> ./scripts/KNN/update_impact/._create_pmat.py
> ./scripts/KNN/update_impact/create_pmat.py
> ./scripts/KNN_v2
> ./scripts/KNN/V2
> ./scripts/KNN/V2/generate_sentence_matrix_one.py
> ./scripts/KNN_v2/KNN_Search
> ./scripts/KNN_v2/KNN_Search/assign.py
> ./scripts/KNN_v2/KNN_Search/clustering
> ./scripts/KNN_v2/KNN_Search/clustering/cluster_overview.py
> ./scripts/KNN_v2/KNN_Search/clustering/enter_clusters.py
> ./scripts/KNN_v2/KNN_Search/clustering/__init__.py
> ./scripts/KNN_v2/KNN_Search/clustering/logs
> ./scripts/KNN_v2/KNN_Search/clustering/logs/submit_louvain
> ./scripts/KNN_v2/KNN_Search/clustering/logs/submit_louvain/batch0
> ./scripts/KNN_v2/KNN_Search/clustering/logs/submit_louvain/batch0/rlouv_100.o6798726
> ./scripts/KNN_v2/KNN_Search/clustering/logs/submit_louvain/batch0/rlouv_10.o6798727
> ./scripts/KNN_v2/KNN_Search/clustering/logs/submit_louvain/batch0/rlouv_20.o6798728
> ./scripts/KNN_v2/KNN_Search/clustering/logs/submit_louvain/batch0/rlouv_30.o6798729
> ./scripts/KNN_v2/KNN_Search/clustering/logs/submit_louvain/batch0/rlouv_40.o6798730
> ./scripts/KNN_v2/KNN_Search/clustering/logs/submit_louvain/batch0/rlouv_50.o6798731
> ./scripts/KNN_v2/KNN_Search/clustering/logs/submit_louvain/batch1
> ./scripts/KNN_v2/KNN_Search/clustering/logs/submit_louvain/batch1/rlouv_100.o6798732
> ./scripts/KNN_v2/KNN_Search/clustering/logs/submit_louvain/batch1/rlouv_10.o6798733
> ./scripts/KNN_v2/KNN_Search/clustering/logs/submit_louvain/batch1/rlouv_20.o6798734
> ./scripts/KNN_v2/KNN_Search/clustering/logs/submit_louvain/batch1/rlouv_30.o6798735
> ./scripts/KNN_v2/KNN_Search/clustering/logs/submit_louvain/batch1/rlouv_40.o6798736
> ./scripts/KNN_v2/KNN_Search/clustering/logs/submit_louvain/batch1/rlouv_50.o6798737
> ./scripts/KNN_v2/KNN_Search/clustering/logs/submit_louvain/batch2
> ./scripts/KNN_v2/KNN_Search/clustering/logs/submit_louvain/batch2/rlouv_100.o6798740
> ./scripts/KNN_v2/KNN_Search/clustering/logs/submit_louvain/batch2/rlouv_20.o6798742
> ./scripts/KNN_v2/KNN_Search/clustering/logs/submit_louvain/batch2/rlouv_30.o6798743
> ./scripts/KNN_v2/KNN_Search/clustering/logs/submit_louvain/batch2/rlouv_40.o6798744
> ./scripts/KNN_v2/KNN_Search/clustering/logs/submit_louvain/batch2/rlouv_50.o6798745
> ./scripts/KNN_v2/KNN_Search/clustering/run_louvian.sh
> ./scripts/KNN_v2/KNN_Search/clustering/submit_enter_clusters.sh
> ./scripts/KNN_v2/KNN_Search/clustering/submit_louvain.sh
> ./scripts/KNN_v2/KNN_Search/clustering/submit_mskcc_v3_clusters.sh
> ./scripts/KNN_v2/KNN_Search/__init__.py
> ./scripts/KNN_v2/KNN_Search/knn_tools
> ./scripts/KNN_v2/KNN_Search/knn_tools/__init__.py
> ./scripts/KNN_v2/KNN_Search/knn_tools/query_feature_matrix.py
> ./scripts/KNN_v2/KNN_Search/knn_tools/tokenize_sentences.py
> ./scripts/KNN_v2/KNN_Search/README
> ./scripts/KNN_v2/KNN_Search/search.py
> ./scripts/KNN/V2/run_generate_sentence_matrix.sh
> ./scripts/libs
> ./scripts/libs/deidstrings.txt
> ./scripts/libs/negation_midlist_item_splitters.txt
> ./scripts/libs/negation_midsentence_splitters.txt
> ./scripts/libs/stopwords2.txt
> ./scripts/mapimpact
> ./scripts/mapimpact/assoc_impact_is.py
> ./scripts/mapimpact/assoc_impact.py
> ./scripts/mapimpact/assoc_impact_sentences_julia.py
> ./scripts/mapimpact/assoc_impact_sentences.py
> ./scripts/mapimpact/assoc_impact_snomed_julia.py
> ./scripts/mapimpact/assoc_impact_snomed_melanie.py
> ./scripts/mapimpact/assoc_impact_snomed.py
> ./scripts/mapimpact/.DS_Store
> ./scripts/mapimpact/filter_cancer.py
> ./scripts/mapimpact/limix.sh
> ./scripts/mapimpact/lookupsentencecluster.py
> ./scripts/mapimpact/map_impact.py
> ./scripts/mapimpact/melanie
> ./scripts/mapimpact/melanie2
> ./scripts/mapimpact/melanie2/analysis.py
> ./scripts/mapimpact/melanie2/Assoc.py
> ./scripts/mapimpact/melanie2/aux
> ./scripts/mapimpact/melanie2/aux/hm_plottools.py
> ./scripts/mapimpact/melanie2/aux/paths.py
> ./scripts/mapimpact/melanie2/dataLoader.py
> ./scripts/mapimpact/melanie2/DataLocation.py
> ./scripts/mapimpact/melanie2/Data.py
> ./scripts/mapimpact/melanie2/InputDataStruct.py
> ./scripts/mapimpact/melanie2/launcher
> ./scripts/mapimpact/melanie2/launcher/run_1task.py
> ./scripts/mapimpact/melanie2/launcher/runParallel_MAY15.sh
> ./scripts/mapimpact/melanie2/launcher/run.py
> ./scripts/mapimpact/melanie2/launcher/script_createArray_simuParam.py
> ./scripts/mapimpact/melanie2/launcher/script_createArray_simuParam_umls.py
> ./scripts/mapimpact/melanie2/launcher/simulator.py
> ./scripts/mapimpact/melanie2/np
> ./scripts/mapimpact/melanie2/old
> ./scripts/mapimpact/melanie2/old/analysis_OLD.py
> ./scripts/mapimpact/melanie2/old/aux_old.py
> ./scripts/mapimpact/melanie2/old/dataLoader_old.py
> ./scripts/mapimpact/melanie2/old/launcher_old
> ./scripts/mapimpact/melanie2/old/launcher_old/run_1task.py
> ./scripts/mapimpact/melanie2/old/launcher_old/run_multTasks_MAY15.py
> ./scripts/mapimpact/melanie2/old/launcher_old/run_multTasks.py
> ./scripts/mapimpact/melanie2/old/launcher_old/run.py
> ./scripts/mapimpact/melanie2/old/launcher_old/simulator.py
> ./scripts/mapimpact/melanie2/OutputDataStruct.py
> ./scripts/mapimpact/melanie2/Param.py
> ./scripts/mapimpact/melanie2/postprocessing
> ./scripts/mapimpact/melanie2/postprocessing/limix_python_to_matlab.py
> ./scripts/mapimpact/melanie2/postprocessing/postprocessing2.py
> ./scripts/mapimpact/melanie2/postprocessing/postprocessing.py
> ./scripts/mapimpact/melanie2/postprocessing/process.py
> ./scripts/mapimpact/melanie2/postprocessing/script_check_entropyAssoc.py
> ./scripts/mapimpact/melanie2/postprocessing/script_heatMassoc.py
> ./scripts/mapimpact/melanie2/preprocess.py
> ./scripts/mapimpact/melanie2/README.txt
> ./scripts/mapimpact/melanie2/ResultLimix.py
> ./scripts/mapimpact/melanie2/runAssociation.py
> ./scripts/mapimpact/melanie2/run_multTasks.py
> ./scripts/mapimpact/melanie2/runParallel.sh
> ./scripts/mapimpact/melanie2/script_compute_bootstrap2.py
> ./scripts/mapimpact/melanie2/script_compute_bootstrap.py
> ./scripts/mapimpact/melanie2/sparse_toolbox.py
> ./scripts/mapimpact/melanie2/validation
> ./scripts/mapimpact/melanie2/validation/construct_cluster2umls.py
> ./scripts/mapimpact/melanie2/validation/construct_dictionaries.py
> ./scripts/mapimpact/melanie2/validation/map_pubtator_to_umls.py
> ./scripts/mapimpact/melanie2/validation/pubtator_associations.py
> ./scripts/mapimpact/melanie2/validation/README.txt
> ./scripts/mapimpact/melanie2/validation/script_validateAssoc_block_new.py
> ./scripts/mapimpact/melanie2/validation/script_validateAssoc_block.py
> ./scripts/mapimpact/melanie2/validation/script_validateAssoc.py
> ./scripts/mapimpact/melanie2/validation/test_dictionaries.py
> ./scripts/mapimpact/melanie2/validation/toBuildHitsMatrix.py
> ./scripts/mapimpact/melanie/analysis_noise.py
> ./scripts/mapimpact/melanie/analysis.py
> ./scripts/mapimpact/melanie/aux.py
> ./scripts/mapimpact/melanie/Breast_analysis_matlab
> ./scripts/mapimpact/melanie/Breast_analysis_matlab/analysis_matrices.m
> ./scripts/mapimpact/melanie/Breast_analysis_matlab/computeLogLk_NPM_Discrete.m
> ./scripts/mapimpact/melanie/Breast_analysis_matlab/featureMatrix.txt
> ./scripts/mapimpact/melanie/Breast_analysis_matlab/inference_NPM_bernoulli.m
> ./scripts/mapimpact/melanie/Breast_analysis_matlab/load_featureMatrix.m
> ./scripts/mapimpact/melanie/Breast_analysis_matlab/load_mutationMatrix.m
> ./scripts/mapimpact/melanie/Breast_analysis_matlab/main_features.m
> ./scripts/mapimpact/melanie/Breast_analysis_matlab/main.m
> ./scripts/mapimpact/melanie/Breast_analysis_matlab/marginalLikelihoodDiscrete.m
> ./scripts/mapimpact/melanie/Breast_analysis_matlab/marginalLikelihood.m
> ./scripts/mapimpact/melanie/Breast_analysis_matlab/matlabMatrices_breast.mat
> ./scripts/mapimpact/melanie/Breast_analysis_matlab/MI.mat
> ./scripts/mapimpact/melanie/Breast_analysis_matlab/mutationMatrix.txt
> ./scripts/mapimpact/melanie/Breast_analysis_matlab/p_values_1-0-0.mat
> ./scripts/mapimpact/melanie/Breast_analysis_matlab/p_values.mat
> ./scripts/mapimpact/melanie/Breast_analysis_matlab/randmult.m
> ./scripts/mapimpact/melanie/Breast_analysis_matlab/script_computeMI.m
> ./scripts/mapimpact/melanie/Breast_analysis_matlab/script_tmp.m
> ./scripts/mapimpact/melanie/Breast_analysis_matlab/sim_poisson.mat
> ./scripts/mapimpact/melanie/Breast_analysis_matlab/writeMatrixToFile.py
> ./scripts/mapimpact/melanie/Breast_analysis_python
> ./scripts/mapimpact/melanie/Breast_analysis_python/featureMatrix
> ./scripts/mapimpact/melanie/Breast_analysis_python/mutationMatrix
> ./scripts/mapimpact/melanie/Breast_analysis_python/plain_poissonModel.py
> ./scripts/mapimpact/melanie/Breast_analysis_python/script_hierarchical.py
> ./scripts/mapimpact/melanie/Breast_db.pk
> ./scripts/mapimpact/melanie/dataLoader.py
> ./scripts/mapimpact/melanie/DEC15_process
> ./scripts/mapimpact/melanie/DEC15_process/process_word_matrix.py
> ./scripts/mapimpact/melanie/DEC15_process/README
> ./scripts/mapimpact/melanie/DEC15_process/run_OLD.py
> ./scripts/mapimpact/melanie/DEC15_process/run.py
> ./scripts/mapimpact/melanie/DEC15_process/script_generate_sentClusters_matrix.py
> ./scripts/mapimpact/melanie/DEC15_process/script_loadTextInfo.py
> ./scripts/mapimpact/melanie/DEC15_process/stopwords.npy
> ./scripts/mapimpact/melanie/DEC15_process/stopwords.txt
> ./scripts/mapimpact/melanie/dmp2clinical.h5
> ./scripts/mapimpact/melanie/doc
> ./scripts/mapimpact/melanie/doc/2015-01_report
> ./scripts/mapimpact/melanie/doc/assoc_colon_umls.png
> ./scripts/mapimpact/melanie/doc/cancer_subTypes.png
> ./scripts/mapimpact/melanie/doc/cancerTypes1_2205pt.png
> ./scripts/mapimpact/melanie/doc/cancerTypes1.png
> ./scripts/mapimpact/melanie/doc/cancerTypes2_2205pt.png
> ./scripts/mapimpact/melanie/doc/cancerTypes2.png
> ./scripts/mapimpact/melanie/doc/change_Limix_wrapper.png
> ./scripts/mapimpact/melanie/doc/error_saving_Pubtator.png
> ./scripts/mapimpact/melanie/doc/noMeaning2.png
> ./scripts/mapimpact/melanie/doc/noMeaning_assoc.png
> ./scripts/mapimpact/melanie/doc/qqplot_all_cancer_11.png
> ./scripts/mapimpact/melanie/doc/sentenceC to be removed.png
> ./scripts/mapimpact/melanie/doc/tooGeneral.png
> ./scripts/mapimpact/melanie/doc/umls_example.png
> ./scripts/mapimpact/melanie/.gitignore
> ./scripts/mapimpact/melanie/hm_plottools.py
> ./scripts/mapimpact/melanie/intermStr
> ./scripts/mapimpact/melanie/intermStr/data.mat
> ./scripts/mapimpact/melanie/intermStr/doc2pt.npy
> ./scripts/mapimpact/melanie/intermStr/features.npy
> ./scripts/mapimpact/melanie/intermStr/genes.npy
> ./scripts/mapimpact/melanie/intermStr/genList.npy
> ./scripts/mapimpact/melanie/intermStr/Ksim_breast.npy
> ./scripts/mapimpact/melanie/intermStr/patients.npy
> ./scripts/mapimpact/melanie/intermStr/pt2doc.npy
> ./scripts/mapimpact/melanie/intermStr/ptid_x.npy
> ./scripts/mapimpact/melanie/intermStr/ptid_y.npy
> ./scripts/mapimpact/melanie/intermStr/ptList.npy
> ./scripts/mapimpact/melanie/intermStr/X.mat
> ./scripts/mapimpact/melanie/intermStr/X.npy
> ./scripts/mapimpact/melanie/intermStr/Y.mat
> ./scripts/mapimpact/melanie/intermStr/Y.npy
> ./scripts/mapimpact/melanie/limix_python_to_matlab.py
> ./scripts/mapimpact/melanie/limix.sh
> ./scripts/mapimpact/melanie/list_deids_missing_docs.npy
> ./scripts/mapimpact/melanie/melanie-ibp
> ./scripts/mapimpact/melanie/melanie-ibp/ep
> ./scripts/mapimpact/melanie/melanie-ibp/ep/mLik_C.cpp
> ./scripts/mapimpact/melanie/melanie-ibp/ep/mLik_C.h
> ./scripts/mapimpact/melanie/melanie-ibp/ep/sim52Qsev.m
> ./scripts/mapimpact/melanie/melanie-ibp/laplace
> ./scripts/mapimpact/melanie/melanie-ibp/laplace/IBPaprender_discretoZactiva.m
> ./scripts/mapimpact/melanie/melanie-ibp/laplace/mLik_IBP2.m
> ./scripts/mapimpact/melanie/melanie-ibp/README.txt
> ./scripts/mapimpact/melanie/np
> ./scripts/mapimpact/melanie/oldDB
> ./scripts/mapimpact/melanie/oldDB/plot_mutations_v2.py
> ./scripts/mapimpact/melanie/oldDB/script_buildMatrices_oldDB.py
> ./scripts/mapimpact/melanie/paths.py
> ./scripts/mapimpact/melanie/postprocessing2.py
> ./scripts/mapimpact/melanie/postprocessing.py
> ./scripts/mapimpact/melanie/preprocess_noise.py
> ./scripts/mapimpact/melanie/preprocess.py
> ./scripts/mapimpact/melanie/process.py
> ./scripts/mapimpact/melanie/README_INFO_PROJECT.txt
> ./scripts/mapimpact/melanie/README.txt
> ./scripts/mapimpact/melanie/run_1task.py
> ./scripts/mapimpact/melanie/runAssociation_noise.py
> ./scripts/mapimpact/melanie/#runAssociation.py#
> ./scripts/mapimpact/melanie/runAssociation.py
> ./scripts/mapimpact/melanie/run_multTasks_MAY15.py
> ./scripts/mapimpact/melanie/run_multTasks.py
> ./scripts/mapimpact/melanie/runParallel_MAY15.sh
> ./scripts/mapimpact/melanie/runParallel.sh
> ./scripts/mapimpact/melanie/run.py
> ./scripts/mapimpact/melanie/script_breast_forJulia.py
> ./scripts/mapimpact/melanie/script_build_genetic_database.py
> ./scripts/mapimpact/melanie/script_check_entropyAssoc.py
> ./scripts/mapimpact/melanie/script_heatMassoc.py
> ./scripts/mapimpact/melanie/script_interpretableAssoc_presentationGunnar.py
> ./scripts/mapimpact/melanie/script_loadTextInfo.py
> ./scripts/mapimpact/melanie/script_readSentenceClusters.py
> ./scripts/mapimpact/melanie/script_testPFMtopics.py
> ./scripts/mapimpact/melanie/script_visualize_covariates.py
> ./scripts/mapimpact/melanie/simulator.py
> ./scripts/mapimpact/melanie/sparse_toolbox.py
> ./scripts/mapimpact/melanie/topicModel
> ./scripts/mapimpact/melanie/topicModel/aux_PFM_covariates.py
> ./scripts/mapimpact/melanie/topicModel/aux_PFM_covCond.py
> ./scripts/mapimpact/melanie/topicModel/aux_PFM_diff.py
> ./scripts/mapimpact/melanie/topicModel/aux_PFM.py
> ./scripts/mapimpact/melanie/topicModel/inference_PFM_covariates.py
> ./scripts/mapimpact/melanie/topicModel/inference_PFM_covCond.py
> ./scripts/mapimpact/melanie/topicModel/inference_PFM_diff.py
> ./scripts/mapimpact/melanie/topicModel/inference_PFM_sparseDiff.py
> ./scripts/mapimpact/melanie/topicModel/main_PFM_covariates_clusters_parallel.py
> ./scripts/mapimpact/melanie/topicModel/main_PFM_covariates_clusters.py
> ./scripts/mapimpact/melanie/topicModel/main_PFM_covariates_parallel.py
> ./scripts/mapimpact/melanie/topicModel/main_PFM_covariates.py
> ./scripts/mapimpact/melanie/topicModel/main_PFM_diff_clusters.py
> ./scripts/mapimpact/melanie/topicModel/main_PFM_diff_covCond.py
> ./scripts/mapimpact/melanie/topicModel/main_PFM_diff.py
> ./scripts/mapimpact/melanie/topicModel/main_PFM.py
> ./scripts/mapimpact/melanie/topicModel/main_PFM_sparseDiff.py
> ./scripts/mapimpact/melanie/topicModel/np
> ./scripts/mapimpact/melanie/topicModel/PFM_inference.py
> ./scripts/mapimpact/melanie/topicModel/process_PFM_diff.py
> ./scripts/mapimpact/melanie/topicModel/process_PFM.py
> ./scripts/mapimpact/melanie/topicModel/runParallel_PFM_covariates_clusters.sh
> ./scripts/mapimpact/melanie/topicModel/runParallel_PFM_covariates.sh
> ./scripts/mapimpact/melanie/topicModel/script_convert_py2Mat.py
> ./scripts/mapimpact/melanie/topicModel/script_py2mat_covCond.py
> ./scripts/mapimpact/melanie/topicModelSparse
> ./scripts/mapimpact/melanie/topicModelSparse/aux_PFM_IBP_generic.py
> ./scripts/mapimpact/melanie/topicModelSparse/aux_PFM_IBP.py
> ./scripts/mapimpact/melanie/topicModelSparse/inference_PFM_IBP_generic.py
> ./scripts/mapimpact/melanie/topicModelSparse/inference_PFM_IBP_generic_sparseTopics.py
> ./scripts/mapimpact/melanie/topicModelSparse/inference_PFM_IBP.py
> ./scripts/mapimpact/melanie/topicModelSparse/main_PFM_IBP_covariates.py
> ./scripts/mapimpact/melanie/topicModelSparse/main_PFM_IBP_generic.py
> ./scripts/mapimpact/melanie/topicModelSparse/main_PFM_IBP_generic_sparseTopics.py
> ./scripts/mapimpact/melanie/topicModelSparse/main_PFM_IBP.py
> ./scripts/mapimpact/melanie/topicModelSparse/script_py2mat.py
> ./scripts/mapimpact/melanie/validation
> ./scripts/mapimpact/melanie/validation/script_validateAssoc_block.py
> ./scripts/mapimpact/melanie/validation/script_validateAssoc.py
> ./scripts/mapimpact/meta_impact.py
> ./scripts/mapimpact/qqplot.png
> ./scripts/mapimpact/runAnalysis_Meta_cancer.py
> ./scripts/mapimpact/runAssociation.py
> ./scripts/mapimpact/sentenceClusters
> ./scripts/mapimpact/test.txt
> ./scripts/mapimpact/tmp.py
> ./scripts/mapimpact/utilities
> ./scripts/mapimpact/utilities/annotate_signficant_qv.py
> ./scripts/mapimpact/utilities/assemble_pvalues.py
> ./scripts/mapimpact/utilities/biomaps.py
> ./scripts/mapimpact/utilities/buildKernel.py
> ./scripts/mapimpact/utilities/burden.py
> ./scripts/mapimpact/utilities/caching.py
> ./scripts/mapimpact/utilities/calculate_qvalues_rows.py
> ./scripts/mapimpact/utilities/checkASEvents.py
> ./scripts/mapimpact/utilities/convert_hdf5_csv.py
> ./scripts/mapimpact/utilities/data.py
> ./scripts/mapimpact/utilities/fdr.py
> ./scripts/mapimpact/utilities/genenames
> ./scripts/mapimpact/utilities/gnNameTindex.py
> ./scripts/mapimpact/utilities/hdf5.py
> ./scripts/mapimpact/utilities/implement_kernel.py
> ./scripts/mapimpact/utilities/__init__.py
> ./scripts/mapimpact/utilities/limix_wrapper.py
> ./scripts/mapimpact/utilities/loadJobPara.py
> ./scripts/mapimpact/utilities/myLogger.py
> ./scripts/mapimpact/utilities/names.py
> ./scripts/mapimpact/utilities/plotting2.py
> ./scripts/mapimpact/utilities/plotting.py
> ./scripts/mapimpact/utilities/precompute_kernel.py
> ./scripts/mapimpact/utilities/preprocess.py
> ./scripts/mapimpact/utilities/readSubset.py
> ./scripts/mapimpact/utilities/run_panama.py
> ./scripts/mapimpact/utilities/simulateData.py
> ./scripts/mapimpact/utilities/tsvreader.py
> ./scripts/mapimpact/utilities/usefulTools.py
> ./scripts/mapimpact/utilities/varianceFit.py
> ./scripts/mapimpact/utilities/viz
> ./scripts/mapimpact/utilities/viz/axes.py
> ./scripts/mapimpact/utilities/viz/coverage.py
> ./scripts/mapimpact/utilities/viz/distribution.py
> ./scripts/mapimpact/utilities/viz/genelets.py
> ./scripts/mapimpact/utilities/viz/gwas.py
> ./scripts/mapimpact/utilities/viz/heatmap.py
> ./scripts/mapimpact/utilities/viz/highlight.py
> ./scripts/mapimpact/utilities/viz/__init__.py
> ./scripts/mapimpact/utilities/viz/pca.py
> ./scripts/mapimpact/utilities/write_pvalues_one.py
> ./scripts/metadata_analysis
> ./scripts/metadata_analysis/._initial_reports.py
> ./scripts/metadata_analysis/initial_reports.py
> ./scripts/metadata_analysis/._metadata.py
> ./scripts/metadata_analysis/metadata.py
> ./scripts/metadata_analysis/._tumor_seq_num_analysis.py
> ./scripts/metadata_analysis/tumor_seq_num_analysis.py
> ./scripts/mixed_models_document
> ./scripts/mixed_models_document/dataInfo_README.txt
> ./scripts/mixed_models_document/infoCode_README.txt
> ./scripts/mixed_models_document/infoData_README.txt
> ./scripts/mixed_models_document/mixed_model.aux
> ./scripts/mixed_models_document/mixed_model.log
> ./scripts/mixed_models_document/mixed_model.pdf
> ./scripts/mixed_models_document/mixed_model.synctex.gz
> ./scripts/mixed_models_document/mixed_model.tex
> ./scripts/mixed_models_document/mixed_model.toc
> ./scripts/mixed_models_document/Rahmen.aux
> ./scripts/mixed_models_document/Rahmen.tex
> ./scripts/MongoDB
> ./scripts/MongoDB/bulk_update.py
> ./scripts/MongoDB/Demo
> ./scripts/MongoDB/Demo/demo.py
> ./scripts/MongoDB/Demo/.demo.py.swo
> ./scripts/MongoDB/Demo/notes_demo.py
> ./scripts/MongoDB/Insert_Scripts
> ./scripts/MongoDB/Insert_Scripts/assigner.py
> ./scripts/MongoDB/Insert_Scripts/impact
> ./scripts/MongoDB/Insert_Scripts/impact/impact_cancer_types.py
> ./scripts/MongoDB/Insert_Scripts/impact/impact_mutations.py
> ./scripts/MongoDB/Insert_Scripts/impact/impact_tools.py
> ./scripts/MongoDB/Insert_Scripts/impact_old.py
> ./scripts/MongoDB/Insert_Scripts/logs
> ./scripts/MongoDB/Insert_Scripts/logs/sentence_clusters
> ./scripts/MongoDB/Insert_Scripts/logs/sentence_clusters/batch0
> ./scripts/MongoDB/Insert_Scripts/logs/sentence_clusters/batch0/sentence_clusters_10_of_10.o6288652
> ./scripts/MongoDB/Insert_Scripts/logs/sentence_clusters/batch0/sentence_clusters_10_of_10.o6298307
> ./scripts/MongoDB/Insert_Scripts/logs/sentence_clusters/batch0/sentence_clusters_10_of_20.o6273652
> ./scripts/MongoDB/Insert_Scripts/logs/sentence_clusters/batch0/sentence_clusters_11_of_20.o6273653
> ./scripts/MongoDB/Insert_Scripts/logs/sentence_clusters/batch0/sentence_clusters_12_of_20.o6273654
> ./scripts/MongoDB/Insert_Scripts/logs/sentence_clusters/batch0/sentence_clusters_13_of_20.o6273655
> ./scripts/MongoDB/Insert_Scripts/logs/sentence_clusters/batch0/sentence_clusters_14_of_20.o6273656
> ./scripts/MongoDB/Insert_Scripts/logs/sentence_clusters/batch0/sentence_clusters_15_of_20.o6273657
> ./scripts/MongoDB/Insert_Scripts/logs/sentence_clusters/batch0/sentence_clusters_16_of_20.o6273658
> ./scripts/MongoDB/Insert_Scripts/logs/sentence_clusters/batch0/sentence_clusters_17_of_20.o6273659
> ./scripts/MongoDB/Insert_Scripts/logs/sentence_clusters/batch0/sentence_clusters_18_of_20.o6273660
> ./scripts/MongoDB/Insert_Scripts/logs/sentence_clusters/batch0/sentence_clusters_19_of_20.o6273661
> ./scripts/MongoDB/Insert_Scripts/logs/sentence_clusters/batch0/sentence_clusters_1_of_10.o6288643
> ./scripts/MongoDB/Insert_Scripts/logs/sentence_clusters/batch0/sentence_clusters_1_of_10.o6298298
> ./scripts/MongoDB/Insert_Scripts/logs/sentence_clusters/batch0/sentence_clusters_1_of_20.o6273643
> ./scripts/MongoDB/Insert_Scripts/logs/sentence_clusters/batch0/sentence_clusters_20_of_20.o6273662
> ./scripts/MongoDB/Insert_Scripts/logs/sentence_clusters/batch0/sentence_clusters_2_of_10.o6288644
> ./scripts/MongoDB/Insert_Scripts/logs/sentence_clusters/batch0/sentence_clusters_2_of_10.o6298299
> ./scripts/MongoDB/Insert_Scripts/logs/sentence_clusters/batch0/sentence_clusters_2_of_20.o6273644
> ./scripts/MongoDB/Insert_Scripts/logs/sentence_clusters/batch0/sentence_clusters_3_of_10.o6288645
> ./scripts/MongoDB/Insert_Scripts/logs/sentence_clusters/batch0/sentence_clusters_3_of_10.o6298300
> ./scripts/MongoDB/Insert_Scripts/logs/sentence_clusters/batch0/sentence_clusters_3_of_20.o6273645
> ./scripts/MongoDB/Insert_Scripts/logs/sentence_clusters/batch0/sentence_clusters_4_of_10.o6288646
> ./scripts/MongoDB/Insert_Scripts/logs/sentence_clusters/batch0/sentence_clusters_4_of_10.o6298301
> ./scripts/MongoDB/Insert_Scripts/logs/sentence_clusters/batch0/sentence_clusters_4_of_20.o6273646
> ./scripts/MongoDB/Insert_Scripts/logs/sentence_clusters/batch0/sentence_clusters_5_of_10.o6288647
> ./scripts/MongoDB/Insert_Scripts/logs/sentence_clusters/batch0/sentence_clusters_5_of_10.o6298302
> ./scripts/MongoDB/Insert_Scripts/logs/sentence_clusters/batch0/sentence_clusters_5_of_20.o6273647
> ./scripts/MongoDB/Insert_Scripts/logs/sentence_clusters/batch0/sentence_clusters_6_of_10.o6288648
> ./scripts/MongoDB/Insert_Scripts/logs/sentence_clusters/batch0/sentence_clusters_6_of_10.o6298303
> ./scripts/MongoDB/Insert_Scripts/logs/sentence_clusters/batch0/sentence_clusters_6_of_20.o6273648
> ./scripts/MongoDB/Insert_Scripts/logs/sentence_clusters/batch0/sentence_clusters_7_of_10.o6288649
> ./scripts/MongoDB/Insert_Scripts/logs/sentence_clusters/batch0/sentence_clusters_7_of_10.o6298304
> ./scripts/MongoDB/Insert_Scripts/logs/sentence_clusters/batch0/sentence_clusters_7_of_20.o6273649
> ./scripts/MongoDB/Insert_Scripts/logs/sentence_clusters/batch0/sentence_clusters_8_of_10.o6288650
> ./scripts/MongoDB/Insert_Scripts/logs/sentence_clusters/batch0/sentence_clusters_8_of_10.o6298305
> ./scripts/MongoDB/Insert_Scripts/logs/sentence_clusters/batch0/sentence_clusters_8_of_20.o6273650
> ./scripts/MongoDB/Insert_Scripts/logs/sentence_clusters/batch0/sentence_clusters_9_of_10.o6288651
> ./scripts/MongoDB/Insert_Scripts/logs/sentence_clusters/batch0/sentence_clusters_9_of_10.o6298306
> ./scripts/MongoDB/Insert_Scripts/logs/sentence_clusters/batch0/sentence_clusters_9_of_20.o6273651
> ./scripts/MongoDB/Insert_Scripts/logs/sentence_clusters/batch1
> ./scripts/MongoDB/Insert_Scripts/logs/sentence_clusters/batch1/sentence_clusters_10_of_20.o6306467
> ./scripts/MongoDB/Insert_Scripts/logs/sentence_clusters/batch1/sentence_clusters_11_of_20.o6306468
> ./scripts/MongoDB/Insert_Scripts/logs/sentence_clusters/batch1/sentence_clusters_12_of_20.o6306469
> ./scripts/MongoDB/Insert_Scripts/logs/sentence_clusters/batch1/sentence_clusters_13_of_20.o6306470
> ./scripts/MongoDB/Insert_Scripts/logs/sentence_clusters/batch1/sentence_clusters_14_of_20.o6306471
> ./scripts/MongoDB/Insert_Scripts/logs/sentence_clusters/batch1/sentence_clusters_15_of_20.o6306472
> ./scripts/MongoDB/Insert_Scripts/logs/sentence_clusters/batch1/sentence_clusters_16_of_20.o6306473
> ./scripts/MongoDB/Insert_Scripts/logs/sentence_clusters/batch1/sentence_clusters_17_of_20.o6306474
> ./scripts/MongoDB/Insert_Scripts/logs/sentence_clusters/batch1/sentence_clusters_18_of_20.o6306475
> ./scripts/MongoDB/Insert_Scripts/logs/sentence_clusters/batch1/sentence_clusters_19_of_20.o6306476
> ./scripts/MongoDB/Insert_Scripts/logs/sentence_clusters/batch1/sentence_clusters_1_of_20.o6306458
> ./scripts/MongoDB/Insert_Scripts/logs/sentence_clusters/batch1/sentence_clusters_20_of_20.o6306477
> ./scripts/MongoDB/Insert_Scripts/logs/sentence_clusters/batch1/sentence_clusters_2_of_20.o6306459
> ./scripts/MongoDB/Insert_Scripts/logs/sentence_clusters/batch1/sentence_clusters_3_of_20.o6306460
> ./scripts/MongoDB/Insert_Scripts/logs/sentence_clusters/batch1/sentence_clusters_4_of_20.o6306461
> ./scripts/MongoDB/Insert_Scripts/logs/sentence_clusters/batch1/sentence_clusters_5_of_20.o6306462
> ./scripts/MongoDB/Insert_Scripts/logs/sentence_clusters/batch1/sentence_clusters_6_of_20.o6306463
> ./scripts/MongoDB/Insert_Scripts/logs/sentence_clusters/batch1/sentence_clusters_7_of_20.o6306464
> ./scripts/MongoDB/Insert_Scripts/logs/sentence_clusters/batch1/sentence_clusters_8_of_20.o6306465
> ./scripts/MongoDB/Insert_Scripts/logs/sentence_clusters/batch1/sentence_clusters_9_of_20.o6306466
> ./scripts/MongoDB/Insert_Scripts/logs/structured_variables
> ./scripts/MongoDB/Insert_Scripts/logs/structured_variables/batch0
> ./scripts/MongoDB/Insert_Scripts/logs/structured_variables/batch0/structured_variables_10_of_10.o6248438
> ./scripts/MongoDB/Insert_Scripts/logs/structured_variables/batch0/structured_variables_1_of_10.o6248428
> ./scripts/MongoDB/Insert_Scripts/logs/structured_variables/batch0/structured_variables_2_of_10.o6248429
> ./scripts/MongoDB/Insert_Scripts/logs/structured_variables/batch0/structured_variables_3_of_10.o6248430
> ./scripts/MongoDB/Insert_Scripts/logs/structured_variables/batch0/structured_variables_4_of_10.o6248431
> ./scripts/MongoDB/Insert_Scripts/logs/structured_variables/batch0/structured_variables_5_of_10.o6248432
> ./scripts/MongoDB/Insert_Scripts/logs/structured_variables/batch0/structured_variables_6_of_10.o6248434
> ./scripts/MongoDB/Insert_Scripts/logs/structured_variables/batch0/structured_variables_7_of_10.o6248435
> ./scripts/MongoDB/Insert_Scripts/logs/structured_variables/batch0/structured_variables_8_of_10.o6248436
> ./scripts/MongoDB/Insert_Scripts/logs/structured_variables/batch0/structured_variables_9_of_10.o6248437
> ./scripts/MongoDB/Insert_Scripts/logs/tokenize_sentences
> ./scripts/MongoDB/Insert_Scripts/logs/tokenize_sentences/batch0
> ./scripts/MongoDB/Insert_Scripts/logs/tokenize_sentences/batch0/tokenize_sentences_1_of_5.o6182390
> ./scripts/MongoDB/Insert_Scripts/logs/tokenize_sentences/batch0/tokenize_sentences_2_of_5.o6182391
> ./scripts/MongoDB/Insert_Scripts/logs/tokenize_sentences/batch0/tokenize_sentences_3_of_5.o6182392
> ./scripts/MongoDB/Insert_Scripts/logs/tokenize_sentences/batch0/tokenize_sentences_4_of_5.o6182393
> ./scripts/MongoDB/Insert_Scripts/logs/tokenize_sentences/batch0/tokenize_sentences_5_of_5.o6182394
> ./scripts/MongoDB/Insert_Scripts/patient_deid_map.py
> ./scripts/MongoDB/Insert_Scripts/sentence_clusters.py
> ./scripts/MongoDB/Insert_Scripts/structured_variables.py
> ./scripts/MongoDB/Insert_Scripts/submit_structured_variables.sh
> ./scripts/MongoDB/Insert_Scripts/text.py
> ./scripts/MongoDB/Insert_Scripts/tokenize_sentences.py
> ./scripts/MongoDB/mongo_tools.py
> ./scripts/MongoDB/Parsers
> ./scripts/MongoDB/Parsers/gunnar_parser.py
> ./scripts/MongoDB/Parsers/logs
> ./scripts/MongoDB/Parsers/logs/gunnar_parser
> ./scripts/MongoDB/Parsers/logs/gunnar_parser/batch0
> ./scripts/MongoDB/Parsers/logs/gunnar_parser/batch0/gunnar_parser_1_of_5.o6242439
> ./scripts/MongoDB/Parsers/logs/gunnar_parser/batch0/gunnar_parser_2_of_5.o6242440
> ./scripts/MongoDB/Parsers/logs/gunnar_parser/batch0/gunnar_parser_3_of_5.o6242441
> ./scripts/MongoDB/Parsers/logs/gunnar_parser/batch0/gunnar_parser_4_of_5.o6242442
> ./scripts/MongoDB/Parsers/logs/gunnar_parser/batch0/gunnar_parser_5_of_5.o6242443
> ./scripts/MongoDB/Parsers/logs/gunnar_parser/batch1
> ./scripts/MongoDB/Parsers/logs/gunnar_parser/batch1/gunnar_parser_1_of_5.o6242445
> ./scripts/MongoDB/Parsers/logs/gunnar_parser/batch1/gunnar_parser_2_of_5.o6242446
> ./scripts/MongoDB/Parsers/logs/gunnar_parser/batch1/gunnar_parser_3_of_5.o6242447
> ./scripts/MongoDB/Parsers/logs/gunnar_parser/batch1/gunnar_parser_4_of_5.o6242448
> ./scripts/MongoDB/Parsers/logs/gunnar_parser/batch1/gunnar_parser_5_of_5.o6242449
> ./scripts/MongoDB/Parsers/logs/gunnar_parser/batch2
> ./scripts/MongoDB/Parsers/logs/gunnar_parser/batch2/gunnar_parser.o6268122
> ./scripts/MongoDB/Parsers/logs/gunnar_parser/batch3
> ./scripts/MongoDB/Parsers/logs/gunnar_parser/batch3/gunnar_parser_10_of_10.o6306446
> ./scripts/MongoDB/Parsers/logs/gunnar_parser/batch3/gunnar_parser_1_of_10.o6306437
> ./scripts/MongoDB/Parsers/logs/gunnar_parser/batch3/gunnar_parser_2_of_10.o6306438
> ./scripts/MongoDB/Parsers/logs/gunnar_parser/batch3/gunnar_parser_3_of_10.o6306439
> ./scripts/MongoDB/Parsers/logs/gunnar_parser/batch3/gunnar_parser_4_of_10.o6306440
> ./scripts/MongoDB/Parsers/logs/gunnar_parser/batch3/gunnar_parser_5_of_10.o6306441
> ./scripts/MongoDB/Parsers/logs/gunnar_parser/batch3/gunnar_parser_6_of_10.o6306442
> ./scripts/MongoDB/Parsers/logs/gunnar_parser/batch3/gunnar_parser_7_of_10.o6306443
> ./scripts/MongoDB/Parsers/logs/gunnar_parser/batch3/gunnar_parser_8_of_10.o6306444
> ./scripts/MongoDB/Parsers/logs/gunnar_parser/batch3/gunnar_parser_9_of_10.o6306445
> ./scripts/MongoDB/Parsers/logs/gunnar_parser/batch4
> ./scripts/MongoDB/Parsers/logs/gunnar_parser/batch4/gunnar_parser_10_of_10.o6306457
> ./scripts/MongoDB/Parsers/logs/gunnar_parser/batch4/gunnar_parser_1_of_10.o6306448
> ./scripts/MongoDB/Parsers/logs/gunnar_parser/batch4/gunnar_parser_2_of_10.o6306449
> ./scripts/MongoDB/Parsers/logs/gunnar_parser/batch4/gunnar_parser_3_of_10.o6306450
> ./scripts/MongoDB/Parsers/logs/gunnar_parser/batch4/gunnar_parser_4_of_10.o6306451
> ./scripts/MongoDB/Parsers/logs/gunnar_parser/batch4/gunnar_parser_5_of_10.o6306452
> ./scripts/MongoDB/Parsers/logs/gunnar_parser/batch4/gunnar_parser_6_of_10.o6306453
> ./scripts/MongoDB/Parsers/logs/gunnar_parser/batch4/gunnar_parser_7_of_10.o6306454
> ./scripts/MongoDB/Parsers/logs/gunnar_parser/batch4/gunnar_parser_8_of_10.o6306455
> ./scripts/MongoDB/Parsers/logs/gunnar_parser/batch4/gunnar_parser_9_of_10.o6306456
> ./scripts/MongoDB/Parsers/parse_text.py
> ./scripts/MongoDB/Parsers/starks_parser_new.py
> ./scripts/MongoDB/Parsers/starks_parser.py
> ./scripts/MongoDB/populate_clinical_data.py
> ./scripts/MongoDB/._populate_clinical_texts.py
> ./scripts/MongoDB/Query
> ./scripts/MongoDB/Query/query_initial_notes.py
> ./scripts/MongoDB/restructure.py
> ./scripts/MongoDB/._write_notes_to_file.py
> ./scripts/MongoDB/write_notes_to_file.py
> ./scripts/Note_Structure
> ./scripts/Note_Structure/._clin_note_summary_stats.py
> ./scripts/Note_Structure/clin_note_summary_stats.py
> ./scripts/Note_Structure/._corpus_viewer.py
> ./scripts/Note_Structure/corpus_viewer.py
> ./scripts/Note_Structure/DataStructures
> ./scripts/Note_Structure/DataStructures/._query_metadata.py
> ./scripts/Note_Structure/DataStructures/query_metadata.py
> ./scripts/Note_Structure/DataStructures/._summarize_metadata.py
> ./scripts/Note_Structure/DataStructures/summarize_metadata.py
> ./scripts/Note_Structure/DataStructures/._untitled.py
> ./scripts/Note_Structure/DataStructures/untitled.py
> ./scripts/Note_Structure/explore_med_and_surg.ipynb
> ./scripts/Note_Structure/GeneticData
> ./scripts/Note_Structure/GeneticData/._parse_genetic_csv.py
> ./scripts/Note_Structure/GeneticData/parse_genetic_csv.py
> ./scripts/Note_Structure/ICD9
> ./scripts/Note_Structure/ICD9_Codes.ipynb
> ./scripts/Note_Structure/ICD9/._icd9_analysis.py
> ./scripts/Note_Structure/ICD9/icd9_analysis.py
> ./scripts/Note_Structure/ICD9/._icd9_psb_summary.py
> ./scripts/Note_Structure/ICD9/icd9_psb_summary.py
> ./scripts/Note_Structure/._initial_notes_all_vs_IP.py
> ./scripts/Note_Structure/initial_notes_all_vs_IP.py
> ./scripts/Note_Structure/.ipynb_checkpoints
> ./scripts/Note_Structure/.ipynb_checkpoints/explore_med_and_surg-checkpoint.ipynb
> ./scripts/Note_Structure/.ipynb_checkpoints/ICD9_Codes-checkpoint.ipynb
> ./scripts/Note_Structure/._ipython_notebook_setup.sh
> ./scripts/Note_Structure/ipython_notebook_setup.sh
> ./scripts/Note_Structure/Parse
> ./scripts/Note_Structure/Parse/._build_clin_note.py
> ./scripts/Note_Structure/Parse/build_clin_note.py
> ./scripts/Note_Structure/Parse/._choose_global_vocab.py
> ./scripts/Note_Structure/Parse/choose_global_vocab.py
> ./scripts/Note_Structure/Parse/._clean_clin_note.py
> ./scripts/Note_Structure/Parse/clean_clin_note.py
> ./scripts/Note_Structure/Parse/._clean_vocab.py
> ./scripts/Note_Structure/Parse/._clin_note.py
> ./scripts/Note_Structure/Parse/clin_note.py
> ./scripts/Note_Structure/Parse/._clin_note_v2.py
> ./scripts/Note_Structure/Parse/clin_note_v2.py
> ./scripts/Note_Structure/Parse/._cn = clin_note.load(':cbio:grlab:clinical:projects
> ./scripts/Note_Structure/Parse/._create_data_set.py
> ./scripts/Note_Structure/Parse/create_data_set.py
> ./scripts/Note_Structure/Parse/._ehr_parser.py
> ./scripts/Note_Structure/Parse/ehr_parser.py
> ./scripts/Note_Structure/Parse/._generate_word_cloud
> ./scripts/Note_Structure/Parse/generate_word_cloud
> ./scripts/Note_Structure/Parse/._generate_word_cloud.py
> ./scripts/Note_Structure/Parse/generate_word_cloud.py
> ./scripts/Note_Structure/Parse/__init__.py
> ./scripts/Note_Structure/Parse/.___init__.py
> ./scripts/Note_Structure/Parse/Management
> ./scripts/Note_Structure/Parse/Management/._calculate_all_kernels.sh
> ./scripts/Note_Structure/Parse/Management/calculate_all_kernels.sh
> ./scripts/Note_Structure/Parse/Management/._run_build_clin_note.py
> ./scripts/Note_Structure/Parse/Management/run_build_clin_note.py
> ./scripts/Note_Structure/Parse/Management/._run_build_doc_x_words.py
> ./scripts/Note_Structure/Parse/Management/run_build_doc_x_words.py
> ./scripts/Note_Structure/Parse/Management/._run_calculate_kernels_new.py
> ./scripts/Note_Structure/Parse/Management/run_calculate_kernels_new.py
> ./scripts/Note_Structure/Parse/Management/._run_calculate_kernels.py
> ./scripts/Note_Structure/Parse/Management/run_calculate_kernels.py
> ./scripts/Note_Structure/Parse/Management/._run_calulate_kernels.py
> ./scripts/Note_Structure/Parse/Management/run_calulate_kernels.py
> ./scripts/Note_Structure/Parse/Management/._run_choose_global_vocab.py
> ./scripts/Note_Structure/Parse/Management/run_choose_global_vocab.py
> ./scripts/Note_Structure/Parse/Management/._run_clean_clin_note.py
> ./scripts/Note_Structure/Parse/Management/run_clean_clin_note.py
> ./scripts/Note_Structure/Parse/Management/._run_create_dataset.py
> ./scripts/Note_Structure/Parse/Management/run_create_dataset.py
> ./scripts/Note_Structure/Parse/Management/._run_filter_doctype.py
> ./scripts/Note_Structure/Parse/Management/run_filter_doctype.py
> ./scripts/Note_Structure/Parse/Management/._run_filter_doctype_remove_incomplete.py
> ./scripts/Note_Structure/Parse/Management/run_filter_doctype_remove_incomplete.py
> ./scripts/Note_Structure/Parse/Management/._run_parse_genetic_data_notes.py
> ./scripts/Note_Structure/Parse/Management/run_parse_notes.py
> ./scripts/Note_Structure/Parse/Management/._run_parse_notes_sequenom.py
> ./scripts/Note_Structure/Parse/Management/run_parse_notes_sequenom.py
> ./scripts/Note_Structure/Parse/Management/._run_parse_sequenom_data.py
> ./scripts/Note_Structure/Parse/Management/._run_reduce_clin_note.py
> ./scripts/Note_Structure/Parse/Management/run_reduce_clin_note.py
> ./scripts/Note_Structure/Parse/Management/._run_split_clin_note.py
> ./scripts/Note_Structure/Parse/Management/run_split_clin_note.py
> ./scripts/Note_Structure/Parse/Management/._run_subset_split_clean.py
> ./scripts/Note_Structure/Parse/Management/run_subset_split_clean.py
> ./scripts/Note_Structure/Parse/Management/._submit_build_clin_note.sh
> ./scripts/Note_Structure/Parse/Management/submit_build_clin_note.sh
> ./scripts/Note_Structure/._parse_notes.py
> ./scripts/Note_Structure/Parse/._parser.py
> ./scripts/Note_Structure/Parse/._parse_snps.py
> ./scripts/Note_Structure/Parse/parse_snps.py
> ./scripts/Note_Structure/Parse/README
> ./scripts/Note_Structure/Parse/._README
> ./scripts/Note_Structure/Parse/._reduce_clin_note.py
> ./scripts/Note_Structure/Parse/reduce_clin_note.py
> ./scripts/Note_Structure/Parse/._split_clin_note.py
> ./scripts/Note_Structure/Parse/split_clin_note.py
> ./scripts/Note_Structure/Parse/._untitled
> ./scripts/Note_Structure/Parse/._untitled.py
> ./scripts/Note_Structure/Parse/untitled.py
> ./scripts/Note_Structure/Parse/._visualize_data_set.py
> ./scripts/Note_Structure/Parse/visualize_data_set.py
> ./scripts/Note_Structure/Procedures
> ./scripts/Note_Structure/Procedures/._code_analysis.py
> ./scripts/Note_Structure/Procedures/code_analysis.py
> ./scripts/Note_Structure/Procedures/._explore_procedures.py
> ./scripts/Note_Structure/Procedures/explore_procedures.py
> ./scripts/Note_Structure/Procedures/._timeline.py
> ./scripts/Note_Structure/Procedures/timeline.py
> ./scripts/Note_Structure/._read_text_to_corpus.py
> ./scripts/Note_Structure/read_text_to_corpus.py
> ./scripts/Note_Structure/Structured_Vars
> ./scripts/Note_Structure/Structured_Vars/ICD9
> ./scripts/Note_Structure/Structured_Vars/ICD9/ICD9_files
> ./scripts/Note_Structure/Structured_Vars/ICD9/ICD9_files/ICD9_5_0.png
> ./scripts/Note_Structure/Structured_Vars/ICD9/ICD9_files/ICD9_8_0.png
> ./scripts/Note_Structure/Structured_Vars/ICD9/ICD9_files/ICD9_8_1.png
> ./scripts/Note_Structure/Structured_Vars/ICD9/ICD9_files/ICD9_8_2.png
> ./scripts/Note_Structure/Structured_Vars/ICD9/ICD9.html
> ./scripts/Note_Structure/Structured_Vars/ICD9/ICD9.ipynb
> ./scripts/Note_Structure/Structured_Vars/ICD9/ICD9.tex
> ./scripts/Note_Structure/Structured_Vars/.ipynb_checkpoints
> ./scripts/Note_Structure/Structured_Vars/.ipynb_checkpoints/ICD9-checkpoint.ipynb
> ./scripts/Note_Structure/Structured_Vars/Procedures
> ./scripts/Note_Structure/Structured_Vars/Procedures/.ipynb_checkpoints
> ./scripts/Note_Structure/Structured_Vars/Procedures/.ipynb_checkpoints/Untitled0-checkpoint.ipynb
> ./scripts/Note_Structure/Structured_Vars/Procedures/Untitled0.ipynb
> ./scripts/Note_Structure/Structured_Vars/._structured_variables_wrapper.py
> ./scripts/Note_Structure/Structured_Vars/structured_variables_wrapper.py
> ./scripts/Note_Structure/._summaries.py
> ./scripts/Note_Structure/summaries.py
> ./scripts/Note_Structure/Survival
> ./scripts/Note_Structure/Survival/._get_patient_survival.py
> ./scripts/Note_Structure/Survival/get_patient_survival.py
> ./scripts/Note_Structure/._testing.py
> ./scripts/Note_Structure/testing.py
> ./scripts/Note_Structure/untitled.py
> ./scripts/prep_assoc.sh
> ./scripts/query_data_db
> ./scripts/query_data_db/._breast_patient_subset.py
> ./scripts/query_data_db/breast_patient_subset.py
> ./scripts/query_data_db/calls_query_general_data.txt
> ./scripts/query_data_db/chunks_1000.lst
> ./scripts/query_data_db/chunks_100.lst
> ./scripts/query_data_db/chunks_200.lst
> ./scripts/query_data_db/chunks_200_mskcc_corpus_v3.lst
> ./scripts/query_data_db/chunks_20_mskcc_corpus_v3+.lst
> ./scripts/query_data_db/chunks_400_mskcc_corpus_v3
> ./scripts/query_data_db/chunks_400_mskcc_corpus_v3.lst
> ./scripts/query_data_db/general_sql_query.py
> ./scripts/query_data_db/._get_icd9_codes.py
> ./scripts/query_data_db/get_metadata.py
> ./scripts/query_data_db/get_metaids.py
> ./scripts/query_data_db/get_tumor_metadata.py
> ./scripts/query_data_db/get_tumortypes.py
> ./scripts/query_data_db/.gitignore
> ./scripts/query_data_db/merge_chunks.py
> ./scripts/query_data_db/merge_chunks.sh
> ./scripts/query_data_db/paths.sh
> ./scripts/query_data_db/query_data_one.sh
> ./scripts/query_data_db/query_data.sh
> ./scripts/query_data_db/query_general_data.sh
> ./scripts/query_data_db/._reduce_sql_query.py
> ./scripts/query_data_db/reduce_sql_query.py
> ./scripts/query_data_db/._run_general_sql_query.sh
> ./scripts/query_data_db/._run_get_icd9_codes.sh
> ./scripts/query_data_db/run_sql_query.sh
> ./scripts/query_data_db/search_id.py
> ./scripts/query_data_db/._split_general_sql_query.py
> ./scripts/query_data_db/sql_query.py
> ./scripts/query_data_db/typescript
> ./scripts/query_data_db/write_all_tables.sh
> ./scripts/query_data_excel
> ./scripts/query_data_excel/chunks_50.lst
> ./scripts/query_data_excel/get_metadata.py
> ./scripts/query_data_excel/get_metaids.py
> ./scripts/query_data_excel/.gitignore
> ./scripts/query_data_excel/merge_chunks.py
> ./scripts/query_data_excel/merge_chunks.sh
> ./scripts/query_data_excel/paths.sh
> ./scripts/query_data_excel/query_data_one.sh
> ./scripts/query_data_excel/query_data.sh
> ./scripts/README
> ./scripts/run_build_one.sh
> ./scripts/run_build.sh
> ./scripts/run_graphlab_sec.sh
> ./scripts/run_graphlab.sh
> ./scripts/run_graphlab_starter.sh
> ./scripts/save_load_csr.py
> ./scripts/Sentence_Structures
> ./scripts/Sentence_Structures/._make_document_to_sentences_map.py
> ./scripts/Sentence_Structures/make_document_to_sentences_map.py
> ./scripts/Sentence_Structures/._parse_sents_to_dict.py
> ./scripts/Sentence_Structures/parse_sents_to_dict.py
> ./scripts/._sparse_toolbox.py
> ./scripts/._untitled.py
> ./scripts/untitled.py
> ./scripts/update_impact
> ./scripts/update_impact/v3+
> ./scripts/update_impact/v3+/._append_knn_search.py
> ./scripts/update_impact/v3+/append_knn_search.py
> ./scripts/update_impact/v3+/._reduce_npnote_objects.py
> ./scripts/update_impact/v3+/reduce_npnote_objects.py
> ./scripts/Vis
> ./scripts/Vis/parsing_diagnosis.py
> ./scripts/Vis/sandboxing_functions.py
> ./scripts/write_clinical_notes.py
