> ./analyse_training_data.r
> ./archive
> ./archive/bri_data_fns.py
> ./archive/bri_fns.py
> ./archive/bri_fns_theano_nonorm.py
> ./archive/experiment_sheet
> ./archive/explore_fns.py
> ./archive/explore_reps_fns.py
> ./archive/run_bri.py
> ./archive/run_explore_reps.py
> ./archive/run_sentence_distances.py
> ./archive/sentence_fns.py
> ./AUTHORS.md
> ./bad_trace.png
> ./doc
> ./doc/archive
> ./doc/archive/bf_15sep.aux
> ./doc/archive/bf_15sep.log
> ./doc/archive/bf_15sep.pdf
> ./doc/archive/bf_15sep.synctex.gz
> ./doc/archive/bf_15sep.tex
> ./doc/archive/bf_1911.tex
> ./doc/archive/bf.tex
> ./doc/bf.aux
> ./doc/bf.log
> ./doc/bf.pdf
> ./doc/bf.synctex.gz
> ./doc/nips14submit_e.sty
> ./doc/nips2014.aux
> ./doc/nips2014.log
> ./doc/nips2014.out
> ./doc/nips2014.pdf
> ./doc/nips2014_SLH.aux
> ./doc/nips2014_SLH.log
> ./doc/nips2014_SLH.out
> ./doc/nips2014_SLH.pdf
> ./doc/nips2014_SLH.synctex.gz
> ./doc/nips2014_SLH.tex
> ./doc/nips2014.synctex.gz
> ./eval
> ./eval_mults.r
> ./eval/table1_ppp.csv
> ./experiments
> ./experiments/direct_msk_small
> ./experiments/direct_msk_small/LOGFILE_0019.e0000_densities.pdf
> ./experiments/direct_msk_small/LOGFILE_0019.e0000_prediction.pdf
> ./experiments/direct_msk_small/LOGFILE_0019.e0000_time.pdf
> ./experiments/direct_msk_small/LOGFILE_0019.e0000.txt
> ./experiments/experiment_sheet_new
> ./experiments/experiment_sheet_new.csv
> ./experiments/FBmed
> ./experiments/FBmed/LOGFILE_0019_densities.pdf
> ./experiments/FBmed/LOGFILE_0019_prediction.pdf
> ./experiments/FBmed/LOGFILE_0019_time.pdf
> ./experiments/FBmed/LOGFILE_0019.txt
> ./experiments/grid_w2vs
> ./experiments/grid_W5
> ./experiments/msk.FBm
> ./experiments/msk.FBm/LOGFILE_0019_densities.pdf
> ./experiments/msk.FBm/LOGFILE_0019_prediction.pdf
> ./experiments/msk.FBm/LOGFILE_0019_time.pdf
> ./experiments/msk.FBm/LOGFILE_0019.txt
> ./experiments/msk.FBm_small
> ./experiments/msk.FBm_small/LOGFILE_0019_densities.pdf
> ./experiments/msk.FBm_small/LOGFILE_0019_prediction.pdf
> ./experiments/msk.FBm_small/LOGFILE_0019_time.pdf
> ./experiments/msk.FBm_small/LOGFILE_0019.txt
> ./experiments/msk.NCI_small
> ./experiments/msk.NCI_small/LOGFILE_0019_densities.pdf
> ./experiments/msk.NCI_small/LOGFILE_0019_prediction.pdf
> ./experiments/msk.NCI_small/LOGFILE_0019_time.pdf
> ./experiments/msk.NCI_small/LOGFILE_0019.txt
> ./experiments/nofree_FBm
> ./experiments/nofree_FBm/LOGFILE_0050_densities.pdf
> ./experiments/nofree_FBm/LOGFILE_0050.e0000_densities.pdf
> ./experiments/nofree_FBm/LOGFILE_0050.e0000_prediction.pdf
> ./experiments/nofree_FBm/LOGFILE_0050.e0000_time.pdf
> ./experiments/nofree_FBm/LOGFILE_0050.e0000.txt
> ./experiments/nofree_FBm/LOGFILE_0050.e0001_densities.pdf
> ./experiments/nofree_FBm/LOGFILE_0050.e0001_prediction.pdf
> ./experiments/nofree_FBm/LOGFILE_0050.e0001_time.pdf
> ./experiments/nofree_FBm/LOGFILE_0050.e0001.txt
> ./experiments/nofree_FBm/LOGFILE_0050.e0002_densities.pdf
> ./experiments/nofree_FBm/LOGFILE_0050.e0002.txt
> ./experiments/nofree_FBm/LOGFILE_0050.e0003_densities.pdf
> ./experiments/nofree_FBm/LOGFILE_0050.e0003_prediction.pdf
> ./experiments/nofree_FBm/LOGFILE_0050.e0003_time.pdf
> ./experiments/nofree_FBm/LOGFILE_0050.e0003.txt
> ./experiments/nofree_FBm/LOGFILE_0050.e0004_densities.pdf
> ./experiments/nofree_FBm/LOGFILE_0050.e0004_prediction.pdf
> ./experiments/nofree_FBm/LOGFILE_0050.e0004_time.pdf
> ./experiments/nofree_FBm/LOGFILE_0050.e0004.txt
> ./experiments/nofree_FBm/LOGFILE_0050.e0005_densities.pdf
> ./experiments/nofree_FBm/LOGFILE_0050.e0005_prediction.pdf
> ./experiments/nofree_FBm/LOGFILE_0050.e0005_time.pdf
> ./experiments/nofree_FBm/LOGFILE_0050.e0005.txt
> ./experiments/nofree_FBm/LOGFILE_0050.e0006_densities.pdf
> ./experiments/nofree_FBm/LOGFILE_0050.e0006_prediction.pdf
> ./experiments/nofree_FBm/LOGFILE_0050.e0006_time.pdf
> ./experiments/nofree_FBm/LOGFILE_0050.e0006.txt
> ./experiments/nofree_FBm/LOGFILE_0050.e0007.txt
> ./experiments/nofree_FBm/LOGFILE_0050.e0008.txt
> ./experiments/nofree_FBm/LOGFILE_0050.e0009_densities.pdf
> ./experiments/nofree_FBm/LOGFILE_0050.e0009_prediction.pdf
> ./experiments/nofree_FBm/LOGFILE_0050.e0009_time.pdf
> ./experiments/nofree_FBm/LOGFILE_0050.e0009.txt
> ./experiments/nofree_FBm/LOGFILE_0050.e0010_densities.pdf
> ./experiments/nofree_FBm/LOGFILE_0050.e0010_prediction.pdf
> ./experiments/nofree_FBm/LOGFILE_0050.e0010_time.pdf
> ./experiments/nofree_FBm/LOGFILE_0050.e0010.txt
> ./experiments/nofree_FBm/LOGFILE_0050.e0011_densities.pdf
> ./experiments/nofree_FBm/LOGFILE_0050.e0011_prediction.pdf
> ./experiments/nofree_FBm/LOGFILE_0050.e0011_time.pdf
> ./experiments/nofree_FBm/LOGFILE_0050.e0011.txt
> ./experiments/nofree_FBm/LOGFILE_0050.e0012_densities.pdf
> ./experiments/nofree_FBm/LOGFILE_0050.e0012_prediction.pdf
> ./experiments/nofree_FBm/LOGFILE_0050.e0012_time.pdf
> ./experiments/nofree_FBm/LOGFILE_0050.e0012.txt
> ./experiments/nofree_FBm/LOGFILE_0050.e0013_densities.pdf
> ./experiments/nofree_FBm/LOGFILE_0050.e0013_prediction.pdf
> ./experiments/nofree_FBm/LOGFILE_0050.e0013_time.pdf
> ./experiments/nofree_FBm/LOGFILE_0050.e0013.txt
> ./experiments/nofree_FBm/LOGFILE_0050.e0014_densities.pdf
> ./experiments/nofree_FBm/LOGFILE_0050.e0014_prediction.pdf
> ./experiments/nofree_FBm/LOGFILE_0050.e0014_time.pdf
> ./experiments/nofree_FBm/LOGFILE_0050.e0014.txt
> ./experiments/nofree_FBm/LOGFILE_0050.e0015_densities.pdf
> ./experiments/nofree_FBm/LOGFILE_0050.e0015_prediction.pdf
> ./experiments/nofree_FBm/LOGFILE_0050.e0015_time.pdf
> ./experiments/nofree_FBm/LOGFILE_0050.e0015.txt
> ./experiments/nofree_FBm/LOGFILE_0050.e0016.txt
> ./experiments/nofree_FBm/LOGFILE_0050.e0017_densities.pdf
> ./experiments/nofree_FBm/LOGFILE_0050.e0017_prediction.pdf
> ./experiments/nofree_FBm/LOGFILE_0050.e0017_time.pdf
> ./experiments/nofree_FBm/LOGFILE_0050.e0017.txt
> ./experiments/nofree_FBm/LOGFILE_0050.e0018_densities.pdf
> ./experiments/nofree_FBm/LOGFILE_0050.e0018_prediction.pdf
> ./experiments/nofree_FBm/LOGFILE_0050.e0018_time.pdf
> ./experiments/nofree_FBm/LOGFILE_0050.e0018.txt
> ./experiments/nofree_FBm/LOGFILE_0050.e0019_densities.pdf
> ./experiments/nofree_FBm/LOGFILE_0050.e0019_prediction.pdf
> ./experiments/nofree_FBm/LOGFILE_0050.e0019_time.pdf
> ./experiments/nofree_FBm/LOGFILE_0050.e0019.txt
> ./experiments/nofree_FBm/LOGFILE_0050.e0_densities.pdf
> ./experiments/nofree_FBm/LOGFILE_0050e0_densities.pdf
> ./experiments/nofree_FBm/LOGFILE_0050.e0_prediction.pdf
> ./experiments/nofree_FBm/LOGFILE_0050e0_prediction.pdf
> ./experiments/nofree_FBm/LOGFILE_0050.e0_time.pdf
> ./experiments/nofree_FBm/LOGFILE_0050e0_time.pdf
> ./experiments/nofree_FBm/LOGFILE_0050.e0.txt
> ./experiments/nofree_FBm/LOGFILE_0050e0.txt
> ./experiments/nofree_FBm/LOGFILE_0050.e1_densities.pdf
> ./experiments/nofree_FBm/LOGFILE_0050.e1_prediction.pdf
> ./experiments/nofree_FBm/LOGFILE_0050.e1_time.pdf
> ./experiments/nofree_FBm/LOGFILE_0050.e1.txt
> ./experiments/nofree_FBm/LOGFILE_0050.e2_densities.pdf
> ./experiments/nofree_FBm/LOGFILE_0050.e2.txt
> ./experiments/nofree_FBm/LOGFILE_0050.e3_densities.pdf
> ./experiments/nofree_FBm/LOGFILE_0050.e3_prediction.pdf
> ./experiments/nofree_FBm/LOGFILE_0050.e3_time.pdf
> ./experiments/nofree_FBm/LOGFILE_0050.e3.txt
> ./experiments/nofree_FBm/LOGFILE_0050.e4_densities.pdf
> ./experiments/nofree_FBm/LOGFILE_0050.e4_prediction.pdf
> ./experiments/nofree_FBm/LOGFILE_0050.e4_time.pdf
> ./experiments/nofree_FBm/LOGFILE_0050.e4.txt
> ./experiments/nofree_FBm/LOGFILE_0050_prediction.pdf
> ./experiments/nofree_FBm/LOGFILE_0050_time.pdf
> ./experiments/nofree_FBm/LOGFILE_0050.txt
> ./experiments/panic
> ./experiments/panic/LOGFILE_0038.e0_densities.pdf
> ./experiments/panic/LOGFILE_0038.e0_prediction.pdf
> ./experiments/panic/LOGFILE_0038.e0_time.pdf
> ./experiments/panic/LOGFILE_0038.e0.txt
> ./experiments/test
> ./experiments/test_B
> ./experiments/test_B/LOGFILE_test_B_densities.pdf
> ./experiments/test_B/LOGFILE_test_B_densities_r0.pdf
> ./experiments/test_B/LOGFILE_test_B_densities.r0.pdf
> ./experiments/test_B/LOGFILE_test_B_densities.r1.pdf
> ./experiments/test_B/LOGFILE_test_B_densities.r2.pdf
> ./experiments/test_B/LOGFILE_test_B_densities.r3.pdf
> ./experiments/test_B/LOGFILE_test_B_densities.r4.pdf
> ./experiments/test_B/LOGFILE_test_B_densities.r5.pdf
> ./experiments/test_B/LOGFILE_test_B_prediction_old.pdf
> ./experiments/test_B/LOGFILE_test_B_prediction.pdf
> ./experiments/test_B/LOGFILE_test_B_prediction_r0.pdf
> ./experiments/test_B/LOGFILE_test_B_prediction.r0.pdf
> ./experiments/test_B/LOGFILE_test_B_prediction.r1.pdf
> ./experiments/test_B/LOGFILE_test_B_prediction.r2.pdf
> ./experiments/test_B/LOGFILE_test_B_prediction.r3.pdf
> ./experiments/test_B/LOGFILE_test_B_prediction.r4.pdf
> ./experiments/test_B/LOGFILE_test_B_prediction.r5.pdf
> ./experiments/test_B/LOGFILE_test_B_time.pdf
> ./experiments/test_B/LOGFILE_test_B_time_r0.pdf
> ./experiments/test_B/LOGFILE_test_B_time.r0.pdf
> ./experiments/test_B/LOGFILE_test_B_time.r1.pdf
> ./experiments/test_B/LOGFILE_test_B_time.r2.pdf
> ./experiments/test_B/LOGFILE_test_B_time.r3.pdf
> ./experiments/test_B/LOGFILE_test_B_time.r4.pdf
> ./experiments/test_B/LOGFILE_test_B_time.r5.pdf
> ./experiments/test_B/LOGFILE_test_B.txt
> ./experiments/test_B/Rplots.pdf
> ./experiments/test/fixed_sampling_order
> ./experiments/test/fixed_sampling_order/LOGFILE_test_densities.pdf
> ./experiments/test/fixed_sampling_order/LOGFILE_test_prediction.pdf
> ./experiments/test/fixed_sampling_order/LOGFILE_test_time.pdf
> ./experiments/test/fixed_sampling_order/LOGFILE_test.txt
> ./experiments/test/LOGFILE_test_G.e0000_densities.pdf
> ./experiments/test/LOGFILE_test_G.e0000.grads0000.png
> ./experiments/test/LOGFILE_test_G.e0000.gtruth.txt
> ./experiments/test/LOGFILE_test_G.e0000_hits.pdf
> ./experiments/test/LOGFILE_test_G.e0000_KL.pdf
> ./experiments/test/LOGFILE_test_G.e0000_mrr.pdf
> ./experiments/test/LOGFILE_test_G.e0000_normrank.pdf
> ./experiments/test/LOGFILE_test_G.e0000_raw.pdf
> ./experiments/test/LOGFILE_test_G.e0000_time.pdf
> ./experiments/test/LOGFILE_test_G.e0000.txt
> ./experiments/test/new
> ./experiments/test/new/LOGFILE_test_alpha_densities.pdf
> ./experiments/test/new/LOGFILE_test_alpha.e0000_densities.pdf
> ./experiments/test/new/LOGFILE_test_alpha.e0000_prediction.pdf
> ./experiments/test/new/LOGFILE_test_alpha.e0000_time.pdf
> ./experiments/test/new/LOGFILE_test_alpha.e0000.txt
> ./experiments/test/new/LOGFILE_test_alpha.grads0029.png
> ./experiments/test/new/LOGFILE_test_alpha_prediction.pdf
> ./experiments/test/new/LOGFILE_test_alpha_time.pdf
> ./experiments/test/new/LOGFILE_test_alpha.txt
> ./experiments/test/new/LOGFILE_test_comb_densities.pdf
> ./experiments/test/new/LOGFILE_test_comb_prediction.pdf
> ./experiments/test/new/LOGFILE_test_comb_time.pdf
> ./experiments/test/new/LOGFILE_test_comb.txt
> ./experiments/test/new/LOGFILE_test.e0000.txt
> ./experiments/test/new/LOGFILE_test_G_densities.pdf
> ./experiments/test/new/LOGFILE_test_G.e0000.components0001.png
> ./experiments/test/new/LOGFILE_test_G.e0000.components0002.png
> ./experiments/test/new/LOGFILE_test_G.e0000.components0003.png
> ./experiments/test/new/LOGFILE_test_G.e0000.components0004.png
> ./experiments/test/new/LOGFILE_test_G.e0000.components0005.png
> ./experiments/test/new/LOGFILE_test_G.e0000.components0006.png
> ./experiments/test/new/LOGFILE_test_G.e0000.components0012.png
> ./experiments/test/new/LOGFILE_test_G.e0000.components0015.png
> ./experiments/test/new/LOGFILE_test_G.e0000.components0019.png
> ./experiments/test/new/LOGFILE_test_G.e0000.grads0000.png
> ./experiments/test/new/LOGFILE_test_G.e0000.grads0001.png
> ./experiments/test/new/LOGFILE_test_G.e0000.gtruth.components.png
> ./experiments/test/new/LOGFILE_test_G.e0000.gtruth.txt
> ./experiments/test/new/LOGFILE_test_G.e0000.txt
> ./experiments/test/new/LOGFILE_test_G_normrank.pdf
> ./experiments/test/new/LOGFILE_test.grads0000.png
> ./experiments/test/new/LOGFILE_test.grads0001.png
> ./experiments/test/new/LOGFILE_test.grads0002.png
> ./experiments/test/new/LOGFILE_test.grads0003.png
> ./experiments/test/new/LOGFILE_test.grads0004.png
> ./experiments/test/new/LOGFILE_test.grads0005.png
> ./experiments/test/new/LOGFILE_test.grads0006.png
> ./experiments/test/new/LOGFILE_test.grads0007.png
> ./experiments/test/new/LOGFILE_test.grads0008.png
> ./experiments/test/new/LOGFILE_test.grads0009.png
> ./experiments/test/new/LOGFILE_test.grads0010.png
> ./experiments/test/new/LOGFILE_test.grads0011.png
> ./experiments/test/new/LOGFILE_test.grads0012.png
> ./experiments/test/new/LOGFILE_test.grads0013.png
> ./experiments/test/new/LOGFILE_test.grads0014.png
> ./experiments/test/new/LOGFILE_test.grads0015.png
> ./experiments/test/new/LOGFILE_test.grads0016.png
> ./experiments/test/new/LOGFILE_test.grads0017.png
> ./experiments/test/new/LOGFILE_test.grads0018.png
> ./experiments/test/new/LOGFILE_test.grads0019.png
> ./experiments/test/new/LOGFILE_test.grads0020.png
> ./experiments/test/new/LOGFILE_test.grads0021.png
> ./experiments/test/new/LOGFILE_test.grads0022.png
> ./experiments/test/new/LOGFILE_test.grads0023.png
> ./experiments/test/new/LOGFILE_test.grads0024.png
> ./experiments/test/new/LOGFILE_test.grads0025.png
> ./experiments/test/new/LOGFILE_test.grads0026.png
> ./experiments/test/new/LOGFILE_test.grads0027.png
> ./experiments/test/new/LOGFILE_test.grads0028.png
> ./experiments/test/new/LOGFILE_test.grads0029.png
> ./experiments/test/new/LOGFILE_test.grads0030.png
> ./experiments/test/new/LOGFILE_test.grads0031.png
> ./experiments/test/new/LOGFILE_test.grads0032.png
> ./experiments/test/new/LOGFILE_test.grads0033.png
> ./experiments/test/new/LOGFILE_test.grads0034.png
> ./experiments/test/new/LOGFILE_test.grads0035.png
> ./experiments/test/new/LOGFILE_test.grads0036.png
> ./experiments/test/new/LOGFILE_test.grads0037.png
> ./experiments/test/new/LOGFILE_test.grads0038.png
> ./experiments/test/new/LOGFILE_test.grads0039.png
> ./experiments/test/new/LOGFILE_test.grads0040.png
> ./experiments/test/new/LOGFILE_test.grads0041.png
> ./experiments/test/new/LOGFILE_test.grads0042.png
> ./experiments/test/new/LOGFILE_test.grads0043.png
> ./experiments/test/new/LOGFILE_test.grads0044.png
> ./experiments/test/new/LOGFILE_test.grads0045.png
> ./experiments/test/new/LOGFILE_test.grads0046.png
> ./experiments/test/new/LOGFILE_test.grads0047.png
> ./experiments/test/new/LOGFILE_test.grads0048.png
> ./experiments/test/new/LOGFILE_test.grads0049.png
> ./experiments/test/new/LOGFILE_test.grads0050.png
> ./experiments/test/new/LOGFILE_test.grads0051.png
> ./experiments/test/new/LOGFILE_test.grads0052.png
> ./experiments/test/new/LOGFILE_test.grads0053.png
> ./experiments/test/new/LOGFILE_test.grads0054.png
> ./experiments/test/new/LOGFILE_test.grads0055.png
> ./experiments/test/new/LOGFILE_test.grads0056.png
> ./experiments/test/new/LOGFILE_test.grads0057.png
> ./experiments/test/new/LOGFILE_test.grads0058.png
> ./experiments/test/new/LOGFILE_test.grads0059.png
> ./experiments/test/new/LOGFILE_test.grads0060.png
> ./experiments/test/new/LOGFILE_test.grads0061.png
> ./experiments/test/new/LOGFILE_test.grads0062.png
> ./experiments/test/new/LOGFILE_test.grads0063.png
> ./experiments/test/new/LOGFILE_test.grads0064.png
> ./experiments/test/new/LOGFILE_test.grads0065.png
> ./experiments/test/new/LOGFILE_test.grads0066.png
> ./experiments/test/new/LOGFILE_test.grads0067.png
> ./experiments/test/new/LOGFILE_test.grads0068.png
> ./experiments/test/new/LOGFILE_test.grads0069.png
> ./experiments/test/new/LOGFILE_test.grads0070.png
> ./experiments/test/new/LOGFILE_test.grads0071.png
> ./experiments/test/new/LOGFILE_test.grads0072.png
> ./experiments/test/new/LOGFILE_test.grads0073.png
> ./experiments/test/new/LOGFILE_test.grads0074.png
> ./experiments/test/new/LOGFILE_test.grads0075.png
> ./experiments/test/new/LOGFILE_test.grads0076.png
> ./experiments/test/new/LOGFILE_test.grads0077.png
> ./experiments/test/new/LOGFILE_test.grads0078.png
> ./experiments/test/new/LOGFILE_test.grads0079.png
> ./experiments/test/new/LOGFILE_test.grads0080.png
> ./experiments/test/new/LOGFILE_test.grads0081.png
> ./experiments/test/new/LOGFILE_test.grads0082.png
> ./experiments/test/new/LOGFILE_test.grads0083.png
> ./experiments/test/new/LOGFILE_test.grads0084.png
> ./experiments/test/new/LOGFILE_test.grads0085.png
> ./experiments/test/new/LOGFILE_test.grads0086.png
> ./experiments/test/new/LOGFILE_test.grads0087.png
> ./experiments/test/new/LOGFILE_test.grads0088.png
> ./experiments/test/new/LOGFILE_test.grads0089.png
> ./experiments/test/new/LOGFILE_test.grads0090.png
> ./experiments/test/new/LOGFILE_test.grads0091.png
> ./experiments/test/new/LOGFILE_test.grads0092.png
> ./experiments/test/new/LOGFILE_test.grads0093.png
> ./experiments/test/new/LOGFILE_test.grads0094.png
> ./experiments/test/new/LOGFILE_test.grads0095.png
> ./experiments/test/new/LOGFILE_test.grads0096.png
> ./experiments/test/new/LOGFILE_test.grads0097.png
> ./experiments/test/new/LOGFILE_test.grads0098.png
> ./experiments/test/new/LOGFILE_test.grads0099.png
> ./experiments/test/new/LOGFILE_test.grads0100.png
> ./experiments/test/new/LOGFILE_test.grads0101.png
> ./experiments/test/new/LOGFILE_test.grads0102.png
> ./experiments/test/new/LOGFILE_test.grads0103.png
> ./experiments/test/new/LOGFILE_test.grads0104.png
> ./experiments/test/new/LOGFILE_test.grads0105.png
> ./experiments/test/new/LOGFILE_test.grads0106.png
> ./experiments/test/new/LOGFILE_test.grads0107.png
> ./experiments/test/new/LOGFILE_test.grads0108.png
> ./experiments/test/new/LOGFILE_test.grads0109.png
> ./experiments/test/new/LOGFILE_test.grads0110.png
> ./experiments/test/new/LOGFILE_test.grads0111.png
> ./experiments/test/new/LOGFILE_test.grads0112.png
> ./experiments/test/new/LOGFILE_test.grads0113.png
> ./experiments/test/new/LOGFILE_test.grads0114.png
> ./experiments/test/new/LOGFILE_test.grads0115.png
> ./experiments/test/new/LOGFILE_test.grads0116.png
> ./experiments/test/new/LOGFILE_test.grads0117.png
> ./experiments/test/new/LOGFILE_test.grads0118.png
> ./experiments/test/new/LOGFILE_test.grads0119.png
> ./experiments/test/new/LOGFILE_test.grads0120.png
> ./experiments/test/new/LOGFILE_test.grads0121.png
> ./experiments/test/new/LOGFILE_test.grads0122.png
> ./experiments/test/new/LOGFILE_test.grads0123.png
> ./experiments/test/new/LOGFILE_test.grads0124.png
> ./experiments/test/new/LOGFILE_test.grads0125.png
> ./experiments/test/new/LOGFILE_test.grads0126.png
> ./experiments/test/new/LOGFILE_test.grads0127.png
> ./experiments/test/new/LOGFILE_test.grads0128.png
> ./experiments/test/new/LOGFILE_test.grads0129.png
> ./experiments/test/new/LOGFILE_test.grads0130.png
> ./experiments/test/new/LOGFILE_test.grads0131.png
> ./experiments/test/new/LOGFILE_test.grads0132.png
> ./experiments/test/new/LOGFILE_test.grads0133.png
> ./experiments/test/new/LOGFILE_test.grads0134.png
> ./experiments/test/new/LOGFILE_test_G_raw.pdf
> ./experiments/test/new/LOGFILE_test_G_time.pdf
> ./experiments/test/new/LOGFILE_test_G.txt
> ./experiments/test/new/LOGFILE_test.r0.grads0000.png
> ./experiments/test/new/LOGFILE_test.r0.txt
> ./experiments/test/new/LOGFILE_tm_densities.pdf
> ./experiments/test/new/LOGFILE_tm.e0000.txt
> ./experiments/test/new/LOGFILE_tm.e0001.txt
> ./experiments/test/new/LOGFILE_tm.e0002.txt
> ./experiments/test/new/LOGFILE_tm.e0003.txt
> ./experiments/test/new/LOGFILE_tm.txt
> ./experiments/test/what
> ./experiments/test/what/LOGFILE_test_alpha_densities.pdf
> ./experiments/test/what/LOGFILE_test_alpha.e0000_densities.pdf
> ./experiments/test/what/LOGFILE_test_alpha.e0000_prediction.pdf
> ./experiments/test/what/LOGFILE_test_alpha.e0000_time.pdf
> ./experiments/test/what/LOGFILE_test_alpha.e0000.txt
> ./experiments/test/what/LOGFILE_test_alpha.grads0029.png
> ./experiments/test/what/LOGFILE_test_alpha_prediction.pdf
> ./experiments/test/what/LOGFILE_test_alpha_time.pdf
> ./experiments/test/what/LOGFILE_test_alpha.txt
> ./experiments/test/what/LOGFILE_test_comb_densities.pdf
> ./experiments/test/what/LOGFILE_test_comb_prediction.pdf
> ./experiments/test/what/LOGFILE_test_comb_time.pdf
> ./experiments/test/what/LOGFILE_test_comb.txt
> ./experiments/test/what/LOGFILE_test_densities.pdf
> ./experiments/test/what/LOGFILE_test.e0000.txt
> ./experiments/test/what/LOGFILE_test_G_densities.pdf
> ./experiments/test/what/LOGFILE_test_G.e0000.components0001.png
> ./experiments/test/what/LOGFILE_test_G.e0000.components0002.png
> ./experiments/test/what/LOGFILE_test_G.e0000.components0003.png
> ./experiments/test/what/LOGFILE_test_G.e0000.components0004.png
> ./experiments/test/what/LOGFILE_test_G.e0000.components0005.png
> ./experiments/test/what/LOGFILE_test_G.e0000.components0006.png
> ./experiments/test/what/LOGFILE_test_G.e0000.components0012.png
> ./experiments/test/what/LOGFILE_test_G.e0000.components0015.png
> ./experiments/test/what/LOGFILE_test_G.e0000.components0019.png
> ./experiments/test/what/LOGFILE_test_G.e0000.grads0000.png
> ./experiments/test/what/LOGFILE_test_G.e0000.grads0001.png
> ./experiments/test/what/LOGFILE_test_G.e0000.gtruth.components.png
> ./experiments/test/what/LOGFILE_test_G.e0000.gtruth.txt
> ./experiments/test/what/LOGFILE_test_G.e0000.txt
> ./experiments/test/what/LOGFILE_test_G_normrank.pdf
> ./experiments/test/what/LOGFILE_test_Gold_densities.pdf
> ./experiments/test/what/LOGFILE_test_Gold_raw.pdf
> ./experiments/test/what/LOGFILE_test_Gold_time.pdf
> ./experiments/test/what/LOGFILE_test_Gold.txt
> ./experiments/test/what/LOGFILE_test.grads0000.png
> ./experiments/test/what/LOGFILE_test.grads0001.png
> ./experiments/test/what/LOGFILE_test.grads0002.png
> ./experiments/test/what/LOGFILE_test.grads0003.png
> ./experiments/test/what/LOGFILE_test.grads0004.png
> ./experiments/test/what/LOGFILE_test.grads0005.png
> ./experiments/test/what/LOGFILE_test.grads0006.png
> ./experiments/test/what/LOGFILE_test.grads0007.png
> ./experiments/test/what/LOGFILE_test.grads0008.png
> ./experiments/test/what/LOGFILE_test.grads0009.png
> ./experiments/test/what/LOGFILE_test.grads0010.png
> ./experiments/test/what/LOGFILE_test.grads0011.png
> ./experiments/test/what/LOGFILE_test.grads0012.png
> ./experiments/test/what/LOGFILE_test.grads0013.png
> ./experiments/test/what/LOGFILE_test.grads0014.png
> ./experiments/test/what/LOGFILE_test.grads0015.png
> ./experiments/test/what/LOGFILE_test.grads0016.png
> ./experiments/test/what/LOGFILE_test.grads0017.png
> ./experiments/test/what/LOGFILE_test.grads0018.png
> ./experiments/test/what/LOGFILE_test.grads0019.png
> ./experiments/test/what/LOGFILE_test.grads0020.png
> ./experiments/test/what/LOGFILE_test.grads0021.png
> ./experiments/test/what/LOGFILE_test.grads0022.png
> ./experiments/test/what/LOGFILE_test.grads0023.png
> ./experiments/test/what/LOGFILE_test.grads0024.png
> ./experiments/test/what/LOGFILE_test.grads0025.png
> ./experiments/test/what/LOGFILE_test.grads0026.png
> ./experiments/test/what/LOGFILE_test.grads0027.png
> ./experiments/test/what/LOGFILE_test.grads0028.png
> ./experiments/test/what/LOGFILE_test.grads0029.png
> ./experiments/test/what/LOGFILE_test.grads0030.png
> ./experiments/test/what/LOGFILE_test.grads0031.png
> ./experiments/test/what/LOGFILE_test.grads0032.png
> ./experiments/test/what/LOGFILE_test.grads0033.png
> ./experiments/test/what/LOGFILE_test.grads0034.png
> ./experiments/test/what/LOGFILE_test.grads0035.png
> ./experiments/test/what/LOGFILE_test.grads0036.png
> ./experiments/test/what/LOGFILE_test.grads0037.png
> ./experiments/test/what/LOGFILE_test.grads0038.png
> ./experiments/test/what/LOGFILE_test.grads0039.png
> ./experiments/test/what/LOGFILE_test.grads0040.png
> ./experiments/test/what/LOGFILE_test.grads0041.png
> ./experiments/test/what/LOGFILE_test.grads0042.png
> ./experiments/test/what/LOGFILE_test.grads0043.png
> ./experiments/test/what/LOGFILE_test.grads0044.png
> ./experiments/test/what/LOGFILE_test.grads0045.png
> ./experiments/test/what/LOGFILE_test.grads0046.png
> ./experiments/test/what/LOGFILE_test.grads0047.png
> ./experiments/test/what/LOGFILE_test.grads0048.png
> ./experiments/test/what/LOGFILE_test.grads0049.png
> ./experiments/test/what/LOGFILE_test.grads0050.png
> ./experiments/test/what/LOGFILE_test.grads0051.png
> ./experiments/test/what/LOGFILE_test.grads0052.png
> ./experiments/test/what/LOGFILE_test.grads0053.png
> ./experiments/test/what/LOGFILE_test.grads0054.png
> ./experiments/test/what/LOGFILE_test.grads0055.png
> ./experiments/test/what/LOGFILE_test.grads0056.png
> ./experiments/test/what/LOGFILE_test.grads0057.png
> ./experiments/test/what/LOGFILE_test.grads0058.png
> ./experiments/test/what/LOGFILE_test.grads0059.png
> ./experiments/test/what/LOGFILE_test.grads0060.png
> ./experiments/test/what/LOGFILE_test.grads0061.png
> ./experiments/test/what/LOGFILE_test.grads0062.png
> ./experiments/test/what/LOGFILE_test.grads0063.png
> ./experiments/test/what/LOGFILE_test.grads0064.png
> ./experiments/test/what/LOGFILE_test.grads0065.png
> ./experiments/test/what/LOGFILE_test.grads0066.png
> ./experiments/test/what/LOGFILE_test.grads0067.png
> ./experiments/test/what/LOGFILE_test.grads0068.png
> ./experiments/test/what/LOGFILE_test.grads0069.png
> ./experiments/test/what/LOGFILE_test.grads0070.png
> ./experiments/test/what/LOGFILE_test.grads0071.png
> ./experiments/test/what/LOGFILE_test.grads0072.png
> ./experiments/test/what/LOGFILE_test.grads0073.png
> ./experiments/test/what/LOGFILE_test.grads0074.png
> ./experiments/test/what/LOGFILE_test.grads0075.png
> ./experiments/test/what/LOGFILE_test.grads0076.png
> ./experiments/test/what/LOGFILE_test.grads0077.png
> ./experiments/test/what/LOGFILE_test.grads0078.png
> ./experiments/test/what/LOGFILE_test.grads0079.png
> ./experiments/test/what/LOGFILE_test.grads0080.png
> ./experiments/test/what/LOGFILE_test.grads0081.png
> ./experiments/test/what/LOGFILE_test.grads0082.png
> ./experiments/test/what/LOGFILE_test.grads0083.png
> ./experiments/test/what/LOGFILE_test.grads0084.png
> ./experiments/test/what/LOGFILE_test.grads0085.png
> ./experiments/test/what/LOGFILE_test.grads0086.png
> ./experiments/test/what/LOGFILE_test.grads0087.png
> ./experiments/test/what/LOGFILE_test.grads0088.png
> ./experiments/test/what/LOGFILE_test.grads0089.png
> ./experiments/test/what/LOGFILE_test.grads0090.png
> ./experiments/test/what/LOGFILE_test.grads0091.png
> ./experiments/test/what/LOGFILE_test.grads0092.png
> ./experiments/test/what/LOGFILE_test.grads0093.png
> ./experiments/test/what/LOGFILE_test.grads0094.png
> ./experiments/test/what/LOGFILE_test.grads0095.png
> ./experiments/test/what/LOGFILE_test.grads0096.png
> ./experiments/test/what/LOGFILE_test.grads0097.png
> ./experiments/test/what/LOGFILE_test.grads0098.png
> ./experiments/test/what/LOGFILE_test.grads0099.png
> ./experiments/test/what/LOGFILE_test.grads0100.png
> ./experiments/test/what/LOGFILE_test.grads0101.png
> ./experiments/test/what/LOGFILE_test.grads0102.png
> ./experiments/test/what/LOGFILE_test.grads0103.png
> ./experiments/test/what/LOGFILE_test.grads0104.png
> ./experiments/test/what/LOGFILE_test.grads0105.png
> ./experiments/test/what/LOGFILE_test.grads0106.png
> ./experiments/test/what/LOGFILE_test.grads0107.png
> ./experiments/test/what/LOGFILE_test.grads0108.png
> ./experiments/test/what/LOGFILE_test.grads0109.png
> ./experiments/test/what/LOGFILE_test.grads0110.png
> ./experiments/test/what/LOGFILE_test.grads0111.png
> ./experiments/test/what/LOGFILE_test.grads0112.png
> ./experiments/test/what/LOGFILE_test.grads0113.png
> ./experiments/test/what/LOGFILE_test.grads0114.png
> ./experiments/test/what/LOGFILE_test.grads0115.png
> ./experiments/test/what/LOGFILE_test.grads0116.png
> ./experiments/test/what/LOGFILE_test.grads0117.png
> ./experiments/test/what/LOGFILE_test.grads0118.png
> ./experiments/test/what/LOGFILE_test.grads0119.png
> ./experiments/test/what/LOGFILE_test.grads0120.png
> ./experiments/test/what/LOGFILE_test.grads0121.png
> ./experiments/test/what/LOGFILE_test.grads0122.png
> ./experiments/test/what/LOGFILE_test.grads0123.png
> ./experiments/test/what/LOGFILE_test.grads0124.png
> ./experiments/test/what/LOGFILE_test.grads0125.png
> ./experiments/test/what/LOGFILE_test.grads0126.png
> ./experiments/test/what/LOGFILE_test.grads0127.png
> ./experiments/test/what/LOGFILE_test.grads0128.png
> ./experiments/test/what/LOGFILE_test.grads0129.png
> ./experiments/test/what/LOGFILE_test.grads0130.png
> ./experiments/test/what/LOGFILE_test.grads0131.png
> ./experiments/test/what/LOGFILE_test.grads0132.png
> ./experiments/test/what/LOGFILE_test.grads0133.png
> ./experiments/test/what/LOGFILE_test.grads0134.png
> ./experiments/test/what/LOGFILE_test_G_raw.pdf
> ./experiments/test/what/LOGFILE_test_G_time.pdf
> ./experiments/test/what/LOGFILE_test_G.txt
> ./experiments/test/what/LOGFILE_test_prediction.pdf
> ./experiments/test/what/LOGFILE_test.r0.grads0000.png
> ./experiments/test/what/LOGFILE_test.r0.txt
> ./experiments/test/what/LOGFILE_test_time.pdf
> ./experiments/test/what/LOGFILE_test.txt
> ./experiments/test/what/LOGFILE_tm_densities.pdf
> ./experiments/test/what/LOGFILE_tm.e0000.txt
> ./experiments/test/what/LOGFILE_tm.e0001.txt
> ./experiments/test/what/LOGFILE_tm.e0002.txt
> ./experiments/test/what/LOGFILE_tm.e0003.txt
> ./experiments/test/what/LOGFILE_tm.txt
> ./experiments/toy1
> ./experiments/toy1/LOGFILE_1001.e0000_densities.pdf
> ./experiments/toy1/LOGFILE_1001.e0000_hits.pdf
> ./experiments/toy1/LOGFILE_1001.e0000_mrr.pdf
> ./experiments/toy1/LOGFILE_1001.e0000_normrank.pdf
> ./experiments/toy1/LOGFILE_1001.e0000_raw.pdf
> ./experiments/toy1/LOGFILE_1001.e0000_time.pdf
> ./experiments/toy1/LOGFILE_1001.e0000.txt
> ./experiments/toy5
> ./experiments/toy5/LOGFILE_1001.e0000_densities.pdf
> ./experiments/toy5/LOGFILE_1001.e0000_hits.pdf
> ./experiments/toy5/LOGFILE_1001.e0000_mrr.pdf
> ./experiments/toy5/LOGFILE_1001.e0000_normrank.pdf
> ./experiments/toy5/LOGFILE_1001.e0000_raw.pdf
> ./experiments/toy5/LOGFILE_1001.e0000_time.pdf
> ./experiments/toy5/LOGFILE_1001.e0000.txt
> ./experiments/wiki_big
> ./experiments/wiki_big/LOGFILE_0019_densities.pdf
> ./experiments/wiki_big/LOGFILE_0019_prediction.pdf
> ./experiments/wiki_big/LOGFILE_0019_time.pdf
> ./experiments/wiki_big/LOGFILE_0019.txt
> ./experiments/wiki_small
> ./experiments/wiki_small/LOGFILE_0019_densities.pdf
> ./experiments/wiki_small/LOGFILE_0019.e0000_densities.pdf
> ./experiments/wiki_small/LOGFILE_0019.e0000_prediction.pdf
> ./experiments/wiki_small/LOGFILE_0019.e0000_time.pdf
> ./experiments/wiki_small/LOGFILE_0019.e0000.txt
> ./experiments/wiki_small/LOGFILE_0019_prediction.pdf
> ./experiments/wiki_small/LOGFILE_0019_time.pdf
> ./experiments/wiki_small/LOGFILE_0019.txt
> ./experiments/wiki_tiny
> ./experiments/wiki_tiny/LOGFILE_0019_densities.pdf
> ./experiments/wiki_tiny/LOGFILE_0019_prediction.pdf
> ./experiments/wiki_tiny/LOGFILE_0019_time.pdf
> ./experiments/wiki_tiny/LOGFILE_0019.txt
> ./for_analysis
> ./for_analysis/C_element_dist.pdf
> ./for_analysis/freebase-MIDMIDrelas-extracted-stats-minfreq1000.txt
> ./for_analysis/G_nonorm.pdf
> ./for_analysis/G_norm.pdf
> ./for_analysis/laplace.png
> ./for_analysis/LOGFILE_1002.e0000.components0001.png
> ./for_analysis/LOGFILE_1002.e0000.components0002.png
> ./for_analysis/LOGFILE_1002.e0000.components0003.png
> ./for_analysis/LOGFILE_1002.e0000.components0004.png
> ./for_analysis/LOGFILE_1002.e0000.components0005.png
> ./for_analysis/LOGFILE_1002.e0000.components0006.png
> ./for_analysis/LOGFILE_1002.e0000.components0007.png
> ./for_analysis/LOGFILE_1002.e0000.components0008.png
> ./for_analysis/LOGFILE_1002.e0000.gtruth.components.png
> ./for_analysis/MSKcomponents_postnorm.png
> ./for_analysis/MSKFREQS.png
> ./for_analysis/one.pdf
> ./for_analysis/RELAS_Thu_Aug__7_11:49:01_2014.txt
> ./for_analysis/train_C.png
> ./for_analysis/TRAINDATA_Thu_Aug__7_11:49:01_2014.txt.gz
> ./for_analysis/train_V.png
> ./for_analysis/truth_C_w2v.png
> ./for_analysis/truth_V_w2v.png
> ./for_analysis/two.pdf
> ./for_analysis/WORDS_Thu_Aug__7_11:49:01_2014.txt
> ./gensim_word2vec.py
> ./gifs
> ./gifs/LOGFILE_0029.grads0010.png
> ./gifs/LOGFILE_0029.grads0020.png
> ./gifs/LOGFILE_0029.grads0030.png
> ./gifs/LOGFILE_0029.grads0040.png
> ./gifs/LOGFILE_0029.grads0050.png
> ./gifs/LOGFILE_0029.grads0060.png
> ./gifs/LOGFILE_0029.grads0070.png
> ./gifs/LOGFILE_0029.grads0080.png
> ./gifs/LOGFILE_0029.grads0090.png
> ./gifs/LOGFILE_0029.grads0100.png
> ./gifs/LOGFILE_0029.grads0110.png
> ./gifs/LOGFILE_0029.grads0120.png
> ./gifs/LOGFILE_0029.grads0130.png
> ./gifs/LOGFILE_0029.grads0140.png
> ./gifs/LOGFILE_0029.grads0150.png
> ./gifs/LOGFILE_0029.grads0160.png
> ./gifs/LOGFILE_0029.grads0170.png
> ./gifs/LOGFILE_0029.grads0180.png
> ./gifs/LOGFILE_0029.grads0190.png
> ./gifs/LOGFILE_0029.grads0200.png
> ./gifs/LOGFILE_0029.grads0210.png
> ./gifs/LOGFILE_0029.grads0220.png
> ./gifs/LOGFILE_0029.grads0230.png
> ./gifs/LOGFILE_0030.grads0010.png
> ./gifs/LOGFILE_0030.grads0020.png
> ./gifs/LOGFILE_0030.grads0030.png
> ./gifs/LOGFILE_0030.grads0040.png
> ./gifs/LOGFILE_0030.grads0050.png
> ./gifs/LOGFILE_0030.grads0060.png
> ./gifs/LOGFILE_0030.grads0070.png
> ./gifs/LOGFILE_0030.grads0080.png
> ./gifs/LOGFILE_0030.grads0090.png
> ./gifs/LOGFILE_0030.grads0100.png
> ./gifs/LOGFILE_0030.grads0110.png
> ./gifs/LOGFILE_0030.grads0120.png
> ./gifs/LOGFILE_0030.grads0130.png
> ./gifs/LOGFILE_0030.grads0140.png
> ./gifs/LOGFILE_0030.grads0150.png
> ./gifs/LOGFILE_0030.grads0160.png
> ./gifs/LOGFILE_0030.grads0170.png
> ./gifs/LOGFILE_0030.grads0180.png
> ./gifs/LOGFILE_0030.grads0190.png
> ./gifs/LOGFILE_0030.grads0200.png
> ./gifs/LOGFILE_0030.grads0210.png
> ./gifs/LOGFILE_0030.grads0220.png
> ./gifs/LOGFILE_0030.grads0230.png
> ./graphs
> ./graphs/all_pairwise_distances.png
> ./graphs/B100_M5_K1_renormNO_diff.pdf
> ./graphs/B100_M5_K1_renormNO.pdf
> ./graphs/B50_M3_K3_renormNO_diff.pdf
> ./graphs/B50_M3_K3_renormNO.pdf
> ./graphs/B50_M5_K1_renormNO_diff.pdf
> ./graphs/B50_M5_K1_renormNO.pdf
> ./graphs/B50_M5_K1_renormYES_diff.pdf
> ./graphs/B50_M5_K1_renormYES.pdf
> ./graphs/counts_under0.5.png
> ./graphs/counts_under0.5_zoom.png
> ./graphs/counts_under0.65.png
> ./graphs/counts_under0.75.png
> ./graphs/counts_under0.75_zoom.png
> ./graphs/counts_under1_doubled.png
> ./graphs/dend.pdf
> ./graphs/dendrogram.pdf
> ./graphs/dendtest
> ./graphs/dendtest.pdf
> ./graphs/density_comparison_logscale.png
> ./graphs/d_to_0001.png
> ./graphs/d_to_0010.png
> ./graphs/d_to_0020.png
> ./graphs/d_to_0100.png
> ./graphs/d_to_1000.png
> ./graphs/d_to_25000.png
> ./graphs/likelihood_comparison.png
> ./graphs/likelihood_comparison_zoom.png
> ./graphs/LOGFILE_0030.gif
> ./graphs/LOGFILE_test.grads0001.png
> ./graphs/LOGFILE_test.grads0002.png
> ./graphs/LOGFILE_test.grads0003.png
> ./graphs/LOGFILE_test.grads0004.png
> ./graphs/LOGFILE_test.grads0005.png
> ./graphs/LOGFILE_test.grads0006.png
> ./graphs/LOGFILE_test.grads0007.png
> ./graphs/LOGFILE_test.grads0008.png
> ./graphs/LOGFILE_test.grads0009.png
> ./graphs/LOGFILE_test.grads0010.png
> ./graphs/pairwise_distances_msk2small.pdf
> ./graphs/Rplots.pdf
> ./graphs/speed_comparison.png
> ./graphs/STATS_relafreqs_direct_mskv2small_hist.pdf
> ./graphs/STATS_relafreqs_medall_hist.pdf
> ./graphs/STATS_wordfreqs_direct_mskbig_hist.pdf
> ./graphs/STATS_wordfreqs_direct_msk_hist.pdf
> ./graphs/STATS_wordfreqs_direct_msksmall_hist.pdf
> ./graphs/STATS_wordfreqs_direct_mskv2_hist.pdf
> ./graphs/STATS_wordfreqs_direct_mskv2small_hist.pdf
> ./graphs/STATS_wordfreqs_medall_hist.pdf
> ./graphs/theano1_DISTS.pdf
> ./graphs/ugh.png
> ./indep
> ./indep/BAD_all
> ./indep/bf-mini.py
> ./indep/comparison_trace.png
> ./indep/EXACT_all
> ./indep/NONPERSISTENT_all
> ./indep/PERSISTENT_all
> ./indep/plot_ll.R
> ./indep/.RData
> ./indep/readme.txt
> ./indep/results
> ./indep/results/BAD_1424494554.txt
> ./indep/results/BAD_1424494579.txt
> ./indep/results/BAD_1424494605.txt
> ./indep/results/BAD_1424494630.txt
> ./indep/results/BAD_1424494655.txt
> ./indep/results/BAD_1424494680.txt
> ./indep/results/BAD_1424494706.txt
> ./indep/results/BAD_1424494731.txt
> ./indep/results/BAD_1424494756.txt
> ./indep/results/BAD_1424494781.txt
> ./indep/results/d3_alpha01
> ./indep/results/d3_alpha01/BAD_1424489007.txt
> ./indep/results/d3_alpha01/BAD_1424489014.txt
> ./indep/results/d3_alpha01/BAD_1424489021.txt
> ./indep/results/d3_alpha01/BAD_1424489028.txt
> ./indep/results/d3_alpha01/BAD_1424489035.txt
> ./indep/results/d3_alpha01/BAD_1424489041.txt
> ./indep/results/d3_alpha01/BAD_1424489048.txt
> ./indep/results/d3_alpha01/BAD_1424489054.txt
> ./indep/results/d3_alpha01/BAD_1424489061.txt
> ./indep/results/d3_alpha01/BAD_1424489067.txt
> ./indep/results/d3_alpha01/BAD_all
> ./indep/results/d3_alpha01/d3_alpha01_comparison_trace.png
> ./indep/results/d3_alpha01/EXACT_1424488512.txt
> ./indep/results/d3_alpha01/EXACT_all
> ./indep/results/d3_alpha01/NONPERSISTENT_1424488282.txt
> ./indep/results/d3_alpha01/NONPERSISTENT_1424488291.txt
> ./indep/results/d3_alpha01/NONPERSISTENT_1424488299.txt
> ./indep/results/d3_alpha01/NONPERSISTENT_1424488309.txt
> ./indep/results/d3_alpha01/NONPERSISTENT_1424488318.txt
> ./indep/results/d3_alpha01/NONPERSISTENT_1424488327.txt
> ./indep/results/d3_alpha01/NONPERSISTENT_1424488336.txt
> ./indep/results/d3_alpha01/NONPERSISTENT_1424488345.txt
> ./indep/results/d3_alpha01/NONPERSISTENT_1424488354.txt
> ./indep/results/d3_alpha01/NONPERSISTENT_1424488363.txt
> ./indep/results/d3_alpha01/NONPERSISTENT_all
> ./indep/results/d3_alpha01/notes.txt
> ./indep/results/d3_alpha01/PERSISTENT_1424488407.txt
> ./indep/results/d3_alpha01/PERSISTENT_1424488415.txt
> ./indep/results/d3_alpha01/PERSISTENT_1424488423.txt
> ./indep/results/d3_alpha01/PERSISTENT_1424488431.txt
> ./indep/results/d3_alpha01/PERSISTENT_1424488440.txt
> ./indep/results/d3_alpha01/PERSISTENT_1424488449.txt
> ./indep/results/d3_alpha01/PERSISTENT_1424488458.txt
> ./indep/results/d3_alpha01/PERSISTENT_1424488467.txt
> ./indep/results/d3_alpha01/PERSISTENT_1424488475.txt
> ./indep/results/d3_alpha01/PERSISTENT_1424488484.txt
> ./indep/results/d3_alpha01/PERSISTENT_all
> ./indep/results/d3_alpha03
> ./indep/results/d3_alpha03/BAD_1424493505.txt
> ./indep/results/d3_alpha03/BAD_1424493530.txt
> ./indep/results/d3_alpha03/BAD_1424493555.txt
> ./indep/results/d3_alpha03/BAD_1424493580.txt
> ./indep/results/d3_alpha03/BAD_1424493605.txt
> ./indep/results/d3_alpha03/BAD_1424493631.txt
> ./indep/results/d3_alpha03/BAD_1424493656.txt
> ./indep/results/d3_alpha03/BAD_1424493680.txt
> ./indep/results/d3_alpha03/BAD_1424493704.txt
> ./indep/results/d3_alpha03/BAD_1424493729.txt
> ./indep/results/d3_alpha03/BAD_all
> ./indep/results/d3_alpha03/comparison_trace.png
> ./indep/results/d3_alpha03/EXACT_1424493480.txt
> ./indep/results/d3_alpha03/EXACT_all
> ./indep/results/d3_alpha03/NONPERSISTENT_1424493498.txt
> ./indep/results/d3_alpha03/NONPERSISTENT_1424493524.txt
> ./indep/results/d3_alpha03/NONPERSISTENT_1424493548.txt
> ./indep/results/d3_alpha03/NONPERSISTENT_1424493573.txt
> ./indep/results/d3_alpha03/NONPERSISTENT_1424493598.txt
> ./indep/results/d3_alpha03/NONPERSISTENT_1424493624.txt
> ./indep/results/d3_alpha03/NONPERSISTENT_1424493649.txt
> ./indep/results/d3_alpha03/NONPERSISTENT_1424493673.txt
> ./indep/results/d3_alpha03/NONPERSISTENT_1424493698.txt
> ./indep/results/d3_alpha03/NONPERSISTENT_1424493722.txt
> ./indep/results/d3_alpha03/NONPERSISTENT_all
> ./indep/results/d3_alpha03/notes.txt
> ./indep/results/d3_alpha03/PERSISTENT_1424493489.txt
> ./indep/results/d3_alpha03/PERSISTENT_1424493514.txt
> ./indep/results/d3_alpha03/PERSISTENT_1424493539.txt
> ./indep/results/d3_alpha03/PERSISTENT_1424493564.txt
> ./indep/results/d3_alpha03/PERSISTENT_1424493589.txt
> ./indep/results/d3_alpha03/PERSISTENT_1424493615.txt
> ./indep/results/d3_alpha03/PERSISTENT_1424493640.txt
> ./indep/results/d3_alpha03/PERSISTENT_1424493665.txt
> ./indep/results/d3_alpha03/PERSISTENT_1424493689.txt
> ./indep/results/d3_alpha03/PERSISTENT_1424493713.txt
> ./indep/results/d3_alpha03/PERSISTENT_all
> ./indep/results/d3_alpha05
> ./indep/results/d3_alpha05/EXACT_1424484110.txt
> ./indep/results/d3_alpha05/NONPERSISTENT_1424483871.txt
> ./indep/results/d3_alpha05/NONPERSISTENT_1424483892.txt
> ./indep/results/d3_alpha05/NONPERSISTENT_1424483903.txt
> ./indep/results/d3_alpha05/NONPERSISTENT_1424483914.txt
> ./indep/results/d3_alpha05/NONPERSISTENT_1424484962.txt
> ./indep/results/d3_alpha05/NONPERSISTENT_1424484998.txt
> ./indep/results/d3_alpha05/NONPERSISTENT_1424485086.txt
> ./indep/results/d3_alpha05/NONPERSISTENT_1424485281.txt
> ./indep/results/d3_alpha05/NONPERSISTENT_1424485340.txt
> ./indep/results/d3_alpha05/NONPERSISTENT_1424485356.txt
> ./indep/results/d3_alpha05/NONPERSISTENT_1424485439.txt
> ./indep/results/d3_alpha05/NONPERSISTENT_1424485496.txt
> ./indep/results/d3_alpha05/NONPERSISTENT_1424485560.txt
> ./indep/results/d3_alpha05/NONPERSISTENT_1424486245.txt
> ./indep/results/d3_alpha05/notes.txt
> ./indep/results/d3_alpha05/PERSISTENT_1424484412.txt
> ./indep/results/d3_alpha05/PERSISTENT_1424484423.txt
> ./indep/results/d3_alpha05/PERSISTENT_1424484437.txt
> ./indep/results/d3_alpha05/PERSISTENT_1424484451.txt
> ./indep/results/d3_alpha05/PERSISTENT_1424484477.txt
> ./indep/results/d3_alpha05/PERSISTENT_1424484488.txt
> ./indep/results/d3_alpha05/PERSISTENT_1424484501.txt
> ./indep/results/d3_alpha05/PERSISTENT_1424484517.txt
> ./indep/results/d3_alpha05/PERSISTENT_1424484531.txt
> ./indep/results/d3_alpha05/PERSISTENT_1424484541.txt
> ./indep/results/d3_alpha05/PERSISTENT_1424484552.txt
> ./indep/results/d3_alpha05/PERSISTENT_1424484585.txt
> ./indep/results/d3_alpha05/PERSISTENT_1424484660.txt
> ./indep/results/d3_alpha05/PERSISTENT_1424484868.txt
> ./indep/results/d3_alpha05/PERSISTENT_1424484942.txt
> ./indep/results/EXACT_1424494529.txt
> ./indep/results/EXACT_1424717276.txt
> ./indep/results/EXACT_1424717323.txt
> ./indep/results/EXACT_1424717373.txt
> ./indep/results/EXACT_1424722096.txt
> ./indep/results/EXACT_1424722318.txt
> ./indep/results/EXACT_1424792174.txt
> ./indep/results/EXACT_1424792679.txt
> ./indep/results/EXACT_1424792901.txt
> ./indep/results/EXACT_1424799224.txt
> ./indep/results/EXACT_1424799792.txt
> ./indep/results/EXACT_1424799945.txt
> ./indep/results/EXACT_1424800016.txt
> ./indep/results/EXACT_1424801023.txt
> ./indep/results/EXACT_1424802044.txt
> ./indep/results/EXACT_1424802118.txt
> ./indep/results/EXACT_1428533208.txt
> ./indep/results/EXACT_1428533602.txt
> ./indep/results/EXACT_1428533842.txt
> ./indep/results/EXACT_1428534044.txt
> ./indep/results/EXACT_1428534243.txt
> ./indep/results/EXACT_1428534386.txt
> ./indep/results/NONPERSISTENT_1424494547.txt
> ./indep/results/NONPERSISTENT_1424494573.txt
> ./indep/results/NONPERSISTENT_1424494598.txt
> ./indep/results/NONPERSISTENT_1424494624.txt
> ./indep/results/NONPERSISTENT_1424494648.txt
> ./indep/results/NONPERSISTENT_1424494674.txt
> ./indep/results/NONPERSISTENT_1424494699.txt
> ./indep/results/NONPERSISTENT_1424494725.txt
> ./indep/results/NONPERSISTENT_1424494749.txt
> ./indep/results/NONPERSISTENT_1424494775.txt
> ./indep/results/PERSISTENT_1424494538.txt
> ./indep/results/PERSISTENT_1424494563.txt
> ./indep/results/PERSISTENT_1424494588.txt
> ./indep/results/PERSISTENT_1424494614.txt
> ./indep/results/PERSISTENT_1424494639.txt
> ./indep/results/PERSISTENT_1424494664.txt
> ./indep/results/PERSISTENT_1424494690.txt
> ./indep/results/PERSISTENT_1424494715.txt
> ./indep/results/PERSISTENT_1424494740.txt
> ./indep/results/PERSISTENT_1424494765.txt
> ./indep/results/PERSISTENT_1424628520.txt
> ./indep/results/PERSISTENT_1424629379.txt
> ./indep/results/PERSISTENT_1424629476.txt
> ./indep/results/PERSISTENT_1424630051.txt
> ./indep/results/PERSISTENT_1424711790.txt
> ./indep/.Rhistory
> ./indep/so_lazy.sh
> ./indep/trace.png
> ./indep/w5_train_formatted.txt.gz
> ./indep/w5_train.txt.gz
> ./indep/w5_train_uh.txt.gz
> ./LICENCE
> ./LICENSE.md
> ./LOGFILE_J.longform.txt
> ./logs
> ./logs/LOGFILE_0001.txt
> ./logs/LOGFILE_A.longform.txt
> ./logs/LOGFILE_A.txt
> ./logs/LOGFILE_B.longform.txt
> ./logs/LOGFILE_B.txt
> ./logs/LOGFILE_C.longform.txt
> ./logs/LOGFILE_C.txt
> ./logs/LOGFILE_D.longform.txt
> ./logs/LOGFILE_D.txt
> ./logs/LOGFILE_E.longform.txt
> ./logs/LOGFILE_E.txt
> ./logs/LOGFILE_five.txt
> ./logs/LOGFILE_F.longform.txt
> ./logs/LOGFILE_F_newfast.txt
> ./logs/LOGFILE_four2seven.txt
> ./logs/LOGFILE_four.txt
> ./logs/LOGFILE_Fri_Aug__8_00:56:11_2014.txt
> ./logs/LOGFILE_Fri_Aug__8_01:01:49_2014.txt
> ./logs/LOGFILE_Fri_Aug__8_01:11:14_2014.txt
> ./logs/LOGFILE_F.txt
> ./logs/LOGFILE_G.longform.txt
> ./logs/LOGFILE_G.txt
> ./logs/LOGFILE_H.longform.txt
> ./logs/LOGFILE_H.txt
> ./logs/LOGFILE_J.longform.txt
> ./logs/LOGFILE_nonmedical_Sat_Aug_16_00:59:18_2014_FIXEDSIGN.txt
> ./logs/LOGFILE_nonmedical_Sat_Aug_16_00:59:18_2014_FIXSIGNFIXDENSITY.txt
> ./logs/LOGFILE_nonmedical_Sat_Aug_16_00:59:18_2014.txt
> ./logs/LOGFILE_notheano1.longform.txt
> ./logs/LOGFILE_notheano1.txt
> ./logs/LOGFILE_one.txt
> ./logs/LOGFILE_renorming-2.longform.txt
> ./logs/LOGFILE_renorming-2.txt
> ./logs/LOGFILE_renorming-3.longform.txt
> ./logs/LOGFILE_renorming-3.txt
> ./logs/LOGFILE_renorming.longform.txt
> ./logs/LOGFILE_renorming-newfast.longform.txt
> ./logs/LOGFILE_renorming-newfast.txt
> ./logs/LOGFILE_renorming.txt
> ./logs/LOGFILE_seven.txt
> ./logs/LOGFILE_six.txt
> ./logs/LOGFILE_theano1.txt
> ./logs/LOGFILE_theano_withGPU.txt
> ./logs/LOGFILE_Thu_Aug__7_15:39:43_2014.txt
> ./logs/LOGFILE_Wed_Aug__6_09:13:52_2014.txt
> ./long_logfile.r
> ./lz.sh
> ./med_freq.pdf
> ./MODEL_J.pk_C.txt
> ./notes_on_FB.txt
> ./pedersen-table.csv
> ./README.md
> ./run_explore.py
> ./run_exp.py
> ./sync.sh
> ./temp
> ./temp/important_changes.txt
> ./temp/process_data.py
> ./test.txt
> ./theanospeed.pdf
> ./theanospeed.R
> ./trace1_approx.png
> ./trace1_exact.png
> ./trace_approx.png
> ./trace_exact.png
> ./trace.png
> ./uh
> ./uh/LOGFILE_test_Gb.e0000_densities.pdf
> ./uh/LOGFILE_test_Gb.e0000_hits.pdf
> ./uh/LOGFILE_test_Gb.e0000_KL.pdf
> ./uh/LOGFILE_test_Gb.e0000_mrr.pdf
> ./uh/LOGFILE_test_Gb.e0000_normrank.pdf
> ./uh/LOGFILE_test_Gb.e0000_raw.pdf
> ./uh/LOGFILE_test_Gb.e0000_time.pdf
> ./uh/LOGFILE_test_Gb.e0000.txt
> ./uh/LOGFILE_test_Gb.e0001_densities.pdf
> ./uh/LOGFILE_test_Gb.e0001_hits.pdf
> ./uh/LOGFILE_test_Gb.e0001_KL.pdf
> ./uh/LOGFILE_test_Gb.e0001_mrr.pdf
> ./uh/LOGFILE_test_Gb.e0001_normrank.pdf
> ./uh/LOGFILE_test_Gb.e0001_raw.pdf
> ./uh/LOGFILE_test_Gb.e0001_time.pdf
> ./uh/LOGFILE_test_Gb.e0001.txt
> ./uh/LOGFILE_test_Gb.e0002_densities.pdf
> ./uh/LOGFILE_test_Gb.e0002_hits.pdf
> ./uh/LOGFILE_test_Gb.e0002_KL.pdf
> ./uh/LOGFILE_test_Gb.e0002_mrr.pdf
> ./uh/LOGFILE_test_Gb.e0002_normrank.pdf
> ./uh/LOGFILE_test_Gb.e0002_raw.pdf
> ./uh/LOGFILE_test_Gb.e0002_time.pdf
> ./uh/LOGFILE_test_Gb.e0002.txt
> ./uh/LOGFILE_test_Gb.e0003_densities.pdf
> ./uh/LOGFILE_test_Gb.e0003_hits.pdf
> ./uh/LOGFILE_test_Gb.e0003_KL.pdf
> ./uh/LOGFILE_test_Gb.e0003_mrr.pdf
> ./uh/LOGFILE_test_Gb.e0003_normrank.pdf
> ./uh/LOGFILE_test_Gb.e0003_raw.pdf
> ./uh/LOGFILE_test_Gb.e0003_time.pdf
> ./uh/LOGFILE_test_Gb.e0003.txt
> ./uh/LOGFILE_test_Gb.e0004.txt
> ./uh/LOGFILE_test_Gb.txt
> ./uh/MODEL_test_Gb_C.txt
> ./uh/MODEL_test_Gb_G.txt
> ./uh/MODEL_test_Gb.npy
> ./uh/MODEL_test_Gb_RNGstate.pk
> ./uh/MODEL_test_Gb_valiset.txt
> ./uh/MODEL_test_Gb_V.txt
> ./uh/test_Gb.cfg
> ./v1
> ./v1/archived
> ./v1/archived/bf-mini.py
> ./v1/archived/bri_fns.py
> ./v1/archived/bri_fns_theano_nonorm.py
> ./v1/archived/bri_fns_theano.py
> ./v1/archived/bri_fns_theano_sept30.py
> ./v1/archived/bri.py
> ./v1/archived/cluster_set.py
> ./v1/archived/data_fns_deprecated.py
> ./v1/archived/distances.py
> ./v1/archived/gen-w5.py
> ./v1/archived/run_bri.py
> ./v1/archived/run_explore_reps.py
> ./v1/bf
> ./v1/bf/bri_fns_theano_nonorm.py
> ./v1/bf/data_fns_quick.py
> ./v1/bf/explore_fns.py
> ./v1/bf/__init__.py
> ./v1/bf/.RData
> ./v1/bf/.Rhistory
> ./v1/bf/sentence_fns.py
> ./v1/doc
> ./v1/doc/bf.tex
> ./v1/doc/current_status.txt
> ./v1/doc/Untitled.bib
> ./v1/experiment_sheet
> ./v1/tasks
> ./v1/tasks/cluster_set.py
> ./v1/tasks/combine_epochdata.sh
> ./v1/tasks/distance_API.py
> ./v1/tasks/old_dataprep.py
> ./v1/tasks/parse_freebase.py
> ./v1/tasks/prep_mskv2.sh
> ./v1/tasks/w2v_toy_data.py
> ./v1/utils
> ./v1/utils/almost_gt_weights.py
> ./v1/utils/easy_run
> ./v1/utils/easy_run/restart_bri.py
> ./v1/utils/easy_run/rfast_bri.py
> ./v1/utils/easy_run/run_bri.py
> ./v1/utils/easy_run/run_data_quick.py
> ./v1/utils/easy_run/run_datastats.py
> ./v1/utils/easy_run/run_explore_reps.py
> ./v1/utils/easy_run/run_pred.py
> ./v1/utils/easy_run/run_sentence_distances.py
> ./v1/utils/eval_multiplicity.py
> ./v1/utils/export_w2v.py
> ./v1/utils/plot_logfile.r
> ./v1/utils/toy_data.py
> ./v2
> ./v2/animations
> ./v2/animations/draw_doublesegment.R
> ./v2/animations/draw_segment.R
> ./v2/animations/w5_a0.008.gif
> ./v2/animations/w5_a0.05.gif
> ./v2/animations/w5_a0.3.gif
> ./v2/animations/w5.gif
> ./v2/animations/w5_r1_modified.gif
> ./v2/animations/w5_r2_B.gif
> ./v2/animations/w5_r2.gif
> ./v2/animations/w5_r2_R0_a0.008.gif
> ./v2/animations/w5_r2_R1_a0.008.gif
> ./v2/archive
> ./v2/archive/bf2f.py
> ./v2/archive/bf2f_theano_params.py
> ./v2/archive/explore_fns.py
> ./v2/archive/gen-w100.py
> ./v2/archive/gen-w100-r5.py
> ./v2/archive/gen-w8-r3.py
> ./v2/archive/run-bf2-old.py
> ./v2/archive/run-bf2.py
> ./v2/bf2f.pyc
> ./v2/.compare_pedersen.py.swp
> ./v2/data
> ./v2/data/TRAINDATA_toy_100_R1_w2v_dotv2.txt.gz
> ./v2/data/w1000r1_train.txt.gz
> ./v2/data/w1000r5_train.txt.gz
> ./v2/data/w100r5b_train.txt.gz
> ./v2/data/w100r5_train.txt.gz
> ./v2/data/w5_r2b_train.txt.gz
> ./v2/data/w5_r2_train.txt.gz
> ./v2/data/w5_train.txt.gz
> ./v2/data/w8r3_train.txt.gz
> ./v2/doc
> ./v2/doc/AAAI
> ./v2/doc/AAAI/aaai.bst
> ./v2/doc/AAAI/aaai.doc
> ./v2/doc/AAAI/aaai.docx
> ./v2/doc/AAAI/aaai.dot
> ./v2/doc/AAAI/aaai_script.sh
> ./v2/doc/AAAI/aaai.sty
> ./v2/doc/AAAI/IWES_arxiv.tex
> ./v2/doc/AAAI/nips13submit_e.sty
> ./v2/doc/AAAI/reffos.bib
> ./v2/doc/SEPLN
> ./v2/doc/SEPLN/latex
> ./v2/doc/SEPLN/latex/ejem1.eps
> ./v2/doc/SEPLN/latex/figs
> ./v2/doc/SEPLN/latex/figs/delta_small.pdf
> ./v2/doc/SEPLN/latex/figs/l1o.pdf
> ./v2/doc/SEPLN/latex/figs/l1o_withw2v.pdf
> ./v2/doc/SEPLN/latex/figs/test_small.pdf
> ./v2/doc/SEPLN/latex/figs/transf2.eps
> ./v2/doc/SEPLN/latex/figs/transf2-eps-converted-to.pdf
> ./v2/doc/SEPLN/latex/figs/transf.pdf
> ./v2/doc/SEPLN/latex/figs/transf.png
> ./v2/doc/SEPLN/latex/figs/transf_rainbow_omega.pdf
> ./v2/doc/SEPLN/latex/fullname_esp.bst
> ./v2/doc/SEPLN/latex/fullname_esp.sty
> ./v2/doc/SEPLN/latex/.gitignore
> ./v2/doc/SEPLN/latex/IWES_arxiv.pdf
> ./v2/doc/SEPLN/latex/IWES_v0.0.bbl
> ./v2/doc/SEPLN/latex/IWES_v0.0.tex
> ./v2/doc/SEPLN/latex/IWES_v1.0.pdf
> ./v2/doc/SEPLN/latex/IWES_v1.0.tex
> ./v2/doc/SEPLN/latex/reffos.bib
> ./v2/doc/SEPLN/latex/sepln.sty
> ./v2/doc/SEPLN/latex/submitted
> ./v2/doc/SEPLN/latex/submitted/hyland_etal_2015.pdf
> ./v2/freqs.csv
> ./v2/.gitignore
> ./v2/__init__.py
> ./v2/layz.R
> ./v2/nptest.py
> ./v2/output
> ./v2/output/cfg_batch_inexact_persistent_100d_ADAM_unnormed_dot_energies.png
> ./v2/output/cfg_batch_inexact_persistent_100d_ADAM_unnormed_dot_lens.png
> ./v2/panic.py
> ./v2/plot_logfile.R
> ./v2/plot.R
> ./v2/.RData
> ./v2/reconstruct_w100_with_posterior.py
> ./v2/results
> ./v2/results/combine_files.sh
> ./v2/results/ll_trace_all
> ./v2/results/nips2013_simplewordnet.ods
> ./v2/results/Screenshot 2015-05-28 17.16.23.png
> ./v2/results/Screenshot 2015-05-28 17.17.33.png
> ./v2/results/Screenshot 2015-05-28 17.33.57.png
> ./v2/results/Screenshot 2015-05-28 17.45.40.png
> ./v2/.Rhistory
> ./v2/run_bf2f_tests.py
> ./v2/run-bf2.py
> ./v2/src
> ./v2/src/bf2f.py
> ./v2/src/explore_fns.py
> ./v2/src/__init__.py
> ./v2/tasks
> ./v2/tasks/cluster_select_w2v.py
> ./v2/tasks/compare_empirical_distribution.py
> ./v2/tasks/compare_options.sh
> ./v2/tasks/compare_pedersen.py
> ./v2/tasks/contribution_of_R.py
> ./v2/tasks/gensim_w2v_wikipedia_subsamp0.0005.py
> ./v2/tasks/pedersen-table.csv
> ./v2/tasks/plot_comparisons.R
> ./v2/tasks/prediction_task
> ./v2/tasks/prediction_task/classifier.py
> ./v2/tasks/prediction_task/data
> ./v2/tasks/prediction_task/data/identify_words.py
> ./v2/tasks/prediction_task/data/remove_CUIs.py
> ./v2/tasks/prediction_task/data/subset_relas.py
> ./v2/tasks/prediction_task/decision_tree.py
> ./v2/tasks/prediction_task/eh.dot
> ./v2/tasks/reconstruct_w100_with_posterior.py
> ./v2/tasks/reconstruct_w5_with_posterior.py
> ./v2/tasks/run_metamap_on_specific_chunks.sh
> ./v2/tasks/testing
> ./v2/tasks/testing/bmark_Eaxis.py
> ./v2/tasks/testing/bmark_E.py
> ./v2/tasks/testing/cmark_E.py
> ./v2/tasks/testing/init_gt_w5.py
> ./v2/tasks/testing/multistart_w5.py
> ./v2/tasks/testing/plot_init_gt_w5.R
> ./v2/tasks/testing/plot_mstart.R
> ./v2/tasks/testing/theanotest.py
> ./v2/tasks/unsupervised
> ./v2/tasks/unsupervised/fst.cfg
> ./v2/tasks/unsupervised/fully_supervised_toy.cfg
> ./v2/tasks/unsupervised/partially_supervised_toy.cfg
> ./v2/tasks/unsupervised/pst.cfg
> ./v2/tasks/unsupervised/run-fully-supervised.py
> ./v2/tasks/unsupervised/run-fully-supervised.sh
> ./v2/tasks/unsupervised/run-partially-supervised.py
> ./v2/tasks/unsupervised/run-partially-supervised.sh
> ./v2/tasks/unsupervised/run-unsupervised.py
> ./v2/tasks/unsupervised/unsupervised_toy.cfg
> ./v2/tasks/visualise_relas.py
> ./v2/tasks/.visualise_relas.py.swp
> ./v2/templots
> ./v2/templots/direct_msk_small_online_noise__100d_logfile.txt_energies.png
> ./v2/templots/direct_msk_small_online_noise__100d_logfile.txt_lens.png
> ./v2/templots/direct_msk_small_online_noise__100d_logfile.txt_ll.png
> ./v2/templots/getpdfs.sh
> ./v2/templots/getpngs.sh
> ./v2/templots/nips13_freebaseA_online_inexact_persistent_100d_logfile.txt_energies.png
> ./v2/templots/nips13_freebaseA_online_inexact_persistent_100d_logfile.txt_lens.png
> ./v2/templots/nips13_freebaseB_online_noise__100d_logfile.txt_energies.png
> ./v2/templots/nips13_freebaseB_online_noise__100d_logfile.txt_lens.png
> ./v2/templots/nips13_freebase_online_inexact_persistent_100d_logfile.txt_energies.png
> ./v2/templots/nips13_freebase_online_inexact_persistent_100d_logfile.txt_lens.png
> ./v2/templots/nips13_freebase_online_inexact_persistent_100d_logfile.txt_ll.png
> ./v2/templots/nips13_wordnetA_online_inexact_persistent_100d_logfile.txt_energies.png
> ./v2/templots/nips13_wordnetA_online_inexact_persistent_100d_logfile.txt_lens.png
> ./v2/templots/nips13_wordnetB_online_noise__100d_logfile.txt_energies.png
> ./v2/templots/nips13_wordnetB_online_noise__100d_logfile.txt_lens.png
> ./v2/templots/nips13_wordnet_online_inexact_persistent_100d_logfile.txt_energies.png
> ./v2/templots/nips13_wordnet_online_inexact_persistent_100d_logfile.txt_lens.png
> ./v2/templots/nips13_wordnet_online_inexact_persistent_100d_logfile.txt_ll.png
> ./v2/templots/nips13_wordnet_online_inexact_persistent_logfile.txt_energies.png
> ./v2/templots/nips13_wordnet_online_inexact_persistent_logfile.txt_lens.png
> ./v2/templots/nips13_wordnet_online_inexact_persistent_logfile.txt_ll.png
> ./v2/templots/nips13_wordnet_online_noise__logfile.txt_energies.png
> ./v2/templots/nips13_wordnet_online_noise__logfile.txt_lens.png
> ./v2/templots/nips13_wordnet_online_noise__logfile.txt_ll.png
> ./v2/templots/profnips13_freebase_online_inexact_persistent_100d_logfile.txt_energies.png
> ./v2/templots/profnips13_freebase_online_inexact_persistent_100d_logfile.txt_lens.png
> ./v2/templots/profnips13_wordnet_online_inexact_persistent_100d_logfile.txt_energies.png
> ./v2/templots/profnips13_wordnet_online_inexact_persistent_100d_logfile.txt_lens.png
> ./v2/templots/profnips13_wordnet_online_inexact_persistent_100d_logfile.txt_ll.png
> ./v2/templots/profsem_net_online_inexact_persistent_logfile.txt_energies.png
> ./v2/templots/profsem_net_online_inexact_persistent_logfile.txt_lens.png
> ./v2/templots/profsem_net_online_inexact_persistent_logfile.txt_ll.png
> ./v2/templots/sem_net_triples.txt_online_inexact_persistent_logfile.txt_energies.png
> ./v2/templots/sem_net_triples.txt_online_inexact_persistent_logfile.txt_lens.png
> ./v2/templots/sem_net_triples.txt_online_inexact_persistent_logfile.txt_ll.png
> ./v2/templots/sem_net_triples_X5.txt_online_inexact_persistent_logfile.txt_energies.png
> ./v2/templots/sem_net_triples_X5.txt_online_inexact_persistent_logfile.txt_lens.png
> ./v2/templots/sem_net_triples_X5.txt_online_inexact_persistent_logfile.txt_ll.png
> ./v2/templots/sem_net_triples_X5.txt_online_noise__logfile.txt_energies.png
> ./v2/templots/sem_net_triples_X5.txt_online_noise__logfile.txt_lens.png
> ./v2/templots/sem_net_triples_X5.txt_online_noise__logfile.txt_ll.png
> ./v2/templots/TRAINDATA_direct_msk_small_top5000_words_online_inexact_persistent_logfile.txt_energies.png
> ./v2/templots/TRAINDATA_direct_msk_small_top5000_words_online_inexact_persistent_logfile.txt_lens.png
> ./v2/templots/TRAINDATA_direct_msk_small_top5000_words_online_inexact_persistent_logfile.txt_ll.png
> ./v2/templots/train_triples.txt_online_inexact_persistent_logfile.txt_energies.png
> ./v2/templots/train_triples.txt_online_inexact_persistent_logfile.txt_lens.png
> ./v2/templots/train_triples.txt_online_inexact_persistent_logfile.txt_ll.png
> ./v2/templots/uhhhnips13_freebase_online_inexact_persistent_logfile.txt_energies.png
> ./v2/templots/uhhhnips13_freebase_online_inexact_persistent_logfile.txt_lens.png
> ./v2/templots/uhhhnips13_freebase_online_inexact_persistent_logfile.txt_ll.png
> ./v2/templots/uhhhnips13_wordnet_online_inexact_persistent_logfile.txt_energies.png
> ./v2/templots/uhhhnips13_wordnet_online_inexact_persistent_logfile.txt_lens.png
> ./v2/templots/uhhhnips13_wordnet_online_inexact_persistent_logfile.txt_ll.png
> ./v2/templots/uhhhsem_net_online_inexact_persistent_logfile.txt_energies.png
> ./v2/templots/uhhhsem_net_online_inexact_persistent_logfile.txt_lens.png
> ./v2/templots/uhhhsem_net_online_inexact_persistent_logfile.txt_ll.png
> ./v2/templots/uhhhsem_net_online_noise__logfile.txt_energies.png
> ./v2/templots/uhhhsem_net_online_noise__logfile.txt_lens.png
> ./v2/templots/uhhhsem_net_online_noise__logfile.txt_ll.png
> ./v2/templots/uhhhw5r1_batch_exact_nonpersistent_logfile.txt_energies.png
> ./v2/templots/uhhhw5r1_batch_exact_nonpersistent_logfile.txt_lens.png
> ./v2/templots/uhhhw5r1_batch_exact_nonpersistent_logfile.txt_ll.png
> ./v2/templots/uhhhw5r1_batch_exact_persistent_logfile.txt_energies.png
> ./v2/templots/uhhhw5r1_batch_exact_persistent_logfile.txt_lens.png
> ./v2/templots/uhhhw5r1_batch_exact_persistent_logfile.txt_ll.png
> ./v2/templots/uhhhw5r1_batch_inexact_persistent_logfile.txt_energies.png
> ./v2/templots/uhhhw5r1_batch_inexact_persistent_logfile.txt_lens.png
> ./v2/templots/uhhhw5r1_batch_inexact_persistent_logfile.txt_ll.png
> ./v2/templots/uhhhw5r1_online_inexact_persistent_logfile.txt_energies.png
> ./v2/templots/uhhhw5r1_online_inexact_persistent_logfile.txt_lens.png
> ./v2/templots/uhhhw5r1_online_inexact_persistent_logfile.txt_ll.png
> ./v2/templots/uhhhw5r1_online_noise__logfile.txt_energies.png
> ./v2/templots/uhhhw5r1_online_noise__logfile.txt_lens.png
> ./v2/templots/uhhhw5r1_online_noise__logfile.txt_ll.png
> ./v2/templots/uhhhw8r3_batch_exact_nonpersistent_logfile.txt_energies.png
> ./v2/templots/uhhhw8r3_batch_exact_nonpersistent_logfile.txt_lens.png
> ./v2/templots/uhhhw8r3_batch_exact_nonpersistent_logfile.txt_ll.png
> ./v2/templots/w1000r5_train_online_inexact_persistent_logfile.txt_energies.png
> ./v2/templots/w1000r5_train_online_inexact_persistent_logfile.txt_lens.png
> ./v2/templots/w1000r5_train_online_inexact_persistent_logfile.txt_ll.png
> ./v2/templots/w100r5b_train_batch_exact_persistent_logfile.txt_energies.png
> ./v2/templots/w100r5b_train_batch_exact_persistent_logfile.txt_lens.png
> ./v2/templots/w100r5b_train_batch_exact_persistent_logfile.txt_ll.png
> ./v2/templots/w100r5_train_batch_exact_persistent_logfile.txt_energies.png
> ./v2/templots/w100r5_train_batch_exact_persistent_logfile.txt_lens.png
> ./v2/templots/w100r5_train_batch_exact_persistent_logfile.txt_ll.png
> ./v2/templots/w100r5_train_batch_inexact_persistent_logfile.txt_energies.png
> ./v2/templots/w100r5_train_batch_inexact_persistent_logfile.txt_lens.png
> ./v2/templots/w100r5_train_batch_inexact_persistent_logfile.txt_ll.png
> ./v2/templots/w100r5_train_online_inexact_persistent_logfile.txt_energies_B010_K1.png
> ./v2/templots/w100r5_train_online_inexact_persistent_logfile.txt_energies_B010_K5.png
> ./v2/templots/w100r5_train_online_inexact_persistent_logfile.txt_energies_B010_M100_K1.png
> ./v2/templots/w100r5_train_online_inexact_persistent_logfile.txt_energies_B100_K1.png
> ./v2/templots/w100r5_train_online_inexact_persistent_logfile.txt_energies.png
> ./v2/templots/w100r5_train_online_inexact_persistent_logfile.txt_lens.png
> ./v2/templots/w100r5_train_online_inexact_persistent_logfile.txt_ll.png
> ./v2/templots/w100r5_train.txt.gz_logfile.txt_energies.png
> ./v2/templots/w100r5_train.txt.gz_logfile.txt_lens.png
> ./v2/templots/w100r5_train.txt.gz_logfile.txt_ll.png
> ./v2/templots/w5r1_online_inexact_persistent_100d_logfile.txt_energies.png
> ./v2/templots/w5r1_online_inexact_persistent_100d_logfile.txt_lens.png
> ./v2/templots/w5r1_online_inexact_persistent_100d_logfile.txt_ll.png
> ./v2/templots/w5_r2_train.txt.gz_logfile.txt_energies.png
> ./v2/templots/w5_r2_train.txt.gz_logfile.txt_lens.png
> ./v2/templots/w5_r2_train.txt.gz_logfile.txt_ll.png
> ./v2/templots/w5_train_batch_exact_nonpersistent_logfile.txt_energies.png
> ./v2/templots/w5_train_batch_exact_nonpersistent_logfile.txt_lens.png
> ./v2/templots/w5_train_batch_exact_nonpersistent_logfile.txt_ll.png
> ./v2/templots/w5_train_batch_exact_persistent_logfile.txt_energies.png
> ./v2/templots/w5_train_batch_exact_persistent_logfile.txt_lens.png
> ./v2/templots/w5_train_batch_exact_persistent_logfile.txt_ll.png
> ./v2/templots/w5_train_batch_inexact_nonpersistent_logfile.txt_energies.png
> ./v2/templots/w5_train_batch_inexact_nonpersistent_logfile.txt_lens.png
> ./v2/templots/w5_train_batch_inexact_nonpersistent_logfile.txt_ll.png
> ./v2/templots/w5_train_batch_inexact_persistent_logfile.txt_energies.png
> ./v2/templots/w5_train_batch_inexact_persistent_logfile.txt_lens.png
> ./v2/templots/w5_train_batch_inexact_persistent_logfile.txt_ll.png
> ./v2/templots/w5_train_batch_noise__logfile.txt_energies.png
> ./v2/templots/w5_train_batch_noise__logfile.txt_lens.png
> ./v2/templots/w5_train_batch_noise__logfile.txt_ll.png
> ./v2/templots/w5_train_online_noise__logfile.txt_energies.png
> ./v2/templots/w5_train_online_noise__logfile.txt_lens.png
> ./v2/templots/w5_train_online_noise__logfile.txt_ll.png
> ./v2/templots/w5_train.txt.gz_logfile.txt_energies.png
> ./v2/templots/w5_train.txt.gz_logfile.txt_lens.png
> ./v2/templots/w5_train.txt.gz_logfile.txt_ll.png
> ./v2/templots/w8r3_train_batch_exact_persistent_logfile.txt_energies.png
> ./v2/templots/w8r3_train_batch_exact_persistent_logfile.txt_lens.png
> ./v2/templots/w8r3_train_batch_exact_persistent_logfile.txt_ll.png
> ./v2/templots/w8r3_train_batch_inexact_nonpersistent_logfile.txt_energies.png
> ./v2/templots/w8r3_train_batch_inexact_nonpersistent_logfile.txt_lens.png
> ./v2/templots/w8r3_train_batch_inexact_nonpersistent_logfile.txt_ll.png
> ./v2/templots/wikipedia_subsamp0.0005_subset_intriples_online_inexact_persistent_logfile.txt_energies.png
> ./v2/templots/wikipedia_subsamp0.0005_subset_intriples_online_inexact_persistent_logfile.txt_lens.png
> ./v2/templots/wikipedia_subsamp0.0005_subset_intriples_online_inexact_persistent_logfile.txt_ll.png
> ./v2/templots/wikipedia.txt_subsamp0.0005.gz
> ./v2/test
> ./v2/test/bf2f_test.py
> ./v2/test/old
> ./v2/test/old/dicts.py
> ./v2/test/old/i2r_w100.pk
> ./v2/test/old/i2r_w5.pk
> ./v2/test/old/i2w_w100.pk
> ./v2/test/old/i2w_w5.pk
> ./v2/test/old/r2i_w100.pk
> ./v2/test/old/r2i_w5.pk
> ./v2/test/old/w100.cfg
> ./v2/test/old/w100_RNGstate.pk
> ./v2/test/old/w2i_w100.pk
> ./v2/test/old/w2i_w5.pk
> ./v2/test/old/w5.cfg
> ./v2/test/old/w5_RNGstate.pk
> ./v2/test/run-bf2.py
> ./v2/test/simple.py
> ./v2/test/w5r1
> ./v2/test/w5r1/w5r1_3d_energies.png
> ./v2/test/w5r1/w5r1_3d_lens.png
> ./v2/test/w5r1/w5r1_3d_ll.png
> ./v2/theanotest.py
> ./v2/.thresholds_fn.py.swp
> ./v2/tmp
> ./v2/tmp/bf2f.py
> ./v2/tmp/bf2f_theano_params.py
> ./v2/tmp/bmark_Eaxis.py
> ./v2/tmp/bmark_E.py
> ./v2/tmp/cmark_E.py
> ./v2/tmp/eh.py
> ./v2/tmp/gen-w5.py
> ./v2/tmp/lol.py
> ./v2/tmp/run-bf2.py
> ./v2/tmp/td_stats.py
> ./v2/tmp/theanotest.py
> ./v2/TRAINDATA_direct_msk_small.txt.gz_longrun_logfile.txt_energies.png
> ./v2/TRAINDATA_direct_msk_small.txt.gz_longrun_logfile.txt_lens.png
> ./v2/TRAINDATA_direct_msk_small.txt.gz_longrun_logfile.txt_ll.png
> ./v2/transfer.sh
> ./v2/umls
> ./v2/umls/MRREL_NCIclean_withwords_relastats.ods
> ./v2/utils
> ./v2/utils/combining_matrices.py
> ./v2/utils/explore.py
> ./v2/utils/gen_from_vectors.py
> ./v2/utils/gen-w100-r4.py
> ./v2/utils/gen-w100-r5b.py
> ./v2/utils/gen-w5.py
> ./v2/utils/gen-w5-r2b.py
> ./v2/utils/gen-w5-r2.py
> ./v2/utils/gen-wWrR.py
> ./v2/utils/get_thresholds.py
> ./v2/utils/make_traindata.py
> ./v2/utils/nips13-eval
> ./v2/utils/nips13-eval/class_L1O.py
> ./v2/utils/nips13-eval/get_raw_scores_dev.py
> ./v2/utils/nips13-eval/get_raw_scores_test.py
> ./v2/utils/nips13-eval/get_test_scores.py
> ./v2/utils/restrict_corpus.py
> ./v2/utils/run-bf2.py
> ./v2/utils/run-bf2-RF.py
> ./v2/utils/run-bf2-socher-all.py
> ./v2/utils/run-bf2-socher.py
> ./v2/utils/run-bf2-socher-simple.py
> ./v2/utils/socher_task.py
> ./v2/utils/td_stats.py
> ./v2/utils/thresholds_fn.py
> ./vis
> ./vis/2D-heatmap.py
> ./vis/2D-prob-mpl.py
> ./vis/2D-prob.py
> ./vis/3D.png
> ./vis/3D_pretty.png
> ./vis/sns-heatmap.py
> ./vis/wat-plt.png
> ./vis/wat.png
> ./what.png
