> ./cbio_migration_script.sh
> ./cbio_restore_script_grlab.sh
> ./cbio_restore_script.sh
> ./cluster_usage
> ./cluster_usage/gather_info.py
> ./cluster_usage/plot_info.py
> ./df.sh
> ./file_lists
> ./file_lists/cllab_dirs.lst
> ./file_lists/cllab_files.lst
> ./file_lists/cllab_links.lst
> ./file_lists/cslab_dirs.lst
> ./file_lists/cslab_files.lst
> ./file_lists/cslab_links.lst
> ./file_lists/gen_overview.py
> ./file_lists/grlab_dirs.lst
> ./file_lists/grlab_files.lst
> ./file_lists/grlab_links.lst
> ./file_lists/jclab_dirs.lst
> ./file_lists/jclab_files.lst
> ./file_lists/jclab_links.lst
> ./file_lists/jxlab_dirs.lst
> ./file_lists/jxlab_files.lst
> ./file_lists/jxlab_links.lst
> ./file_lists/plot_usage.py
> ./log
> ./log/restore-grlab1.1.log
> ./log/restore-grlab1.3.log
> ./log/restore-grlab1.log
> ./log/restore-grlab-2.log
> ./log/restore-grlab-3.log
> ./log/restore-grlab-4.1.log
> ./log/restore-grlab-4.2.log
> ./log/restore-grlab-4.log
> ./log/restore-grlab-5.1.log
> ./log/restore-grlab-5.2.log
> ./log/vol1b.1.log
> ./make_lists.sh
