> ./alternative_splicing
> ./alternative_splicing/annotate_significant.sh
> ./alternative_splicing/collect_rdiff_results.no_normals.py
> ./alternative_splicing/collect_rdiff_results.no_normals.sh
> ./alternative_splicing/collect_rdiff_results.py
> ./alternative_splicing/compare_TCGAvsNormals.pancan2.py
> ./alternative_splicing/compare_TCGAvsNormals.pancan.py
> ./alternative_splicing/compare_TCGAvsNormals.py
> ./alternative_splicing/generate_significant_event_list.py
> ./alternative_splicing/get_significant_genes.sh
> ./alternative_splicing/get_significant_genes.sh_
> ./alternative_splicing/modules_local
> ./alternative_splicing/modules_local/__init__.py
> ./alternative_splicing/modules_local/utils.py
> ./alternative_splicing/parse_dexseq_res.py
> ./alternative_splicing/plot_binary_heatmap_and_tracks.py
> ./alternative_splicing/plot_binary_heatmap_and_tracks.tumor_spec.py
> ./alternative_splicing/plot_binary_heatmap_and_tracks.yi.py
> ./alternative_splicing/plot_event_overview.py
> ./alternative_splicing/plot_gene_overview.py
> ./alternative_splicing/plot_psi_heatmap_and_tracks.py
> ./alternative_splicing/plot_psi_heatmap.py
> ./alternative_splicing/plot_top_recurrent_events.sh
> ./alternative_splicing/run_alt_splice_ALT3.sh
> ./alternative_splicing/run_alt_splice_ALT5.sh
> ./alternative_splicing/run_alt_splice_ALT_Encode.sh
> ./alternative_splicing/run_alt_splice_ALT_Geuvadis.sh
> ./alternative_splicing/run_alt_splice_ES_AR.sh
> ./alternative_splicing/run_alt_splice_ES_Encode.sh
> ./alternative_splicing/run_alt_splice_ES_Geuvadis.sh
> ./alternative_splicing/run_alt_splice_ES.sh
> ./alternative_splicing/run_alt_splice_Geuvadis.sh
> ./alternative_splicing/run_alt_splice_IR_Encode.sh
> ./alternative_splicing/run_alt_splice_IR.sh
> ./alternative_splicing/run_get_significant_genes.sh
> ./alternative_splicing/run_plot_AS_test_DEXSeq.sh
> ./alternative_splicing/run_plot_AS_test_rDiff.sh
> ./alternative_splicing/run_plot_cancer_specific_splicing.sh
> ./alternative_splicing/run_plot_splice_overview.sh
> ./alternative_splicing/run_rDiff_normVar_single_normals_vs_norm.sh
> ./alternative_splicing/run_rDiff_normVar_single_tumors_vs_norm.sh
> ./alternative_splicing/run_rDiff_normVar_single_tumors_vs_single_norm.sh
> ./alternative_splicing/run_rDiff_normVar_tumor_vs_norm.sh
> ./alternative_splicing/run_rDiff_tumor_vs_norm.sh
> ./alternative_splicing/run_spladder.AR.sh
> ./alternative_splicing/run_spladder.sh
> ./alternative_splicing/run_translate_eventslists.sh
> ./alternative_splicing/translate_eventlist_to_genes.py
> ./analyseSFexpression
> ./analyseSFexpression/libs
> ./analyseSFexpression/libs/__init__.py
> ./analyseSFexpression/libs/parseASEvents.py
> ./analyseSFexpression/libs/parseExpression.py
> ./analyseSFexpression/runpca_fromfirehose.py
> ./analyseSFexpression/runpca.py
> ./AUTHORS.md
> ./cancerNormalSplicingPCA
> ./cancerNormalSplicingPCA/libs
> ./cancerNormalSplicingPCA/libs/__init__.py
> ./cancerNormalSplicingPCA/libs/parseASEvents.py
> ./cancerNormalSplicingPCA/libs/parseExpression.py
> ./cancerNormalSplicingPCA/parseTCGAdata.py
> ./cancerNormalSplicingPCA/runpca2.py
> ./cancerNormalSplicingPCA/runpca.py
> ./correlation_soma_broad
> ./correlation_soma_broad/checkCorrelationPrad.py
> ./count_expression
> ./count_expression/collect_counts.py
> ./count_expression/collect_counts.sh
> ./count_expression/count_expression.py
> ./count_expression/counts_hdf5_to_DESeq.py
> ./count_expression/counts_hdf5_to_tsv.py
> ./count_expression/difftest_deseq2.R
> ./count_expression/difftest_deseq.R
> ./count_expression/run_count_expression.non_alt.sh
> ./count_expression/run_count_expression.sh
> ./count_expression/spladder2gtf.m
> ./LICENSE.md
> ./matchRecurrentExonWsomatic
> ./matchRecurrentExonWsomatic/matchSamples.py
> ./qc
> ./qc/combat.R
> ./qc/hdf5_to_tsv.py
> ./qc/iCluster_panama.R
> ./qc/iCluster_pcalm.R
> ./qc/iCluster_pcaproj.R
> ./qc/iCluster.R
> ./qc/python_heatmap_labeled.py
> ./qc/python_heatmap.py
> ./qc/python_heatmap_subset_labeled_kirc.py
> ./qc/python_heatmap_subset_labeled.py
> ./qc/python_heatmap_subset_labeled_verona.py
> ./qc/python_heatmap_subset.py
> ./qc_tool
> ./qc_tool_2.0
> ./qc_tool_2.0/anno.tmp
> ./qc_tool_2.0/checkBias_2.0_dev_debug.py
> ./qc_tool_2.0/checkBias_2.0.py
> ./qc_tool_2.0/data
> ./qc_tool_2.0/data/geneSets
> ./qc_tool_2.0/data/geneSets/PRAD.dat
> ./qc_tool_2.0/data/geneSets/TCGA.dat
> ./qc_tool_2.0/data/geneSets/UCS_SARC_UCEC.dat
> ./qc_tool_2.0/data/sampleRatios
> ./qc_tool_2.0/data/sampleRatios/PRAD_sample_a_ratio_uq.tsv
> ./qc_tool_2.0/data/sampleRatios/TCGA_sample_a_ratio_uq.tsv
> ./qc_tool_2.0/data/sampleRatios/UCS_SARC_UCEC_sample_a_ratio_uq.tsv
> ./qc_tool_2.0/getReadCountBam.py
> ./qc_tool_2.0/libs
> ./qc_tool_2.0/libs/annotation.py
> ./qc_tool_2.0/libs/bam.py
> ./qc_tool_2.0/libs/counts.py
> ./qc_tool_2.0/libs/__init__.py
> ./qc_tool_2.0/libs/usefulTools.py
> ./qc_tool_2.0/libs/viz.py
> ./qc_tool_2.0/testing
> ./qc_tool_2.0/testing/starVtophat.py
> ./qc_tool/checkBias_prat.py
> ./qc_tool/checkBias.py
> ./qc_tool/compareBiasCluster.py
> ./qc_tool_freeze_v1
> ./qc_tool_freeze_v1/checkBias_2.0.py
> ./qc_tool_freeze_v1/libs
> ./qc_tool_freeze_v1/libs/annotation.py
> ./qc_tool_freeze_v1/libs/bam.py
> ./qc_tool_freeze_v1/libs/counts.py
> ./qc_tool_freeze_v1/libs/__init__.py
> ./qc_tool_freeze_v1/libs/usefulTools.py
> ./qc_tool_freeze_v1/libs/viz.py
> ./qc_tool_freeze_v2
> ./qc_tool_freeze_v2/annotations
> ./qc_tool_freeze_v2/annotations/allExonQuantAnno.dat
> ./qc_tool_freeze_v2/annotations/TCGA.hg19.June2011.gaf
> ./qc_tool_freeze_v2/checkBias_2.0.py
> ./qc_tool_freeze_v2/data
> ./qc_tool_freeze_v2/data/geneSets
> ./qc_tool_freeze_v2/data/geneSets/PRAD.dat.backup
> ./qc_tool_freeze_v2/libs
> ./qc_tool_freeze_v2/libs/annotation.py
> ./qc_tool_freeze_v2/libs/bam.py
> ./qc_tool_freeze_v2/libs/counts.py
> ./qc_tool_freeze_v2/libs/__init__.py
> ./qc_tool_freeze_v2/libs/usefulTools.py
> ./qc_tool_freeze_v2/libs/viz.py
> ./qc_tool/plotBiasMultiCnc_icgc.py
> ./qc_tool/plotBiasMultiCnc.py
> ./qc_tool/plotBoxPlotBias.py
> ./qc_tool/plotVlines_icgc.py
> ./qc_tool/plotVlines.py
> ./qc_tool/prad_paper
> ./qc_tool/prad_paper/plotVlines.py
> ./qc_tool/RINvsBIAS.py
> ./qc_tool/saving_prad
> ./qc_tool/saving_prad/checkBias.py
> ./qc_tool/saving_prad/checkLibSize.py
> ./qc_tool/saving_prad/evaluateRatios.py
> ./qc_tool_tests
> ./qc_tool_tests/plotCountDiffFirebrowse.py
> ./qc_tool_tests/plotLibraryDiffs.py
> ./qc_tool_tests/plotRatiosDiffFirebrowse.py
> ./qc_tool_tests/runMrin_sam2bedhack.sh
> ./qc_tool_tests/runMrin.sh
> ./qc_tool/tmpgaf.dat
> ./qtl
> ./qtl/analysis
> ./qtl/analysis/globalCorrection_broad.py
> ./qtl/analysis/globalCorrection.py
> ./qtl/analysis/runAnalysis_common_effic_gatk.py
> ./qtl/analysis/runAnalysis_common_effic_gatk_single_mutectbroad.py
> ./qtl/analysis/runAnalysis_common_effic_gatk_single.py
> ./qtl/CFG
> ./qtl/CFG/cfg_PRAT_broad_alt_3prime_exomeibd.py
> ./qtl/CFG/cfg_PRAT_broad_alt_5prime_exomeibd.py
> ./qtl/CFG/cfg_PRAT_broad_exon_skip_exomeibd.py
> ./qtl/CFG/cfg_PRAT_broad_intron_retention_exomeibd.py
> ./qtl/CFG/cfg_PRAT_gatkAll_alt_3prime_exomeibd.py
> ./qtl/CFG/cfg_PRAT_gatkAll_alt_5prime_exomeibd.py
> ./qtl/CFG/cfg_PRAT_gatkAll_exon_skip_exomeibd.py
> ./qtl/CFG/cfg_PRAT_gatkAll_intron_retention_exomeibd.py
> ./qtl/CFG/cfg_PRAT_mutect_alt_3prime_exomeibd.py
> ./qtl/CFG/cfg_PRAT_mutect_alt_5prime_exomeibd.py
> ./qtl/CFG/cfg_PRAT_mutect_exon_skip_exomeibd.py
> ./qtl/CFG/cfg_PRAT_mutect_intron_retention_exomeibd.py
> ./qtl/CFG/default.py
> ./qtl/CFG/default_sdsc.py
> ./qtl/CFG/__init__.py
> ./qtl/preprocessing
> ./qtl/preprocessing/collect_exome_pieces_normal.py
> ./qtl/preprocessing/collect_exome_pieces_tumor.py
> ./qtl/preprocessing/create_gwas_data_Meta.py
> ./qtl/preprocessing/create_gwas_data_stage_1_affy.py
> ./qtl/preprocessing/create_gwas_data_stage_2_exome_hapcall_normal.py
> ./qtl/preprocessing/create_gwas_data_stage_2_exome_hapcall_tumor.py
> ./qtl/preprocessing/create_gwas_data_stage_3d_panama.py
> ./qtl/preprocessing/create_gwas_data_stage_3_rawPheno_FromHdf5.py
> ./qtl/preprocessing/create_gwas_data_stage_4_normPheno.py
> ./qtl/preprocessing/libs
> ./qtl/preprocessing/libs/gatk.py
> ./qtl/preprocessing/libs/__init__.py
> ./qtl/preprocessing/libs/parseASEvents.py
> ./qtl/preprocessing/libs/parseExpression.py
> ./qtl/preprocessing/parseBroadSnpsThdf5.py
> ./qtl/qtl
> ./qtl/qtl/qtl_master_program.py
> ./qtl/utilities
> ./qtl/utilities/biomaps.py
> ./qtl/utilities/burden.py
> ./qtl/utilities/data.py
> ./qtl/utilities/hdf5.py
> ./qtl/utilities/__init__.py
> ./qtl/utilities/limix_wrapper.py
> ./qtl/utilities/loadJobPara.py
> ./qtl/utilities/names.py
> ./qtl/utilities/plotting2.py
> ./qtl/utilities/preprocess.py
> ./qtl/utilities/readSubset.py
> ./qtl/utilities/tsvreader.py
> ./qtl/utilities/varianceFit.py
> ./qtl/variants
> ./qtl/variants/align_star_exome.sh
> ./qtl/variants/align_star_exome..sh
> ./qtl/variants/align_star_exome_v3.sh
> ./qtl/variants/align_star_exome_v4.sh
> ./qtl/variants/align_star.sh
> ./qtl/variants/align_star_test.sh
> ./qtl/variants/align_star_v3_debug.sh
> ./qtl/variants/align_star_v3.sh
> ./qtl/variants/align_star_v3_single.sh
> ./qtl/variants/align_star_v4.sh
> ./qtl/variants/align_star_v4_simple.sh
> ./qtl/variants/align_star_v4_simple_single.sh
> ./qtl/variants/align_star_v4_single.sh
> ./qtl/variants/align_star_v5.sh
> ./qtl/variants/analyze_filesizes.py
> ./qtl/variants/bam2fastq.pl
> ./qtl/variants/clean_tmp.sh
> ./qtl/variants/cntkmer.cpp
> ./qtl/variants/cntkmer.sh
> ./qtl/variants/contract_symlinks.sh
> ./qtl/variants/create_index.sh
> ./qtl/variants/download_bam.sh
> ./qtl/variants/empty.sdi
> ./qtl/variants/eval_bam.sh
> ./qtl/variants/extract_ids.sh
> ./qtl/variants/extract_sample_id.py
> ./qtl/variants/extract.sh
> ./qtl/variants/fix_census.sh
> ./qtl/variants/get_file_sizes.sh
> ./qtl/variants/gettmp.sh
> ./qtl/variants/human_HepG2_left_l75_no-ss-pred.qpalma
> ./qtl/variants/load_star.sh
> ./qtl/variants/make.sh
> ./qtl/variants/mask_genome.m
> ./qtl/variants/move_exomes.sh
> ./qtl/variants/move_files.sh
> ./qtl/variants/move_sorted_bams.sh
> ./qtl/variants/PanCan12.3934.list.txt
> ./qtl/variants/parse_1000G.sh
> ./qtl/variants/post_process_encode.sh
> ./qtl/variants/post_process_geuvadis.sh
> ./qtl/variants/post_process_one.sh
> ./qtl/variants/prep_variants.sh
> ./qtl/variants/process_encode_info.py
> ./qtl/variants/process_encode.sh
> ./qtl/variants/process_geuvadis.sh
> ./qtl/variants/process_nontcga_one.sh
> ./qtl/variants/process_tcga_exome_fix.sh
> ./qtl/variants/process_tcga_exome_germline.sh
> ./qtl/variants/process_tcga_exome.sh
> ./qtl/variants/process_tcga_genome.sh
> ./qtl/variants/process_tcga_one_exome.sh
> ./qtl/variants/process_tcga_one_genome.sh
> ./qtl/variants/process_tcga_one.sh
> ./qtl/variants/process_tcga.sh
> ./qtl/variants/query_tcga_exome.sh
> ./qtl/variants/query_tcga.sh
> ./qtl/variants/query_tcga_wgs.sh
> ./qtl/variants/realign_all.sh
> ./qtl/variants/realign.sh
> ./qtl/variants/realign_silvestrol.sh
> ./qtl/variants/realign_star.sh
> ./qtl/variants/realign_test.sh
> ./qtl/variants/realign_tophat.sh
> ./qtl/variants/realign_variant.sh
> ./qtl/variants/rename_xml.sh
> ./qtl/variants/rm11.awk
> ./qtl/variants/rm255.awk
> ./qtl/variants/rmseq.awk
> ./qtl/variants/sam2fq.cpp
> ./qtl/variants/sort_bams_one.sh
> ./qtl/variants/sort_bams.sh
> ./qtl/variants/split_xml.py
> ./qtl/variants/unload_star.sh
> ./qtl/variants/xml_get_md5sums.py
> ./README.md
> ./reports
> ./reports/qtl_tech_report
> ./reports/qtl_tech_report/report.tex
> ./scripts
> ./scripts/AR_3utr_cnt.sh
> ./scripts/cancer_census_event.py
> ./scripts/cmp_dexseq_rdiff.py
> ./scripts/combine_rDiff_NvsNs_TvsNs.py
> ./scripts/cut_seq.py
> ./scripts/dexseq_count.py
> ./scripts/dexseq_NoFoldChange.R
> ./scripts/dexseq_prepare_annotation.py
> ./scripts/dexseq.R
> ./scripts/GFFParser.py
> ./scripts/gff_to_gtf.py
> ./scripts/helper.py
> ./scripts/mat2gff.m
> ./scripts/parse_confirmed_gff3.py
> ./scripts/parse_dexseq_res.py
> ./scripts/parse_gtf_ensembl.py
> ./scripts/parse_rdiff_res.py
> ./scripts/plot_events_protein.py
> ./scripts/plot_read_cov_for_gene.m
> ./scripts/prepare_clustering.py
> ./scripts/process_event_rank.py
> ./scripts/rank_event_by_occurrence.py
> ./scripts/rank_gene_by_occurrence.py
> ./scripts/r_squared_samples.py
> ./scripts/run_combine_rDiff_NvsNs_TvsNs.sh
> ./scripts/run_dexseq_count.sh
> ./scripts/run_dexseq_NvsNs_batch.sh
> ./scripts/run_dexseq_NvsNs_local.reverse.sh
> ./scripts/run_dexseq_NvsNs_local.sh
> ./scripts/run_dexseq_TvsNs_19Ns_batch.sh
> ./scripts/run_dexseq_TvsNs_batch.sh
> ./scripts/run_parse_dexseq_res_EventBased.sh
> ./scripts/run_parse_dexseq_res_GeneBased.sh
> ./scripts/run_parse_dexseq_res.sh
> ./scripts/run_parse_rdiff_res.sh
> ./scripts/smooth.m
> ./variants
> ./variants/call_variants_normal.sh
> ./variants/call_variants_tumor.sh
> ./variants/index_variants.sh
> ./variants_mutect
> ./variants_mutect/determineSomaticFreq.py
> ./variants_mutect/find_WGS_pairs.py
> ./variants_mutect/linkHdf5.py
> ./variants_mutect/mergeMutectOnLinkedhdf5.py
> ./variants_mutect/run_mutect_wgs.sh
> ./variants_mutect/vcfThdf5.py
> ./variants/run_gatk_exome.final.sh
> ./variants/run_gatk_exome_one.final.sh
> ./variants/run_gatk_exome_one.sh
> ./variants/run_gatk_exome.sh
