> ./alignments
> ./alignments/align_star_exome.sh
> ./alignments/align_star_exome..sh
> ./alignments/align_star_exome_v3.sh
> ./alignments/align_star_exome_v4.sh
> ./alignments/align_star.sh
> ./alignments/align_star_test.sh
> ./alignments/align_star_v3_debug.sh
> ./alignments/align_star_v3.sh
> ./alignments/align_star_v3_single.sh
> ./alignments/align_star_v4.sh
> ./alignments/align_star_v4_simple.sh
> ./alignments/align_star_v4_simple_single.sh
> ./alignments/align_star_v4_single.sh
> ./alignments/align_star_v5.sh
> ./alignments/analyze_filesizes.py
> ./alignments/bam2fastq.pl
> ./alignments/clean_tmp.sh
> ./alignments/cntkmer.cpp
> ./alignments/cntkmer.sh
> ./alignments/contract_symlinks.sh
> ./alignments/create_index.sh
> ./alignments/download_bam.sh
> ./alignments/empty.sdi
> ./alignments/eval_bam.sh
> ./alignments/extract_ids.sh
> ./alignments/extract_sample_id.py
> ./alignments/extract.sh
> ./alignments/fix_census.sh
> ./alignments/get_file_sizes.sh
> ./alignments/gettmp.sh
> ./alignments/.gitignore
> ./alignments/human_HepG2_left_l75_no-ss-pred.qpalma
> ./alignments/load_star.sh
> ./alignments/make.sh
> ./alignments/mask_genome.m
> ./alignments/move_exomes.sh
> ./alignments/move_files.sh
> ./alignments/move_sorted_bams.sh
> ./alignments/PanCan12.3934.list.txt
> ./alignments/parse_1000G.sh
> ./alignments/post_process_encode.sh
> ./alignments/post_process_geuvadis.sh
> ./alignments/post_process_one.sh
> ./alignments/prep_variants.sh
> ./alignments/process_encode_info.py
> ./alignments/process_encode.sh
> ./alignments/process_geuvadis.sh
> ./alignments/process_nontcga_one.sh
> ./alignments/process_tcga_exome_fix.sh
> ./alignments/process_tcga_exome_germline.sh
> ./alignments/process_tcga_exome.sh
> ./alignments/process_tcga_genome.sh
> ./alignments/process_tcga_one_exome.sh
> ./alignments/process_tcga_one_genome.sh
> ./alignments/process_tcga_one.sh
> ./alignments/process_tcga.sh
> ./alignments/quality_control
> ./alignments/quality_control/compare_valid_lists.py
> ./alignments/quality_control/correct_bam_index.sh
> ./alignments/quality_control/create_fname_tcgaID_map.sh
> ./alignments/quality_control/create_latest_exome_list.sh
> ./alignments/quality_control/create_latest_genome_list.sh
> ./alignments/quality_control/create_latest_RNAseq_list.sh
> ./alignments/quality_control/full_exome_list
> ./alignments/quality_control/full_exome_list.valid
> ./alignments/quality_control/full_rna_list
> ./alignments/quality_control/full_rna_list.valid
> ./alignments/quality_control/generate_full_sample_list_exome.py
> ./alignments/quality_control/generate_full_sample_list_rna.py
> ./alignments/quality_control/get_ambiguous_helper.py
> ./alignments/quality_control/get_ambiguous_valids.sh
> ./alignments/quality_control/get_incomplete_bams.sh
> ./alignments/quality_control/get_latest_helper.py
> ./alignments/quality_control/get_redo_list.sh
> ./alignments/quality_control/link_exome_files.sh
> ./alignments/quality_control/link_RNA_bam_tumor_normals.sh
> ./alignments/quality_control/link_valid_files_census.sh
> ./alignments/quality_control/make_exome_files_unique.py
> ./alignments/quality_control/select_valid_subset_from_full_exome.py
> ./alignments/quality_control/select_valid_subset_from_full_rna.py
> ./alignments/quality_control/write_valid_exome_LAML.py
> ./alignments/quality_control/write_valid_exome_PRAD.py
> ./alignments/quality_control/write_valid_exome_spladder_done.py
> ./alignments/quality_control/write_valid_rna_PRAD.py
> ./alignments/query_tcga_exome.sh
> ./alignments/query_tcga.sh
> ./alignments/query_tcga_wgs.sh
> ./alignments/realign_all.sh
> ./alignments/realign.sh
> ./alignments/realign_silvestrol.sh
> ./alignments/realign_star.sh
> ./alignments/realign_test.sh
> ./alignments/realign_tophat.sh
> ./alignments/realign_variant.sh
> ./alignments/rename_xml.sh
> ./alignments/report_junctions
> ./alignments/report_junctions/genome.h
> ./alignments/report_junctions/get_reads_direct.cpp
> ./alignments/report_junctions/get_reads_direct.h
> ./alignments/report_junctions/read.cpp
> ./alignments/report_junctions/read.h
> ./alignments/report_junctions/region.h
> ./alignments/report_junctions/report_junctions.cpp
> ./alignments/report_junctions/script.sh
> ./alignments/rm11.awk
> ./alignments/rm255.awk
> ./alignments/rmseq.awk
> ./alignments/sam2fq.cpp
> ./alignments/sort_bams_one.sh
> ./alignments/sort_bams.sh
> ./alignments/split_xml.py
> ./alignments/unload_star.sh
> ./alignments/xml_get_md5sums.py
> ./alternative_splicing
> ./alternative_splicing/add_cds_info_to_events.m
> ./alternative_splicing/add_gene_type_to_events.m
> ./alternative_splicing/alt_events2gtf.m
> ./alternative_splicing/check_gene_boundaries.m
> ./alternative_splicing/compare_TCGAvsNormals.psi.all_event_types.py
> ./alternative_splicing/compare_TCGAvsNormals.psiCT.all_event_types.py
> ./alternative_splicing/compare_TCGAvsNormals.psiCT.py
> ./alternative_splicing/compare_TCGAvsNormals.psi.py
> ./alternative_splicing/compare_TCGAvsNormals.py
> ./alternative_splicing/compare_TCGAvsNormals.TCGAonly.CT.py
> ./alternative_splicing/compare_TCGAvsNormals.TCGAonly.py
> ./alternative_splicing/compare_to_anno
> ./alternative_splicing/compare_to_anno/compare_events_anno.m
> ./alternative_splicing/compare_to_anno/compare_events_anno.py
> ./alternative_splicing/compare_to_anno/compare_events_anno.TNsubset.py
> ./alternative_splicing/compare_to_anno/compare_events_ctype.py
> ./alternative_splicing/compare_to_anno/count_alt_events_kjong.m
> ./alternative_splicing/compare_to_anno/get_events_on_anno.m
> ./alternative_splicing/compute_psi_distribution.py
> ./alternative_splicing/compute_q_values_and_combine.m
> ./alternative_splicing/compute_q_values.m
> ./alternative_splicing/debug_spladder.m
> ./alternative_splicing/estimate_q_values.m
> ./alternative_splicing/explore_splice_counts.m
> ./alternative_splicing/find_overlapping_elements.m
> ./alternative_splicing/formats
> ./alternative_splicing/formats/alt_3prime_example.txt
> ./alternative_splicing/formats/alt_5prime_example.txt
> ./alternative_splicing/formats/alt_prime_format.txt
> ./alternative_splicing/formats/alt_terminal_format.txt
> ./alternative_splicing/formats/exclusive_exons_format.txt
> ./alternative_splicing/formats/exon_skip_example.txt
> ./alternative_splicing/formats/exon_skip_format.txt
> ./alternative_splicing/formats/intron_retention_example.txt
> ./alternative_splicing/formats/intron_retention_format.txt
> ./alternative_splicing/formats/multiple_exon_skip_format.txt
> ./alternative_splicing/get_filelist_helper.py
> ./alternative_splicing/merge_alt_events.m
> ./alternative_splicing/modules
> ./alternative_splicing/modules/__init__.py
> ./alternative_splicing/modules/utils.py
> ./alternative_splicing/paths.m
> ./alternative_splicing/plot_as_distribution2.m
> ./alternative_splicing/plot_as_distribution.m
> ./alternative_splicing/plot_AS.m
> ./alternative_splicing/plot_ES.m
> ./alternative_splicing/plot_event_len_dist.py
> ./alternative_splicing/plot_event_len_dist.signif.py
> ./alternative_splicing/plot_event_len_dist.strict.py
> ./alternative_splicing/plot_mif.m
> ./alternative_splicing/plot_pca.norm.py
> ./alternative_splicing/plot_pca.per_ct.py
> ./alternative_splicing/plot_pca.py
> ./alternative_splicing/plot_pca.TNsubset.norm.py
> ./alternative_splicing/plot_pca.TNsubset.py
> ./alternative_splicing/quality_control
> ./alternative_splicing/quality_control/compare_transformations.py
> ./alternative_splicing/quality_control/correlate_counts_old_vs_new.py
> ./alternative_splicing/quality_control/filter_events.py
> ./alternative_splicing/quality_control/filter_events.sh
> ./alternative_splicing/quality_control/plot_filter_levels_AS.py
> ./alternative_splicing/run_alt_splice_ALT3.sh
> ./alternative_splicing/run_alt_splice_ALT5.sh
> ./alternative_splicing/run_alt_splice_ALT_Encode.sh
> ./alternative_splicing/run_alt_splice_ALT_Geuvadis.sh
> ./alternative_splicing/run_alt_splice_ALT_Normals.sh
> ./alternative_splicing/run_alt_splice_ES_Encode.sh
> ./alternative_splicing/run_alt_splice_ES_Geuvadis.sh
> ./alternative_splicing/run_alt_splice_ES_Normals.sh
> ./alternative_splicing/run_alt_splice_ES.sh
> ./alternative_splicing/run_alt_splice_IR_Encode.sh
> ./alternative_splicing/run_alt_splice_IR_Geuvadis.sh
> ./alternative_splicing/run_alt_splice_IR_Normals.sh
> ./alternative_splicing/run_alt_splice_IR.sh
> ./alternative_splicing/run_alt_splice_MES.sh
> ./alternative_splicing/run_alt_splice.sh
> ./alternative_splicing/run_analysis.m
> ./alternative_splicing/run_count_introns.sh
> ./alternative_splicing/run_difftest.m
> ./alternative_splicing/run_gen_graph_merge_bams.m
> ./alternative_splicing/run_gen_graph_merge_graphs.m
> ./alternative_splicing/run_spladder.sh
> ./alternative_splicing/secsave.m
> ./alternative_splicing/settings
> ./alternative_splicing/settings/do_settings.m
> ./alternative_splicing/settings/set_confidence_level_local.m
> ./cancer_gene_census
> ./cancer_gene_census/assign_hgnc_ids.py
> ./cancer_gene_census/bed2gff.awk
> ./cancer_gene_census/cancer_census_genes_converted.readme
> ./cancer_gene_census/cancer_census_genes_converted.txt
> ./cancer_gene_census/genename2entrezID.py
> ./cancer_gene_census/genes_ensemble.filtered.list
> ./cancer_gene_census/genes.entrez_id.txt
> ./cancer_gene_census/genes.list
> ./cancer_gene_census/genes_niki.list
> ./cancer_gene_census/genes.ucsc_ids.txt
> ./cancer_gene_census/genes_union.entre_ids_unique.list
> ./cancer_gene_census/genes_union.entrez_id.list
> ./cancer_gene_census/genes_union.list
> ./cancer_gene_census/gunnars_genes.tab
> ./cancer_gene_census/hgnc.no_withdrawn.txt
> ./cancer_gene_census/hgnc.readme
> ./cancer_gene_census/hgnc.txt
> ./cancer_gene_census/hgTables-3end.gtf
> ./cancer_gene_census/hgTables-combined.gtf
> ./cancer_gene_census/hgTables-downstream.bed
> ./cancer_gene_census/hgTables-exons-AR.bed
> ./cancer_gene_census/hgTables-exons-AR.gtf
> ./cancer_gene_census/hgTables-exons-list-8.gtf
> ./cancer_gene_census/hgTables-exons-list.gtf
> ./cancer_gene_census/hgTables-genes-list+5k.bed
> ./cancer_gene_census/hgTables-genes-list+5k.chr-.bed
> ./cancer_gene_census/hgTables-genes-list+5k.chr+-.bed
> ./cancer_gene_census/hgTables-genes-list+5k.nochr.bed
> ./cancer_gene_census/hgTables-genes-list.bed
> ./cancer_gene_census/hgTables-genes-list-chr.gtf
> ./cancer_gene_census/hgTables-genes-list.gtf
> ./cancer_gene_census/hgTables-utr3-exons.bed
> ./cancer_gene_census/luca+100k.bed
> ./cancer_gene_census/luca+100k.chr-.bed
> ./cancer_gene_census/luca+100k.chr+-.bed
> ./cancer_gene_census/luca.bed
> ./cancer_gene_census/luca.gtf
> ./cancer_gene_census/luca_script.sh
> ./cancer_gene_census/script.sh
> ./cancer_gene_census/Table_1_full_2012-03-15.csv
> ./cancer_gene_census/Table_1_full_2012-03-15.txt
> ./cancer_gene_census/Table_1_full_2012-03-15.xls
> ./cancer_gene_census/write_gene_coordinates.m
> ./clinical_data
> ./clinical_data/extract_ethnicity.py
> ./count_expression
> ./count_expression/check_correlation_to_AS.py
> ./count_expression/collect_counts.py
> ./count_expression/collect_counts.sh
> ./count_expression/convert_TCGA_counts.py
> ./count_expression/correlate_expression.py
> ./count_expression/count_expression.py
> ./count_expression/count_expression.pysam.py
> ./count_expression/counts_hdf5_to_tsv.py
> ./count_expression/counts_hdf5_to_valid.py
> ./count_expression/get_sanity_correlation.m
> ./count_expression/get_unc_expression_debug.sh
> ./count_expression/paste_realigned_expression.sh
> ./count_expression/plot_unc_expression.m
> ./count_expression/run_count_expression.non_alt.sge.sh
> ./count_expression/run_count_expression.non_alt.sh
> ./count_expression/run_count_expression_sanity.sh
> ./count_expression/run_count_expression.sh
> ./count_expression/spladder2gtf.m
> ./count_expression/unc_counts_to_hdf5.py
> ./LAML
> ./LAML/download_bam.sh
> ./LAML/download_firehose.sh
> ./LAML/fitcons.sh
> ./LAML/gettmp.sh
> ./LAML/open_recur_manhat.sh
> ./LAML/post_process_dat.sh
> ./LAML/process_tcga_exome.sh
> ./LAML/process_tcga_one_exome.sh
> ./LAML/query_tcga_exome.sh
> ./LAML/query_tcga.sh
> ./LAML/rename_xml.sh
> ./LAML/retrieve_hits.sh
> ./LAML/spearman_meth_gene.sh
> ./LAML/spearman_meth.sh
> ./LAML/split_xml.py
> ./luca
> ./luca/luca_script_one.sh
> ./luca/luca_script.sh
> ./misc
> ./misc/hdf5_example.py
> ./misc/write_gene_counts_EdReznik.py
> ./misc/write_soma_snps_to_tab.py
> ./pathway
> ./pathway/all_cen_flat.list
> ./pathway/all_cen_tf_sp.list
> ./pathway/all_cen_tr_sp_flat.list
> ./pathway/all_sp_flat.list
> ./pathway/all_tf_flat.list
> ./pathway/gencodeV14.v7.pancan_subset.ensembleID.uniprot.curated.noTFnoSF-WithUpstream.list
> ./pathway/gencodeV14.v7.pancan_subset.ensembleID.uniprot.curated.noTFnoSF-WithUpstream.list.flat
> ./pathway/new_cen_flat.list
> ./pathway/new_cen_tr_sp_flat.list
> ./pathway/new_sp_flat.list
> ./pathway/new_tf_flat.list
> ./pathway/script.sh
> ./pathway/splicing_factors.ensembleID.uniprot.curated.noTF-WithUpstream.list
> ./pathway/splicing_factors.ensembleID.uniprot.curated.noTF-WithUpstream.list.flat
> ./pathway/transcription_factors.ensembleID.curated.uniprot-WithUpstream.list
> ./pathway/transcription_factors.ensembleID.curated.uniprot-WithUpstream.list.flat
> ./pathway/uniprot2Ensemble.py
> ./pathway/uniProtEnsemblMatch.tab
> ./pysrc
> ./pysrc/amlSubtypeAnalysis
> ./pysrc/amlSubtypeAnalysis/aml_meth_pca.py
> ./pysrc/analysisSkripts
> ./pysrc/analysisSkripts/alleleFreq3d.py
> ./pysrc/analysisSkripts/alleleFreqGerm3d.py
> ./pysrc/analysisSkripts/correlateEFI.py
> ./pysrc/analysisSkripts/correlatePsiwPsi.py
> ./pysrc/analysisSkripts/cqtl_master.py
> ./pysrc/analysisSkripts/cqtl_nearest_to_tss.py
> ./pysrc/analysisSkripts/densityPlot.py
> ./pysrc/analysisSkripts/findAssociatedSpliceMutation.py
> ./pysrc/analysisSkripts/findCandidates.py
> ./pysrc/analysisSkripts/findGoodRareAssociationExample.py
> ./pysrc/analysisSkripts/findPRPF19Targets.py
> ./pysrc/analysisSkripts/findPRPF19TargetsSingleFile.py
> ./pysrc/analysisSkripts/fitcons.py
> ./pysrc/analysisSkripts/makeCisAnalysis.py
> ./pysrc/analysisSkripts/makeCisAnalysiswBoxplotGerm.py
> ./pysrc/analysisSkripts/makeCisAnalysiswBoxplot.py
> ./pysrc/analysisSkripts/makeCisAnalysiswViolinpplot.py
> ./pysrc/analysisSkripts/makePsiCorrelationEnsgToTrivial.py
> ./pysrc/analysisSkripts/makeTransAnalysiswViolinPlot_byPos.py
> ./pysrc/analysisSkripts/makeTransAnalysiswViolinPlot.py
> ./pysrc/analysisSkripts/panCanAnalysis.py
> ./pysrc/analysisSkripts/parseAllPredictionsPermuationTest.py
> ./pysrc/analysisSkripts/parseAllPredictions.py
> ./pysrc/analysisSkripts/parseCollapsedResults.py
> ./pysrc/analysisSkripts/parseRareTests.py
> ./pysrc/analysisSkripts/parseSpliceFactorAssociation.py
> ./pysrc/analysisSkripts/randomlyPermutsSFMapSeqs.py
> ./pysrc/analysisSkripts/retriveHits.py
> ./pysrc/analysisSkripts/spearmanMethGene.py
> ./pysrc/analysisSkripts/spearmanMeth.py
> ./pysrc/analysisSkripts/spliceFactorAnalysis.py
> ./pysrc/analysisSkripts/spliceFactorVarExplained.py
> ./pysrc/arrayJobSdSc
> ./pysrc/arrayJobSdSc/runeQTL_LUAD.sh
> ./pysrc/arrayJobSdSc/runeQTL.sh
> ./pysrc/CFG
> ./pysrc/CFG/debugGene.txt
> ./pysrc/CFG/debug.py
> ./pysrc/CFG/default_sdsc.py
> ./pysrc/CFG/generateCFG
> ./pysrc/CFG/generateCFG/generateConfigCov.py
> ./pysrc/CFG/generateCFG/generateConfig_NoCofactor.py
> ./pysrc/CFG/generateCFG/generateConfig.py
> ./pysrc/CFG/generateCFG/README
> ./pysrc/CFG/__init__.py
> ./pysrc/checkUniGenCallsHets
> ./pysrc/checkUniGenCallsHets/checkThis.tsv
> ./pysrc/checkUniGenCallsHets/medianvsQuality.py
> ./pysrc/checkUniGenCallsHets/plotCalls.py
> ./pysrc/checkUniGenCallsHets/plotNewCalls.py
> ./pysrc/checkUniGenCallsHets/plotOldCalls.py
> ./pysrc/completeAnalysis
> ./pysrc/completeAnalysis/compareHitsFDR.py
> ./pysrc/completeAnalysis/compareHitsInflation.py
> ./pysrc/completeAnalysis/compareInflationExression.py
> ./pysrc/completeAnalysis/compareInflationMedianDev.py
> ./pysrc/completeAnalysis/compareInflationPower.py
> ./pysrc/completeAnalysis/compareInflation.py
> ./pysrc/completeAnalysis/compareMethodsBarPlot.py
> ./pysrc/completeAnalysis/compareMethodsCis.py
> ./pysrc/completeAnalysis/compareMethods.py
> ./pysrc/completeAnalysis/comparePowerBySigEvents.py
> ./pysrc/completeAnalysis/comparePowerMinPValue.py
> ./pysrc/completeAnalysis/comparePowerOld.py
> ./pysrc/completeAnalysis/comparePower.py
> ./pysrc/completeAnalysis/compareTwoCancerTypes.py
> ./pysrc/completeAnalysis/correlationInflationPSI_Cov.py
> ./pysrc/completeAnalysis/diagnoseHitsVsRecurrence.py
> ./pysrc/completeAnalysis/dotPlot_gatk.py
> ./pysrc/completeAnalysis/dotPlot_splicing.py
> ./pysrc/completeAnalysis/figures
> ./pysrc/completeAnalysis/figures/figures_common.py
> ./pysrc/completeAnalysis/figures/figures_network.py
> ./pysrc/completeAnalysis/getBackGroundsGoAnalysis.py
> ./pysrc/completeAnalysis/getSomeInterestingHits.py
> ./pysrc/completeAnalysis/iFedArmansRareVarsup.py
> ./pysrc/completeAnalysis/parseInfoFiles_mutect.py
> ./pysrc/completeAnalysis/parseInfoFiles.py
> ./pysrc/completeAnalysis/plotCoverages.sh
> ./pysrc/completeAnalysis/plotManhattan.sh
> ./pysrc/completeAnalysis/resultIndependentPlots.py
> ./pysrc/completeAnalysis/runAnalysis_common_effic_gatk.py
> ./pysrc/completeAnalysis/runAnalysis_common_effic_gatk_single.py
> ./pysrc/completeAnalysis/runAnalysis_common_effic_mutect.py
> ./pysrc/completeAnalysis/runAnalysis_common_effic.py
> ./pysrc/completeAnalysis/runAnalysis_common_meta.py
> ./pysrc/completeAnalysis/runAnalysis_common.py
> ./pysrc/completeAnalysis/runAnalysis_Meta_cancer.py
> ./pysrc/completeAnalysis/runAnalysis_rare.py
> ./pysrc/completeAnalysis/runDotPlot.py
> ./pysrc/completeAnalysis/sanityCheckResultsFile.py
> ./pysrc/completeAnalysis/varDecompositionPlot.py
> ./pysrc/cosmicCheck
> ./pysrc/cosmicCheck/checkCisAssociation.py
> ./pysrc/deSeqArman
> ./pysrc/deSeqArman/hdf5Tdeseq.py
> ./pysrc/deSeqArman/unchdf5Tdeseq.py
> ./pysrc/figures
> ./pysrc/figures/cisTransVarPlots.py
> ./pysrc/figures/distSnpTss.py
> ./pysrc/figures/distSomaticAf.py
> ./pysrc/figures/makeQQPlot.py
> ./pysrc/figures/plotExonSkipHist.py
> ./pysrc/figures/plotExpHist.py
> ./pysrc/figures/plotFreqSpec2d.py
> ./pysrc/figures/plotIBDheatmap.py
> ./pysrc/figures/plotLDSomaGermBetter.py
> ./pysrc/figures/plotPanCanASEvnt.py
> ./pysrc/figures/plotPhtExp.py
> ./pysrc/figures/plotSomaticCoverageIntron.py
> ./pysrc/figures/plotSomaticCoverageIntronSnpBased.py
> ./pysrc/figures/plotSomaticHeatmap.py
> ./pysrc/figures/plotSomaticNan.py
> ./pysrc/figures/pvalHist.py
> ./pysrc/figures_trans
> ./pysrc/figures_trans/compareHitsFDR.py
> ./pysrc/figures_trans/compareInflation.py
> ./pysrc/figures_trans/dotPlot_highlightGene.py
> ./pysrc/figures_trans/dotPlot_highlightGeneSoma.py
> ./pysrc/figures_trans/dotPlot.py
> ./pysrc/figures_trans/dotPlot_singleSum.py
> ./pysrc/figures_trans/__init__.py
> ./pysrc/figures_trans/makeTransAnalysiswViolinPlot_byPos.py
> ./pysrc/figures_trans/plot_coverage.py
> ./pysrc/figures_trans/plotHeatMapCishits.py
> ./pysrc/figures_trans/plotHeatMapTranshits.py
> ./pysrc/figures_trans/plotManhattan3d.py
> ./pysrc/figures_trans/plotManhattan_byFactor.py
> ./pysrc/figures_trans/plotManhattanCis.py
> ./pysrc/figures_trans/plotManhattan_filterGermline.py
> ./pysrc/figures_trans/plotManhattanMeta.py
> ./pysrc/figures_trans/plotManhattan.py
> ./pysrc/figures_trans/plotManhattanSimple_meta.py
> ./pysrc/figures_trans/plotManhattanSimple.py
> ./pysrc/figures_trans/plotQQ.py
> ./pysrc/figures_trans/plotQQ_single.py
> ./pysrc/figures_trans/plotQQ_singleSum.py
> ./pysrc/figures_trans/universalDotPlot.py
> ./pysrc/globalCorrection
> ./pysrc/globalCorrection/annotate.py
> ./pysrc/globalCorrection/getTransPairs.py
> ./pysrc/imputation
> ./pysrc/imputation/b4.r1230.jar
> ./pysrc/imputation/notNormalSamples.dat
> ./pysrc/imputation/README_notNormalSamples.dat
> ./pysrc/imputation/README_qsub_loop
> ./pysrc/jobSkript
> ./pysrc/jobSkript/qtltransSubmission.sh
> ./pysrc/jobSkript/somaCisTransCFG.dat
> ./pysrc/ldakSubmission
> ./pysrc/ldakSubmission/runLdakKinship.sh
> ./pysrc/ldakSubmission/runLdakWeights.sh
> ./pysrc/motifAnalysisSplice
> ./pysrc/motifAnalysisSplice/analyseMotifs.py
> ./pysrc/motifAnalysisSplice/extractSequence.py
> ./pysrc/NMF
> ./pysrc/NMF/tryNMF.py
> ./pysrc/panama
> ./pysrc/panama/oli_example.py
> ./pysrc/panama/panamaWrapper.py
> ./pysrc/plot_lib
> ./pysrc/plot_lib/aml_plot.py
> ./pysrc/plot_lib/aml_violin.py
> ./pysrc/plot_lib/gene_recur_plot.py
> ./pysrc/plot_lib/gene_recur_violin.py
> ./pysrc/plot_lib/plotting2.py
> ./pysrc/plot_lib/plotting.py
> ./pysrc/plot_lib/recur_plot.py
> ./pysrc/plot_lib/recur_violin.py
> ./pysrc/postprocessing
> ./pysrc/postprocessing/addqvToLinkResult.py
> ./pysrc/postprocessing/linkResultFiles.py
> ./pysrc/postprocessing/rcvr_fdr_hits.py
> ./pysrc/preprocessing
> ./pysrc/preprocessing/annovarAnnotation
> ./pysrc/preprocessing/annovarAnnotation/runAnnovar.sh
> ./pysrc/preprocessing/gatk_joint_call
> ./pysrc/preprocessing/gatk_joint_call/bash_skripts
> ./pysrc/preprocessing/gatk_joint_call/bash_skripts/mergeGvcf_0.sh
> ./pysrc/preprocessing/gatk_joint_call/bash_skripts/mergeGvcf_11205531267.sh
> ./pysrc/preprocessing/gatk_joint_call/bash_skripts/mergeGvcf_11208355120.sh
> ./pysrc/preprocessing/gatk_joint_call/bash_skripts/mergeGvcf_12606222675.sh
> ./pysrc/preprocessing/gatk_joint_call/bash_skripts/mergeGvcf_12609399510.sh
> ./pysrc/preprocessing/gatk_joint_call/bash_skripts/mergeGvcf_14006914084.sh
> ./pysrc/preprocessing/gatk_joint_call/bash_skripts/mergeGvcf_1400691408.sh
> ./pysrc/preprocessing/gatk_joint_call/bash_skripts/mergeGvcf_14010443900.sh
> ./pysrc/preprocessing/gatk_joint_call/bash_skripts/mergeGvcf_1401044390.sh
> ./pysrc/preprocessing/gatk_joint_call/bash_skripts/mergeGvcf_15407605492.sh
> ./pysrc/preprocessing/gatk_joint_call/bash_skripts/mergeGvcf_15411488291.sh
> ./pysrc/preprocessing/gatk_joint_call/bash_skripts/mergeGvcf_16808296901.sh
> ./pysrc/preprocessing/gatk_joint_call/bash_skripts/mergeGvcf_16812532681.sh
> ./pysrc/preprocessing/gatk_joint_call/bash_skripts/mergeGvcf_18208988309.sh
> ./pysrc/preprocessing/gatk_joint_call/bash_skripts/mergeGvcf_18213577071.sh
> ./pysrc/preprocessing/gatk_joint_call/bash_skripts/mergeGvcf_19609679718.sh
> ./pysrc/preprocessing/gatk_joint_call/bash_skripts/mergeGvcf_19614621461.sh
> ./pysrc/preprocessing/gatk_joint_call/bash_skripts/mergeGvcf_1.sh
> ./pysrc/preprocessing/gatk_joint_call/bash_skripts/mergeGvcf_21010371126.sh
> ./pysrc/preprocessing/gatk_joint_call/bash_skripts/mergeGvcf_21015665851.sh
> ./pysrc/preprocessing/gatk_joint_call/bash_skripts/mergeGvcf_22411062534.sh
> ./pysrc/preprocessing/gatk_joint_call/bash_skripts/mergeGvcf_22416710241.sh
> ./pysrc/preprocessing/gatk_joint_call/bash_skripts/mergeGvcf_23811753943.sh
> ./pysrc/preprocessing/gatk_joint_call/bash_skripts/mergeGvcf_23817754631.sh
> ./pysrc/preprocessing/gatk_joint_call/bash_skripts/mergeGvcf_25212445351.sh
> ./pysrc/preprocessing/gatk_joint_call/bash_skripts/mergeGvcf_25218799021.sh
> ./pysrc/preprocessing/gatk_joint_call/bash_skripts/mergeGvcf_26613136760.sh
> ./pysrc/preprocessing/gatk_joint_call/bash_skripts/mergeGvcf_26619843411.sh
> ./pysrc/preprocessing/gatk_joint_call/bash_skripts/mergeGvcf_28013828168.sh
> ./pysrc/preprocessing/gatk_joint_call/bash_skripts/mergeGvcf_2801382816.sh
> ./pysrc/preprocessing/gatk_joint_call/bash_skripts/mergeGvcf_28020887801.sh
> ./pysrc/preprocessing/gatk_joint_call/bash_skripts/mergeGvcf_2802088780.sh
> ./pysrc/preprocessing/gatk_joint_call/bash_skripts/mergeGvcf_29414519577.sh
> ./pysrc/preprocessing/gatk_joint_call/bash_skripts/mergeGvcf_29421932191.sh
> ./pysrc/preprocessing/gatk_joint_call/bash_skripts/mergeGvcf_30815210985.sh
> ./pysrc/preprocessing/gatk_joint_call/bash_skripts/mergeGvcf_30822976582.sh
> ./pysrc/preprocessing/gatk_joint_call/bash_skripts/mergeGvcf_32215902393.sh
> ./pysrc/preprocessing/gatk_joint_call/bash_skripts/mergeGvcf_32224020972.sh
> ./pysrc/preprocessing/gatk_joint_call/bash_skripts/mergeGvcf_33616593802.sh
> ./pysrc/preprocessing/gatk_joint_call/bash_skripts/mergeGvcf_33625065362.sh
> ./pysrc/preprocessing/gatk_joint_call/bash_skripts/mergeGvcf_35017285210.sh
> ./pysrc/preprocessing/gatk_joint_call/bash_skripts/mergeGvcf_35026109752.sh
> ./pysrc/preprocessing/gatk_joint_call/bash_skripts/mergeGvcf_36417976619.sh
> ./pysrc/preprocessing/gatk_joint_call/bash_skripts/mergeGvcf_36427154142.sh
> ./pysrc/preprocessing/gatk_joint_call/bash_skripts/mergeGvcf_37818668027.sh
> ./pysrc/preprocessing/gatk_joint_call/bash_skripts/mergeGvcf_37828198532.sh
> ./pysrc/preprocessing/gatk_joint_call/bash_skripts/mergeGvcf_39219359436.sh
> ./pysrc/preprocessing/gatk_joint_call/bash_skripts/mergeGvcf_39229242922.sh
> ./pysrc/preprocessing/gatk_joint_call/bash_skripts/mergeGvcf_40620050844.sh
> ./pysrc/preprocessing/gatk_joint_call/bash_skripts/mergeGvcf_40630287312.sh
> ./pysrc/preprocessing/gatk_joint_call/bash_skripts/mergeGvcf_42020742252.sh
> ./pysrc/preprocessing/gatk_joint_call/bash_skripts/mergeGvcf_4202074225.sh
> ./pysrc/preprocessing/gatk_joint_call/bash_skripts/mergeGvcf_42031331702.sh
> ./pysrc/preprocessing/gatk_joint_call/bash_skripts/mergeGvcf_4203133170.sh
> ./pysrc/preprocessing/gatk_joint_call/bash_skripts/mergeGvcf_43421433661.sh
> ./pysrc/preprocessing/gatk_joint_call/bash_skripts/mergeGvcf_43432376092.sh
> ./pysrc/preprocessing/gatk_joint_call/bash_skripts/mergeGvcf_44822125069.sh
> ./pysrc/preprocessing/gatk_joint_call/bash_skripts/mergeGvcf_44833420482.sh
> ./pysrc/preprocessing/gatk_joint_call/bash_skripts/mergeGvcf_46222816478.sh
> ./pysrc/preprocessing/gatk_joint_call/bash_skripts/mergeGvcf_46234464873.sh
> ./pysrc/preprocessing/gatk_joint_call/bash_skripts/mergeGvcf_47623507886.sh
> ./pysrc/preprocessing/gatk_joint_call/bash_skripts/mergeGvcf_47635509263.sh
> ./pysrc/preprocessing/gatk_joint_call/bash_skripts/mergeGvcf_49024199295.sh
> ./pysrc/preprocessing/gatk_joint_call/bash_skripts/mergeGvcf_49036553653.sh
> ./pysrc/preprocessing/gatk_joint_call/bash_skripts/mergeGvcf_50424890703.sh
> ./pysrc/preprocessing/gatk_joint_call/bash_skripts/mergeGvcf_50437598043.sh
> ./pysrc/preprocessing/gatk_joint_call/bash_skripts/mergeGvcf_51825582111.sh
> ./pysrc/preprocessing/gatk_joint_call/bash_skripts/mergeGvcf_51838642433.sh
> ./pysrc/preprocessing/gatk_joint_call/bash_skripts/mergeGvcf_53226273520.sh
> ./pysrc/preprocessing/gatk_joint_call/bash_skripts/mergeGvcf_53239686823.sh
> ./pysrc/preprocessing/gatk_joint_call/bash_skripts/mergeGvcf_5602765633.sh
> ./pysrc/preprocessing/gatk_joint_call/bash_skripts/mergeGvcf_5604177560.sh
> ./pysrc/preprocessing/gatk_joint_call/bash_skripts/mergeGvcf_7003457042.sh
> ./pysrc/preprocessing/gatk_joint_call/bash_skripts/mergeGvcf_7005221950.sh
> ./pysrc/preprocessing/gatk_joint_call/bash_skripts/mergeGvcf_8404148450.sh
> ./pysrc/preprocessing/gatk_joint_call/bash_skripts/mergeGvcf_8406266340.sh
> ./pysrc/preprocessing/gatk_joint_call/bash_skripts/mergeGvcf_9804839859.sh
> ./pysrc/preprocessing/gatk_joint_call/bash_skripts/mergeGvcf_9807310730.sh
> ./pysrc/preprocessing/gatk_joint_call/bash_skripts/submit.sh
> ./pysrc/preprocessing/gatk_joint_call/mergeGVCF.py
> ./pysrc/preprocessing/gatk_joint_call/submit.sh
> ./pysrc/preprocessing/gatk_merge_wxs
> ./pysrc/preprocessing/gatk_merge_wxs/index_variants.sh
> ./pysrc/preprocessing/gatk_merge_wxs/process_merging.sh
> ./pysrc/preprocessing/generateVCFwhitelist
> ./pysrc/preprocessing/generateVCFwhitelist/cleanByValidList_mutect.py
> ./pysrc/preprocessing/generateVCFwhitelist/getWhitelist.py
> ./pysrc/preprocessing/mkhd5
> ./pysrc/preprocessing/mkhd5/bashSubmit
> ./pysrc/preprocessing/mkhd5/bashSubmit/exomeBchr.sh
> ./pysrc/preprocessing/mkhd5/bashSubmit/submit_exomes_sd_imputed.sh
> ./pysrc/preprocessing/mkhd5/bashSubmit/submit_exomes_sd.sh
> ./pysrc/preprocessing/mkhd5/bashSubmit/submit_exomes_sge.sh
> ./pysrc/preprocessing/mkhd5/bashSubmit/submit_exomes.sh
> ./pysrc/preprocessing/mkhd5/collect_exome_pieces_gatk.py
> ./pysrc/preprocessing/mkhd5/collect_exome_pieces_imputed.py
> ./pysrc/preprocessing/mkhd5/collect_exome_pieces.py
> ./pysrc/preprocessing/mkhd5/create_gwas_data_Meta_fast.py
> ./pysrc/preprocessing/mkhd5/create_gwas_data_Meta.py
> ./pysrc/preprocessing/mkhd5/create_gwas_data_Meta_ThyroidHack.py
> ./pysrc/preprocessing/mkhd5/create_gwas_data_stage_10_hgmd.py
> ./pysrc/preprocessing/mkhd5/create_gwas_data_stage_11_cosmic.py
> ./pysrc/preprocessing/mkhd5/create_gwas_data_stage_12_annovar_full.py
> ./pysrc/preprocessing/mkhd5/create_gwas_data_stage_12_annovar.py
> ./pysrc/preprocessing/mkhd5/create_gwas_data_stage_1_affy.py
> ./pysrc/preprocessing/mkhd5/create_gwas_data_stage_1b_affy.py
> ./pysrc/preprocessing/mkhd5/create_gwas_data_stage_2ba_exome.py
> ./pysrc/preprocessing/mkhd5/create_gwas_data_stage_2b_exomeibd.py
> ./pysrc/preprocessing/mkhd5/create_gwas_data_stage_2b_gatkibd.py
> ./pysrc/preprocessing/mkhd5/create_gwas_data_stage_2b_mutectibd.py
> ./pysrc/preprocessing/mkhd5/create_gwas_data_stage_2c_xmlData.py
> ./pysrc/preprocessing/mkhd5/create_gwas_data_stage_2d_xmlData.py
> ./pysrc/preprocessing/mkhd5/create_gwas_data_stage_2_exome_hapcall.py
> ./pysrc/preprocessing/mkhd5/create_gwas_data_stage_2_exome.py
> ./pysrc/preprocessing/mkhd5/create_gwas_data_stage_3b_RPPA.py
> ./pysrc/preprocessing/mkhd5/create_gwas_data_stage_3c_CNV.py
> ./pysrc/preprocessing/mkhd5/create_gwas_data_stage_3d_panama.py
> ./pysrc/preprocessing/mkhd5/create_gwas_data_stage_3e_metaPhenotpe.py
> ./pysrc/preprocessing/mkhd5/create_gwas_data_stage_3_rawPheno_FromHdf5.py
> ./pysrc/preprocessing/mkhd5/create_gwas_data_stage_3_rawPheno.py
> ./pysrc/preprocessing/mkhd5/create_gwas_data_stage_4b_methylation.py
> ./pysrc/preprocessing/mkhd5/create_gwas_data_stage_4_normPheno_MDY.py
> ./pysrc/preprocessing/mkhd5/create_gwas_data_stage_4_normPheno.py
> ./pysrc/preprocessing/mkhd5/create_gwas_data_stage_5_rarePheno_22_only.py
> ./pysrc/preprocessing/mkhd5/create_gwas_data_stage_5_rarePheno.py
> ./pysrc/preprocessing/mkhd5/create_gwas_data_stage_6_network.py
> ./pysrc/preprocessing/mkhd5/create_gwas_data_stage_7_annotateExomeSnp.py
> ./pysrc/preprocessing/mkhd5/create_gwas_data_stage_8_vep.py
> ./pysrc/preprocessing/mkhd5/create_gwas_data_stage_9_gwasSomaBroad.py
> ./pysrc/preprocessing/mkhd5/create_gwas_data_stage_imputed_2_exome.py
> ./pysrc/preprocessing/mkhd5/create_match_mutect_gatk_fast.py
> ./pysrc/preprocessing/mkhd5/create_match_mutect_gatk.py
> ./pysrc/preprocessing/mkhd5/create_somatic_germline_idx.py
> ./pysrc/preprocessing/mkhd5/libs
> ./pysrc/preprocessing/mkhd5/libs/BiotabParse.py
> ./pysrc/preprocessing/mkhd5/libs/confounder_corrcf.py
> ./pysrc/preprocessing/mkhd5/libs/create_gwas_data_stage_3e_intronPhenotype.py
> ./pysrc/preprocessing/mkhd5/libs/create_gwas_data_stage_X_mutectTIBD_concatenated.py
> ./pysrc/preprocessing/mkhd5/libs/create_gwas_data_stage_X_mutectTIBD.py
> ./pysrc/preprocessing/mkhd5/libs/filereader.py
> ./pysrc/preprocessing/mkhd5/libs/gatk.py
> ./pysrc/preprocessing/mkhd5/libs/__init__.py
> ./pysrc/preprocessing/mkhd5/libs/parseASEvents.py
> ./pysrc/preprocessing/mkhd5/libs/parseCNV.py
> ./pysrc/preprocessing/mkhd5/libs/parseExpression.py
> ./pysrc/preprocessing/mkhd5/libs/plink.py
> ./pysrc/preprocessing/mkhd5/libs/vep.py
> ./pysrc/preprocessing/mkhd5/libs/xmlToDict.py
> ./pysrc/preprocessing/mkhd5/tmp_sandbox
> ./pysrc/preprocessing/mkhd5/tmp_sandbox/fast_functions.py
> ./pysrc/preprocessing/processMeth
> ./pysrc/preprocessing/processMeth/geno_position.py
> ./pysrc/preprocessing/processMeth/genotype_exraction.py
> ./pysrc/preprocessing/processMeth/genotype.py
> ./pysrc/preprocessing/processMeth/makeProbGeneBed.py
> ./pysrc/preprocessing/processMeth/mergeMeth.py
> ./pysrc/preprocessing/processMeth/README
> ./pysrc/preprocessing/processMeth/recurGenoGen.py
> ./pysrc/preprocessing/processMeth/recurSNV_collapseIntoGene.py
> ./pysrc/preprocessing/processMeth/recurSNV_convertP_hdf5.py
> ./pysrc/preprocessing/processWXSmutect
> ./pysrc/preprocessing/processWXSmutect/determineSomaticFreq.py
> ./pysrc/preprocessing/processWXSmutect/linkHdf5.py
> ./pysrc/preprocessing/processWXSmutect/mergeMutectOnLinkedhdf5.py
> ./pysrc/preprocessing/processWXSmutect/plotRecurrency.py
> ./pysrc/preprocessing/processWXSmutect/pos_freq.hdf5
> ./pysrc/preprocessing/processWXSmutect/README
> ./pysrc/preprocessing/processWXSmutect/vcfThdf5.py
> ./pysrc/preprocessing/README.txt
> ./pysrc/qtl
> ./pysrc/qtl/analyse_variances.py
> ./pysrc/qtl/data_line_profile.txt
> ./pysrc/qtl/dumpedStats.txt
> ./pysrc/qtl/newProfile.pstats
> ./pysrc/qtl/pstatsTtxt.py
> ./pysrc/qtl/qtl_master_program.ArmanDicer.py
> ./pysrc/qtl/qtl_master_program.dev.py
> ./pysrc/qtl/qtl_master_program.py
> ./pysrc/qtl/qtl_master_program_rare.py
> ./pysrc/qtl/variance_fit.py
> ./pysrc/quality_control
> ./pysrc/quality_control/cis_hits
> ./pysrc/quality_control/cis_hits/find_likely_cis_hits.py
> ./pysrc/quality_control/exome
> ./pysrc/quality_control/exome/basic_exome_table.py
> ./pysrc/quality_control/exome/plot_exome_distribution.py
> ./pysrc/quality_control/exome/plot_tcgaPancanSnps.py
> ./pysrc/quality_control/exomeSnp_batchEffect
> ./pysrc/quality_control/exomeSnp_batchEffect/makeExomeIBDwAffySnps.py
> ./pysrc/quality_control/exomeSnp_batchEffect/makeSomaIBDHighQual.py
> ./pysrc/quality_control/.gitignore
> ./pysrc/quality_control/mafsAndNans
> ./pysrc/quality_control/mafsAndNans/createSomeHistograms.py
> ./pysrc/quality_control/parsing
> ./pysrc/quality_control/parsing/affyChiptoAlleles.py
> ./pysrc/quality_control/parsing/check_exom_snp_correlation.py
> ./pysrc/quality_control/parsing/plot_exome_filters.py
> ./pysrc/quality_control/rppa
> ./pysrc/quality_control/rppa/plot_rppa.py
> ./pysrc/quality_control/somaVsGermline
> ./pysrc/quality_control/somaVsGermline/create_soma_index_max.py
> ./pysrc/quality_control/somaVsGermline/create_soma_index_mine.py
> ./pysrc/quality_control/somaVsGermline/create_soma_index.py
> ./pysrc/quality_control/tieCheck
> ./pysrc/quality_control/tieCheck/diagnoseInflationTies.py
> ./pysrc/quality_control/trans_hits
> ./pysrc/quality_control/trans_hits/generate_trans_candidates.py
> ./pysrc/rareAnalysis
> ./pysrc/rareAnalysis/parseTestdata.py
> ./pysrc/README.txt
> ./pysrc/scheduleJobs
> ./pysrc/scheduleJobs/createUselessDones.py
> ./pysrc/scheduleJobs/run_CVAS_batch.sh
> ./pysrc/scheduleJobs/run_CVAS_one.sh
> ./pysrc/scheduleJobs/run_CVAS.sh
> ./pysrc/STARR
> ./pysrc/STARR/plotPGDB5expr.py
> ./pysrc/tools
> ./pysrc/tools/checkHdf5Position.py
> ./pysrc/tools/checkHdf5Results.py
> ./pysrc/tools/checkHdf5SNP.py
> ./pysrc/unitTests
> ./pysrc/unitTests/buildUnitTestHdf5.py
> ./pysrc/utilities
> ./pysrc/utilities/assemble_pvalues.py
> ./pysrc/utilities/biomaps.py
> ./pysrc/utilities/buildKernel.py
> ./pysrc/utilities/burden.py
> ./pysrc/utilities/caching.py
> ./pysrc/utilities/calculate_qvalues_rows.py
> ./pysrc/utilities/checkASEvents.py
> ./pysrc/utilities/convert_hdf5_csv.py
> ./pysrc/utilities/data.py
> ./pysrc/utilities/fdr.py
> ./pysrc/utilities/genenames
> ./pysrc/utilities/gnNameTindex.py
> ./pysrc/utilities/hdf5.py
> ./pysrc/utilities/__init__.py
> ./pysrc/utilities/limix_wrapper.py
> ./pysrc/utilities/loadJobPara.py
> ./pysrc/utilities/myLogger.py
> ./pysrc/utilities/names.py
> ./pysrc/utilities/plotting2.py
> ./pysrc/utilities/plotting.py
> ./pysrc/utilities/preprocess.py
> ./pysrc/utilities/readSubset.py
> ./pysrc/utilities/run_panama.py
> ./pysrc/utilities/simulateData.py
> ./pysrc/utilities/tsvreader.py
> ./pysrc/utilities/usefulTools.py
> ./pysrc/utilities/varianceFit.py
> ./pysrc/utilities/write_pvalues_one.py
> ./pysrc/varExplainedSomatic
> ./pysrc/varExplainedSomatic/testVarExplainedSomatic.py
> ./terminal-utrs
> ./terminal-utrs/genes.list
> ./terminal-utrs/script.sh
> ./terminal-utrs/terminal-regions+5k.bed
> ./terminal-utrs/terminal-regions+5k.chr-.bed
> ./terminal-utrs/terminal-regions+5k.chr.bed
> ./terminal-utrs/terminal-regions+5k.chr+-.bed
> ./terminal-utrs/terminal-regions.gff
> ./terminal-utrs/terminal-utrs.gff
> ./variants
> ./variants/call_one.sh
> ./variants/call.sh
> ./variants/clean_exome.sh
> ./variants/clean_rnaseq.sh
> ./variants/extract_bambed_one_path.sh
> ./variants/extract_bambed_one.sh
> ./variants/extract_bambed_path.sh
> ./variants/extract_bambed.sh
> ./variants/find_WGS_pairs.py
> ./variants/fix.sh
> ./variants/.gitignore
> ./variants/kill_normals.sh
> ./variants/re_sort_ref_mutect.py
> ./variants/run_gatk_exome.final.sh
> ./variants/run_gatk_exome_one.final.sh
> ./variants/run_gatk_LAML_WGS_one.sh
> ./variants/run_gatk_LAML_WGS.sh
> ./variants/run_mutect_wgs_.sh
> ./variants/run_mutect_wgs.sh
> ./variants/sanity_check.sh
> ./variants/vep_one.sh
> ./variants/vep.sh
> ./viz
> ./viz/get_bam_files.py
> ./viz/pca_ibd_geno.pca.byPop_exome_noimputation.py
> ./viz/plot_cishit.event.gatk.py
> ./viz/plot_cishit.event.py
> ./viz/plot_cishit_gatk.py
> ./viz/plot_cishit.py
> ./viz/plot_coverage_gatk.py
> ./viz/plot_coverage.py
> ./viz/plot_diagnose_overview.py
> ./viz/plot_lib
> ./viz/plot_lib/axes.py
> ./viz/plot_lib/coverage.py
> ./viz/plot_lib/distribution.py
> ./viz/plot_lib/genelets.py
> ./viz/plot_lib/gwas.py
> ./viz/plot_lib/heatmap.py
> ./viz/plot_lib/__init__.py
> ./viz/plot_pancan_cis_candidates2.sh
> ./viz/plot_pancan_cis_candidates.sh
> ./viz/plot_pca_ibd.affyVsexome.py
> ./viz/plot_pca_ibd.py
> ./viz/plot_pca_ibd.svd.py
> ./viz/plot_thca.sh
