> ./scripts
> ./scripts/CPUrun
> ./scripts/CPUrun/onelayer
> ./scripts/CPUrun/onelayer/onelayer.lua
> ./scripts/CPUrun/onelayer/test_32x32.t7
> ./scripts/CPUrun/onelayer/train_32x32.t7
> ./scripts/CPUrun/twolayer
> ./scripts/CPUrun/twolayer/test_32x32.t7
> ./scripts/CPUrun/twolayer/test.png
> ./scripts/CPUrun/twolayer/train_32x32.t7
> ./scripts/CPUrun/twolayer/train.png
> ./scripts/CPUrun/twolayer/twolayer after training.png
> ./scripts/CPUrun/twolayer/twolayer before training.png
> ./scripts/CPUrun/twolayer/twolayer.ipynb
> ./scripts/CPUrun/twolayer/twolayer.lua
> ./scripts/GPUrun
> ./scripts/GPUrun/cuda_com.lua
> ./scripts/GPUrun/cuda_cudnn.lua
> ./scripts/GPUrun/cuda.lua
> ./scripts/vis
> ./scripts/vis/test_eachfilter.lua
> ./scripts/vis/test_eachlayer.lua
> ./scripts/vis/vis_func.lua
> ./test
> ./test_32x32.t7
> ./test/cpu_complex
> ./test/cpu_complex/cpu_complex.lua
> ./test/cpu_complex/model.dat
> ./test/cpu_complex/readme.txt
> ./test/cpu_complex/test.log
> ./test/cpu_complex/train.log
> ./test/gt1gpu32
> ./test/gt1gpu32/model.dat
> ./test/gt1gpu32/result.log
> ./test/gt1gpu32/test.log
> ./test/gt1gpu32/train.log
> ./test/pathology
> ./test/pathology/exampleslide_CompMask.png
> ./test/pathology/exampleslide_plocstest.png
> ./test/titan1gpu32
> ./test/titan1gpu32/model.dat
> ./test/titan1gpu32/result.log
> ./test/titan1gpu32/test.log
> ./test/titan1gpu32/train.log
> ./test/vis
> ./test/vis/result_512_new.png
> ./test/vis/sky_layer
> ./test/vis/sky_layer/sky_layer12.jpg
> ./test/vis/sky_layer/sky_layer14.jpg
> ./test/vis/sky_layer/sky_layer16.jpg
> ./test/vis/sky_layer/sky_layer18.jpg
> ./test/vis/sky_layer/sky_layer21.jpg
> ./test/vis/sky_layer/sky_layer23.jpg
> ./test/vis/sky_layer/sky_layer25.jpg
> ./test/vis/sky_layer/sky_layer27.jpg
> ./test/vis/sky_layer/sky_layer2.jpg
> ./test/vis/sky_layer/sky_layer30.jpg
> ./test/vis/sky_layer/sky_layer32.jpg
> ./test/vis/sky_layer/sky_layer34.jpg
> ./test/vis/sky_layer/sky_layer4.jpg
> ./test/vis/sky_layer/sky_layer7.jpg
> ./test/vis/sky_layer/sky_layer9.jpg
> ./train_32x32.t7
