> ./alignments
> ./alignments/align_star_exome.sh
> ./alignments/align_star_exome..sh
> ./alignments/align_star_exome_v3.sh
> ./alignments/align_star_exome_v4.sh
> ./alignments/align_star.sh
> ./alignments/align_star_test.sh
> ./alignments/align_star_v3_debug.sh
> ./alignments/align_star_v3.sh
> ./alignments/align_star_v3_single.sh
> ./alignments/align_star_v4.sh
> ./alignments/align_star_v4_simple.sh
> ./alignments/align_star_v4_simple_single.sh
> ./alignments/align_star_v4_single.sh
> ./alignments/align_star_v5.sh
> ./alignments/analyze_filesizes.py
> ./alignments/bam2fastq.pl
> ./alignments/clean_tmp.sh
> ./alignments/cntkmer.cpp
> ./alignments/cntkmer.sh
> ./alignments/contract_symlinks.sh
> ./alignments/create_index.sh
> ./alignments/download_bam.sh
> ./alignments/empty.sdi
> ./alignments/eval_bam.sh
> ./alignments/extract_ids.sh
> ./alignments/extract_sample_id.py
> ./alignments/extract.sh
> ./alignments/fix_census.sh
> ./alignments/get_file_sizes.sh
> ./alignments/gettmp.sh
> ./alignments/.gitignore
> ./alignments/human_HepG2_left_l75_no-ss-pred.qpalma
> ./alignments/load_star.sh
> ./alignments/make.sh
> ./alignments/mask_genome.m
> ./alignments/move_exomes.sh
> ./alignments/move_files.sh
> ./alignments/move_sorted_bams.sh
> ./alignments/PanCan12.3934.list.txt
> ./alignments/parse_1000G.sh
> ./alignments/post_process_encode.sh
> ./alignments/post_process_geuvadis.sh
> ./alignments/post_process_one.sh
> ./alignments/prep_variants.sh
> ./alignments/process_encode_info.py
> ./alignments/process_encode.sh
> ./alignments/process_geuvadis.sh
> ./alignments/process_nontcga_one.sh
> ./alignments/process_tcga_exome_fix.sh
> ./alignments/process_tcga_exome_germline.sh
> ./alignments/process_tcga_exome.sh
> ./alignments/process_tcga_genome.sh
> ./alignments/process_tcga_one_exome.sh
> ./alignments/process_tcga_one_genome.sh
> ./alignments/process_tcga_one.sh
> ./alignments/process_tcga.sh
> ./alignments/quality_control
> ./alignments/quality_control/compare_valid_lists.py
> ./alignments/quality_control/correct_bam_index.sh
> ./alignments/quality_control/create_fname_tcgaID_map.sh
> ./alignments/quality_control/create_latest_exome_list.sh
> ./alignments/quality_control/create_latest_genome_list.sh
> ./alignments/quality_control/create_latest_RNAseq_list_fastq.sh
> ./alignments/quality_control/create_latest_RNAseq_list.sh
> ./alignments/quality_control/full_exome_list
> ./alignments/quality_control/full_exome_list.valid
> ./alignments/quality_control/full_rna_list
> ./alignments/quality_control/full_rna_list.valid
> ./alignments/quality_control/generate_full_sample_list_exome.py
> ./alignments/quality_control/generate_full_sample_list_rna.py
> ./alignments/quality_control/get_ambiguous_helper.py
> ./alignments/quality_control/get_ambiguous_valids.sh
> ./alignments/quality_control/get_incomplete_bams.sh
> ./alignments/quality_control/get_latest_helper.py
> ./alignments/quality_control/get_redo_list.sh
> ./alignments/quality_control/link_exome_files.sh
> ./alignments/quality_control/link_RNA_bam_tumor_normals.sh
> ./alignments/quality_control/link_valid_files_census.sh
> ./alignments/quality_control/make_exome_files_unique.py
> ./alignments/quality_control/select_valid_subset_from_full_exome.py
> ./alignments/quality_control/select_valid_subset_from_full_rna.py
> ./alignments/quality_control/write_valid_exome_LAML.py
> ./alignments/quality_control/write_valid_exome_PRAD.py
> ./alignments/quality_control/write_valid_exome_spladder_done.py
> ./alignments/quality_control/write_valid_rna_PRAD.py
> ./alignments/query_tcga_exome.sh
> ./alignments/query_tcga.sh
> ./alignments/query_tcga_wgs.sh
> ./alignments/realign_all.sh
> ./alignments/realign.sh
> ./alignments/realign_silvestrol.sh
> ./alignments/realign_star.sh
> ./alignments/realign_test.sh
> ./alignments/realign_tophat.sh
> ./alignments/realign_variant.sh
> ./alignments/rename_xml.sh
> ./alignments/report_junctions
> ./alignments/report_junctions/genome.h
> ./alignments/report_junctions/get_reads_direct.cpp
> ./alignments/report_junctions/get_reads_direct.h
> ./alignments/report_junctions/read.cpp
> ./alignments/report_junctions/read.h
> ./alignments/report_junctions/region.h
> ./alignments/report_junctions/report_junctions.cpp
> ./alignments/report_junctions/script.sh
> ./alignments/rm11.awk
> ./alignments/rm255.awk
> ./alignments/rmseq.awk
> ./alignments/sam2fq.cpp
> ./alignments/sort_bams_one.sh
> ./alignments/sort_bams.sh
> ./alignments/split_xml.py
> ./alignments/unload_star.sh
> ./alignments/xml_get_md5sums.py
> ./alternative_splicing
> ./alternative_splicing/add_cds_info_to_events.m
> ./alternative_splicing/add_gene_type_to_events.m
> ./alternative_splicing/alt_events2gtf.m
> ./alternative_splicing/check_gene_boundaries.m
> ./alternative_splicing/compare_TCGAvsNormals_diffGenelist.py
> ./alternative_splicing/compare_TCGAvsNormals.gtex.py
> ./alternative_splicing/compare_TCGAvsNormals.mask_ICGC.py
> ./alternative_splicing/compare_TCGAvsNormals.psi.all_event_types.py
> ./alternative_splicing/compare_TCGAvsNormals.psiCT.all_event_types.py
> ./alternative_splicing/compare_TCGAvsNormals.psiCT.py
> ./alternative_splicing/compare_TCGAvsNormals.psi.py
> ./alternative_splicing/compare_TCGAvsNormals.py
> ./alternative_splicing/compare_TCGAvsNormals.TCGAonly.CT.py
> ./alternative_splicing/compare_TCGAvsNormals.TCGAonly.py
> ./alternative_splicing/compare_to_anno
> ./alternative_splicing/compare_to_anno/compare_events_anno.gtex.py
> ./alternative_splicing/compare_to_anno/compare_events_anno.m
> ./alternative_splicing/compare_to_anno/compare_events_anno.py
> ./alternative_splicing/compare_to_anno/compare_events_anno.TNsubset.py
> ./alternative_splicing/compare_to_anno/compare_events_ctype.py
> ./alternative_splicing/compare_to_anno/count_alt_events_kjong.m
> ./alternative_splicing/compare_to_anno/get_events_on_anno.m
> ./alternative_splicing/compute_psi_distribution.py
> ./alternative_splicing/compute_q_values_and_combine.m
> ./alternative_splicing/compute_q_values.m
> ./alternative_splicing/debug_spladder.m
> ./alternative_splicing/estimate_q_values.m
> ./alternative_splicing/explore_splice_counts.m
> ./alternative_splicing/find_overlapping_elements.m
> ./alternative_splicing/formats
> ./alternative_splicing/formats/alt_3prime_example.txt
> ./alternative_splicing/formats/alt_5prime_example.txt
> ./alternative_splicing/formats/alt_prime_format.txt
> ./alternative_splicing/formats/alt_terminal_format.txt
> ./alternative_splicing/formats/exclusive_exons_format.txt
> ./alternative_splicing/formats/exon_skip_example.txt
> ./alternative_splicing/formats/exon_skip_format.txt
> ./alternative_splicing/formats/intron_retention_example.txt
> ./alternative_splicing/formats/intron_retention_format.txt
> ./alternative_splicing/formats/multiple_exon_skip_format.txt
> ./alternative_splicing/gen_cds_anno.introns.py
> ./alternative_splicing/gen_cds_anno.py
> ./alternative_splicing/get_filelist_helper.py
> ./alternative_splicing/merge_alt_events.m
> ./alternative_splicing/modules
> ./alternative_splicing/modules/__init__.py
> ./alternative_splicing/modules/utils.py
> ./alternative_splicing/paths.m
> ./alternative_splicing/plot_as_distribution2.m
> ./alternative_splicing/plot_as_distribution.m
> ./alternative_splicing/plot_AS.m
> ./alternative_splicing/plot_diagnose_event.py
> ./alternative_splicing/plot_ES.m
> ./alternative_splicing/plot_event_confirmation.py
> ./alternative_splicing/plot_event_len_dist.py
> ./alternative_splicing/plot_event_len_dist.signif.py
> ./alternative_splicing/plot_event_len_dist.strict.py
> ./alternative_splicing/plot_gene_overview.py
> ./alternative_splicing/plot_mif.m
> ./alternative_splicing/plot_pca2.gtex.py
> ./alternative_splicing/plot_pca_expression.gtex.py
> ./alternative_splicing/plot_pca.gtex.py
> ./alternative_splicing/plot_pca.KIRC.py
> ./alternative_splicing/plot_pca.norm.py
> ./alternative_splicing/plot_pca.per_ct.py
> ./alternative_splicing/plot_pca.py
> ./alternative_splicing/plot_pca.TNsubset.norm.py
> ./alternative_splicing/plot_pca.TNsubset.py
> ./alternative_splicing/plot_splice_complexity.py
> ./alternative_splicing/plot_top_tumor_specific_introns.sh
> ./alternative_splicing/python
> ./alternative_splicing/python/cluster_heat.py
> ./alternative_splicing/python/__init__.py
> ./alternative_splicing/python/plot_splice_counts.py
> ./alternative_splicing/quality_control
> ./alternative_splicing/quality_control/compare_transformations.py
> ./alternative_splicing/quality_control/correlate_counts_icgc.py
> ./alternative_splicing/quality_control/correlate_counts_old_vs_new.py
> ./alternative_splicing/quality_control/filter_events.py
> ./alternative_splicing/quality_control/filter_events.sh
> ./alternative_splicing/quality_control/plot_filter_levels_AS.py
> ./alternative_splicing/run_alt_splice_ALT3.sh
> ./alternative_splicing/run_alt_splice_ALT5.sh
> ./alternative_splicing/run_alt_splice_ALT_Encode.sh
> ./alternative_splicing/run_alt_splice_ALT_Geuvadis.sh
> ./alternative_splicing/run_alt_splice_ALT_GTEx.sh
> ./alternative_splicing/run_alt_splice_ALT_Normals.sh
> ./alternative_splicing/run_alt_splice_ES_Encode.sh
> ./alternative_splicing/run_alt_splice_ES_Geuvadis.sh
> ./alternative_splicing/run_alt_splice_ES_GTEx.sh
> ./alternative_splicing/run_alt_splice_ES_Normals.sh
> ./alternative_splicing/run_alt_splice_ES.sh
> ./alternative_splicing/run_alt_splice_IR_Encode.sh
> ./alternative_splicing/run_alt_splice_IR_Geuvadis.sh
> ./alternative_splicing/run_alt_splice_IR_GTEx.sh
> ./alternative_splicing/run_alt_splice_IR_Normals.sh
> ./alternative_splicing/run_alt_splice_IR.sh
> ./alternative_splicing/run_alt_splice_MES.sh
> ./alternative_splicing/run_alt_splice.sh
> ./alternative_splicing/run_analysis.m
> ./alternative_splicing/run_count_introns.sh
> ./alternative_splicing/run_dexseq.R
> ./alternative_splicing/run_difftest.m
> ./alternative_splicing/run_gen_graph_merge_bams.m
> ./alternative_splicing/run_gen_graph_merge_graphs.m
> ./alternative_splicing/run_plot_gene_overview_new.sh
> ./alternative_splicing/run_plot_gene_overview.sh
> ./alternative_splicing/run_spladder.sh
> ./alternative_splicing/secsave.m
> ./alternative_splicing/settings
> ./alternative_splicing/settings/do_settings.m
> ./alternative_splicing/settings/set_confidence_level_local.m
> ./alternative_splicing/subset_spladderfile_to_census.m
> ./AUTHORS.md
> ./cancer_gene_census
> ./cancer_gene_census/assign_hgnc_ids.py
> ./cancer_gene_census/bed2gff.awk
> ./cancer_gene_census/cancer_census_genes_converted.readme
> ./cancer_gene_census/cancer_census_genes_converted.txt
> ./cancer_gene_census/genename2entrezID.py
> ./cancer_gene_census/genes_ensemble.filtered.list
> ./cancer_gene_census/genes.entrez_id.txt
> ./cancer_gene_census/genes.list
> ./cancer_gene_census/genes_niki.list
> ./cancer_gene_census/genes.ucsc_ids.txt
> ./cancer_gene_census/genes_union.entre_ids_unique.list
> ./cancer_gene_census/genes_union.entrez_id.list
> ./cancer_gene_census/genes_union.list
> ./cancer_gene_census/gunnars_genes.tab
> ./cancer_gene_census/hgnc.no_withdrawn.txt
> ./cancer_gene_census/hgnc.readme
> ./cancer_gene_census/hgnc.txt
> ./cancer_gene_census/hgTables-3end.gtf
> ./cancer_gene_census/hgTables-combined.gtf
> ./cancer_gene_census/hgTables-downstream.bed
> ./cancer_gene_census/hgTables-exons-AR.bed
> ./cancer_gene_census/hgTables-exons-AR.gtf
> ./cancer_gene_census/hgTables-exons-list-8.gtf
> ./cancer_gene_census/hgTables-exons-list.gtf
> ./cancer_gene_census/hgTables-genes-list+5k.bed
> ./cancer_gene_census/hgTables-genes-list+5k.chr-.bed
> ./cancer_gene_census/hgTables-genes-list+5k.chr+-.bed
> ./cancer_gene_census/hgTables-genes-list+5k.nochr.bed
> ./cancer_gene_census/hgTables-genes-list.bed
> ./cancer_gene_census/hgTables-genes-list-chr.gtf
> ./cancer_gene_census/hgTables-genes-list.gtf
> ./cancer_gene_census/hgTables-utr3-exons.bed
> ./cancer_gene_census/luca+100k.bed
> ./cancer_gene_census/luca+100k.chr-.bed
> ./cancer_gene_census/luca+100k.chr+-.bed
> ./cancer_gene_census/luca.bed
> ./cancer_gene_census/luca.gtf
> ./cancer_gene_census/luca_script.sh
> ./cancer_gene_census/script.sh
> ./cancer_gene_census/Table_1_full_2012-03-15.csv
> ./cancer_gene_census/Table_1_full_2012-03-15.txt
> ./cancer_gene_census/Table_1_full_2012-03-15.xls
> ./cancer_gene_census/write_gene_coordinates.m
> ./clinical_data
> ./clinical_data/extract_ethnicity.py
> ./count_expression
> ./count_expression/check_correlation_to_AS.py
> ./count_expression/collect_counts.encode.sh
> ./count_expression/collect_counts_geuENC.sh
> ./count_expression/collect_counts.geuvadis.sh
> ./count_expression/collect_counts.gtex.sh
> ./count_expression/collect_counts.py
> ./count_expression/collect_counts.sh
> ./count_expression/convert_TCGA_counts.py
> ./count_expression/correlate_expression.py
> ./count_expression/count_expression.py
> ./count_expression/count_expression.pysam.py
> ./count_expression/counts_hdf5_to_tsv.py
> ./count_expression/counts_hdf5_to_valid.py
> ./count_expression/get_sanity_correlation.m
> ./count_expression/get_unc_expression_debug.sh
> ./count_expression/paste_realigned_expression.sh
> ./count_expression/plot_unc_expression.m
> ./count_expression/run_count_expression.encode.non_alt.sh
> ./count_expression/run_count_expression.encode.sh
> ./count_expression/run_count_expression.geuvadis.non_alt.sh
> ./count_expression/run_count_expression.geuvadis.sh
> ./count_expression/run_count_expression.gtex.sh
> ./count_expression/run_count_expression.non_alt.sge.sh
> ./count_expression/run_count_expression.non_alt.sh
> ./count_expression/run_count_expression_sanity.sh
> ./count_expression/run_count_expression.sh
> ./count_expression/spladder2gtf.m
> ./count_expression/unc_counts_normalized_to_hdf5.py
> ./count_expression/unc_counts_to_hdf5.py
> ./LAML
> ./LAML/download_bam.sh
> ./LAML/gettmp.sh
> ./LAML/process_tcga_exome.sh
> ./LAML/process_tcga_one_exome.sh
> ./LAML/process_tcga.sh
> ./LAML/query_tcga_exome.sh
> ./LAML/query_tcga.sh
> ./LAML/rename_xml.sh
> ./LAML/split_xml.py
> ./LICENSE.md
> ./luca
> ./luca/luca_script_one.sh
> ./luca/luca_script.sh
> ./misc
> ./misc/hdf5_example.py
> ./misc/link_gejman_missing_folders.sh
> ./misc/write_gene_counts_EdReznik.py
> ./misc/write_soma_snps_to_tab.py
> ./pathway
> ./pathway/all_cen_flat.list
> ./pathway/all_cen_tf_sp.list
> ./pathway/all_cen_tr_sp_flat.list
> ./pathway/all_sp_flat.list
> ./pathway/all_tf_flat.list
> ./pathway/gencodeV14.v7.pancan_subset.ensembleID.uniprot.curated.noTFnoSF-WithUpstream.list
> ./pathway/gencodeV14.v7.pancan_subset.ensembleID.uniprot.curated.noTFnoSF-WithUpstream.list.flat
> ./pathway/new_cen_flat.list
> ./pathway/new_cen_tr_sp_flat.list
> ./pathway/new_sp_flat.list
> ./pathway/new_tf_flat.list
> ./pathway/script.sh
> ./pathway/splicing_factors.ensembleID.uniprot.curated.noTF-WithUpstream.list
> ./pathway/splicing_factors.ensembleID.uniprot.curated.noTF-WithUpstream.list.flat
> ./pathway/transcription_factors.ensembleID.curated.uniprot-WithUpstream.list
> ./pathway/transcription_factors.ensembleID.curated.uniprot-WithUpstream.list.flat
> ./pathway/uniprot2Ensemble.py
> ./pathway/uniProtEnsemblMatch.tab
> ./pysrc
> ./pysrc/assoc_20K
> ./pysrc/assoc_20K/preprocess
> ./pysrc/assoc_20K/preprocess/get1000GVars.py
> ./pysrc/cca
> ./pysrc/cca/analyseSfExpcca.py
> ./pysrc/cca/runSfExpcca.py
> ./pysrc/CFG
> ./pysrc/CFG/cfg_BRCA_mtset_expression_exome_ibd.py
> ./pysrc/CFG/debugGene.txt
> ./pysrc/CFG/debug.py
> ./pysrc/CFG/default_euler.py
> ./pysrc/CFG/default_sdsc.py
> ./pysrc/CFG/generateCFG
> ./pysrc/CFG/generateCFG/generateConfigCov.py
> ./pysrc/CFG/generateCFG/generateConfigFinal.py
> ./pysrc/CFG/generateCFG/generateConfig_NoCofactor.py
> ./pysrc/CFG/generateCFG/generateConfig.py
> ./pysrc/CFG/generateCFG/README
> ./pysrc/CFG/__init__.py
> ./pysrc/CFG/KIRC_subset
> ./pysrc/CFG/KIRC_subset/KIRC_ARI.list
> ./pysrc/checkSettings
> ./pysrc/checkSettings/configGenerator.py
> ./pysrc/checkSettings/getNsigFromhf5.py
> ./pysrc/checkSettings/plotNsigfromSummary.py
> ./pysrc/checkSettings/plotqqplot_frombackup.py
> ./pysrc/checkSettings/plotqqplot_parallel.py
> ./pysrc/checkSettings/plotqqplot.py
> ./pysrc/checkSettings/rungetNsigfromhdf.sh
> ./pysrc/figures
> ./pysrc/figures/alleleFreq3d.py
> ./pysrc/figures/alleleFreqGerm3d.py
> ./pysrc/figures/cisTransVarPlots.py
> ./pysrc/figures/compareHitsFDR.py
> ./pysrc/figures/compareInflation.py
> ./pysrc/figures/correlateEFI.py
> ./pysrc/figures/correlatePsiwPsi.py
> ./pysrc/figures/densityPlot.py
> ./pysrc/figures/distSnpTss.py
> ./pysrc/figures/distSomaticAf.py
> ./pysrc/figures/dotPlot_highlightGene.py
> ./pysrc/figures/dotPlot_highlightGeneSoma.py
> ./pysrc/figures/dotPlot.py
> ./pysrc/figures/dotPlot_singleSum.py
> ./pysrc/figures/findAssociatedSpliceMutation.py
> ./pysrc/figures/findCandidates.py
> ./pysrc/figures/findGoodRareAssociationExample.py
> ./pysrc/figures/findPRPF19Targets.py
> ./pysrc/figures/findPRPF19TargetsSingleFile.py
> ./pysrc/figures/former_pca_skripts
> ./pysrc/figures/former_pca_skripts/get_bam_files.py
> ./pysrc/figures/former_pca_skripts/pca_ibd_geno.pca.byPop_exome_noimputation.py
> ./pysrc/figures/former_pca_skripts/plot_cishit.event.gatk.py
> ./pysrc/figures/former_pca_skripts/plot_cishit.event.py
> ./pysrc/figures/former_pca_skripts/plot_cishit_gatk.py
> ./pysrc/figures/former_pca_skripts/plot_cishit.py
> ./pysrc/figures/former_pca_skripts/plot_coverage_gatk.py
> ./pysrc/figures/former_pca_skripts/plot_coverage.py
> ./pysrc/figures/former_pca_skripts/plot_diagnose_overview.py
> ./pysrc/figures/former_pca_skripts/plot_pca_ibd.affyVsexome.py
> ./pysrc/figures/former_pca_skripts/plot_pca_ibd.py
> ./pysrc/figures/former_pca_skripts/plot_pca_ibd.svd.py
> ./pysrc/figures/__init__.py
> ./pysrc/figures/makeCisAnalysis.py
> ./pysrc/figures/makeCisAnalysiswBoxplotGerm.py
> ./pysrc/figures/makeCisAnalysiswBoxplot.py
> ./pysrc/figures/makeCisAnalysiswViolinpplot.py
> ./pysrc/figures/makePsiCorrelationEnsgToTrivial.py
> ./pysrc/figures/makeQQPlot.py
> ./pysrc/figures/makeTransAnalysiswViolinPlot_byPos.py
> ./pysrc/figures/makeTransAnalysiswViolinPlot.py
> ./pysrc/figures/panCanAnalysis.py
> ./pysrc/figures/parseAllPredictionsPermuationTest.py
> ./pysrc/figures/parseAllPredictions.py
> ./pysrc/figures/parseCollapsedResults.py
> ./pysrc/figures/parseRareTests.py
> ./pysrc/figures/parseSpliceFactorAssociation.py
> ./pysrc/figures/plot_coverage.py
> ./pysrc/figures/plotExonSkipHist.py
> ./pysrc/figures/plotExpHist.py
> ./pysrc/figures/plotFreqSpec2d.py
> ./pysrc/figures/plotHeatMapTranshits.py
> ./pysrc/figures/plotIBDheatmap.py
> ./pysrc/figures/plotLDSomaGermBetter.py
> ./pysrc/figures/plotManhattan3d.py
> ./pysrc/figures/plotManhattan_byFactor.py
> ./pysrc/figures/plotManhattanCis.py
> ./pysrc/figures/plotManhattan_filterGermline.py
> ./pysrc/figures/plotManhattanMeta.py
> ./pysrc/figures/plotManhattan.py
> ./pysrc/figures/plotManhattanSimple_meta.py
> ./pysrc/figures/plotManhattanSimple.py
> ./pysrc/figures/plotPanCanASEvnt.py
> ./pysrc/figures/plotPhtExp.py
> ./pysrc/figures/plotQQ.py
> ./pysrc/figures/plotQQ_single.py
> ./pysrc/figures/plotQQ_singleSum.py
> ./pysrc/figures/plotSomaticCoverageIntron.py
> ./pysrc/figures/plotSomaticCoverageIntronSnpBased.py
> ./pysrc/figures/plotSomaticHeatmap.andre.py
> ./pysrc/figures/plotSomaticHeatmap.py
> ./pysrc/figures/plotSomaticNan.py
> ./pysrc/figures/pvalHist.py
> ./pysrc/figures/randomlyPermutsSFMapSeqs.py
> ./pysrc/figures/spliceFactorAnalysis.py
> ./pysrc/figures/spliceFactorVarExplained.py
> ./pysrc/figures/universalDotPlot.py
> ./pysrc/hdf5tools
> ./pysrc/hdf5tools/checkHdf5Position.py
> ./pysrc/hdf5tools/checkHdf5Results.py
> ./pysrc/hdf5tools/checkHdf5SNP.py
> ./pysrc/obsolete_analysis
> ./pysrc/obsolete_analysis/alk_translocation
> ./pysrc/obsolete_analysis/alk_translocation/find_alk_issues.py
> ./pysrc/obsolete_analysis/ari_survival_kidneyfinding
> ./pysrc/obsolete_analysis/ari_survival_kidneyfinding/getSurvivalData_2.py
> ./pysrc/obsolete_analysis/ari_survival_kidneyfinding/getSurvivalData.py
> ./pysrc/obsolete_analysis/ashg_analysis
> ./pysrc/obsolete_analysis/ashg_analysis/checkNullAssociation
> ./pysrc/obsolete_analysis/ashg_analysis/checkNullAssociation/runNullAssociation.py
> ./pysrc/obsolete_analysis/ashg_analysis/test_candidate.py
> ./pysrc/obsolete_analysis/ashg_analysis/test_ifnbeta_candidate.py
> ./pysrc/obsolete_analysis/cgv_analysis
> ./pysrc/obsolete_analysis/cgv_analysis/expressionVssplice.py
> ./pysrc/obsolete_analysis/cgv_analysis/find_expressed_sf.py
> ./pysrc/obsolete_analysis/cgv_analysis/readme
> ./pysrc/obsolete_analysis/cgv_analysis/splicing_GO_09-22-2014_associationWGoTermSplicing.list
> ./pysrc/obsolete_analysis/cgv_analysis/uniprotSplicing.list
> ./pysrc/obsolete_analysis/completeAnalysis_PSB_2015_KIRC
> ./pysrc/obsolete_analysis/completeAnalysis_PSB_2015_KIRC/compareHitsFDR.py
> ./pysrc/obsolete_analysis/completeAnalysis_PSB_2015_KIRC/compareHitsInflation.py
> ./pysrc/obsolete_analysis/completeAnalysis_PSB_2015_KIRC/compareInflationExression.py
> ./pysrc/obsolete_analysis/completeAnalysis_PSB_2015_KIRC/compareInflationMedianDev.py
> ./pysrc/obsolete_analysis/completeAnalysis_PSB_2015_KIRC/compareInflationPower.py
> ./pysrc/obsolete_analysis/completeAnalysis_PSB_2015_KIRC/compareInflation.py
> ./pysrc/obsolete_analysis/completeAnalysis_PSB_2015_KIRC/compareMethodsBarPlot.py
> ./pysrc/obsolete_analysis/completeAnalysis_PSB_2015_KIRC/compareMethodsCis.py
> ./pysrc/obsolete_analysis/completeAnalysis_PSB_2015_KIRC/compareMethods.py
> ./pysrc/obsolete_analysis/completeAnalysis_PSB_2015_KIRC/comparePowerBySigEvents.py
> ./pysrc/obsolete_analysis/completeAnalysis_PSB_2015_KIRC/comparePowerMinPValue.py
> ./pysrc/obsolete_analysis/completeAnalysis_PSB_2015_KIRC/comparePowerOld.py
> ./pysrc/obsolete_analysis/completeAnalysis_PSB_2015_KIRC/comparePower.py
> ./pysrc/obsolete_analysis/completeAnalysis_PSB_2015_KIRC/compareTwoCancerTypes.py
> ./pysrc/obsolete_analysis/completeAnalysis_PSB_2015_KIRC/correlationInflationPSI_Cov.py
> ./pysrc/obsolete_analysis/completeAnalysis_PSB_2015_KIRC/diagnoseHitsVsRecurrence.py
> ./pysrc/obsolete_analysis/completeAnalysis_PSB_2015_KIRC/dotPlot_gatk.py
> ./pysrc/obsolete_analysis/completeAnalysis_PSB_2015_KIRC/dotPlot_splicing.py
> ./pysrc/obsolete_analysis/completeAnalysis_PSB_2015_KIRC/figures
> ./pysrc/obsolete_analysis/completeAnalysis_PSB_2015_KIRC/figures/figures_common.py
> ./pysrc/obsolete_analysis/completeAnalysis_PSB_2015_KIRC/figures/figures_network.py
> ./pysrc/obsolete_analysis/completeAnalysis_PSB_2015_KIRC/getBackGroundsGoAnalysis.py
> ./pysrc/obsolete_analysis/completeAnalysis_PSB_2015_KIRC/getSomeInterestingHits.py
> ./pysrc/obsolete_analysis/completeAnalysis_PSB_2015_KIRC/iFedArmansRareVarsup.py
> ./pysrc/obsolete_analysis/completeAnalysis_PSB_2015_KIRC/parseInfoFiles_mutect.py
> ./pysrc/obsolete_analysis/completeAnalysis_PSB_2015_KIRC/parseInfoFiles_PSB2015.py
> ./pysrc/obsolete_analysis/completeAnalysis_PSB_2015_KIRC/plotCoverages.sh
> ./pysrc/obsolete_analysis/completeAnalysis_PSB_2015_KIRC/plotManhattan.sh
> ./pysrc/obsolete_analysis/completeAnalysis_PSB_2015_KIRC/resultIndependentPlots.py
> ./pysrc/obsolete_analysis/completeAnalysis_PSB_2015_KIRC/runAnalysis_common_effic_gatk_master.sh
> ./pysrc/obsolete_analysis/completeAnalysis_PSB_2015_KIRC/runAnalysis_common_effic_gatk.py
> ./pysrc/obsolete_analysis/completeAnalysis_PSB_2015_KIRC/runAnalysis_common_effic_gatk_single.py
> ./pysrc/obsolete_analysis/completeAnalysis_PSB_2015_KIRC/runAnalysis_common_effic_mutect.py
> ./pysrc/obsolete_analysis/completeAnalysis_PSB_2015_KIRC/runAnalysis_common_effic.py
> ./pysrc/obsolete_analysis/completeAnalysis_PSB_2015_KIRC/runAnalysis_common_meta.py
> ./pysrc/obsolete_analysis/completeAnalysis_PSB_2015_KIRC/runAnalysis_common.py
> ./pysrc/obsolete_analysis/completeAnalysis_PSB_2015_KIRC/runAnalysis_Meta_cancer.py
> ./pysrc/obsolete_analysis/completeAnalysis_PSB_2015_KIRC/runAnalysis_rare.py
> ./pysrc/obsolete_analysis/completeAnalysis_PSB_2015_KIRC/runDotPlot.py
> ./pysrc/obsolete_analysis/completeAnalysis_PSB_2015_KIRC/sanityCheckResultsFile.py
> ./pysrc/obsolete_analysis/completeAnalysis_PSB_2015_KIRC/varDecompositionPlot.py
> ./pysrc/obsolete_analysis/ed_ideas
> ./pysrc/obsolete_analysis/ed_ideas/PlotDistsReadcounts.py
> ./pysrc/obsolete_analysis/gctaExperiments
> ./pysrc/obsolete_analysis/gctaExperiments/createSampleLists.py
> ./pysrc/obsolete_analysis/gctaExperiments/getMetaDataPlink.py
> ./pysrc/obsolete_analysis/gctaExperiments/hdf2phen.py
> ./pysrc/obsolete_analysis/gctaExperiments/truncateFamFile.py
> ./pysrc/obsolete_analysis/gctaExperiments/truncate_grm_idfiles.py
> ./pysrc/obsolete_analysis/gctaExperiments/vcfToplink.sh
> ./pysrc/obsolete_analysis/NMF
> ./pysrc/obsolete_analysis/NMF/tryNMF.py
> ./pysrc/obsolete_analysis/rareAnalysis
> ./pysrc/obsolete_analysis/rareAnalysis/parseTestdata.py
> ./pysrc/obsolete_analysis/spindex
> ./pysrc/obsolete_analysis/spindex/main
> ./pysrc/obsolete_analysis/spindex/main/runQTLSpindex.py
> ./pysrc/obsolete_analysis/spindex/main/submitJobs.sh
> ./pysrc/obsolete_analysis/spindex/main/submitJobs_single.sh
> ./pysrc/obsolete_analysis/spindex/preproc
> ./pysrc/obsolete_analysis/spindex/preproc/parseSpindexTab.py
> ./pysrc/obsolete_analysis/spindex/preproc/plotSpindex.py
> ./pysrc/obsolete_analysis/splicecodeHistogram
> ./pysrc/obsolete_analysis/splicecodeHistogram/makeHist.py
> ./pysrc/obsolete_analysis/STARR
> ./pysrc/obsolete_analysis/STARR/plotPGDB5expr.py
> ./pysrc/obsolete_analysis/varExplainedSomatic
> ./pysrc/obsolete_analysis/varExplainedSomatic/testVarExplainedSomatic.py
> ./pysrc/obsolete_analysis/Variant_Analysis
> ./pysrc/obsolete_analysis/Variant_Analysis/AF_AN_parser.py
> ./pysrc/obsolete_analysis/Variant_Analysis/annotate_sig_mutations.py
> ./pysrc/panCanPaperAnalysis
> ./pysrc/panCanPaperAnalysis_10Kset
> ./pysrc/panCanPaperAnalysis_10Kset/config
> ./pysrc/panCanPaperAnalysis_10Kset/config/cfg.py
> ./pysrc/panCanPaperAnalysis_10Kset/config/__init__.py
> ./pysrc/panCanPaperAnalysis_10Kset/data
> ./pysrc/panCanPaperAnalysis_10Kset/data/IMPACT410.txt
> ./pysrc/panCanPaperAnalysis_10Kset/obsoletealapancanatlas
> ./pysrc/panCanPaperAnalysis_10Kset/obsoletealapancanatlas/degradataion
> ./pysrc/panCanPaperAnalysis_10Kset/obsoletealapancanatlas/degradataion/checkBias.py
> ./pysrc/panCanPaperAnalysis_10Kset/obsoletealapancanatlas/degradataion/getReadCountBam.py
> ./pysrc/panCanPaperAnalysis_10Kset/obsoletealapancanatlas/degradataion/plotBiasMultiCnc_icgc.py
> ./pysrc/panCanPaperAnalysis_10Kset/obsoletealapancanatlas/degradataion/plot_ratio_w_cancer_color.py
> ./pysrc/panCanPaperAnalysis_10Kset/obsoletealapancanatlas/peer
> ./pysrc/panCanPaperAnalysis_10Kset/obsoletealapancanatlas/peer/getcorrectedgenexpression.py
> ./pysrc/panCanPaperAnalysis_10Kset/postprocess_scpancanatlas
> ./pysrc/panCanPaperAnalysis_10Kset/postprocess_scpancanatlas/makeviolinplot.py
> ./pysrc/panCanPaperAnalysis_10Kset/postprocess_scpancanatlas/plot_coverage_gatk.py
> ./pysrc/panCanPaperAnalysis_10Kset/postprocess_scpancanatlas/qtloverview2.py
> ./pysrc/panCanPaperAnalysis_10Kset/postprocess_scpancanatlas/qtloverview.py
> ./pysrc/panCanPaperAnalysis_10Kset/preprocess
> ./pysrc/panCanPaperAnalysis_10Kset/preprocess/cnvparsing
> ./pysrc/panCanPaperAnalysis_10Kset/preprocess/cnvparsing/cleanupHdf5.py
> ./pysrc/panCanPaperAnalysis_10Kset/preprocess/cnvparsing/collectCNV_bylist.py
> ./pysrc/panCanPaperAnalysis_10Kset/preprocess/cnvparsing/collectCNV.py
> ./pysrc/panCanPaperAnalysis_10Kset/preprocess/cnvparsing/parseCNVinfo.py
> ./pysrc/panCanPaperAnalysis_10Kset/preprocess/covariateparsing
> ./pysrc/panCanPaperAnalysis_10Kset/preprocess/covariateparsing/parsePatientCovariates.py
> ./pysrc/panCanPaperAnalysis_10Kset/preprocess/create_gwas_data_stage_3_phenomatrix.py
> ./pysrc/panCanPaperAnalysis_10Kset/preprocess/createKinship_lowmem.py
> ./pysrc/panCanPaperAnalysis_10Kset/preprocess/createKinship.py
> ./pysrc/panCanPaperAnalysis_10Kset/preprocess/kinship_lowmem.py
> ./pysrc/panCanPaperAnalysis_10Kset/preprocess/libs
> ./pysrc/panCanPaperAnalysis_10Kset/preprocess/libs/parseASEvents.backup.py
> ./pysrc/panCanPaperAnalysis_10Kset/preprocess/libs/parseASEvents.py
> ./pysrc/panCanPaperAnalysis_10Kset/preprocess/libs/parseExpression.py
> ./pysrc/panCanPaperAnalysis_10Kset/preprocess/panama
> ./pysrc/panCanPaperAnalysis_10Kset/preprocess/panama/create_gwas_data_stage_3d_panama.py
> ./pysrc/panCanPaperAnalysis_10Kset/preprocess/panama/test.py
> ./pysrc/panCanPaperAnalysis_10Kset/preprocess/powerEstimator.py
> ./pysrc/panCanPaperAnalysis_10Kset/preprocess/README
> ./pysrc/panCanPaperAnalysis_10Kset/preprocess/somaticvariants
> ./pysrc/panCanPaperAnalysis_10Kset/preprocess/somaticvariants/createKinship.py
> ./pysrc/panCanPaperAnalysis_10Kset/preprocess/somaticvariants/parseMAFtohdf5_bylist.py
> ./pysrc/panCanPaperAnalysis_10Kset/preprocess/somaticvariants/parseMAFtohdf5.py
> ./pysrc/panCanPaperAnalysis_10Kset/preprocess/variants
> ./pysrc/panCanPaperAnalysis_10Kset/preprocess/variants/chunkVariants.py
> ./pysrc/panCanPaperAnalysis_10Kset/preprocess/variants/chunkVariants_somatic.py
> ./pysrc/panCanPaperAnalysis_10Kset/preprocess/variants/cleanupMergedFiles.py
> ./pysrc/panCanPaperAnalysis_10Kset/preprocess/variants/libs
> ./pysrc/panCanPaperAnalysis_10Kset/preprocess/variants/libs/gatk.py
> ./pysrc/panCanPaperAnalysis_10Kset/preprocess/variants/libs/__init__.py
> ./pysrc/panCanPaperAnalysis_10Kset/preprocess/variants/mergevcfhdf5.py
> ./pysrc/panCanPaperAnalysis_10Kset/preprocess/variants/vcfThdf5.py
> ./pysrc/panCanPaperAnalysis_10Kset/transAssociations
> ./pysrc/panCanPaperAnalysis_10Kset/transAssociations/sQTL_10K.py
> ./pysrc/panCanPaperAnalysis_10Kset/transAssociations/sQTL_10K_sc_pcatlas_impactonly.py
> ./pysrc/panCanPaperAnalysis_10Kset/transAssociations/sQTL_10K_sc_pcatlas_somaticonly.py
> ./pysrc/panCanPaperAnalysis_10Kset/transAssociations/submitJobs_sc_pcatlas_impactonly.sh
> ./pysrc/panCanPaperAnalysis_10Kset/transAssociations/submitJobs_sc_pcatlas_somaticonly.sh
> ./pysrc/panCanPaperAnalysis_10Kset/transAssociations/submitJobs.sh
> ./pysrc/panCanPaperAnalysis_5Kset
> ./pysrc/panCanPaperAnalysis_5Kset/config
> ./pysrc/panCanPaperAnalysis_5Kset/config/cfg.py
> ./pysrc/panCanPaperAnalysis_5Kset/config/__init__.py
> ./pysrc/panCanPaperAnalysis_5Kset/postprocess
> ./pysrc/panCanPaperAnalysis_5Kset/postprocess/plotManhattan.py
> ./pysrc/panCanPaperAnalysis_5Kset/preprocess
> ./pysrc/panCanPaperAnalysis_5Kset/preprocess/cnvparsing
> ./pysrc/panCanPaperAnalysis_5Kset/preprocess/cnvparsing/cleanupHdf5.py
> ./pysrc/panCanPaperAnalysis_5Kset/preprocess/cnvparsing/collectCNV_bylist.py
> ./pysrc/panCanPaperAnalysis_5Kset/preprocess/cnvparsing/collectCNV.py
> ./pysrc/panCanPaperAnalysis_5Kset/preprocess/cnvparsing/parseCNVinfo.py
> ./pysrc/panCanPaperAnalysis_5Kset/preprocess/covariateparsing
> ./pysrc/panCanPaperAnalysis_5Kset/preprocess/covariateparsing/parsePatientCovariates.py
> ./pysrc/panCanPaperAnalysis_5Kset/preprocess/create_gwas_data_stage_3_phenomatrix.py
> ./pysrc/panCanPaperAnalysis_5Kset/preprocess/createKinship.py
> ./pysrc/panCanPaperAnalysis_5Kset/preprocess/libs
> ./pysrc/panCanPaperAnalysis_5Kset/preprocess/libs/parseASEvents.backup.py
> ./pysrc/panCanPaperAnalysis_5Kset/preprocess/libs/parseASEvents.py
> ./pysrc/panCanPaperAnalysis_5Kset/preprocess/libs/parseExpression.py
> ./pysrc/panCanPaperAnalysis_5Kset/preprocess/panama
> ./pysrc/panCanPaperAnalysis_5Kset/preprocess/panama/create_gwas_data_stage_3d_panama.py
> ./pysrc/panCanPaperAnalysis_5Kset/preprocess/README
> ./pysrc/panCanPaperAnalysis_5Kset/preprocess/somaticvariants
> ./pysrc/panCanPaperAnalysis_5Kset/preprocess/somaticvariants/parseMAFtohdf5_bylist.py
> ./pysrc/panCanPaperAnalysis_5Kset/preprocess/somaticvariants/parseMAFtohdf5.py
> ./pysrc/panCanPaperAnalysis_5Kset/preprocess/variants
> ./pysrc/panCanPaperAnalysis_5Kset/preprocess/variants/chunkVariants.py
> ./pysrc/panCanPaperAnalysis_5Kset/preprocess/variants/cleanupMergedFiles.py
> ./pysrc/panCanPaperAnalysis_5Kset/preprocess/variants/libs
> ./pysrc/panCanPaperAnalysis_5Kset/preprocess/variants/libs/gatk.py
> ./pysrc/panCanPaperAnalysis_5Kset/preprocess/variants/libs/__init__.py
> ./pysrc/panCanPaperAnalysis_5Kset/preprocess/variants/mergevcfhdf5.py
> ./pysrc/panCanPaperAnalysis_5Kset/preprocess/variants/runchunkinginparallele.sh
> ./pysrc/panCanPaperAnalysis_5Kset/preprocess/variants/runvcfthdf5inparallel.sh
> ./pysrc/panCanPaperAnalysis_5Kset/preprocess/variants/vcfThdf5.py
> ./pysrc/panCanPaperAnalysis_5Kset/transAssociations
> ./pysrc/panCanPaperAnalysis_5Kset/transAssociations/sQTL_5K.py
> ./pysrc/panCanPaperAnalysis_5Kset/transAssociations/sQTL.py
> ./pysrc/panCanPaperAnalysis_5Kset/transAssociations/sQTL_testrun.py
> ./pysrc/panCanPaperAnalysis_5Kset/transAssociations/submitJobs_sc_pcatlas_impactonly.sh
> ./pysrc/panCanPaperAnalysis_5Kset/transAssociations/submitJobs_sc_pcatlas_somaticonly.sh
> ./pysrc/panCanPaperAnalysis_5Kset/transAssociations/submitJobs.sh
> ./pysrc/panCanPaperAnalysis/cisAssociation
> ./pysrc/panCanPaperAnalysis/cisAssociation_GxE
> ./pysrc/panCanPaperAnalysis/cisAssociation_GxE/main
> ./pysrc/panCanPaperAnalysis/cisAssociation_GxE/main/sQTL
> ./pysrc/panCanPaperAnalysis/cisAssociation_GxE/main/sQTL/icgcQTLprograms
> ./pysrc/panCanPaperAnalysis/cisAssociation_GxE/main/sQTL/icgcQTLprograms/runsQTL_BRCA.py
> ./pysrc/panCanPaperAnalysis/cisAssociation_GxE/main/sQTL/icgcQTLprograms/runsQTL.py
> ./pysrc/panCanPaperAnalysis/cisAssociation_GxE/main/sQTL/icgcQTLprograms/runsQTL_random_BRCAsize.py
> ./pysrc/panCanPaperAnalysis/cisAssociation_GxE/main/sQTL/sQTL.py
> ./pysrc/panCanPaperAnalysis/cisAssociation_GxE/main/sQTL/submitJobs.sh
> ./pysrc/panCanPaperAnalysis/cisAssociation_GxE/preproc
> ./pysrc/panCanPaperAnalysis/cisAssociation_GxE/preproc/parseSmokingHist.py
> ./pysrc/panCanPaperAnalysis/cisAssociation/main
> ./pysrc/panCanPaperAnalysis/cisAssociation/main/eQTL
> ./pysrc/panCanPaperAnalysis/cisAssociation/main/eQTL/runeQTL_cis.py
> ./pysrc/panCanPaperAnalysis/cisAssociation/main/eQTL/runeQTL.py
> ./pysrc/panCanPaperAnalysis/cisAssociation/main/sQTL
> ./pysrc/panCanPaperAnalysis/cisAssociation/main/sQTL/icgcQTLprograms
> ./pysrc/panCanPaperAnalysis/cisAssociation/main/sQTL/icgcQTLprograms/runsQTL_BRCA.py
> ./pysrc/panCanPaperAnalysis/cisAssociation/main/sQTL/icgcQTLprograms/runsQTL.py
> ./pysrc/panCanPaperAnalysis/cisAssociation/main/sQTL/icgcQTLprograms/runsQTL_random_BRCAsize.py
> ./pysrc/panCanPaperAnalysis/cisAssociation/main/sQTL/sQTL.py
> ./pysrc/panCanPaperAnalysis/cisAssociation/main/sQTL/submitJobs.sh
> ./pysrc/panCanPaperAnalysis/cisAssociation/preproc
> ./pysrc/panCanPaperAnalysis/cisAssociation/preproc/create_gwas_data_stage_3_covariatematrix.py
> ./pysrc/panCanPaperAnalysis/cisAssociation/preproc/create_gwas_data_stage_3_phenomatrix.py
> ./pysrc/panCanPaperAnalysis/cisAssociation/preproc/getPanama.py
> ./pysrc/panCanPaperAnalysis/cisAssociation/preproc/libs
> ./pysrc/panCanPaperAnalysis/cisAssociation/preproc/libs/BiotabParse.py
> ./pysrc/panCanPaperAnalysis/cisAssociation/preproc/libs/confounder_corrcf.py
> ./pysrc/panCanPaperAnalysis/cisAssociation/preproc/libs/filereader.py
> ./pysrc/panCanPaperAnalysis/cisAssociation/preproc/libs/gatk.py
> ./pysrc/panCanPaperAnalysis/cisAssociation/preproc/libs/__init__.py
> ./pysrc/panCanPaperAnalysis/cisAssociation/preproc/libs/parseASEvents.py
> ./pysrc/panCanPaperAnalysis/cisAssociation/preproc/libs/parseCNV.py
> ./pysrc/panCanPaperAnalysis/cisAssociation/preproc/libs/parseExpression.py
> ./pysrc/panCanPaperAnalysis/cisAssociation/preproc/libs/plink.py
> ./pysrc/panCanPaperAnalysis/cisAssociation/preproc/libs/vep.py
> ./pysrc/panCanPaperAnalysis/cisAssociation/preproc/libs/xmlToDict.py
> ./pysrc/panCanPaperAnalysis/conditionalTransAssociation
> ./pysrc/panCanPaperAnalysis/conditionalTransAssociation/main
> ./pysrc/panCanPaperAnalysis/conditionalTransAssociation/main/eQTL
> ./pysrc/panCanPaperAnalysis/conditionalTransAssociation/main/eQTL/runeQTL_cis.py
> ./pysrc/panCanPaperAnalysis/conditionalTransAssociation/main/eQTL/runeQTL.py
> ./pysrc/panCanPaperAnalysis/conditionalTransAssociation/main/sQTL
> ./pysrc/panCanPaperAnalysis/conditionalTransAssociation/main/sQTL/icgcQTLprograms
> ./pysrc/panCanPaperAnalysis/conditionalTransAssociation/main/sQTL/icgcQTLprograms/runsQTL_BRCA.py
> ./pysrc/panCanPaperAnalysis/conditionalTransAssociation/main/sQTL/icgcQTLprograms/runsQTL.py
> ./pysrc/panCanPaperAnalysis/conditionalTransAssociation/main/sQTL/icgcQTLprograms/runsQTL_random_BRCAsize.py
> ./pysrc/panCanPaperAnalysis/conditionalTransAssociation/main/sQTL/sQTL.py
> ./pysrc/panCanPaperAnalysis/conditionalTransAssociation/main/sQTL/submitJobs.sh
> ./pysrc/panCanPaperAnalysis/conditionalTransAssociation/preproc
> ./pysrc/panCanPaperAnalysis/conditionalTransAssociation/preproc/create_gwas_data_stage_3_covariatematrix.py
> ./pysrc/panCanPaperAnalysis/conditionalTransAssociation/preproc/create_gwas_data_stage_3_phenomatrix.py
> ./pysrc/panCanPaperAnalysis/conditionalTransAssociation/preproc/libs
> ./pysrc/panCanPaperAnalysis/conditionalTransAssociation/preproc/libs/BiotabParse.py
> ./pysrc/panCanPaperAnalysis/conditionalTransAssociation/preproc/libs/confounder_corrcf.py
> ./pysrc/panCanPaperAnalysis/conditionalTransAssociation/preproc/libs/create_gwas_data_stage_3e_intronPhenotype.py
> ./pysrc/panCanPaperAnalysis/conditionalTransAssociation/preproc/libs/create_gwas_data_stage_X_mutectTIBD_concatenated.py
> ./pysrc/panCanPaperAnalysis/conditionalTransAssociation/preproc/libs/create_gwas_data_stage_X_mutectTIBD.py
> ./pysrc/panCanPaperAnalysis/conditionalTransAssociation/preproc/libs/filereader.py
> ./pysrc/panCanPaperAnalysis/conditionalTransAssociation/preproc/libs/gatk.py
> ./pysrc/panCanPaperAnalysis/conditionalTransAssociation/preproc/libs/__init__.py
> ./pysrc/panCanPaperAnalysis/conditionalTransAssociation/preproc/libs/parseASEvents.py
> ./pysrc/panCanPaperAnalysis/conditionalTransAssociation/preproc/libs/parseCNV.py
> ./pysrc/panCanPaperAnalysis/conditionalTransAssociation/preproc/libs/parseExpression.py
> ./pysrc/panCanPaperAnalysis/conditionalTransAssociation/preproc/libs/plink.py
> ./pysrc/panCanPaperAnalysis/conditionalTransAssociation/preproc/libs/vep.py
> ./pysrc/panCanPaperAnalysis/conditionalTransAssociation/preproc/libs/xmlToDict.py
> ./pysrc/panCanPaperAnalysis/createKinship.py
> ./pysrc/panCanPaperAnalysis_freeze2
> ./pysrc/panCanPaperAnalysis_freeze2/config
> ./pysrc/panCanPaperAnalysis_freeze2/config/cfg.py
> ./pysrc/panCanPaperAnalysis_freeze2/config/__init__.py
> ./pysrc/panCanPaperAnalysis_freeze2/preprocess
> ./pysrc/panCanPaperAnalysis_freeze2/preprocess/create_gwas_data_stage_3_phenomatrix.py
> ./pysrc/panCanPaperAnalysis_freeze2/preprocess/createKinship.py
> ./pysrc/panCanPaperAnalysis_freeze2/preprocess/libs
> ./pysrc/panCanPaperAnalysis_freeze2/preprocess/libs/BiotabParse.py
> ./pysrc/panCanPaperAnalysis_freeze2/preprocess/libs/confounder_corrcf.py
> ./pysrc/panCanPaperAnalysis_freeze2/preprocess/libs/filereader.py
> ./pysrc/panCanPaperAnalysis_freeze2/preprocess/libs/__init__.py
> ./pysrc/panCanPaperAnalysis_freeze2/preprocess/libs/parseASEvents.py
> ./pysrc/panCanPaperAnalysis_freeze2/preprocess/libs/parseCNV.py
> ./pysrc/panCanPaperAnalysis_freeze2/preprocess/libs/parseExpression.py
> ./pysrc/panCanPaperAnalysis_freeze2/preprocess/libs/plink.py
> ./pysrc/panCanPaperAnalysis_freeze2/preprocess/libs/vep.py
> ./pysrc/panCanPaperAnalysis_freeze2/preprocess/libs/xmlToDict.py
> ./pysrc/panCanPaperAnalysis_freeze2/preprocess/parseCNVinfo.py
> ./pysrc/panCanPaperAnalysis_freeze2/preprocess/parseMAFtohdf5.py
> ./pysrc/panCanPaperAnalysis_freeze2/preprocess/parsePatientCovariates.py
> ./pysrc/panCanPaperAnalysis_freeze2/preprocess/variants
> ./pysrc/panCanPaperAnalysis_freeze2/preprocess/variants/libs
> ./pysrc/panCanPaperAnalysis_freeze2/preprocess/variants/libs/gatk.py
> ./pysrc/panCanPaperAnalysis_freeze2/preprocess/variants/libs/__init__.py
> ./pysrc/panCanPaperAnalysis_freeze2/preprocess/variants/mergevcfhdf5.py
> ./pysrc/panCanPaperAnalysis_freeze2/preprocess/variants/vcfThdf5.py
> ./pysrc/panCanPaperAnalysis_freeze2/transAssociations
> ./pysrc/panCanPaperAnalysis_freeze2/transAssociations/sQTL.py
> ./pysrc/panCanPaperAnalysis_freeze2/transAssociations/sQTL_testrun.py
> ./pysrc/panCanPaperAnalysis_freeze2/transAssociations/submitJobs.sh
> ./pysrc/panCanPaperAnalysis/obsolete
> ./pysrc/panCanPaperAnalysis/obsolete/cisAssociations
> ./pysrc/panCanPaperAnalysis/obsolete/cisAssociations/main
> ./pysrc/panCanPaperAnalysis/obsolete/cisAssociations/main/runsQTL.py
> ./pysrc/panCanPaperAnalysis/obsolete/cisAssociations/preproc
> ./pysrc/panCanPaperAnalysis/obsolete/cisAssociations/preproc/README
> ./pysrc/panCanPaperAnalysis/obsolete/heritability_analysis
> ./pysrc/panCanPaperAnalysis/obsolete/heritability_analysis/analyse_her.py
> ./pysrc/panCanPaperAnalysis/obsolete/heritability_analysis/get_relatedness.py
> ./pysrc/panCanPaperAnalysis/README
> ./pysrc/panCanPaperAnalysis/splicingHeritability
> ./pysrc/panCanPaperAnalysis/splicingHeritability/main
> ./pysrc/panCanPaperAnalysis/splicingHeritability/main/runSplicingHeritab_BRCA.py
> ./pysrc/panCanPaperAnalysis/splicingHeritability/main/runSplicingHeritab_expression.py
> ./pysrc/panCanPaperAnalysis/splicingHeritability/main/runSplicingHeritab_mutect.py
> ./pysrc/panCanPaperAnalysis/splicingHeritability/main/runSplicingHeritab_null.py
> ./pysrc/panCanPaperAnalysis/splicingHeritability/main/runSplicingHeritab.py
> ./pysrc/panCanPaperAnalysis/splicingHeritability/main/submitJobsInArray.sh
> ./pysrc/panCanPaperAnalysis/splicingHeritability/main/submitJobs_null.sh
> ./pysrc/panCanPaperAnalysis/splicingHeritability/main/submitJobs.sh
> ./pysrc/panCanPaperAnalysis/splicingHeritability/postproc
> ./pysrc/panCanPaperAnalysis/splicingHeritability/postproc/plotHeritability.py
> ./pysrc/panCanPaperAnalysis/splicingHeritability/preproc
> ./pysrc/panCanPaperAnalysis/splicingHeritability/preproc/create_gwas_data_stage_x_gaddysomatic.py
> ./pysrc/panCanPaperAnalysis/splicingHeritability/preproc/getSomaticKernels.py
> ./pysrc/panCanPaperAnalysis/splicingHeritability/preproc/parsePatientCovariates.py
> ./pysrc/panCanPaperAnalysis/splicingHeritability/preproc/pca3_tag_samples.txt
> ./pysrc/panCanPaperAnalysis/splicingHeritability/preproc/plotBroadKernel.py
> ./pysrc/panCanPaperAnalysis/splicingHeritability/preproc/plotPopKernel.py
> ./pysrc/panCanPaperAnalysis/splicingHeritability/preproc/prepData_old.py
> ./pysrc/panCanPaperAnalysis/splicingHeritability/preproc/prepData.py
> ./pysrc/panCanPaperAnalysis/transAssociation
> ./pysrc/panCanPaperAnalysis/transAssociation/main
> ./pysrc/panCanPaperAnalysis/transAssociation/main/eQTL
> ./pysrc/panCanPaperAnalysis/transAssociation/main/eQTL/runeQTL_cis.py
> ./pysrc/panCanPaperAnalysis/transAssociation/main/eQTL/runeQTL.py
> ./pysrc/panCanPaperAnalysis/transAssociation/main/sQTL
> ./pysrc/panCanPaperAnalysis/transAssociation/main/sQTL/icgcQTLprograms
> ./pysrc/panCanPaperAnalysis/transAssociation/main/sQTL/icgcQTLprograms/runsQTL_BRCA.py
> ./pysrc/panCanPaperAnalysis/transAssociation/main/sQTL/icgcQTLprograms/runsQTL.py
> ./pysrc/panCanPaperAnalysis/transAssociation/main/sQTL/icgcQTLprograms/runsQTL_random_BRCAsize.py
> ./pysrc/panCanPaperAnalysis/transAssociation/main/sQTL/sQTL.py
> ./pysrc/panCanPaperAnalysis/transAssociation/main/sQTL/sQTL_testrun.py
> ./pysrc/panCanPaperAnalysis/transAssociation/main/sQTL/submitJobs.sh
> ./pysrc/panCanPaperAnalysis/transAssociation/preproc
> ./pysrc/panCanPaperAnalysis/transAssociation/preproc/create_gwas_data_stage_3_covariatematrix.py
> ./pysrc/panCanPaperAnalysis/transAssociation/preproc/create_gwas_data_stage_3_phenomatrix.py
> ./pysrc/panCanPaperAnalysis/transAssociation/preproc/libs
> ./pysrc/panCanPaperAnalysis/transAssociation/preproc/libs/BiotabParse.py
> ./pysrc/panCanPaperAnalysis/transAssociation/preproc/libs/confounder_corrcf.py
> ./pysrc/panCanPaperAnalysis/transAssociation/preproc/libs/create_gwas_data_stage_3e_intronPhenotype.py
> ./pysrc/panCanPaperAnalysis/transAssociation/preproc/libs/create_gwas_data_stage_X_mutectTIBD_concatenated.py
> ./pysrc/panCanPaperAnalysis/transAssociation/preproc/libs/create_gwas_data_stage_X_mutectTIBD.py
> ./pysrc/panCanPaperAnalysis/transAssociation/preproc/libs/filereader.py
> ./pysrc/panCanPaperAnalysis/transAssociation/preproc/libs/gatk.py
> ./pysrc/panCanPaperAnalysis/transAssociation/preproc/libs/__init__.py
> ./pysrc/panCanPaperAnalysis/transAssociation/preproc/libs/parseASEvents.py
> ./pysrc/panCanPaperAnalysis/transAssociation/preproc/libs/parseCNV.py
> ./pysrc/panCanPaperAnalysis/transAssociation/preproc/libs/parseExpression.py
> ./pysrc/panCanPaperAnalysis/transAssociation/preproc/libs/plink.py
> ./pysrc/panCanPaperAnalysis/transAssociation/preproc/libs/vep.py
> ./pysrc/panCanPaperAnalysis/transAssociation/preproc/libs/xmlToDict.py
> ./pysrc/panCanPaperAnalysis/transAssociation_somaticonly
> ./pysrc/panCanPaperAnalysis/transAssociation_somaticonly/main
> ./pysrc/panCanPaperAnalysis/transAssociation_somaticonly/main/eQTL
> ./pysrc/panCanPaperAnalysis/transAssociation_somaticonly/main/eQTL/runeQTL_cis.py
> ./pysrc/panCanPaperAnalysis/transAssociation_somaticonly/main/eQTL/runeQTL.py
> ./pysrc/panCanPaperAnalysis/transAssociation_somaticonly/main/sQTL
> ./pysrc/panCanPaperAnalysis/transAssociation_somaticonly/main/sQTL/sQTL.py
> ./pysrc/panCanPaperAnalysis/transAssociation_somaticonly/main/sQTL/submitJobs.sh
> ./pysrc/plot_lib
> ./pysrc/plot_lib/plotting2.py
> ./pysrc/plot_lib/plotting.py
> ./pysrc/preprocessing
> ./pysrc/preprocessing/annovarAnnotation
> ./pysrc/preprocessing/annovarAnnotation/runAnnovar.sh
> ./pysrc/preprocessing/gatk_joint_call
> ./pysrc/preprocessing/gatk_joint_call/bash_skripts
> ./pysrc/preprocessing/gatk_joint_call/bash_skripts/mergeGvcf_0.sh
> ./pysrc/preprocessing/gatk_joint_call/bash_skripts/mergeGvcf_11205531267.sh
> ./pysrc/preprocessing/gatk_joint_call/bash_skripts/mergeGvcf_11208355120.sh
> ./pysrc/preprocessing/gatk_joint_call/bash_skripts/mergeGvcf_12606222675.sh
> ./pysrc/preprocessing/gatk_joint_call/bash_skripts/mergeGvcf_12609399510.sh
> ./pysrc/preprocessing/gatk_joint_call/bash_skripts/mergeGvcf_14006914084.sh
> ./pysrc/preprocessing/gatk_joint_call/bash_skripts/mergeGvcf_1400691408.sh
> ./pysrc/preprocessing/gatk_joint_call/bash_skripts/mergeGvcf_14010443900.sh
> ./pysrc/preprocessing/gatk_joint_call/bash_skripts/mergeGvcf_1401044390.sh
> ./pysrc/preprocessing/gatk_joint_call/bash_skripts/mergeGvcf_15407605492.sh
> ./pysrc/preprocessing/gatk_joint_call/bash_skripts/mergeGvcf_15411488291.sh
> ./pysrc/preprocessing/gatk_joint_call/bash_skripts/mergeGvcf_16808296901.sh
> ./pysrc/preprocessing/gatk_joint_call/bash_skripts/mergeGvcf_16812532681.sh
> ./pysrc/preprocessing/gatk_joint_call/bash_skripts/mergeGvcf_18208988309.sh
> ./pysrc/preprocessing/gatk_joint_call/bash_skripts/mergeGvcf_18213577071.sh
> ./pysrc/preprocessing/gatk_joint_call/bash_skripts/mergeGvcf_19609679718.sh
> ./pysrc/preprocessing/gatk_joint_call/bash_skripts/mergeGvcf_19614621461.sh
> ./pysrc/preprocessing/gatk_joint_call/bash_skripts/mergeGvcf_1.sh
> ./pysrc/preprocessing/gatk_joint_call/bash_skripts/mergeGvcf_21010371126.sh
> ./pysrc/preprocessing/gatk_joint_call/bash_skripts/mergeGvcf_21015665851.sh
> ./pysrc/preprocessing/gatk_joint_call/bash_skripts/mergeGvcf_22411062534.sh
> ./pysrc/preprocessing/gatk_joint_call/bash_skripts/mergeGvcf_22416710241.sh
> ./pysrc/preprocessing/gatk_joint_call/bash_skripts/mergeGvcf_23811753943.sh
> ./pysrc/preprocessing/gatk_joint_call/bash_skripts/mergeGvcf_23817754631.sh
> ./pysrc/preprocessing/gatk_joint_call/bash_skripts/mergeGvcf_25212445351.sh
> ./pysrc/preprocessing/gatk_joint_call/bash_skripts/mergeGvcf_25218799021.sh
> ./pysrc/preprocessing/gatk_joint_call/bash_skripts/mergeGvcf_26613136760.sh
> ./pysrc/preprocessing/gatk_joint_call/bash_skripts/mergeGvcf_26619843411.sh
> ./pysrc/preprocessing/gatk_joint_call/bash_skripts/mergeGvcf_28013828168.sh
> ./pysrc/preprocessing/gatk_joint_call/bash_skripts/mergeGvcf_2801382816.sh
> ./pysrc/preprocessing/gatk_joint_call/bash_skripts/mergeGvcf_28020887801.sh
> ./pysrc/preprocessing/gatk_joint_call/bash_skripts/mergeGvcf_2802088780.sh
> ./pysrc/preprocessing/gatk_joint_call/bash_skripts/mergeGvcf_29414519577.sh
> ./pysrc/preprocessing/gatk_joint_call/bash_skripts/mergeGvcf_29421932191.sh
> ./pysrc/preprocessing/gatk_joint_call/bash_skripts/mergeGvcf_30815210985.sh
> ./pysrc/preprocessing/gatk_joint_call/bash_skripts/mergeGvcf_30822976582.sh
> ./pysrc/preprocessing/gatk_joint_call/bash_skripts/mergeGvcf_32215902393.sh
> ./pysrc/preprocessing/gatk_joint_call/bash_skripts/mergeGvcf_32224020972.sh
> ./pysrc/preprocessing/gatk_joint_call/bash_skripts/mergeGvcf_33616593802.sh
> ./pysrc/preprocessing/gatk_joint_call/bash_skripts/mergeGvcf_33625065362.sh
> ./pysrc/preprocessing/gatk_joint_call/bash_skripts/mergeGvcf_35017285210.sh
> ./pysrc/preprocessing/gatk_joint_call/bash_skripts/mergeGvcf_35026109752.sh
> ./pysrc/preprocessing/gatk_joint_call/bash_skripts/mergeGvcf_36417976619.sh
> ./pysrc/preprocessing/gatk_joint_call/bash_skripts/mergeGvcf_36427154142.sh
> ./pysrc/preprocessing/gatk_joint_call/bash_skripts/mergeGvcf_37818668027.sh
> ./pysrc/preprocessing/gatk_joint_call/bash_skripts/mergeGvcf_37828198532.sh
> ./pysrc/preprocessing/gatk_joint_call/bash_skripts/mergeGvcf_39219359436.sh
> ./pysrc/preprocessing/gatk_joint_call/bash_skripts/mergeGvcf_39229242922.sh
> ./pysrc/preprocessing/gatk_joint_call/bash_skripts/mergeGvcf_40620050844.sh
> ./pysrc/preprocessing/gatk_joint_call/bash_skripts/mergeGvcf_40630287312.sh
> ./pysrc/preprocessing/gatk_joint_call/bash_skripts/mergeGvcf_42020742252.sh
> ./pysrc/preprocessing/gatk_joint_call/bash_skripts/mergeGvcf_4202074225.sh
> ./pysrc/preprocessing/gatk_joint_call/bash_skripts/mergeGvcf_42031331702.sh
> ./pysrc/preprocessing/gatk_joint_call/bash_skripts/mergeGvcf_4203133170.sh
> ./pysrc/preprocessing/gatk_joint_call/bash_skripts/mergeGvcf_43421433661.sh
> ./pysrc/preprocessing/gatk_joint_call/bash_skripts/mergeGvcf_43432376092.sh
> ./pysrc/preprocessing/gatk_joint_call/bash_skripts/mergeGvcf_44822125069.sh
> ./pysrc/preprocessing/gatk_joint_call/bash_skripts/mergeGvcf_44833420482.sh
> ./pysrc/preprocessing/gatk_joint_call/bash_skripts/mergeGvcf_46222816478.sh
> ./pysrc/preprocessing/gatk_joint_call/bash_skripts/mergeGvcf_46234464873.sh
> ./pysrc/preprocessing/gatk_joint_call/bash_skripts/mergeGvcf_47623507886.sh
> ./pysrc/preprocessing/gatk_joint_call/bash_skripts/mergeGvcf_47635509263.sh
> ./pysrc/preprocessing/gatk_joint_call/bash_skripts/mergeGvcf_49024199295.sh
> ./pysrc/preprocessing/gatk_joint_call/bash_skripts/mergeGvcf_49036553653.sh
> ./pysrc/preprocessing/gatk_joint_call/bash_skripts/mergeGvcf_50424890703.sh
> ./pysrc/preprocessing/gatk_joint_call/bash_skripts/mergeGvcf_50437598043.sh
> ./pysrc/preprocessing/gatk_joint_call/bash_skripts/mergeGvcf_51825582111.sh
> ./pysrc/preprocessing/gatk_joint_call/bash_skripts/mergeGvcf_51838642433.sh
> ./pysrc/preprocessing/gatk_joint_call/bash_skripts/mergeGvcf_53226273520.sh
> ./pysrc/preprocessing/gatk_joint_call/bash_skripts/mergeGvcf_53239686823.sh
> ./pysrc/preprocessing/gatk_joint_call/bash_skripts/mergeGvcf_5602765633.sh
> ./pysrc/preprocessing/gatk_joint_call/bash_skripts/mergeGvcf_5604177560.sh
> ./pysrc/preprocessing/gatk_joint_call/bash_skripts/mergeGvcf_7003457042.sh
> ./pysrc/preprocessing/gatk_joint_call/bash_skripts/mergeGvcf_7005221950.sh
> ./pysrc/preprocessing/gatk_joint_call/bash_skripts/mergeGvcf_8404148450.sh
> ./pysrc/preprocessing/gatk_joint_call/bash_skripts/mergeGvcf_8406266340.sh
> ./pysrc/preprocessing/gatk_joint_call/bash_skripts/mergeGvcf_9804839859.sh
> ./pysrc/preprocessing/gatk_joint_call/bash_skripts/mergeGvcf_9807310730.sh
> ./pysrc/preprocessing/gatk_joint_call/bash_skripts/submit.sh
> ./pysrc/preprocessing/gatk_joint_call/.history
> ./pysrc/preprocessing/gatk_joint_call/mergeGVCF.py
> ./pysrc/preprocessing/gatk_joint_call/submit.sh
> ./pysrc/preprocessing/gatk_merge_wxs
> ./pysrc/preprocessing/gatk_merge_wxs/alreadycalledids
> ./pysrc/preprocessing/gatk_merge_wxs/index_variants.sh
> ./pysrc/preprocessing/gatk_merge_wxs/mytcgaid
> ./pysrc/preprocessing/gatk_merge_wxs_normal
> ./pysrc/preprocessing/gatk_merge_wxs_normal/index_variants.sh
> ./pysrc/preprocessing/gatk_merge_wxs_normal/process_merging.sh
> ./pysrc/preprocessing/gatk_merge_wxs/process_merging.sh
> ./pysrc/preprocessing/generateVCFwhitelist
> ./pysrc/preprocessing/generateVCFwhitelist/cleanByValidList_mutect.py
> ./pysrc/preprocessing/generateVCFwhitelist/getWhitelist.py
> ./pysrc/preprocessing/mkhd5
> ./pysrc/preprocessing/mkhd5/bashSubmit
> ./pysrc/preprocessing/mkhd5/bashSubmit/exomeBchr.sh
> ./pysrc/preprocessing/mkhd5/bashSubmit/submit_exomes_sd_imputed.sh
> ./pysrc/preprocessing/mkhd5/bashSubmit/submit_exomes_sd.sh
> ./pysrc/preprocessing/mkhd5/bashSubmit/submit_exomes_sge.sh
> ./pysrc/preprocessing/mkhd5/bashSubmit/submit_exomes.sh
> ./pysrc/preprocessing/mkhd5/create_gwas_data_stage_3_covariatematrix.py
> ./pysrc/preprocessing/mkhd5/create_gwas_data_stage_3_phenomatrix.py
> ./pysrc/preprocessing/mkhd5/libs
> ./pysrc/preprocessing/mkhd5/libs/BiotabParse.py
> ./pysrc/preprocessing/mkhd5/libs/confounder_corrcf.py
> ./pysrc/preprocessing/mkhd5/libs/create_gwas_data_stage_3e_intronPhenotype.py
> ./pysrc/preprocessing/mkhd5/libs/create_gwas_data_stage_X_mutectTIBD_concatenated.py
> ./pysrc/preprocessing/mkhd5/libs/create_gwas_data_stage_X_mutectTIBD.py
> ./pysrc/preprocessing/mkhd5/libs/filereader.py
> ./pysrc/preprocessing/mkhd5/libs/gatk.py
> ./pysrc/preprocessing/mkhd5/libs/__init__.py
> ./pysrc/preprocessing/mkhd5/libs/parseASEvents.py
> ./pysrc/preprocessing/mkhd5/libs/parseCNV.py
> ./pysrc/preprocessing/mkhd5/libs/parseExpression.py
> ./pysrc/preprocessing/mkhd5/libs/plink.py
> ./pysrc/preprocessing/mkhd5/libs/vep.py
> ./pysrc/preprocessing/mkhd5/libs/xmlToDict.py
> ./pysrc/preprocessing/mkhd5/oldscripts
> ./pysrc/preprocessing/mkhd5/oldscripts/builtMutectKernels.py
> ./pysrc/preprocessing/mkhd5/oldscripts/collect_exome_pieces_bruteForce.py
> ./pysrc/preprocessing/mkhd5/oldscripts/collect_exome_pieces_gatk.py
> ./pysrc/preprocessing/mkhd5/oldscripts/collect_exome_pieces_imputed.py
> ./pysrc/preprocessing/mkhd5/oldscripts/collect_exome_pieces.py
> ./pysrc/preprocessing/mkhd5/oldscripts/collect_exome_pieces_pytables.py
> ./pysrc/preprocessing/mkhd5/oldscripts/create_additional_covariates_stage_14.py
> ./pysrc/preprocessing/mkhd5/oldscripts/create_gwas_data_6b_rareBurden_network.py
> ./pysrc/preprocessing/mkhd5/oldscripts/create_gwas_data_Meta_fast.py
> ./pysrc/preprocessing/mkhd5/oldscripts/create_gwas_data_Meta.py
> ./pysrc/preprocessing/mkhd5/oldscripts/create_gwas_data_Meta_relax.py
> ./pysrc/preprocessing/mkhd5/oldscripts/create_gwas_data_Meta_topickly_mask.py
> ./pysrc/preprocessing/mkhd5/oldscripts/create_gwas_data_Meta_topickly.py
> ./pysrc/preprocessing/mkhd5/oldscripts/create_gwas_data_stage_10_hgmd.py
> ./pysrc/preprocessing/mkhd5/oldscripts/create_gwas_data_stage_11_cosmic.py
> ./pysrc/preprocessing/mkhd5/oldscripts/create_gwas_data_stage_12_annovar_full.py
> ./pysrc/preprocessing/mkhd5/oldscripts/create_gwas_data_stage_12_annovar.py
> ./pysrc/preprocessing/mkhd5/oldscripts/create_gwas_data_stage_15_genderplate.py
> ./pysrc/preprocessing/mkhd5/oldscripts/create_gwas_data_stage_1_affy.py
> ./pysrc/preprocessing/mkhd5/oldscripts/create_gwas_data_stage_1b_affy.py
> ./pysrc/preprocessing/mkhd5/oldscripts/create_gwas_data_stage_2ba_exome.py
> ./pysrc/preprocessing/mkhd5/oldscripts/create_gwas_data_stage_2b_exomeibd.py
> ./pysrc/preprocessing/mkhd5/oldscripts/create_gwas_data_stage_2b_exomeibd_tables.py
> ./pysrc/preprocessing/mkhd5/oldscripts/create_gwas_data_stage_2b_gatkibd.py
> ./pysrc/preprocessing/mkhd5/oldscripts/create_gwas_data_stage_2b_mutectibd.py
> ./pysrc/preprocessing/mkhd5/oldscripts/create_gwas_data_stage_2c_xmlData.py
> ./pysrc/preprocessing/mkhd5/oldscripts/create_gwas_data_stage_2d_xmlData.py
> ./pysrc/preprocessing/mkhd5/oldscripts/create_gwas_data_stage_2_exome_hapcall.py
> ./pysrc/preprocessing/mkhd5/oldscripts/create_gwas_data_stage_2_exome.py
> ./pysrc/preprocessing/mkhd5/oldscripts/create_gwas_data_stage_3b_RPPA.py
> ./pysrc/preprocessing/mkhd5/oldscripts/create_gwas_data_stage_3c_CNV.py
> ./pysrc/preprocessing/mkhd5/oldscripts/create_gwas_data_stage_3d_panama.py
> ./pysrc/preprocessing/mkhd5/oldscripts/create_gwas_data_stage_3d_panama_tables.py
> ./pysrc/preprocessing/mkhd5/oldscripts/create_gwas_data_stage_3e_metaPhenotpe.py
> ./pysrc/preprocessing/mkhd5/oldscripts/create_gwas_data_stage_3_rawPheno_FromHdf5.py
> ./pysrc/preprocessing/mkhd5/oldscripts/create_gwas_data_stage_3_rawPheno.py
> ./pysrc/preprocessing/mkhd5/oldscripts/create_gwas_data_stage_4_normPheno_MDY.py
> ./pysrc/preprocessing/mkhd5/oldscripts/create_gwas_data_stage_4_normPheno.py
> ./pysrc/preprocessing/mkhd5/oldscripts/create_gwas_data_stage_5b_rareBurden.py
> ./pysrc/preprocessing/mkhd5/oldscripts/create_gwas_data_stage_5_rarePheno_22_only.py
> ./pysrc/preprocessing/mkhd5/oldscripts/create_gwas_data_stage_5_rarePheno_mutect.py
> ./pysrc/preprocessing/mkhd5/oldscripts/create_gwas_data_stage_5_rarePheno.py
> ./pysrc/preprocessing/mkhd5/oldscripts/create_gwas_data_stage_6_network.py
> ./pysrc/preprocessing/mkhd5/oldscripts/create_gwas_data_stage_7_annotateExomeSnp.py
> ./pysrc/preprocessing/mkhd5/oldscripts/create_gwas_data_stage_8_vep.py
> ./pysrc/preprocessing/mkhd5/oldscripts/create_gwas_data_stage_9b_gwasSomaBroadFromMaf.py
> ./pysrc/preprocessing/mkhd5/oldscripts/create_gwas_data_stage_9_gwasSomaBroad.py
> ./pysrc/preprocessing/mkhd5/oldscripts/create_gwas_data_stage_imputed_2_exome.py
> ./pysrc/preprocessing/mkhd5/oldscripts/create_match_mutect_gatk_fast.py
> ./pysrc/preprocessing/mkhd5/oldscripts/create_match_mutect_gatk.py
> ./pysrc/preprocessing/mkhd5/oldscripts/create_somatic_germline_idx.py
> ./pysrc/preprocessing/mkhd5/oldscripts/libs
> ./pysrc/preprocessing/mkhd5/oldscripts/libs/BiotabParse.py
> ./pysrc/preprocessing/mkhd5/oldscripts/libs/confounder_corrcf.py
> ./pysrc/preprocessing/mkhd5/oldscripts/libs/create_gwas_data_stage_3e_intronPhenotype.py
> ./pysrc/preprocessing/mkhd5/oldscripts/libs/create_gwas_data_stage_X_mutectTIBD_concatenated.py
> ./pysrc/preprocessing/mkhd5/oldscripts/libs/create_gwas_data_stage_X_mutectTIBD.py
> ./pysrc/preprocessing/mkhd5/oldscripts/libs/filereader.py
> ./pysrc/preprocessing/mkhd5/oldscripts/libs/gatk.py
> ./pysrc/preprocessing/mkhd5/oldscripts/libs/__init__.py
> ./pysrc/preprocessing/mkhd5/oldscripts/libs/parseASEvents.py
> ./pysrc/preprocessing/mkhd5/oldscripts/libs/parseCNV.py
> ./pysrc/preprocessing/mkhd5/oldscripts/libs/parseExpression.py
> ./pysrc/preprocessing/mkhd5/oldscripts/libs/plink.py
> ./pysrc/preprocessing/mkhd5/oldscripts/libs/vep.py
> ./pysrc/preprocessing/mkhd5/oldscripts/libs/xmlToDict.py
> ./pysrc/preprocessing/mkhd5/tmp_sandbox
> ./pysrc/preprocessing/mkhd5/tmp_sandbox/fast_functions.py
> ./pysrc/preprocessing/processWXSmutect
> ./pysrc/preprocessing/processWXSmutect2
> ./pysrc/preprocessing/processWXSmutect2/annotatemutecthdf5.py
> ./pysrc/preprocessing/processWXSmutect2/cleanMergedHdf5File.py
> ./pysrc/preprocessing/processWXSmutect2/determineSomaticFreq.py
> ./pysrc/preprocessing/processWXSmutect2/fpfilterTvcf.py
> ./pysrc/preprocessing/processWXSmutect2/fpfilterTvcf_single.py
> ./pysrc/preprocessing/processWXSmutect2/hdf5topickles.py
> ./pysrc/preprocessing/processWXSmutect2/linkHdf5.py
> ./pysrc/preprocessing/processWXSmutect2/mergeMutectOnLinkedhdf5.py
> ./pysrc/preprocessing/processWXSmutect2/plotRecurrency.py
> ./pysrc/preprocessing/processWXSmutect2/README
> ./pysrc/preprocessing/processWXSmutect2/vcfThdf5.py
> ./pysrc/preprocessing/processWXSmutect/determineSomaticFreq.py
> ./pysrc/preprocessing/processWXSmutect/linkHdf5.py
> ./pysrc/preprocessing/processWXSmutect/mergeMutectOnLinkedhdf5.py
> ./pysrc/preprocessing/processWXSmutect/plotRecurrency.py
> ./pysrc/preprocessing/processWXSmutect/README
> ./pysrc/preprocessing/processWXSmutect/vcfThdf5.py
> ./pysrc/preprocessing/README.txt
> ./pysrc/qtl
> ./pysrc/qtl/qtl_master_program_burden.py
> ./pysrc/qtl/qtl_master_program.dev.py
> ./pysrc/qtl/qtl_master_program_icgc.py
> ./pysrc/qtl/qtl_master_program_multithread.py
> ./pysrc/qtl/qtl_master_program_null_3k.py
> ./pysrc/qtl/qtl_master_program_oldsetting_3k.py
> ./pysrc/qtl/qtl_master_program_parallel.py
> ./pysrc/qtl/qtl_master_program.py
> ./pysrc/qtl/qtl_master_program_rare.py
> ./pysrc/qtl/submiteQTL_bycfg.sh
> ./pysrc/qtl/submiteQTL_newsetting_null.sh
> ./pysrc/qtl/submiteQTL_newsetting.sh
> ./pysrc/qtl/submiteQTL_null.sh
> ./pysrc/qtl/submiteQTL_realsomgem_null.sh
> ./pysrc/qtl/submiteQTL_realsomgem.sh
> ./pysrc/qtl/submiteQTL.sh
> ./pysrc/qtl/unitTests
> ./pysrc/qtl/unitTests/analyse_variances.py
> ./pysrc/qtl/unitTests/data_line_profile.txt
> ./pysrc/qtl/unitTests/dumpedStats.txt
> ./pysrc/qtl/unitTests/myNewProfile_2014_11
> ./pysrc/qtl/unitTests/myNewProfile_2014_11.txt
> ./pysrc/qtl/unitTests/newProfile.pstats
> ./pysrc/qtl/unitTests/pstatsTtxt.py
> ./pysrc/qtl/unitTests/variance_fit.py
> ./pysrc/quality_control
> ./pysrc/quality_control/checkUniGenCallsHets
> ./pysrc/quality_control/checkUniGenCallsHets/medianvsQuality.py
> ./pysrc/quality_control/checkUniGenCallsHets/plotCalls.py
> ./pysrc/quality_control/checkUniGenCallsHets/plotNewCalls.py
> ./pysrc/quality_control/checkUniGenCallsHets/plotOldCalls.py
> ./pysrc/quality_control/cis_hits
> ./pysrc/quality_control/cis_hits/find_likely_cis_hits.py
> ./pysrc/quality_control/cosmicCheck
> ./pysrc/quality_control/cosmicCheck/checkCisAssociation.py
> ./pysrc/quality_control/exome
> ./pysrc/quality_control/exome/basic_exome_table.py
> ./pysrc/quality_control/exome/plot_exome_distribution.py
> ./pysrc/quality_control/exome/plot_tcgaPancanSnps.py
> ./pysrc/quality_control/exomeSnp_batchEffect
> ./pysrc/quality_control/exomeSnp_batchEffect/makeExomeIBDwAffySnps.py
> ./pysrc/quality_control/exomeSnp_batchEffect/makeSomaIBDHighQual.py
> ./pysrc/quality_control/.gitignore
> ./pysrc/quality_control/mafsAndNans
> ./pysrc/quality_control/mafsAndNans/createSomeHistograms.py
> ./pysrc/quality_control/mutectQC
> ./pysrc/quality_control/mutectQC/checkPostFiltered.py
> ./pysrc/quality_control/mutectQC/plotStats.py
> ./pysrc/quality_control/parsing
> ./pysrc/quality_control/parsing/affyChiptoAlleles.py
> ./pysrc/quality_control/parsing/check_exom_snp_correlation.py
> ./pysrc/quality_control/parsing/plot_exome_filters.py
> ./pysrc/quality_control/rppa
> ./pysrc/quality_control/rppa/plot_rppa.py
> ./pysrc/quality_control/somaVsGermline
> ./pysrc/quality_control/somaVsGermline/create_soma_index_max.py
> ./pysrc/quality_control/somaVsGermline/create_soma_index_mine.py
> ./pysrc/quality_control/somaVsGermline/create_soma_index.py
> ./pysrc/quality_control/tieCheck
> ./pysrc/quality_control/tieCheck/diagnoseInflationTies.py
> ./pysrc/quality_control/trans_hits
> ./pysrc/quality_control/trans_hits/generate_trans_candidates.py
> ./pysrc/README.txt
> ./pysrc/resultFileParser
> ./pysrc/resultFileParser/global_correction
> ./pysrc/resultFileParser/global_correction/getMissingValues.py
> ./pysrc/resultFileParser/global_correction/global_correction_expression.py
> ./pysrc/resultFileParser/global_correction/global_correction_Mega.py
> ./pysrc/resultFileParser/global_correction/global_correction_splicing.py
> ./pysrc/resultFileParser/main_manuscript_basic_figtables
> ./pysrc/resultFileParser/main_manuscript_basic_figtables/findDisttoEvent.py
> ./pysrc/resultFileParser/main_manuscript_basic_figtables/generatePlotsAndTables.py
> ./pysrc/resultFileParser/main_manuscript_basic_figtables/icgc_qtl_overviw.py
> ./pysrc/resultFileParser/main_manuscript_basic_figtables/libs
> ./pysrc/resultFileParser/main_manuscript_basic_figtables/libs/fileparser.py
> ./pysrc/resultFileParser/main_manuscript_basic_figtables/libs/__init__.py
> ./pysrc/resultFileParser/main_manuscript_basic_figtables/libs/plotHeatMapCishits.py
> ./pysrc/resultFileParser/main_manuscript_basic_figtables/makeMaf.py
> ./pysrc/resultFileParser/main_manuscript_basic_figtables/motifAnalysisSplice
> ./pysrc/resultFileParser/main_manuscript_basic_figtables/motifAnalysisSplice/analyseMotifs.py
> ./pysrc/resultFileParser/main_manuscript_basic_figtables/motifAnalysisSplice/extractSequence.py
> ./pysrc/resultFileParser/main_manuscript_basic_figtables/plotHistTrans.py
> ./pysrc/resultFileParser/main_manuscript_basic_figtables/plotProtDomains.py
> ./pysrc/resultFileParser/main_manuscript_basic_figtables/somaticInQTL.py
> ./pysrc/resultFileParser/parse_hdf5
> ./pysrc/resultFileParser/parse_hdf5/analysis_parser_2.0.py
> ./pysrc/resultFileParser/parse_hdf5/analysis_parser_3.0_cvasmutect_bid.py
> ./pysrc/resultFileParser/parse_hdf5/analysis_parser_3.0_cvasmutect.py
> ./pysrc/resultFileParser/parse_hdf5/analysis_parser_3.0.py
> ./pysrc/resultFileParser/parse_hdf5/analysis_parser_3.0_soma.py
> ./pysrc/resultFileParser/parse_hdf5/runAnalysis_common_effic_gatk_single.py
> ./pysrc/sandbox
> ./pysrc/sandbox/testing_outliers
> ./pysrc/sandbox/testing_outliers/checkBias_2.0.py
> ./pysrc/sandbox/test_mul.py
> ./pysrc/unitTests
> ./pysrc/unitTests/buildUnitTestHdf5.py
> ./pysrc/utilities
> ./pysrc/utilities/annotate_signficant_qv.py
> ./pysrc/utilities/assemble_pvalues.py
> ./pysrc/utilities/biomaps.py
> ./pysrc/utilities/buildKernel.py
> ./pysrc/utilities/burden.py
> ./pysrc/utilities/caching.py
> ./pysrc/utilities/calculate_qvalues_rows.py
> ./pysrc/utilities/checkASEvents.py
> ./pysrc/utilities/convert_hdf5_csv.py
> ./pysrc/utilities/data.py
> ./pysrc/utilities/fdr.py
> ./pysrc/utilities/genenames
> ./pysrc/utilities/gnNameTindex.py
> ./pysrc/utilities/hdf5.py
> ./pysrc/utilities/implement_kernel.py
> ./pysrc/utilities/__init__.py
> ./pysrc/utilities/limix_wrapper.py
> ./pysrc/utilities/loadJobPara.py
> ./pysrc/utilities/myLogger.py
> ./pysrc/utilities/names.py
> ./pysrc/utilities/plotting2.py
> ./pysrc/utilities/plotting.py
> ./pysrc/utilities/precompute_kernel.py
> ./pysrc/utilities/preprocess.py
> ./pysrc/utilities/readSubset.py
> ./pysrc/utilities/run_panama.py
> ./pysrc/utilities/simulateData.py
> ./pysrc/utilities/tcgaids.py
> ./pysrc/utilities/tsvreader.py
> ./pysrc/utilities/usefulTools.py
> ./pysrc/utilities/varianceFit.py
> ./pysrc/utilities/write_pvalues_one.py
> ./README.md
> ./rerun2015
> ./rerun2015/alt_splice
> ./rerun2015/alt_splice/collect_event_filter.py
> ./rerun2015/alt_splice/collect_event_filter.sh
> ./rerun2015/alt_splice/convert_npz_to_hdf5.py
> ./rerun2015/alt_splice/filter_events_impact.py
> ./rerun2015/alt_splice/filter_events_impact.sh
> ./rerun2015/alt_splice/filter_events_impact_very_strict.sh
> ./rerun2015/alt_splice/filter_events.py
> ./rerun2015/alt_splice/filter_events.sh
> ./rerun2015/alt_splice/filter_events_strict.sh
> ./rerun2015/alt_splice/filter_events_very_strict.sh
> ./rerun2015/alt_splice/plot_filter_events.py
> ./rerun2015/alt_splice/plot_filter_events.sh
> ./rerun2015/alt_splice/prep_alt_splice.sh
> ./rerun2015/alt_splice/run_alt_splice_A35.sh
> ./rerun2015/alt_splice/run_alt_splice_A5.sh
> ./rerun2015/alt_splice/run_alt_splice.anno.hg38.sh
> ./rerun2015/alt_splice/run_alt_splice.anno.hg38.single.sh
> ./rerun2015/alt_splice/run_alt_splice.anno.hg38_ucsc.sh
> ./rerun2015/alt_splice/run_alt_splice_ES.sh
> ./rerun2015/alt_splice/run_alt_splice.gtex.ES.sh
> ./rerun2015/alt_splice/run_alt_splice.gtex.sh
> ./rerun2015/alt_splice/run_alt_splice_IR.sh
> ./rerun2015/alt_splice/run_alt_splice.sh
> ./rerun2015/alt_splice/run_filter_cluster.sh
> ./rerun2015/alt_splice/tumor_specific_splicing
> ./rerun2015/alt_splice/tumor_specific_splicing/compare_TCGAvsNormals.gtex_mumbai.census.py
> ./rerun2015/alt_splice/tumor_specific_splicing/compare_TCGAvsNormals.gtex_mumbai.py
> ./rerun2015/alt_splice/tumor_specific_splicing/compare_TCGAvsNormals.py
> ./rerun2015/alt_splice/tumor_specific_splicing/__init__.py
> ./rerun2015/alt_splice/tumor_specific_splicing/samples.py
> ./rerun2015/alt_splice/tumor_specific_splicing/utils.py
> ./rerun2015/.gitignore
> ./rerun2015/qc
> ./rerun2015/qc/correlate_counts.py
> ./rerun2015/qc/generate_qc_mastertable.py
> ./rerun2015/qc/helpers.py
> ./rerun2015/qc/plot_fastqc_overview.py
> ./rerun2015/qc/quantify_degradation_genes.py
> ./rerun2015/qc/run_plot_fastqc_overview_pancan.sh
> ./rerun2015/qc/translate_degradation_genes.py
> ./rerun2015/qc/utils.py
> ./rerun2015/query_metadata
> ./rerun2015/query_metadata/filter_metadata.py
> ./rerun2015/query_metadata/filter_metadata_strict.py
> ./rerun2015/query_metadata/query_cghub.sh
> ./rerun2015/query_metadata/split_xml.py
> ./rerun2015/sample_processing_exome
> ./rerun2015/sample_processing_exome/build_vanilla_genome.sh
> ./rerun2015/sample_processing_exome/check_sample_status.sh
> ./rerun2015/sample_processing_exome/download_sample.sh
> ./rerun2015/sample_processing_exome/link_bam_files.sh
> ./rerun2015/sample_processing_exome/merge_genomes.py
> ./rerun2015/sample_processing_exome/merge_gvcfs_one.sh
> ./rerun2015/sample_processing_exome/merge_gvcfs_pancan12.sh
> ./rerun2015/sample_processing_exome/merge_gvcfs.sh
> ./rerun2015/sample_processing_exome/postprocess_reheadered_samples.sh
> ./rerun2015/sample_processing_exome/process_sample_one_exome.sh
> ./rerun2015/sample_processing_exome/process_samples.sh
> ./rerun2015/sample_processing_exome/reheader_samples.sh
> ./rerun2015/sample_processing_exome/run_joint_calling_chunked_one.sh
> ./rerun2015/sample_processing_exome/run_joint_calling_chunked_pancan12_one.sh
> ./rerun2015/sample_processing_exome/run_joint_calling_chunked_pancan12.sh
> ./rerun2015/sample_processing_exome/run_joint_calling_chunked.sh
> ./rerun2015/sample_processing_exome/run_joint_calling.sh
> ./rerun2015/sample_processing_exome/run_joint_calling_testing.sh
> ./rerun2015/sample_processing_exome/run_joint_calling_testing_subsample.sh
> ./rerun2015/sample_processing_rna
> ./rerun2015/sample_processing_rna/collect_counts2.py
> ./rerun2015/sample_processing_rna/collect_counts.py
> ./rerun2015/sample_processing_rna/collect_counts.sh
> ./rerun2015/sample_processing_rna/collect_quick_align_stats.py
> ./rerun2015/sample_processing_rna/process_sample_one.sh
> ./rerun2015/sample_processing_rna/process_samples.sh
> ./rerun2015/sample_processing_rna/run_fastqc_one.sh
> ./terminal-utrs
> ./terminal-utrs/genes.list
> ./terminal-utrs/script.sh
> ./terminal-utrs/terminal-regions+5k.bed
> ./terminal-utrs/terminal-regions+5k.chr-.bed
> ./terminal-utrs/terminal-regions+5k.chr.bed
> ./terminal-utrs/terminal-regions+5k.chr+-.bed
> ./terminal-utrs/terminal-regions.gff
> ./terminal-utrs/terminal-utrs.gff
> ./variants
> ./variants/call_one.sh
> ./variants/call.sh
> ./variants/clean_exome.sh
> ./variants/clean_rnaseq.sh
> ./variants/extract_bambed_one_path.sh
> ./variants/extract_bambed_one.sh
> ./variants/extract_bambed_path.sh
> ./variants/extract_bambed.sh
> ./variants/find_WGS_pairs.py
> ./variants/fix.sh
> ./variants/.gitignore
> ./variants/kill_normals.sh
> ./variants/re_sort_ref_mutect.py
> ./variants/run_gatk_exome.final.sh
> ./variants/run_gatk_exome_one.final.sh
> ./variants/run_gatk_exome_one.sh
> ./variants/run_gatk_exome.sh
> ./variants/run_gatk_genome_one.sh
> ./variants/run_gatk_genome.sh
> ./variants/run_mutect_wgs_.sh
> ./variants/run_mutect_wgs.sh
> ./variants/sanity_check.sh
> ./variants/vep_one.sh
> ./variants/vep.sh
> ./viz
> ./viz/plot_mut_features.py
> ./viz/plot_pancan_cis_candidates2.sh
> ./viz/plot_pancan_cis_candidates.sh
> ./viz/plot_thca.sh
