> ./pip
> ./pip/boxplot_H3k27ac_meth_gt2.png
> ./pip/boxplot_H3k27me3_meth_gt2.png
> ./pip/boxplot_H3k36me3_meth_gt2.png
> ./pip/boxplot_H3k4me1_meth_gt2.png
> ./pip/boxplot_H3k4me2_meth_gt2.png
> ./pip/boxplot_H3k4me3_meth_gt2.png
> ./pip/boxplot_H3k9ac_meth_gt2.png
> ./pip/boxplot_median.pdf
> ./pip/boxplot_meth_gt2.png
> ./pip/boxplot_raw.pdf
> ./pip/boxplot_sum.pdf
> ./pip/boxplot_uq.pdf
> ./pip/dataSummary.ai
> ./pip/dataSummary.pdf
> ./pip/densityPlot_covSum.png
> ./pip/error.png
> ./pip/figure_2.png
> ./pip/geneBoxPlot.png
> ./pip/geneExpBox.png
> ./pip/H3k27ac.png
> ./pip/H3k27me3.png
> ./pip/H3k36me3.png
> ./pip/H3k4me1.png
> ./pip/H3k4me2.png
> ./pip/H3k4me3.png
> ./pip/H3k9ac.png
> ./pip/meansHist.pdf
> ./pip/methylsite.png
> ./pip/mse_meth_complete.png
> ./pip/nanFracByGenes.pdf
> ./pip/nanFrac_ExonVsGenes.ai
> ./pip/nanFrac_ExonVsGenes.pdf
> ./pip/nanFracHist.pdf
> ./pip/pluMinSig.pdf
> ./pip/sdHist.pdf
> ./pip/sumHist.pdf
> ./pip/txPerGene.png
> ./pip/xBoxplot_normalized.png
> ./pip/xBoxplot.png
> ./pip/xBoxplot_unnormalized.png
> ./pip/xViolinPlot.png
> ./readme
> ./src
> ./src/140414_ipy.py
> ./src/batch
> ./src/batch/python_wrap_xval.sh
> ./src/batch/run_xval_all.sh
> ./src/batch/xval_h3k27ac.sh
> ./src/batch/xval_h3k27me3.sh
> ./src/batch/xval_h3k36me3.sh
> ./src/batch/xval_h3k4me1.sh
> ./src/batch/xval_h3k4me2.sh
> ./src/batch/xval_h3k4me3.sh
> ./src/batch/xval_h3k9ac.sh
> ./src/batch/xval_params.txt
> ./src/batch/xval.sh
> ./src/densityQoiPlot.py
> ./src/genAvgsFrmMeanBest.py
> ./src/genNanFrac_byExons.py
> ./src/genPluMinComp.py
> ./src/genRnaSeqCov.py
> ./src/genSummaryRna.py
> ./src/libs
> ./src/libs/compute_cost.py
> ./src/libs/gen_results_folder.py
> ./src/libs/genResultsFolder.py
> ./src/libs/genResultsFolder.pyc
> ./src/libs/getExonInfo.py
> ./src/libs/getExonInfo.pyc
> ./src/libs/getGeneInfo.py
> ./src/libs/getGeneInfo.pyc
> ./src/libs/gradient_descent.py
> ./src/libs/__init__.py
> ./src/libs/__init__.pyc
> ./src/libs/lin_reg.py
> ./src/libs/loadBw.py
> ./src/libs/loadBw.pyc
> ./src/libs/loadHm.py
> ./src/libs/normal_eqn.py
> ./src/libs/processHm.py
> ./src/libs/saveHdf5.py
> ./src/libs/saveHdf5.pyc
> ./src/lin_reg_unit_test.py
> ./src/methyl_array_rrbs.py
> ./src/mse_cv_withincl.py
> ./src/mseEval_main.py
> ./src/mseEval_ppg.py
> ./src/mseEval.py
> ./src/mseEval_qc.py
> ./src/mse_frm_procs.py
> ./src/mse_meth_frm_procs.py
> ./src/mse_meth.py
> ./src/msePhm.py
> ./src/mseTxVec.py
> ./src/old_lin_model.py
> ./src/plot_ppg_weights.py
> ./src/plot_xval_binmed_txmean.py
> ./src/plot_xval_binmed_txmed.py
> ./src/plot_xval_ppg_fold.py
> ./src/plot_xval_ppg_fold_skl.py
> ./src/plot_xval_ppg_foldsum.py
> ./src/plot_xval_ppg.py
> ./src/pltCoefMat.py
> ./src/pltMseMeth.py
> ./src/pltXyRanges.py
> ./src/prep_ex_meth.py
> ./src/rcstrctn_ge.py
> ./src/save_norm_vals.py
> ./src/smmrzMse.py
> ./src/vizPluMinComp.py
> ./src/vizRnaSeqCov.py
> ./src/vizScatterNansExon.py
> ./src/vizScatterNansGene.py
> ./src/vizScatterNans.py
> ./src/xval_mse_ppg.py
> ./src/xval_mse_ppg_sklearn.py
> ./src/xval_mse.py
> ./src/xval_ppg_fold_med.py
> ./src/xval_ppg_fold.py
> ./src/xval_ppg_fold_savetheta.py
> ./src/xval_ppg_fold_skl.py
> ./src/xval_ppg_fold_theta.py
> ./src/xval_ppg_med_nc.py
> ./tex
> ./tex/2014_ace
> ./tex/2014_ace/bin_comp.png
> ./tex/2014_ace/figs
> ./tex/2014_ace/figs/ACE_geneTrack_0.pdf
> ./tex/2014_ace/figs/ACE_geneTrack.pdf
> ./tex/2014_ace/figs/aim1_1.png
> ./tex/2014_ace/figs/aim1_2method.png
> ./tex/2014_ace/figs/aim1_2.png
> ./tex/2014_ace/figs/aim1_3.png
> ./tex/2014_ace/figs/aim1_bubbles.ai
> ./tex/2014_ace/figs/aim1_factors.pdf
> ./tex/2014_ace/figs/aim2_1.png
> ./tex/2014_ace/figs/aim2_2.png
> ./tex/2014_ace/figs/aim2.png
> ./tex/2014_ace/figs/aims.png
> ./tex/2014_ace/figs/dongComic.pdf
> ./tex/2014_ace/figs/epiCanQuadrant.pdf
> ./tex/2014_ace/figs/exampleTrack.ai
> ./tex/2014_ace/figs/exampleTrack.pdf
> ./tex/2014_ace/figs/genomeTracks-linModel-4.pdf
> ./tex/2014_ace/figs/genomeTrackslinModel.pdf
> ./tex/2014_ace/figs/gm12878HmBin.png
> ./tex/2014_ace/figs/Gm12878SitesRep1.png
> ./tex/2014_ace/figs/gm12878_x.png
> ./tex/2014_ace/figs/H1hescSitesRep1.png
> ./tex/2014_ace/figs/H3k27ac.png
> ./tex/2014_ace/figs/H3k27me3.png
> ./tex/2014_ace/figs/H3k36me3_cl_alphaLine_linreg.png
> ./tex/2014_ace/figs/H3k36me3.png
> ./tex/2014_ace/figs/H3k4me1.png
> ./tex/2014_ace/figs/H3k4me2.png
> ./tex/2014_ace/figs/H3k4me3_box.png
> ./tex/2014_ace/figs/H3k4me3.png
> ./tex/2014_ace/figs/H3k9ac.png
> ./tex/2014_ace/figs/lambda.png
> ./tex/2014_ace/figs/matcoefXNormNormVal.pdf
> ./tex/2014_ace/figs/mse_boxes_bootstrap.png
> ./tex/2014_ace/figs/mse_boxes_linreg.png
> ./tex/2014_ace/figs/mse_meth.png
> ./tex/2014_ace/figs/reconstruction_2.png.ai
> ./tex/2014_ace/figs/reconstruction.pdf
> ./tex/2014_ace/figs/reconstruction.png
> ./tex/2014_ace/figs/rec.png
> ./tex/2014_ace/figs/reg_coefficients.png
> ./tex/2014_ace/figs/transcriptHm.pdf
> ./tex/2014_ace/figs/xval_H3k27ac_boxplot_whisk_sum.png
> ./tex/2014_ace/figs/xval_H3k27me3_boxplot_whisk_sum.png
> ./tex/2014_ace/figs/xval_H3k36me3_boxplot_whisk_sum.png
> ./tex/2014_ace/figs/xval_H3k4me1_boxplot_whisk_sum.png
> ./tex/2014_ace/figs/xval_H3k4me2_boxplot_whisk_sum.png
> ./tex/2014_ace/figs/xval_H3k4me3_boxplot_whisk_sum.png
> ./tex/2014_ace/figs/xval_H3k9ac_boxplot_whisk_sum.png
> ./tex/2014_ace/figs/xval.pdf
> ./tex/2014_ace/Kuo_Ace_2014.pdf
> ./tex/2014_ace/report.bib
> ./tex/2014_ace/report-blx.bib
> ./tex/2014_ace/report.run.xml
> ./tex/2014_ace/report.tex
> ./tex/2014_ace/trimmings.txt
> ./tex/ace
> ./tex/ace/extra.tex
> ./tex/ace/fig
> ./tex/ace/fig/annotatedplot.png
> ./tex/ace/fig/boxplot_counts.png
> ./tex/ace/fig/BvsInputavg_signal.png
> ./tex/ace/fig/BvsInputheatmap.png
> ./tex/ace/fig/cdf_pdf.png
> ./tex/ace/fig/chromhmm_poster.png
> ./tex/ace/fig/DvsInputavg_signal.png
> ./tex/ace/fig/DvsInputheatmap.png
> ./tex/ace/fig/dyn_enhancer_MAplot_gamma_div_rest.png
> ./tex/ace/fig/fig1_1_bokeh_h3k27acr2.png
> ./tex/ace/fig/fig2_1_schematic.png
> ./tex/ace/fig/fisher_p.png
> ./tex/ace/fig/fisher_t_pvalcomparison.png
> ./tex/ace/fig/gene_recur_cnt.png
> ./tex/ace/fig/gene_snp_pval_comparison.png
> ./tex/ace/fig/hist_gene_mut_allcollapse.png
> ./tex/ace/fig/hist_gene_mut.png
> ./tex/ace/fig/hist_gene_mut_top_fitcons_collapse.png
> ./tex/ace/fig/icgc_meanvar.png
> ./tex/ace/fig/idh_hexbin_log.png
> ./tex/ace/fig/idh_hexbin.png
> ./tex/ace/fig/ifn_jak_stat.ai
> ./tex/ace/fig/ifn_jak_stat_cp_jak_cp.png
> ./tex/ace/fig/ifn_jak_stat_jak.png
> ./tex/ace/fig/ifn_jak_stat_lps_jak_stat_lps.png
> ./tex/ace/fig/ifn_jak_stat.png
> ./tex/ace/fig/il6_igv.png
> ./tex/ace/fig/inv_norm_rpkm.png
> ./tex/ace/fig/lncRNA_maplot.png
> ./tex/ace/fig/lrt_pvals_snp_meth.png
> ./tex/ace/fig/lrt_pvalue.png
> ./tex/ace/fig/mean_var_rpkm.png
> ./tex/ace/fig/merge_venn.pdf
> ./tex/ace/fig/naive_prime_challenged_jak_stat_lps.png
> ./tex/ace/fig/pairplot_sig_int.png
> ./tex/ace/fig/pik3ca_probe.png
> ./tex/ace/fig/pvals.png
> ./tex/ace/fig/recur_gene_bar.png
> ./tex/ace/fig/recur_gene_cdf.png
> ./tex/ace/fig/rnaseq_maplot.png
> ./tex/ace/fig/scatter_alpha.png
> ./tex/ace/fig/sig_meth_lrt.png
> ./tex/ace/fig/STAT_dir_indir_coop.png
> ./tex/ace/fig/testavg_signal.png
> ./tex/ace/fig/testheatmap.png
> ./tex/ace/fig/Wilusz_lncRNA_fig.png
> ./tex/ace/fig/zscan18_rho_pval.png
> ./tex/ace/graphics.tex
> ./tex/ace/Makefile
> ./tex/aceOral
> ./tex/aceOral/ace_070214.pptx
> ./tex/aceOral/ace_071714.pptx
> ./tex/aceOral/ace_references.bib
> ./tex/aceOral/cbioportaldata.xlsx
> ./tex/aceOral/epi_gene_list.txt
> ./tex/aceOral/figs
> ./tex/aceOral/figs/driver.txt
> ./tex/aceOral/figs/drkMtrFigs.Rhist
> ./tex/aceOral/figs/epiCanQuadrant-1.pdf
> ./tex/aceOral/figs/epiCanQuadrant-2.pdf
> ./tex/aceOral/figs/epiCanQuadrant-3.pdf
> ./tex/aceOral/figs/epiCanQuadrant-4.pdf
> ./tex/aceOral/figs/epiCanQuadrant.ai
> ./tex/aceOral/figs/epiCanQuadrant-chromSt.pdf
> ./tex/aceOral/figs/epiCanQuadrant-Dong.pdf
> ./tex/aceOral/figs/epiCanQuadrant-noncanPred.pdf
> ./tex/aceOral/figs/genomeTracksBase-0.pdf
> ./tex/aceOral/figs/genomeTracksBase-1.pdf
> ./tex/aceOral/figs/genomeTracksBase-2.pdf
> ./tex/aceOral/figs/genomeTracksBase-3.ai
> ./tex/aceOral/figs/genomeTracksBase-3.pdf
> ./tex/aceOral/figs/genomeTracksBase-4.pdf
> ./tex/aceOral/figs/genomeTracksBase-5.pdf
> ./tex/aceOral/figs/genomeTracksBase-6.pdf
> ./tex/aceOral/figs/genomeTracksBase.ai
> ./tex/aceOral/figs/genomeTracksBase-chromComic.pdf
> ./tex/aceOral/figs/genomeTracksBase-chromhmm.pdf
> ./tex/aceOral/figs/genomeTracksBase-dongComic1.pdf
> ./tex/aceOral/figs/genomeTracksBase-dongComic2.pdf
> ./tex/aceOral/figs/genomeTracksBase-dongComic3.pdf
> ./tex/aceOral/figs/genomeTracksBase-dongComic4.pdf
> ./tex/aceOral/figs/genomeTracksBase-dongEx.pdf
> ./tex/aceOral/figs/genomeTracksBase-final.pdf
> ./tex/aceOral/figs/genomeTracksBase.pdf
> ./tex/aceOral/figs/genomeTracksBase.pdf-01.ai
> ./tex/aceOral/figs/genomeTracksBase.pdf-02.ai
> ./tex/aceOral/figs/genomeTracksBase.pdf-0.ai
> ./tex/aceOral/figs/genomeTracksBase.pdf.ai
> ./tex/aceOral/figs/genomeTracks-canTran1.pdf
> ./tex/aceOral/figs/genomeTracks-canTran2.pdf
> ./tex/aceOral/figs/genomeTracks-linModel-1.pdf
> ./tex/aceOral/figs/genomeTracks-linModel-2.pdf
> ./tex/aceOral/figs/genomeTracks-linModel-3.pdf
> ./tex/aceOral/figs/genomeTracks-linModel.pdf
> ./tex/aceOral/figs/genomeTracks-myModel.ai
> ./tex/aceOral/figs/genomeTracks-repression-0.pdf
> ./tex/aceOral/figs/genomeTracks-repression-1.pdf
> ./tex/aceOral/figs/genomeTracks-repression-2.pdf
> ./tex/aceOral/figs/genomeTracks-repression-3.pdf
> ./tex/aceOral/figs/hist.txt
> ./tex/aceOral/figs/Jakovcevski_NatureMed_12.jpg
> ./tex/aceOral/figs/Jakovcevski_NatureMed_12.pdf
> ./tex/aceOral/figs/longTail_1.ai
> ./tex/aceOral/figs/longTail_1.pdf
> ./tex/aceOral/figs/longTailAnnotate-0.pdf
> ./tex/aceOral/figs/longTailAnnotate-1.pdf
> ./tex/aceOral/figs/longTailAnnotate-2.pdf
> ./tex/aceOral/figs/longTailAnnotate.pdf
> ./tex/aceOral/figs/mutations.pdf
> ./tex/aceOral/figs/questLove.pdf
> ./tex/aceOral/figs/smoothing-0 copy.pdf
> ./tex/aceOral/figs/smoothing-0.pdf
> ./tex/aceOral/figs/smoothing-final.pdf
> ./tex/aceOral/figs/smoothing.pdf
> ./tex/aceOral/msk
> ./tex/aceOral/msk/548MSKLockup.eps
> ./tex/aceOral/msk/548MSKLockup.pdf
> ./tex/aceOral/msk/548MSKLockup_slogan.eps
> ./tex/aceOral/msk/548MSKLockup_slogan-eps-converted-to.pdf
> ./tex/aceOral/msk/cbio_logo.png
> ./tex/aceOral/msk/MSKCC_gradient.pdf
> ./tex/aceOral/msk/MSKCC_head2.pdf
> ./tex/aceOral/msk/MSKCC_head.pdf
> ./tex/aceOral/msk/MSKCC_title.pdf
> ./tex/aceOral/msk/MSKCC_title.png
> ./tex/aceOral/msk/MSKLockup.eps
> ./tex/aceOral/msk/MSKLockup_slogan.eps
> ./tex/aceOral/msk/MSK-Logo-light.pdf
> ./tex/aceOral/msk/Style.pdf
> ./tex/aceOral/msk/Template2.pot
> ./tex/aceOral/msk/Template.pot
> ./tex/ace/plan.txt
> ./tex/ace/report.bib
> ./tex/ace/report_meth.tex
> ./tex/ace/report.tex
> ./tex/ace/unsrt85.bst
> ./tex/brainStorm
> ./tex/brainStorm/figs
> ./tex/brainStorm/figs/transcriptHm.ai
> ./tex/brainStorm/figs/transcriptHm.pdf
> ./tex/brainStorm/report-blx.bib
> ./tex/brainStorm/report.pdf
> ./tex/brainStorm/report.run.xml
> ./tex/brainStorm/report.tex
> ./tex/chipTechReport
> ./tex/chipTechReport/figs
> ./tex/chipTechReport/figs/dataSummary.ai
> ./tex/chipTechReport/figs/densityPlot_covSum.png
> ./tex/chipTechReport/figs/geneBoxPlot.png
> ./tex/chipTechReport/figs/geneExpBox.png
> ./tex/chipTechReport/figs/gene_set_mockup.png
> ./tex/chipTechReport/figs/gm12878HmBin.png
> ./tex/chipTechReport/figs/gm12878_x.png
> ./tex/chipTechReport/figs/maplot_deseq1.pdf
> ./tex/chipTechReport/figs/maplot_deseq2.pdf
> ./tex/chipTechReport/figs/mse.png
> ./tex/chipTechReport/figs/venn_sig_genes.pdf
> ./tex/chipTechReport/figs/xSigDoodle.ai
> ./tex/chipTechReport/report.bib
> ./tex/chipTechReport/report.tex
> ./tex/dataReport
> ./tex/dataReport/figs
> ./tex/dataReport/figs/boxplot_median.pdf
> ./tex/dataReport/figs/boxplot_raw.pdf
> ./tex/dataReport/figs/boxplot_sum.pdf
> ./tex/dataReport/figs/boxplot_uq.pdf
> ./tex/dataReport/figs/dataSummary.ai
> ./tex/dataReport/figs/dataSummary.pdf
> ./tex/dataReport/figs/densityPlot_covSum.png
> ./tex/dataReport/figs/geneBoxPlot.png
> ./tex/dataReport/figs/geneExpBox.png
> ./tex/dataReport/figs/gm12878HmBin.png
> ./tex/dataReport/figs/gm12878_x.png
> ./tex/dataReport/figs/meansHist.pdf
> ./tex/dataReport/figs/mse.png
> ./tex/dataReport/figs/nanFracByGenes.pdf
> ./tex/dataReport/figs/nanFracHist.pdf
> ./tex/dataReport/figs/pluMinSig.pdf
> ./tex/dataReport/figs/sdHist.pdf
> ./tex/dataReport/figs/sumHist.pdf
> ./tex/dataReport/figs/xSigDoodle.ai
> ./tex/dataReport/figs/xSigDoodle.pdf
> ./tex/dataReport/report.bbl
> ./tex/dataReport/report.bib
> ./tex/dataReport/report.blg
> ./tex/dataReport/report-blx.bib
> ./tex/dataReport/report.run.xml
> ./tex/dataReport/report.tex
> ./tex/enhancer_gene
> ./tex/enhancer_gene/report.tex
> ./tex/ivashkiv_2016
> ./tex/ivashkiv_2016/backup_figs
> ./tex/ivashkiv_2016/backup_figs/A_pu1.png
> ./tex/ivashkiv_2016/backup_figs/batch_lps_ifng_pca.png
> ./tex/ivashkiv_2016/backup_figs/batch_pca.png
> ./tex/ivashkiv_2016/backup_figs/batch_shape_ifng_pca.png
> ./tex/ivashkiv_2016/backup_figs/B_IRNS.png
> ./tex/ivashkiv_2016/backup_figs/C_AP1.png
> ./tex/ivashkiv_2016/backup_figs/cellD_15_overlap.png
> ./tex/ivashkiv_2016/backup_figs/cellD_emissions_15.png
> ./tex/ivashkiv_2016/backup_figs/chrom_Hmm_fig.png
> ./tex/ivashkiv_2016/backup_figs/chromhmm_poster.png
> ./tex/ivashkiv_2016/backup_figs/D_CTCF.png
> ./tex/ivashkiv_2016/backup_figs/gamma_03_06_36_lps_venn_nd.png
> ./tex/ivashkiv_2016/backup_figs/gamma_0lps_resultsvolcano.png
> ./tex/ivashkiv_2016/backup_figs/gamma_3lps_resultsvolcano.png
> ./tex/ivashkiv_2016/backup_figs/gamma_6lps_resultsvolcano.png
> ./tex/ivashkiv_2016/backup_figs/gamma_lps_03_resultsvolcano.png
> ./tex/ivashkiv_2016/backup_figs/gamma_lps_06_resultsvolcano.png
> ./tex/ivashkiv_2016/backup_figs/gamma_lps_36_resultsvolcano.png
> ./tex/ivashkiv_2016/backup_figs/gene_expression_pca_ifng.png
> ./tex/ivashkiv_2016/backup_figs/gene_expression_pca_lps.png
> ./tex/ivashkiv_2016/backup_figs/g_minus_00_33_66_venn_nd.png
> ./tex/ivashkiv_2016/backup_figs/ifng_pca.png
> ./tex/ivashkiv_2016/backup_figs/ifn_jak_stat.png
> ./tex/ivashkiv_2016/backup_figs/il6_igv.png
> ./tex/ivashkiv_2016/backup_figs/lps_pca.png
> ./tex/ivashkiv_2016/backup_figs/min_03_results_noGeneDescvolcano.png
> ./tex/ivashkiv_2016/backup_figs/min_06_results_noGeneDescvolcano.png
> ./tex/ivashkiv_2016/backup_figs/min_36_results_noGeneDescvolcano.png
> ./tex/ivashkiv_2016/backup_figs/nogamma_03_06_36_venn_nd.png
> ./tex/ivashkiv_2016/backup_figs/platanias_stat_schematic.jpg
> ./tex/ivashkiv_2016/backup_figs/pnpt1.png
> ./tex/ivashkiv_2016/backup_figs/resultsvolcano.png
> ./tex/ivashkiv_2016/backup_figs/spval_h3k27pval.png
> ./tex/ivashkiv_2016/backup_figs/STAT_dir_indir_coop.png
> ./tex/ivashkiv_2016/backup_figs/TNF_igv.png
> ./tex/ivashkiv_2016/figs
> ./tex/ivashkiv_2016/figs/A_pu1.png
> ./tex/ivashkiv_2016/figs/batch_lps_ifng_pca_groups.png
> ./tex/ivashkiv_2016/figs/batch_lps_ifng_pca_groups.png.ai
> ./tex/ivashkiv_2016/figs/batch_lps_ifng_pca.png
> ./tex/ivashkiv_2016/figs/batch_shape_ifng_pca.png
> ./tex/ivashkiv_2016/figs/B_IRNS.png
> ./tex/ivashkiv_2016/figs/C_AP1.png
> ./tex/ivashkiv_2016/figs/cellD_15_overlap.png
> ./tex/ivashkiv_2016/figs/cellD_emissions_15.png
> ./tex/ivashkiv_2016/figs/chromhmm_comparison.ai
> ./tex/ivashkiv_2016/figs/chrom_Hmm_fig_1.png
> ./tex/ivashkiv_2016/figs/chrom_Hmm_fig_2.png
> ./tex/ivashkiv_2016/figs/chrom_Hmm_fig.png
> ./tex/ivashkiv_2016/figs/chromhmm_poster.png
> ./tex/ivashkiv_2016/figs/cp_peak_height_ratio.png
> ./tex/ivashkiv_2016/figs/cp_plu_min_peak_height_all.png
> ./tex/ivashkiv_2016/figs/cp_plu_min_peak_height.png
> ./tex/ivashkiv_2016/figs/cp_plu_min_peak_height_rep1.png
> ./tex/ivashkiv_2016/figs/cp_plu_min_peak_height_rep2.png
> ./tex/ivashkiv_2016/figs/D_CTCF.png
> ./tex/ivashkiv_2016/figs/gamma_03_06_36_lps_venn_nd.png
> ./tex/ivashkiv_2016/figs/gamma_0lps_resultsvolcano.png
> ./tex/ivashkiv_2016/figs/gamma_3lps_resultsvolcano.png
> ./tex/ivashkiv_2016/figs/gamma_6lps_resultsvolcano.png
> ./tex/ivashkiv_2016/figs/gamma_lps_03_resultsvolcano.png
> ./tex/ivashkiv_2016/figs/gamma_lps_06_resultsvolcano.png
> ./tex/ivashkiv_2016/figs/gamma_lps_36_resultsvolcano.png
> ./tex/ivashkiv_2016/figs/g_minus_00_33_66_venn_nd.png
> ./tex/ivashkiv_2016/figs/ifn_jak_stat_cp_jak_cp.png
> ./tex/ivashkiv_2016/figs/ifn_jak_stat_lps.png
> ./tex/ivashkiv_2016/figs/ifn_jak_stat.png
> ./tex/ivashkiv_2016/figs/il6_igv.png
> ./tex/ivashkiv_2016/figs/IRF2_D3CP.png
> ./tex/ivashkiv_2016/figs/IRF2_D3.png
> ./tex/ivashkiv_2016/figs/min_03_results_noGeneDescvolcano.png
> ./tex/ivashkiv_2016/figs/min_06_results_noGeneDescvolcano.png
> ./tex/ivashkiv_2016/figs/min_36_results_noGeneDescvolcano.png
> ./tex/ivashkiv_2016/figs/nogamma_03_06_36_venn_nd.png
> ./tex/ivashkiv_2016/figs/peakheight_fpkm.png
> ./tex/ivashkiv_2016/figs/PIK3CA_57072_resid_type_scatterMatrix.png
> ./tex/ivashkiv_2016/figs/pik3ca_probe.png
> ./tex/ivashkiv_2016/figs/pipeline_0.png
> ./tex/ivashkiv_2016/figs/pipeline_1.png
> ./tex/ivashkiv_2016/figs/pipeline_2.png
> ./tex/ivashkiv_2016/figs/pipeline_3.png
> ./tex/ivashkiv_2016/figs/pipeline.ai
> ./tex/ivashkiv_2016/figs/platanias_stat_schematic.jpg
> ./tex/ivashkiv_2016/figs/pnpt1.png
> ./tex/ivashkiv_2016/figs/resultsvolcano.png
> ./tex/ivashkiv_2016/figs/spval_h3k27pval.png
> ./tex/ivashkiv_2016/figs/STAT_dir_indir_coop.png
> ./tex/ivashkiv_2016/figs/TNF_a.png
> ./tex/ivashkiv_2016/figs/TNF_b.png
> ./tex/ivashkiv_2016/figs/TNF_c3.png
> ./tex/ivashkiv_2016/figs/TNF_c6.png
> ./tex/ivashkiv_2016/figs/tnf_cov_plot.png
> ./tex/ivashkiv_2016/figs/TNF_d3.png
> ./tex/ivashkiv_2016/figs/TNF_d6.png
> ./tex/ivashkiv_2016/figs/TNF_igv.png
> ./tex/ivashkiv_2016/figs/TNF_igv.png.ai
> ./tex/ivashkiv_2016/figs/venn_base.png
> ./tex/ivashkiv_2016/figs/venn_full.png
> ./tex/ivashkiv_2016/figs/venn_g0g3_g3g6.ai
> ./tex/ivashkiv_2016/figs/ZaidiMerlino_ClinCanRes_11.jpg
> ./tex/ivashkiv_2016/msk
> ./tex/ivashkiv_2016/msk/548MSKLockup.eps
> ./tex/ivashkiv_2016/msk/548MSKLockup_slogan.eps
> ./tex/ivashkiv_2016/msk/cbio_logo.png
> ./tex/ivashkiv_2016/msk/MSKCC_title.png
> ./tex/ivashkiv_2016/msk/MSKLockup.eps
> ./tex/ivashkiv_2016/msk/MSKLockup_slogan.eps
> ./tex/ivashkiv_2016/msk/Template2.pot
> ./tex/ivashkiv_2016/msk/Template.pot
> ./tex/ivashkiv_2016/talk.tex
> ./tex/ivashkiv_update
> ./tex/ivashkiv_update/figs
> ./tex/ivashkiv_update/figs/A_pu1.png
> ./tex/ivashkiv_update/figs/batch_lps_ifng_pca_groups.png
> ./tex/ivashkiv_update/figs/batch_lps_ifng_pca.png
> ./tex/ivashkiv_update/figs/batch_shape_ifng_pca.png
> ./tex/ivashkiv_update/figs/B_IRNS.png
> ./tex/ivashkiv_update/figs/C_AP1.png
> ./tex/ivashkiv_update/figs/cellD_15_overlap.png
> ./tex/ivashkiv_update/figs/cellD_emissions_15.png
> ./tex/ivashkiv_update/figs/chrom_Hmm_fig_1.png
> ./tex/ivashkiv_update/figs/chrom_Hmm_fig_2.png
> ./tex/ivashkiv_update/figs/chrom_Hmm_fig.png
> ./tex/ivashkiv_update/figs/chromhmm_poster.png
> ./tex/ivashkiv_update/figs/cp_peak_height_ratio.png
> ./tex/ivashkiv_update/figs/cp_plu_min_peak_height_all.png
> ./tex/ivashkiv_update/figs/cp_plu_min_peak_height_rep1.png
> ./tex/ivashkiv_update/figs/cp_plu_min_peak_height_rep2.png
> ./tex/ivashkiv_update/figs/D_CTCF.png
> ./tex/ivashkiv_update/figs/gamma_03_06_36_lps_venn_nd.png
> ./tex/ivashkiv_update/figs/gamma_0lps_resultsvolcano.png
> ./tex/ivashkiv_update/figs/gamma_3lps_resultsvolcano.png
> ./tex/ivashkiv_update/figs/gamma_6lps_resultsvolcano.png
> ./tex/ivashkiv_update/figs/gamma_lps_03_resultsvolcano.png
> ./tex/ivashkiv_update/figs/gamma_lps_06_resultsvolcano.png
> ./tex/ivashkiv_update/figs/gamma_lps_36_resultsvolcano.png
> ./tex/ivashkiv_update/figs/g_minus_00_33_66_venn_nd.png
> ./tex/ivashkiv_update/figs/ifn_jak_stat_cp_jak_cp.png
> ./tex/ivashkiv_update/figs/ifn_jak_stat_lps.png
> ./tex/ivashkiv_update/figs/ifn_jak_stat.png
> ./tex/ivashkiv_update/figs/il6_igv.png
> ./tex/ivashkiv_update/figs/IRF2_D3CP.png
> ./tex/ivashkiv_update/figs/IRF2_D3.png
> ./tex/ivashkiv_update/figs/min_03_results_noGeneDescvolcano.png
> ./tex/ivashkiv_update/figs/min_06_results_noGeneDescvolcano.png
> ./tex/ivashkiv_update/figs/min_36_results_noGeneDescvolcano.png
> ./tex/ivashkiv_update/figs/nogamma_03_06_36_venn_nd.png
> ./tex/ivashkiv_update/figs/peakheight_fpkm.png
> ./tex/ivashkiv_update/figs/pipeline_0.png
> ./tex/ivashkiv_update/figs/pipeline_1.png
> ./tex/ivashkiv_update/figs/pipeline_2.png
> ./tex/ivashkiv_update/figs/pipeline_3.png
> ./tex/ivashkiv_update/figs/platanias_stat_schematic.jpg
> ./tex/ivashkiv_update/figs/pnpt1.png
> ./tex/ivashkiv_update/figs/resultsvolcano.png
> ./tex/ivashkiv_update/figs/spval_h3k27pval.png
> ./tex/ivashkiv_update/figs/STAT_dir_indir_coop.png
> ./tex/ivashkiv_update/figs/TNF_b.png
> ./tex/ivashkiv_update/figs/tnf_cov_plot.png
> ./tex/ivashkiv_update/figs/TNF_d6.png
> ./tex/ivashkiv_update/figs/TNF_igv.png
> ./tex/ivashkiv_update/figs/venn_base.png
> ./tex/ivashkiv_update/figs/venn_full.png
> ./tex/ivashkiv_update/figs/ZaidiMerlino_ClinCanRes_11.jpg
> ./tex/ivashkiv_update/msk
> ./tex/ivashkiv_update/msk/548MSKLockup.eps
> ./tex/ivashkiv_update/msk/548MSKLockup.pdf
> ./tex/ivashkiv_update/msk/548MSKLockup_slogan.eps
> ./tex/ivashkiv_update/msk/548MSKLockup_slogan-eps-converted-to.pdf
> ./tex/ivashkiv_update/msk/cbio_logo.png
> ./tex/ivashkiv_update/msk/MSKCC_gradient.pdf
> ./tex/ivashkiv_update/msk/MSKCC_head2.pdf
> ./tex/ivashkiv_update/msk/MSKCC_head.pdf
> ./tex/ivashkiv_update/msk/MSKCC_title.pdf
> ./tex/ivashkiv_update/msk/MSKCC_title.png
> ./tex/ivashkiv_update/msk/MSKLockup.eps
> ./tex/ivashkiv_update/msk/MSKLockup_slogan.eps
> ./tex/ivashkiv_update/msk/MSK-Logo-light.pdf
> ./tex/ivashkiv_update/msk/Style.pdf
> ./tex/ivashkiv_update/msk/Template2.pot
> ./tex/ivashkiv_update/msk/Template.pot
> ./tex/ivashkiv_update/talk.tex
> ./tex/linModelErrorEvaluation
> ./tex/linModelErrorEvaluation/figs
> ./tex/linModelErrorEvaluation/figs/H3k27ac.png
> ./tex/linModelErrorEvaluation/figs/H3k27me3.png
> ./tex/linModelErrorEvaluation/figs/H3k36me3.png
> ./tex/linModelErrorEvaluation/figs/H3k4me1.png
> ./tex/linModelErrorEvaluation/figs/h3k4me2.png
> ./tex/linModelErrorEvaluation/figs/h3k4me3.png
> ./tex/linModelErrorEvaluation/figs/H3k9ac.png
> ./tex/linModelErrorEvaluation/figs/matcoefXNormNormVal.pdf
> ./tex/linModelErrorEvaluation/figs/matCoefXNormYlBlu.png
> ./tex/linModelErrorEvaluation/figs/matCoefXNormYlBlu.png.ai
> ./tex/linModelErrorEvaluation/q.log
> ./tex/linModelErrorEvaluation/report.aux
> ./tex/linModelErrorEvaluation/report-blx.bib
> ./tex/linModelErrorEvaluation/report.out
> ./tex/linModelErrorEvaluation/report.run.xml
> ./tex/linModelErrorEvaluation/report.tex
> ./tex/pbsb_ret_poster2014
> ./tex/pbsb_ret_poster2014/3042poster_ski_v1.cls
> ./tex/pbsb_ret_poster2014/a0poster_mpi_v2.cls
> ./tex/pbsb_ret_poster2014/a0poster_ski_v1.cls
> ./tex/pbsb_ret_poster2014/a0size.sty
> ./tex/pbsb_ret_poster2014/img
> ./tex/pbsb_ret_poster2014/img/A_pu1.png
> ./tex/pbsb_ret_poster2014/img/B_IRNS.png
> ./tex/pbsb_ret_poster2014/img/C_AP1.png
> ./tex/pbsb_ret_poster2014/img/chromhmm_poster.png
> ./tex/pbsb_ret_poster2014/img/D_CTCF.png
> ./tex/pbsb_ret_poster2014/img/gamma_03_06_36_lps_venn_nd.pdf
> ./tex/pbsb_ret_poster2014/img/gamma_03_06_36_lps_venn.pdf
> ./tex/pbsb_ret_poster2014/img/g_minus_00_33_66_venn_nd.pdf
> ./tex/pbsb_ret_poster2014/img/g_minus_00_33_66_venn.pdf
> ./tex/pbsb_ret_poster2014/img/IFN_fit_igv.pdf
> ./tex/pbsb_ret_poster2014/img/IFN_igv.pdf
> ./tex/pbsb_ret_poster2014/img/il6_igv.png
> ./tex/pbsb_ret_poster2014/img/lps_3_6hr_maplot_poster.pdf
> ./tex/pbsb_ret_poster2014/img/nogamma_03_06_36_venn_nd.pdf
> ./tex/pbsb_ret_poster2014/img/nogamma_03_06_36_venn.pdf
> ./tex/pbsb_ret_poster2014/img/pnpt1.pdf
> ./tex/pbsb_ret_poster2014/img/spval_h3k27pval.pdf
> ./tex/pbsb_ret_poster2014/img/TNF_igv.pdf
> ./tex/pbsb_ret_poster2014/msk
> ./tex/pbsb_ret_poster2014/msk/548MSKLockup.eps
> ./tex/pbsb_ret_poster2014/msk/548MSKLockup.pdf
> ./tex/pbsb_ret_poster2014/msk/548MSKLockup_slogan.eps
> ./tex/pbsb_ret_poster2014/msk/cbio_logo.png
> ./tex/pbsb_ret_poster2014/msk/mskccColorPalette.pdf
> ./tex/pbsb_ret_poster2014/msk/MSKCC_gradient.pdf
> ./tex/pbsb_ret_poster2014/msk/MSKCC_head2.pdf
> ./tex/pbsb_ret_poster2014/msk/MSKCC_head.pdf
> ./tex/pbsb_ret_poster2014/msk/mskccLogo.pdf
> ./tex/pbsb_ret_poster2014/msk/MSKCC_title.pdf
> ./tex/pbsb_ret_poster2014/msk/MSKCC_title.png
> ./tex/pbsb_ret_poster2014/msk/MSKLockup.eps
> ./tex/pbsb_ret_poster2014/msk/MSKLockup_slogan.eps
> ./tex/pbsb_ret_poster2014/msk/MSK-Logo-light.pdf
> ./tex/pbsb_ret_poster2014/msk/MSK-Logo-light-spaceLeft.pdf
> ./tex/pbsb_ret_poster2014/msk/MSK-Logo-light-spaceRight.pdf
> ./tex/pbsb_ret_poster2014/msk/MSK_logoMskBlack.pdf
> ./tex/pbsb_ret_poster2014/msk/MSK_logoMskBlue_bare.pdf
> ./tex/pbsb_ret_poster2014/msk/MSK_logoMskBlue.pdf
> ./tex/pbsb_ret_poster2014/msk/Style.pdf
> ./tex/pbsb_ret_poster2014/msk/Template2.pot
> ./tex/pbsb_ret_poster2014/msk/Template.pot
> ./tex/pbsb_ret_poster2014/mybeamerbaseboxes.sty
> ./tex/pbsb_ret_poster2014/poster.tex
> ./tex/pbsb_ret_poster2014/wcgs
> ./tex/pbsb_ret_poster2014/wcgs/grad-school-black.tif
> ./tex/pbsb_ret_poster2014/wcgs/grad-school-emblem-bw.jpg
> ./tex/pbsb_ret_poster2014/wcgs/grad-school-emblem.jpg
> ./tex/pbsb_ret_poster2014/wcgs/grad-school-emblem.xcf
> ./tex/pbsb_ret_poster2014/wcgs/grad-school-logo.pdf
> ./tex/pbsb_ret_poster2014/wcgs/grad-school-red.jpg
> ./tex/pbsb_ret_poster2014/wcgs/grad-school-red-rightSpace-2.pdf
> ./tex/pbsb_ret_poster2014/wcgs/grad-school-red-rightSpace-3.pdf
> ./tex/pbsb_ret_poster2014/wcgs/grad-school-red-rightSpace.pdf
> ./tex/pbsb_ret_poster2014/wcgs/grad-school-red-rightSpace.xcf
> ./tex/pbsb_ret_poster2014/wcgs/grad-school-red-spaceRight.pdf
> ./tex/pbsb_ret_poster2014/wcgs/GRADUATE SCHOOL EMBLEM ONLY
> ./tex/pbsb_ret_poster2014/wcgs/GRADUATE SCHOOL EMBLEM ONLY/GRADUATE SCHOOL EMBLEM ONLY.ai
> ./tex/pbsb_ret_poster2014/wcgs/GRADUATE SCHOOL EMBLEM ONLY/GRADUATE SCHOOL EMBLEM ONLY.eps
> ./tex/pbsb_ret_poster2014/wcgs/GRADUATE SCHOOL EMBLEM ONLY/GRADUATE SCHOOL EMBLEM ONLY.jpg
> ./tex/pbsb_ret_poster2014/wcgs/GRADUATE SCHOOL EMBLEM ONLY/GRADUATE SCHOOL EMBLEM ONLY.tif
> ./tex/pbsb_ret_poster2014/wcgs/RED LOGO
> ./tex/pbsb_ret_poster2014/wcgs/RED LOGO/GRADUATE SCHOOL LOGO RED.ai
> ./tex/pbsb_ret_poster2014/wcgs/RED LOGO/GRADUATE SCHOOL LOGO RED.eps
> ./tex/pbsb_ret_poster2014/wcgs/RED LOGO/GRADUATE SCHOOL LOGO RED.jpg
> ./tex/pbsb_ret_poster2014/wcgs/RED LOGO/GRADUATE SCHOOL LOGO RED.tif
> ./tex/pbsb_ret_poster2014/wcgs/wcgs.ai
> ./tex/pbsb_ret_poster2014/wcgs/wcgs-center.pdf
> ./tex/pbsb_ret_poster2014/wcgs/wcgs.pdf
> ./tex/pbsb_ret_poster2014/wcgs/wcgs-right.pdf
> ./tex/pbsb_ret_poster2015
> ./tex/pbsb_ret_poster2015/3042poster_ski_v1.cls.bak
> ./tex/pbsb_ret_poster2015/a0poster_mpi_v2.cls.bak
> ./tex/pbsb_ret_poster2015/a0poster_ski_v1.cls
> ./tex/pbsb_ret_poster2015/a0size.sty.bak
> ./tex/pbsb_ret_poster2015/img
> ./tex/pbsb_ret_poster2015/img/batch_lps_ifng_pca_groups.png
> ./tex/pbsb_ret_poster2015/img/chr16_whole_chromosome.png
> ./tex/pbsb_ret_poster2015/img/chr16_zoom.png
> ./tex/pbsb_ret_poster2015/img/Chr5_threshold2000.png
> ./tex/pbsb_ret_poster2015/img/chr5_whole_chromosome_box.png
> ./tex/pbsb_ret_poster2015/img/chr5_whole_chromosome.png
> ./tex/pbsb_ret_poster2015/img/chr5_zoom.png
> ./tex/pbsb_ret_poster2015/img/Chr6_threshold2000.png
> ./tex/pbsb_ret_poster2015/img/ifn_jak_stat_lps_jak_stat_lps.png
> ./tex/pbsb_ret_poster2015/img/ifn_jak_stat_lps_jak_stat_lps.png.ai
> ./tex/pbsb_ret_poster2015/img/irf1_lnc_a.png
> ./tex/pbsb_ret_poster2015/img/irf1_lnc_avb.png
> ./tex/pbsb_ret_poster2015/img/irf1_lnc_b.png
> ./tex/pbsb_ret_poster2015/img/lncRNA_maplot.png
> ./tex/pbsb_ret_poster2015/img/lncrna_pca_10000.png
> ./tex/pbsb_ret_poster2015/img/lncrna_pca_1000.png
> ./tex/pbsb_ret_poster2015/img/lncrna_pca_100.png
> ./tex/pbsb_ret_poster2015/img/lncrna_pca_500.png
> ./tex/pbsb_ret_poster2015/img/lncRNA.png
> ./tex/pbsb_ret_poster2015/img/lps_3_6hr_maplot_poster.pdf
> ./tex/pbsb_ret_poster2015/img/mitranscriptome_barplot.png
> ./tex/pbsb_ret_poster2015/img/pca_label.png
> ./tex/pbsb_ret_poster2015/img/pnpt1.pdf
> ./tex/pbsb_ret_poster2015/img/rnaseq_maplot.png
> ./tex/pbsb_ret_poster2015/msk
> ./tex/pbsb_ret_poster2015/msk/548MSKLockup.eps
> ./tex/pbsb_ret_poster2015/msk/548MSKLockup_slogan.eps
> ./tex/pbsb_ret_poster2015/msk/cbio_logo.png
> ./tex/pbsb_ret_poster2015/msk/MSKCC_title.png
> ./tex/pbsb_ret_poster2015/msk/MSKLockup.eps
> ./tex/pbsb_ret_poster2015/msk/MSKLockup_slogan.eps
> ./tex/pbsb_ret_poster2015/msk/MSK_logoMskBlue_bare.pdf
> ./tex/pbsb_ret_poster2015/msk/Template2.pot
> ./tex/pbsb_ret_poster2015/msk/Template.pot
> ./tex/pbsb_ret_poster2015/mybeamerbaseboxes.sty
> ./tex/pbsb_ret_poster2015/output.txt
> ./tex/pbsb_ret_poster2015/poster.tex
> ./tex/pbsb_ret_poster2015/wcgs
> ./tex/pbsb_ret_poster2015/wcgs/GRAD_emblem-only_RED-RGB.eps
> ./tex/pbsb_ret_poster2015/wcgs/GRAD_emblem-only_RED-RGB_leftspace.eps
> ./tex/pbsb_ret_poster2015/wcgs/GRAD_emblem-only_RED-RGB_leftspace.pdf
> ./tex/pbsb_ret_poster2015/wcgs/grad-school-black.tif
> ./tex/pbsb_ret_poster2015/wcgs/grad-school-emblem-bw.jpg
> ./tex/pbsb_ret_poster2015/wcgs/grad-school-emblem.jpg
> ./tex/pbsb_ret_poster2015/wcgs/grad-school-emblem.xcf
> ./tex/pbsb_ret_poster2015/wcgs/grad-school-red.jpg
> ./tex/pbsb_ret_poster2015/wcgs/grad-school-red-rightSpace.xcf
> ./tex/pbsb_ret_poster2015/wcgs/GRADUATE SCHOOL EMBLEM ONLY
> ./tex/pbsb_ret_poster2015/wcgs/GRADUATE SCHOOL EMBLEM ONLY/GRADUATE SCHOOL EMBLEM ONLY.ai
> ./tex/pbsb_ret_poster2015/wcgs/GRADUATE SCHOOL EMBLEM ONLY/GRADUATE SCHOOL EMBLEM ONLY.eps
> ./tex/pbsb_ret_poster2015/wcgs/GRADUATE SCHOOL EMBLEM ONLY/GRADUATE SCHOOL EMBLEM ONLY.jpg
> ./tex/pbsb_ret_poster2015/wcgs/GRADUATE SCHOOL EMBLEM ONLY/GRADUATE SCHOOL EMBLEM ONLY.tif
> ./tex/pbsb_ret_poster2015/wcgs/RED LOGO
> ./tex/pbsb_ret_poster2015/wcgs/RED LOGO/GRADUATE SCHOOL LOGO RED.ai
> ./tex/pbsb_ret_poster2015/wcgs/RED LOGO/GRADUATE SCHOOL LOGO RED.eps
> ./tex/pbsb_ret_poster2015/wcgs/RED LOGO/GRADUATE SCHOOL LOGO RED.jpg
> ./tex/pbsb_ret_poster2015/wcgs/RED LOGO/GRADUATE SCHOOL LOGO RED.tif
> ./tex/pbsb_ret_poster2015/wcgs/wcgs.ai
> ./tex/poster
> ./tex/poster/3042poster_ski_v1.cls
> ./tex/poster/a0poster_mpi_v2.cls
> ./tex/poster/a0poster_ski_v1.cls
> ./tex/poster/a0size.sty
> ./tex/poster/img
> ./tex/poster/img/dongComic.pdf
> ./tex/poster/img/epiCanQuadrant.pdf
> ./tex/poster/img/example_read.pdf
> ./tex/poster/img/exampleTrack.ai
> ./tex/poster/img/exampleTrack.pdf
> ./tex/poster/img/genomeTracks-linModel-4.pdf
> ./tex/poster/img/genomeTrackslinModel.pdf
> ./tex/poster/img/gm12878HmBin.png
> ./tex/poster/img/Gm12878SitesRep1.png
> ./tex/poster/img/gm12878_x.png
> ./tex/poster/img/H1hescSitesRep1.png
> ./tex/poster/img/H3k27ac.png
> ./tex/poster/img/H3k27me3.png
> ./tex/poster/img/H3k36me3.png
> ./tex/poster/img/H3k4me1.png
> ./tex/poster/img/H3k4me2.png
> ./tex/poster/img/H3k4me3_box.png
> ./tex/poster/img/H3k4me3.png
> ./tex/poster/img/H3k9ac.png
> ./tex/poster/img/intro_geneTrack.pdf
> ./tex/poster/img/matcoefXNormNormVal.pdf
> ./tex/poster/img/mse_meth.png
> ./tex/poster/img/reconstruction_2.png.ai
> ./tex/poster/img/reconstruction.pdf
> ./tex/poster/img/reconstruction.png
> ./tex/poster/msk
> ./tex/poster/msk/548MSKLockup.eps
> ./tex/poster/msk/548MSKLockup.pdf
> ./tex/poster/msk/548MSKLockup_slogan.eps
> ./tex/poster/msk/cbio_logo.png
> ./tex/poster/msk/mskccColorPalette.pdf
> ./tex/poster/msk/MSKCC_gradient.pdf
> ./tex/poster/msk/MSKCC_head2.pdf
> ./tex/poster/msk/MSKCC_head.pdf
> ./tex/poster/msk/mskccLogo.pdf
> ./tex/poster/msk/MSKCC_title.pdf
> ./tex/poster/msk/MSKCC_title.png
> ./tex/poster/msk/MSKLockup.eps
> ./tex/poster/msk/MSKLockup_slogan.eps
> ./tex/poster/msk/MSK-Logo-light.pdf
> ./tex/poster/msk/MSK-Logo-light-spaceLeft.pdf
> ./tex/poster/msk/MSK-Logo-light-spaceRight.pdf
> ./tex/poster/msk/MSK_logoMskBlack.pdf
> ./tex/poster/msk/MSK_logoMskBlue.pdf
> ./tex/poster/msk/Style.pdf
> ./tex/poster/msk/Template2.pot
> ./tex/poster/msk/Template.pot
> ./tex/poster/mybeamerbaseboxes.sty
> ./tex/poster/poster.tex
> ./tex/poster/wcgs
> ./tex/poster/wcgs/grad-school-black.tif
> ./tex/poster/wcgs/grad-school-emblem-bw.jpg
> ./tex/poster/wcgs/grad-school-emblem.jpg
> ./tex/poster/wcgs/grad-school-emblem.xcf
> ./tex/poster/wcgs/grad-school-logo.pdf
> ./tex/poster/wcgs/grad-school-red.jpg
> ./tex/poster/wcgs/grad-school-red-rightSpace-2.pdf
> ./tex/poster/wcgs/grad-school-red-rightSpace-3.pdf
> ./tex/poster/wcgs/grad-school-red-rightSpace.pdf
> ./tex/poster/wcgs/grad-school-red-rightSpace.xcf
> ./tex/poster/wcgs/grad-school-red-spaceRight.pdf
> ./tex/poster/wcgs/GRADUATE SCHOOL EMBLEM ONLY
> ./tex/poster/wcgs/GRADUATE SCHOOL EMBLEM ONLY/GRADUATE SCHOOL EMBLEM ONLY.ai
> ./tex/poster/wcgs/GRADUATE SCHOOL EMBLEM ONLY/GRADUATE SCHOOL EMBLEM ONLY.eps
> ./tex/poster/wcgs/GRADUATE SCHOOL EMBLEM ONLY/GRADUATE SCHOOL EMBLEM ONLY.jpg
> ./tex/poster/wcgs/GRADUATE SCHOOL EMBLEM ONLY/GRADUATE SCHOOL EMBLEM ONLY.tif
> ./tex/poster/wcgs/RED LOGO
> ./tex/poster/wcgs/RED LOGO/GRADUATE SCHOOL LOGO RED.ai
> ./tex/poster/wcgs/RED LOGO/GRADUATE SCHOOL LOGO RED.eps
> ./tex/poster/wcgs/RED LOGO/GRADUATE SCHOOL LOGO RED.jpg
> ./tex/poster/wcgs/RED LOGO/GRADUATE SCHOOL LOGO RED.tif
> ./tex/poster/wcgs/wcgs.ai
> ./tex/poster/wcgs/wcgs-center.pdf
> ./tex/poster/wcgs/wcgs.pdf
> ./tex/poster/wcgs/wcgs-right.pdf
> ./tex/retreat_talk
> ./tex/retreat_talk/talk.tex
> ./tex/talk
> ./tex/talk/barebonestalk.tex
> ./tex/talk/figs
> ./tex/talk/figs/driver.txt
> ./tex/talk/figs/drkMtrFigs.Rhist
> ./tex/talk/figs/epiCanQuadrant-0.pdf
> ./tex/talk/figs/epiCanQuadrant-1.pdf
> ./tex/talk/figs/epiCanQuadrant-2.pdf
> ./tex/talk/figs/epiCanQuadrant-3.pdf
> ./tex/talk/figs/epiCanQuadrant-4.pdf
> ./tex/talk/figs/epiCanQuadrant.ai
> ./tex/talk/figs/epiCanQuadrant-chromSt.pdf
> ./tex/talk/figs/epiCanQuadrant-Dong.pdf
> ./tex/talk/figs/epiCanQuadrant-noncanPred.pdf
> ./tex/talk/figs/epiCanQuadrant.pdf
> ./tex/talk/figs/genomeTracksBase-0.pdf
> ./tex/talk/figs/genomeTracksBase-1.pdf
> ./tex/talk/figs/genomeTracksBase-2.pdf
> ./tex/talk/figs/genomeTracksBase-3.ai
> ./tex/talk/figs/genomeTracksBase-3.pdf
> ./tex/talk/figs/genomeTracksBase-4.pdf
> ./tex/talk/figs/genomeTracksBase-5.pdf
> ./tex/talk/figs/genomeTracksBase-6.pdf
> ./tex/talk/figs/genomeTracksBase.ai
> ./tex/talk/figs/genomeTracksBase-chromComic.pdf
> ./tex/talk/figs/genomeTracksBase-chromhmm.pdf
> ./tex/talk/figs/genomeTracksBase-dongComic1.pdf
> ./tex/talk/figs/genomeTracksBase-dongComic2.pdf
> ./tex/talk/figs/genomeTracksBase-dongComic3.pdf
> ./tex/talk/figs/genomeTracksBase-dongComic4.pdf
> ./tex/talk/figs/genomeTracksBase-dongComic.pdf
> ./tex/talk/figs/genomeTracksBase-dongEx.pdf
> ./tex/talk/figs/genomeTracksBase-final.pdf
> ./tex/talk/figs/genomeTracksBase.pdf
> ./tex/talk/figs/genomeTracksBase.pdf-01.ai
> ./tex/talk/figs/genomeTracksBase.pdf-02.ai
> ./tex/talk/figs/genomeTracksBase.pdf-0.ai
> ./tex/talk/figs/genomeTracksBase.pdf.ai
> ./tex/talk/figs/genomeTracks-canTran1.pdf
> ./tex/talk/figs/genomeTracks-canTran2.pdf
> ./tex/talk/figs/genomeTracks-linModel-1.pdf
> ./tex/talk/figs/genomeTracks-linModel-2.pdf
> ./tex/talk/figs/genomeTracks-linModel-3.pdf
> ./tex/talk/figs/genomeTracks-linModel.pdf
> ./tex/talk/figs/genomeTracks-myModel.ai
> ./tex/talk/figs/genomeTracks-repression-0.pdf
> ./tex/talk/figs/genomeTracks-repression-1.pdf
> ./tex/talk/figs/genomeTracks-repression-2.pdf
> ./tex/talk/figs/genomeTracks-repression-3.pdf
> ./tex/talk/figs/hist.txt
> ./tex/talk/figs/Jakovcevski_NatureMed_12.jpg
> ./tex/talk/figs/Jakovcevski_NatureMed_12.pdf
> ./tex/talk/figs/longTail_1.ai
> ./tex/talk/figs/longTail_1.pdf
> ./tex/talk/figs/longTailAnnotate-0.pdf
> ./tex/talk/figs/longTailAnnotate-1.pdf
> ./tex/talk/figs/longTailAnnotate-2.pdf
> ./tex/talk/figs/longTailAnnotate.pdf
> ./tex/talk/figs/mutations.pdf
> ./tex/talk/figs/questLove.pdf
> ./tex/talk/figs/.RData
> ./tex/talk/figs/.Rhistory
> ./tex/talk/figs/smoothing-0 copy.pdf
> ./tex/talk/figs/smoothing-0.pdf
> ./tex/talk/figs/smoothing-final.pdf
> ./tex/talk/figs/smoothing.pdf
> ./tex/talk/msk
> ./tex/talk/msk/548MSKLockup.eps
> ./tex/talk/msk/548MSKLockup.pdf
> ./tex/talk/msk/548MSKLockup_slogan.eps
> ./tex/talk/msk/548MSKLockup_slogan-eps-converted-to.pdf
> ./tex/talk/msk/cbio_logo.png
> ./tex/talk/msk/MSKCC_gradient.pdf
> ./tex/talk/msk/MSKCC_head2.pdf
> ./tex/talk/msk/MSKCC_head.pdf
> ./tex/talk/msk/MSKCC_title.pdf
> ./tex/talk/msk/MSKCC_title.png
> ./tex/talk/msk/MSKLockup.eps
> ./tex/talk/msk/MSKLockup_slogan.eps
> ./tex/talk/msk/MSK-Logo-light.pdf
> ./tex/talk/msk/Style.pdf
> ./tex/talk/msk/Template2.pot
> ./tex/talk/msk/Template.pot
> ./tex/talk/talk2.nav
> ./tex/talk/talk2.snm
> ./tex/talk/talk2.vrb
> ./tex/talk/talk.nav
> ./tex/talk/talk.pdf
> ./tex/talk/talk.snm
> ./tex/talk/talk.tex
> ./tex/talk/temptalk.tex
