> ./AUTHORS
> ./bin
> ./bin/genarglist.sh
> ./bin/genes_cell2struct
> ./bin/rdiff
> ./bin/rdiff_config.sh
> ./bin/rdiff_config.sh.bak
> ./bin/rdiff_config.sh.template
> ./bin/rdiff_gendata
> ./bin/rdiff_wrapper.sh
> ./bin/start_interpreter.sh
> ./configure
> ./COPYRIGHT
> ./data_sim
> ./data_sim/run_simulation_diff.m
> ./data_sim/simulate_counts_diff.m
> ./doc
> ./doc/rdiff_web_instructions.txt
> ./doc/rdiff_web.txt
> ./galaxy
> ./galaxy/README
> ./INSTALL
> ./LICENSE
> ./Makefile
> ./mex
> ./mex/get_reads.cpp
> ./mex/get_reads_direct.cpp
> ./mex/get_reads_direct.h
> ./mex/interval_overlap.cpp
> ./mex/Makefile
> ./mex/Makefile.bck
> ./mex/mex_input.cpp
> ./mex/mex_input.h
> ./mex/read.cpp
> ./mex/read.h
> ./NEWS
> ./README
> ./src
> ./src/configure_rdiff.m
> ./src/configure_rdiff.m~
> ./src/CreateReads.m
> ./src/CreateReads.m~
> ./src/genes_cell2struct.m
> ./src/get_nonparametric_tests_caller.m
> ./src/get_nonparametric_tests_caller.m~
> ./src/get_parametric_tests_caller.m
> ./src/get_read_counts.m
> ./src/get_reads_caller.m
> ./src/locfit
> ./src/locfit/LICENSE
> ./src/locfit/m
> ./src/locfit/m/aic.m
> ./src/locfit/m/aicplot.m
> ./src/locfit/m/backtr.m
> ./src/locfit/mex
> ./src/locfit/mex/.tmp
> ./src/locfit/m/fitted.m
> ./src/locfit/m/gcv.m
> ./src/locfit/m/gcvplot.m
> ./src/locfit/m/hatmatrix.m
> ./src/locfit/m/invlink.m
> ./src/locfit/m/kappa0.m
> ./src/locfit/m/lcv.m
> ./src/locfit/m/lcvplot.m
> ./src/locfit/m/lfband.m
> ./src/locfit/m/lf_censor.m
> ./src/locfit/m/lfgui.m
> ./src/locfit/m/lfknots.m
> ./src/locfit/m/lfmarg.m
> ./src/locfit/m/lfplot.m
> ./src/locfit/m/lfsmooth.m
> ./src/locfit/m/locfit_all.m
> ./src/locfit/m/locfit.m
> ./src/locfit/m/plotbyfactor.m
> ./src/locfit/m/predict.m
> ./src/locfit/m/residuals.m
> ./src/locfit/m/rsum.m
> ./src/locfit/m/scb.m
> ./src/locfit/m/smooth_lf.m
> ./src/locfit/m/spence15.m
> ./src/locfit/m/spence21.m
> ./src/locfit/m/vecr.m
> ./src/locfit/README
> ./src/locfit/Source
> ./src/locfit/Source/design.h
> ./src/locfit/Source/lfcons.h
> ./src/locfit/Source/lfev.c
> ./src/locfit/Source/lfev.h
> ./src/locfit/Source/lffuns.h
> ./src/locfit/Source/lfstruc.h
> ./src/locfit/Source/lfwin.h
> ./src/locfit/Source/liblfev.c
> ./src/locfit/Source/liblocf.c
> ./src/locfit/Source/libmut.c
> ./src/locfit/Source/libtube.c
> ./src/locfit/Source/local.h
> ./src/locfit/Source/locf.h
> ./src/locfit/Source/#make#
> ./src/locfit/Source/Makefile
> ./src/locfit/Source/Makefile.bck
> ./src/locfit/Source/Makefile.matlab
> ./src/locfit/Source/mexlf.c
> ./src/locfit/Source/mexpp.c
> ./src/locfit/Source/mlfut.c
> ./src/locfit/Source/mut.h
> ./src/locfit/Source/mutil.h
> ./src/locfit/Source/tube.h
> ./src/octave
> ./src/octave-core
> ./src/octave/importdata.m
> ./src/octave/intersect.m
> ./src/octave/intersect_old.m
> ./src/perform_nonparametric_tests.m
> ./src/perform_nonparametric_tests.m~
> ./src/perform_parametric_tests.m
> ./src/process_command_line_args.m
> ./src/process_configure_rdiff.m
> ./src/rdiff_caller.m
> ./src/rdiff.m
> ./src/rdiff.m~
> ./src/set_rdiff_paths.m
> ./src/.sge
> ./src/tests
> ./src/tests/calcl_nbin_pdf.m
> ./src/tests/comp_nbin_p_value_mean_variance.m
> ./src/tests/eucl_dist.m
> ./src/tests/eucl_dist.m~
> ./src/tests/get_mean_variance_seg.m
> ./src/tests/#get_nonparametric_masks.m#
> ./src/tests/get_nonparametric_masks.m
> ./src/tests/rDiff_mmd.m
> ./src/tests/rDiff_nonparametric.m
> ./src/tests/rDiff_parametric.m
> ./src/tests/rDiff_poisson.m
> ./src/tests/sDiff_mmd.m
> ./src/tests/sDiff_mmd.m~
> ./src/tests/sDiff_PARS.m
> ./src/tests/sDiff_PARS.m~
> ./src/tests/.#sDiff_ratio.m
> ./src/tests/#sDiff_ratio.m#
> ./src/tests/sDiff_ratio.m
> ./src/tests/sDiff_ratio.m~
> ./src/tools
> ./src/tools/compute_testing_region.m
> ./src/tools/convert_reads_to_region_indicators.m
> ./src/tools/detect_overlapping_regions.m
> ./src/tools/read_utils
> ./src/tools/read_utils/clip_reads.m
> ./src/tools/read_utils/get_reads.cpp
> ./src/tools/read_utils/get_reads_direct.cpp
> ./src/tools/read_utils/get_reads_direct.h
> ./src/tools/read_utils/get_reads_direct.h.old
> ./src/tools/read_utils/get_reads_direct.o
> ./src/tools/read_utils/get_reads_for_gene.m
> ./src/tools/read_utils/get_reads.mex
> ./src/tools/read_utils/get_reads.mexa64
> ./src/tools/read_utils/get_reads.mexmaci
> ./src/tools/read_utils/get_reads.o
> ./src/tools/read_utils/remove_reads_from_other_genes.m
> ./src/tools/read_utils/splicingsequence.m
> ./src/tools/sanitize_genes.m
> ./src/tools/transform_single_end_reads.m
> ./src/variance
> ./src/variance/estimate_variance_helper.m
> ./src/variance/estimate_variance.m
> ./src/variance/estimate_variance_nonparametric.m
> ./src/variance/estimate_variance_parametric.m
> ./src/variance/plot_variance_fit.m
> ./src/variance/predict_variance.m
> ./tools
> ./tools/determine_engine.m
> ./tools/ParseGFF.py
> ./tools/sam_to_bam.sh
> ./tools/whoami.m
> ./VERSION
