> ./alignments
> ./alignments/align_star_exome.sh
> ./alignments/align_star_exome..sh
> ./alignments/align_star_exome_v3.sh
> ./alignments/align_star_exome_v4.sh
> ./alignments/align_star.sh
> ./alignments/align_star_test.sh
> ./alignments/align_star_v3_debug.sh
> ./alignments/align_star_v3.sh
> ./alignments/align_star_v3_single.sh
> ./alignments/align_star_v4.sh
> ./alignments/align_star_v4_simple.sh
> ./alignments/align_star_v4_simple_single.sh
> ./alignments/align_star_v4_single.sh
> ./alignments/align_star_v5.sh
> ./alignments/analyze_filesizes.py
> ./alignments/bam2fastq.pl
> ./alignments/clean_tmp.sh
> ./alignments/cntkmer.cpp
> ./alignments/cntkmer.sh
> ./alignments/contract_symlinks.sh
> ./alignments/create_index.sh
> ./alignments/download_bam.sh
> ./alignments/empty.sdi
> ./alignments/eval_bam.sh
> ./alignments/extract_ids.sh
> ./alignments/extract_sample_id.py
> ./alignments/extract.sh
> ./alignments/fix_census.sh
> ./alignments/get_file_sizes.sh
> ./alignments/gettmp.sh
> ./alignments/.gitignore
> ./alignments/human_HepG2_left_l75_no-ss-pred.qpalma
> ./alignments/load_star.sh
> ./alignments/make.sh
> ./alignments/mask_genome.m
> ./alignments/move_exomes.sh
> ./alignments/move_files.sh
> ./alignments/move_sorted_bams.sh
> ./alignments/PanCan12.3934.list.txt
> ./alignments/parse_1000G.sh
> ./alignments/prep_variants.sh
> ./alignments/process_encode_info.py
> ./alignments/process_encode.sh
> ./alignments/process_geuvadis.sh
> ./alignments/process_nontcga_one.sh
> ./alignments/process_tcga_exome_fix.sh
> ./alignments/process_tcga_exome_germline.sh
> ./alignments/process_tcga_exome.sh
> ./alignments/process_tcga_genome.sh
> ./alignments/process_tcga_one_exome.sh
> ./alignments/process_tcga_one_genome.sh
> ./alignments/process_tcga_one.sh
> ./alignments/process_tcga.sh
> ./alignments/quality_control
> ./alignments/quality_control/compare_valid_lists.py
> ./alignments/quality_control/correct_bam_index.sh
> ./alignments/quality_control/create_fname_tcgaID_map.sh
> ./alignments/quality_control/create_latest_exome_list.sh
> ./alignments/quality_control/create_latest_genome_list.sh
> ./alignments/quality_control/create_latest_RNAseq_list.sh
> ./alignments/quality_control/get_ambiguous_helper.py
> ./alignments/quality_control/get_ambiguous_valids.sh
> ./alignments/quality_control/get_incomplete_bams.sh
> ./alignments/quality_control/get_latest_helper.py
> ./alignments/quality_control/get_redo_list.sh
> ./alignments/quality_control/link_exome_files.sh
> ./alignments/quality_control/link_RNA_bam_tumor_normals.sh
> ./alignments/quality_control/link_valid_files_census.sh
> ./alignments/quality_control/make_exome_files_unique.py
> ./alignments/query_tcga_exome.sh
> ./alignments/query_tcga.sh
> ./alignments/query_tcga_wgs.sh
> ./alignments/realign_all.sh
> ./alignments/realign.sh
> ./alignments/realign_silvestrol.sh
> ./alignments/realign_star.sh
> ./alignments/realign_test.sh
> ./alignments/realign_tophat.sh
> ./alignments/realign_variant.sh
> ./alignments/rename_xml.sh
> ./alignments/report_junctions
> ./alignments/report_junctions/genome.h
> ./alignments/report_junctions/get_reads_direct.cpp
> ./alignments/report_junctions/get_reads_direct.h
> ./alignments/report_junctions/read.cpp
> ./alignments/report_junctions/read.h
> ./alignments/report_junctions/region.h
> ./alignments/report_junctions/report_junctions.cpp
> ./alignments/report_junctions/script.sh
> ./alignments/rm11.awk
> ./alignments/rm255.awk
> ./alignments/rmseq.awk
> ./alignments/sam2fq.cpp
> ./alignments/sort_bams_one.sh
> ./alignments/sort_bams.sh
> ./alignments/split_xml.py
> ./alignments/unload_star.sh
> ./alignments/xml_get_md5sums.py
> ./bamfiles
> ./bamfiles/test.txt
> ./count_expression
> ./count_expression/check_correlation_to_AS.py
> ./count_expression/collect_counts.py
> ./count_expression/collect_counts.sh
> ./count_expression/convert_TCGA_counts.py
> ./count_expression/correlate_expression.py
> ./count_expression/count_expression.py
> ./count_expression/count_expression.pysam.py
> ./count_expression/counts_hdf5_to_tsv.py
> ./count_expression/counts_hdf5_to_valid.py
> ./count_expression/get_sanity_correlation.m
> ./count_expression/get_unc_expression_debug.sh
> ./count_expression/paste_realigned_expression.sh
> ./count_expression/plot_unc_expression.m
> ./count_expression/run_count_expression.non_alt.sge.sh
> ./count_expression/run_count_expression.non_alt.sh
> ./count_expression/run_count_expression_sanity.sh
> ./count_expression/run_count_expression.sh
> ./count_expression/spladder2gtf.m
> ./count_expression/unc_counts_to_hdf5.py
> ./gffSearch
> ./gffSearch/testcode.py
> ./instructions
> ./instructions/countExpression.txt
> ./qtl
> ./qtl/analysis
> ./qtl/analysis/runAnalysis_common_effic_gatk.py
> ./qtl/analysis/runAnalysis_common_effic_gatk_single.py
> ./qtl/CFG
> ./qtl/CFG/default.py
> ./qtl/CFG/default_sdsc.py
> ./qtl/CFG/__init__.py
> ./qtl/preprocessing
> ./qtl/preprocessing/collect_exome_pieces_normal.py
> ./qtl/preprocessing/collect_exome_pieces_tumor.py
> ./qtl/preprocessing/create_gwas_data_Meta.py
> ./qtl/preprocessing/create_gwas_data_stage_1_affy.py
> ./qtl/preprocessing/create_gwas_data_stage_2_exome_hapcall_normal.py
> ./qtl/preprocessing/create_gwas_data_stage_2_exome_hapcall_tumor.py
> ./qtl/preprocessing/create_gwas_data_stage_3d_panama.py
> ./qtl/preprocessing/create_gwas_data_stage_3_rawPheno_FromHdf5.py
> ./qtl/preprocessing/create_gwas_data_stage_4_normPheno.py
> ./qtl/preprocessing/libs
> ./qtl/preprocessing/libs/gatk.py
> ./qtl/preprocessing/libs/__init__.py
> ./qtl/preprocessing/libs/parseASEvents.py
> ./qtl/preprocessing/libs/parseExpression.py
> ./qtl/qtl
> ./qtl/qtl/qtl_master_program.py
> ./qtl/utilities
> ./qtl/utilities/biomaps.py
> ./qtl/utilities/burden.py
> ./qtl/utilities/data.py
> ./qtl/utilities/hdf5.py
> ./qtl/utilities/__init__.py
> ./qtl/utilities/limix_wrapper.py
> ./qtl/utilities/loadJobPara.py
> ./qtl/utilities/names.py
> ./qtl/utilities/plotting2.py
> ./qtl/utilities/preprocess.py
> ./qtl/utilities/readSubset.py
> ./qtl/utilities/tsvreader.py
> ./qtl/utilities/varianceFit.py
> ./README
> ./testcode.py~
> ./test.sh
