> ./A_thaliana_magic
> ./A_thaliana_magic/methods.bib
> ./A_thaliana_magic/methods_outdated.tex
> ./BMC_MLCB-special_AAWD
> ./BMC_MLCB-special_MTMKL
> ./BMC_MLCB-special_MTMKL/bmc_article.bib
> ./BMC_MLCB-special_MTMKL/bmc_article.bst
> ./BMC_MLCB-special_MTMKL/bmc_article.cls
> ./BMC_MLCB-special_MTMKL/bmc_article.tex
> ./BMC_MLCB-special_MTMKL/hierarchy.pdf
> ./BMC_MLCB-special_MTMKL/img
> ./BMC_MLCB-special_MTMKL/img/broad_splicing_graph_new.png
> ./BMC_MLCB-special_MTMKL/img/broad_splicing.png
> ./BMC_MLCB-special_MTMKL/img/broad_splicing_raw.png
> ./BMC_MLCB-special_MTMKL/img/hist.pdf
> ./BMC_MLCB-special_MTMKL/img/matrix2.pdf
> ./BMC_MLCB-special_MTMKL/img/matrix_decomposition.png
> ./BMC_MLCB-special_MTMKL/img/matrix_decomp.png
> ./BMC_MLCB-special_MTMKL/img/matrix_decomp.xcf
> ./BMC_MLCB-special_MTMKL/img/matrix_h.png
> ./BMC_MLCB-special_MTMKL/img/matrix.png
> ./BMC_MLCB-special_MTMKL/img/mhc7_plot.pdf
> ./BMC_MLCB-special_MTMKL/img/mhc7_plot.png
> ./BMC_MLCB-special_MTMKL/img/mhc7_tree.pdf
> ./BMC_MLCB-special_MTMKL/img/mhc.png
> ./BMC_MLCB-special_MTMKL/img/mhc_testset.pdf
> ./BMC_MLCB-special_MTMKL/img/qplot_err_edit.png
> ./BMC_MLCB-special_MTMKL/img/qplot_err.pdf
> ./BMC_MLCB-special_MTMKL/img/qplot_err.png
> ./BMC_MLCB-special_MTMKL/img/qplot.pdf
> ./BMC_MLCB-special_MTMKL/img/results.eps
> ./BMC_MLCB-special_MTMKL/img/results.pdf
> ./BMC_MLCB-special_MTMKL/img/sim.eps
> ./BMC_MLCB-special_MTMKL/img/sim_seq.eps
> ./BMC_MLCB-special_MTMKL/img/sim_seq.pdf
> ./BMC_MLCB-special_MTMKL/img/small_broad_all-mkl_edit.png
> ./BMC_MLCB-special_MTMKL/img/small_broadsplicing_tasks.png
> ./BMC_MLCB-special_MTMKL/img/splicing.pdf
> ./BMC_MLCB-special_MTMKL/img/subset7_tasks.png
> ./BMC_MLCB-special_MTMKL/img/subtree.png
> ./BMC_MLCB-special_MTMKL/img/task_sim.eps
> ./BMC_MLCB-special_MTMKL/img/task_sim.pdf
> ./BMC_MLCB-special_MTMKL/proceed2e.sty
> ./BMC_MLCB-special_MTMKL/readme.html
> ./BMC_MLCB-special_MTMKL/S5_bibliography.bib
> ./BMC_MLCB-special_MTMKL/S5_broad_splicing_graph_new.png
> ./BMC_MLCB-special_MTMKL/S5_hist.pdf
> ./BMC_MLCB-special_MTMKL/S5_matrix_decomp.png
> ./BMC_MLCB-special_MTMKL/S5_mhc7_plot.pdf
> ./BMC_MLCB-special_MTMKL/S5_mkl_multitask.tex
> ./BMC_MLCB-special_MTMKL/S5_sim_seq.pdf
> ./BMC_MLCB-special_MTMKL/S5_small_broad_all-mkl_edit.png
> ./BMC_MLCB-special_MTMKL/S5_task_sim.pdf
> ./CP_bioinformatics
> ./CP_bioinformatics/Corrections
> ./CP_bioinformatics/Corrections/bi1106.pdf
> ./CP_bioinformatics/Corrections/Figure11.6.5.jpg
> ./CP_bioinformatics/cover_letter.doc
> ./CP_bioinformatics/CP_bioinformatics.bib
> ./CP_bioinformatics/CP_bioinformatics.rtf
> ./CP_bioinformatics/CP_bioinformatics.tex
> ./CP_bioinformatics/Docs
> ./CP_bioinformatics/Docs/BI-styleGuide.pdf
> ./CP_bioinformatics/Docs/CP_bioinfo-cta.pdf
> ./CP_bioinformatics/Docs/genomemapper_manual.pdf
> ./CP_bioinformatics/Docs/qpalma-manual.pdf
> ./CP_bioinformatics/Docs/qpalma-manual.tex
> ./CP_bioinformatics/Examples
> ./CP_bioinformatics/Examples/bi0909.pdf
> ./CP_bioinformatics/Examples/bi1104.pdf
> ./CP_bioinformatics/Figs
> ./CP_bioinformatics/Figs/alignmentErrorEval.eps
> ./CP_bioinformatics/Figs/alignmentErrorEval.png
> ./CP_bioinformatics/Figs/evaluatePredict.eps
> ./CP_bioinformatics/Figs/evaluatePredict.pdf
> ./CP_bioinformatics/Figs/evaluatePredict.png
> ./CP_bioinformatics/Figs/galaxy_trackster.eps
> ./CP_bioinformatics/Figs/galaxy_trackster.png
> ./CP_bioinformatics/Figs/gbrowse_track.eps
> ./CP_bioinformatics/Figs/gbrowse_track.png
> ./CP_bioinformatics/Figs_submission
> ./CP_bioinformatics/Figs_submission/Figure10_WiggleFile.jpg
> ./CP_bioinformatics/Figs_submission/Figure11_GBrowse.jpg
> ./CP_bioinformatics/Figs_submission/Figure12_GalaxyTrackster.jpg
> ./CP_bioinformatics/Figs_submission/Figure1_ReadFile.jpg
> ./CP_bioinformatics/Figs_submission/Figure2_GFF3File.jpg
> ./CP_bioinformatics/Figs_submission/Figure3_QPFile.jpg
> ./CP_bioinformatics/Figs_submission/Figure4_SPFFile.jpg
> ./CP_bioinformatics/Figs_submission/Figure5_BEDFile.jpg
> ./CP_bioinformatics/Figs_submission/Figure6_SAMFile.jpg
> ./CP_bioinformatics/Figs_submission/Figure7_EvalPrediction.jpg
> ./CP_bioinformatics/Figs_submission/Figure8_EvalText.jpg
> ./CP_bioinformatics/Figs_submission/Figure9_AlignmentErrorEval.jpg
> ./CP_bioinformatics/missing-sections.doc
> ./CP_bioinformatics/natbib.bst
> ./CP_bioinformatics/natbib.sty
> ./CP_bioinformatics/Outline
> ./CP_bioinformatics/Outline/CP_bio_outline.pdf
> ./CP_bioinformatics/Outline/CP_bio_outline.tex
> ./CP_bioinformatics/Submission
> ./CP_bioinformatics/Submission/7337306_File000003_128454486.pdf
> ./CP_bioinformatics/Submission/confirmation_submission.pdf
> ./CP_bioinformatics/Submission/cover_letter.doc
> ./CP_bioinformatics/Submission/CP_bioinformatics.doc
> ./CP_bioinformatics/Submission/Jeanetal_CPBio.ps
> ./CP_bioinformatics/Submission/Jeanetal_PALMapper_CPBio.doc
> ./CP_bioinformatics/Submission/missing-sections.doc
> ./CP_bioinformatics/Submission/Review
> ./CP_bioinformatics/Submission/Review/Jeanetal-PALMapper-CPBio-AA-for-author.doc
> ./CP_bioinformatics/Submission/Review/Jeanetal-PALMapper-CPBio_final.doc
> ./CP_bioinformatics/Submission/Review/review.txt
> ./CP_bioinformatics/TODO
> ./CSHL_biology_of_genomes
> ./CSHL_biology_of_genomes/MGENE.docx
> ./CSHL_biology_of_genomes/online_quantitative_transcript_analysis
> ./CSHL_biology_of_genomes/online_quantitative_transcript_analysis/a0poster_mpi_v2.cls
> ./CSHL_biology_of_genomes/online_quantitative_transcript_analysis/a0size.sty
> ./CSHL_biology_of_genomes/online_quantitative_transcript_analysis/fml-logo-short.pdf
> ./CSHL_biology_of_genomes/online_quantitative_transcript_analysis/img
> ./CSHL_biology_of_genomes/online_quantitative_transcript_analysis/img/CAT_1_cds1_ISMB08_legend.pdf
> ./CSHL_biology_of_genomes/online_quantitative_transcript_analysis/img/CAT_1_cds1_ISMB08.pdf
> ./CSHL_biology_of_genomes/online_quantitative_transcript_analysis/img/complex_genes_good_support_ai.pdf
> ./CSHL_biology_of_genomes/online_quantitative_transcript_analysis/img/coverage_example.pdf
> ./CSHL_biology_of_genomes/online_quantitative_transcript_analysis/img/elegans_alignment_eval.pdf
> ./CSHL_biology_of_genomes/online_quantitative_transcript_analysis/img/elegans_cds_avg_graph_filter.pdf
> ./CSHL_biology_of_genomes/online_quantitative_transcript_analysis/img/elegans_cds_avg_mgene_vs_mtim_vs_abinitio.pdf
> ./CSHL_biology_of_genomes/online_quantitative_transcript_analysis/img/elegans_SRX001872_profiles.pdf
> ./CSHL_biology_of_genomes/online_quantitative_transcript_analysis/img/galaxy.jpg
> ./CSHL_biology_of_genomes/online_quantitative_transcript_analysis/img/mTiM_model.pdf
> ./CSHL_biology_of_genomes/online_quantitative_transcript_analysis/img/mTiM_viz.pdf
> ./CSHL_biology_of_genomes/online_quantitative_transcript_analysis/img/profile_exm.pdf
> ./CSHL_biology_of_genomes/online_quantitative_transcript_analysis/img/QPALMA_illustration_mod.pdf
> ./CSHL_biology_of_genomes/online_quantitative_transcript_analysis/img/QPALMA_illustration.pdf
> ./CSHL_biology_of_genomes/online_quantitative_transcript_analysis/img/QPALMA_performance.pdf
> ./CSHL_biology_of_genomes/online_quantitative_transcript_analysis/img/RGASP-overview_mod.graffle
> ./CSHL_biology_of_genomes/online_quantitative_transcript_analysis/img/RGASP-overview_mod.pdf
> ./CSHL_biology_of_genomes/online_quantitative_transcript_analysis/img/RGASP-overview.pdf
> ./CSHL_biology_of_genomes/online_quantitative_transcript_analysis/img/RNA-Seq_features_in_mgene.pdf
> ./CSHL_biology_of_genomes/online_quantitative_transcript_analysis/img/RNA-Seq_mapping.pdf
> ./CSHL_biology_of_genomes/online_quantitative_transcript_analysis/img/RNA-Seq_pipeline.pdf
> ./CSHL_biology_of_genomes/online_quantitative_transcript_analysis/img/snap_workflow_editor.png
> ./CSHL_biology_of_genomes/online_quantitative_transcript_analysis/mpg-logo.pdf
> ./CSHL_biology_of_genomes/online_quantitative_transcript_analysis/poster.tex
> ./CSHL_biology_of_genomes/raetsch.doc
> ./CSHL_genome_informatics
> ./CSHL_genome_informatics/mGene_GI.docx
> ./CSHL_genome_informatics/raetsch.doc
> ./CSHL_genome_informatics/RGASP-BAM-eval_abstract.doc
> ./CSHL_genome_informatics/srm_poster
> ./CSHL_genome_informatics/srm_poster/a0poster_mpi_v2.cls
> ./CSHL_genome_informatics/srm_poster/a0size.sty
> ./CSHL_genome_informatics/srm_poster/img
> ./CSHL_genome_informatics/srm_poster/img/align_error_distribution_cut.pdf
> ./CSHL_genome_informatics/srm_poster/img/align_error_distribution.pdf
> ./CSHL_genome_informatics/srm_poster/img/D_melanogaster_L3_prec_rec.pdf
> ./CSHL_genome_informatics/srm_poster/img/elegans_chr1_alignment_eval_filtered.pdf
> ./CSHL_genome_informatics/srm_poster/img/elegans_chr1_alignment_eval_mr-filtered.pdf
> ./CSHL_genome_informatics/srm_poster/img/elegans_chr1_alignment_eval_original.pdf
> ./CSHL_genome_informatics/srm_poster/img/elegans_chr1_reads_pairwise_heatmap.pdf
> ./CSHL_genome_informatics/srm_poster/img/eval_overview.pdf
> ./CSHL_genome_informatics/srm_poster/img/fml-logo-long.pdf
> ./CSHL_genome_informatics/srm_poster/img/fml-logo-short.pdf
> ./CSHL_genome_informatics/srm_poster/img/galaxy_2_cut.pdf
> ./CSHL_genome_informatics/srm_poster/img/galaxy_alignment_eval_cut.pdf
> ./CSHL_genome_informatics/srm_poster/img/galaxy_alignment_eval.pdf
> ./CSHL_genome_informatics/srm_poster/img/GenomeMapper1.pdf
> ./CSHL_genome_informatics/srm_poster/img/mpg-logo.pdf
> ./CSHL_genome_informatics/srm_poster/img/multi-mapper1.pdf
> ./CSHL_genome_informatics/srm_poster/img/multi-mapper2.pdf
> ./CSHL_genome_informatics/srm_poster/img/multi-mapper3.pdf
> ./CSHL_genome_informatics/srm_poster/img/multi-mapper4.pdf
> ./CSHL_genome_informatics/srm_poster/img/RGASP-agreement-human-chr1.pdf
> ./CSHL_genome_informatics/srm_poster/img/RNA-Seq_mapping_cut.pdf
> ./CSHL_genome_informatics/srm_poster/img/RNA-Seq_mapping.pdf
> ./CSHL_genome_informatics/srm_poster/img/RNA-Seq_overview3.pdf
> ./CSHL_genome_informatics/srm_poster/img/spliced_read.pdf
> ./CSHL_genome_informatics/srm_poster/mybeamerbaseboxes.sty
> ./CSHL_genome_informatics/srm_poster/new_results
> ./CSHL_genome_informatics/srm_poster/new_results/copy_results.sh
> ./CSHL_genome_informatics/srm_poster/new_results/elegans_scripture_comp.eps
> ./CSHL_genome_informatics/srm_poster/new_results/elegans_scripture_comp.pdf
> ./CSHL_genome_informatics/srm_poster/new_results/ex_wise_fScore_full_elegans.eps
> ./CSHL_genome_informatics/srm_poster/new_results/ex_wise_fScore_full_elegans.pdf
> ./CSHL_genome_informatics/srm_poster/new_results/ex_wise_fScore_full_human.eps
> ./CSHL_genome_informatics/srm_poster/new_results/ex_wise_fScore_full_human.pdf
> ./CSHL_genome_informatics/srm_poster/new_results/ex_wise_fScore_single_elegans.eps
> ./CSHL_genome_informatics/srm_poster/new_results/ex_wise_fScore_single_elegans.pdf
> ./CSHL_genome_informatics/srm_poster/new_results/ex_wise_fScore_single_human.eps
> ./CSHL_genome_informatics/srm_poster/new_results/ex_wise_fScore_single_human.pdf
> ./CSHL_genome_informatics/srm_poster/new_results/ex_wise_fScore_unique_elegans.eps
> ./CSHL_genome_informatics/srm_poster/new_results/ex_wise_fScore_unique_elegans.pdf
> ./CSHL_genome_informatics/srm_poster/new_results/ex_wise_fScore_unique_human.eps
> ./CSHL_genome_informatics/srm_poster/new_results/ex_wise_fScore_unique_human.pdf
> ./CSHL_genome_informatics/srm_poster/new_results/human_scripture_comp.eps
> ./CSHL_genome_informatics/srm_poster/new_results/human_scripture_comp.pdf
> ./CSHL_genome_informatics/srm_poster/new_results/indel_legend.pdf
> ./CSHL_genome_informatics/srm_poster/new_results/indel_legend.png
> ./CSHL_genome_informatics/srm_poster/new_results/mm_wise_fScore_full_elegans.eps
> ./CSHL_genome_informatics/srm_poster/new_results/mm_wise_fScore_full_elegans.pdf
> ./CSHL_genome_informatics/srm_poster/new_results/mm_wise_fScore_full_human.eps
> ./CSHL_genome_informatics/srm_poster/new_results/mm_wise_fScore_full_human.pdf
> ./CSHL_genome_informatics/srm_poster/new_results/mm_wise_fScore_single_elegans.eps
> ./CSHL_genome_informatics/srm_poster/new_results/mm_wise_fScore_single_elegans.pdf
> ./CSHL_genome_informatics/srm_poster/new_results/mm_wise_fScore_single_human.eps
> ./CSHL_genome_informatics/srm_poster/new_results/mm_wise_fScore_single_human.pdf
> ./CSHL_genome_informatics/srm_poster/new_results/mm_wise_fScore_unique_elegans.eps
> ./CSHL_genome_informatics/srm_poster/new_results/mm_wise_fScore_unique_elegans.pdf
> ./CSHL_genome_informatics/srm_poster/new_results/mm_wise_fScore_unique_human.eps
> ./CSHL_genome_informatics/srm_poster/new_results/mm_wise_fScore_unique_human.pdf
> ./CSHL_genome_informatics/srm_poster/new_results/pairwise_introns_elegans2.pdf
> ./CSHL_genome_informatics/srm_poster/new_results/pairwise_introns_elegans2.png
> ./CSHL_genome_informatics/srm_poster/new_results/pairwise_introns_elegans_clip.ai
> ./CSHL_genome_informatics/srm_poster/new_results/pairwise_introns_elegans.eps
> ./CSHL_genome_informatics/srm_poster/new_results/pairwise_introns_elegans.pdf
> ./CSHL_genome_informatics/srm_poster/new_results/pairwise_introns_elegans.png
> ./CSHL_genome_informatics/srm_poster/new_results/pairwise_introns_elegans_xlabel.ai
> ./CSHL_genome_informatics/srm_poster/new_results/pairwise_introns_elegans_xlabel.pdf
> ./CSHL_genome_informatics/srm_poster/new_results/pairwise_introns_elegans_xlabel.png
> ./CSHL_genome_informatics/srm_poster/new_results/pairwise_introns_human2.pdf
> ./CSHL_genome_informatics/srm_poster/new_results/pairwise_introns_human2.png
> ./CSHL_genome_informatics/srm_poster/new_results/pairwise_introns_human_clip.ai
> ./CSHL_genome_informatics/srm_poster/new_results/pairwise_introns_human.eps
> ./CSHL_genome_informatics/srm_poster/new_results/pairwise_introns_human.pdf
> ./CSHL_genome_informatics/srm_poster/new_results/pairwise_introns_human.png
> ./CSHL_genome_informatics/srm_poster/new_results/pairwise_introns_human_xlabel.pdf
> ./CSHL_genome_informatics/srm_poster/new_results/pairwise_introns_unique_elegans.eps
> ./CSHL_genome_informatics/srm_poster/new_results/pairwise_introns_unique_elegans.pdf
> ./CSHL_genome_informatics/srm_poster/new_results/pairwise_introns_unique_human.eps
> ./CSHL_genome_informatics/srm_poster/new_results/pairwise_introns_unique_human.pdf
> ./CSHL_genome_informatics/srm_poster/new_results/performance_overview_strat1_elegans.eps
> ./CSHL_genome_informatics/srm_poster/new_results/performance_overview_strat1_elegans.pdf
> ./CSHL_genome_informatics/srm_poster/new_results/performance_overview_strat1_human.eps
> ./CSHL_genome_informatics/srm_poster/new_results/performance_overview_strat1_human.pdf
> ./CSHL_genome_informatics/srm_poster/new_results/performance_overview_zeroMM_elegans.eps
> ./CSHL_genome_informatics/srm_poster/new_results/performance_overview_zeroMM_elegans.pdf
> ./CSHL_genome_informatics/srm_poster/new_results/performance_overview_zeroMM_human.eps
> ./CSHL_genome_informatics/srm_poster/new_results/performance_overview_zeroMM_human.pdf
> ./CSHL_genome_informatics/srm_poster/new_results/performance_overview_zeroMM_strat1_elegans.eps
> ./CSHL_genome_informatics/srm_poster/new_results/performance_overview_zeroMM_strat1_elegans.pdf
> ./CSHL_genome_informatics/srm_poster/new_results/performance_overview_zeroMM_strat1_human.eps
> ./CSHL_genome_informatics/srm_poster/new_results/performance_overview_zeroMM_strat1_human.pdf
> ./CSHL_genome_informatics/srm_poster/new_results/sanitized_sam_me15_mm6_mi20000_deletions.eps
> ./CSHL_genome_informatics/srm_poster/new_results/sanitized_sam_me15_mm6_mi20000_deletions.pdf
> ./CSHL_genome_informatics/srm_poster/new_results/sanitized_sam_me15_mm6_mi20000_insertions.eps
> ./CSHL_genome_informatics/srm_poster/new_results/sanitized_sam_me15_mm6_mi20000_insertions.pdf
> ./CSHL_genome_informatics/srm_poster/new_results/sanitized_sam_me15_mm6_mi20000_intron_position.eps
> ./CSHL_genome_informatics/srm_poster/new_results/sanitized_sam_me15_mm6_mi20000_intron_position.pdf
> ./CSHL_genome_informatics/srm_poster/new_results/sanitized_sam_me15_mm6_mi20000_mismatches.eps
> ./CSHL_genome_informatics/srm_poster/new_results/sanitized_sam_me15_mm6_mi20000_mismatches.pdf
> ./CSHL_genome_informatics/srm_poster/new_results/sanitized_sam_me15_mm6_mi20000_qualities.eps
> ./CSHL_genome_informatics/srm_poster/new_results/sanitized_sam_me15_mm6_mi20000_qualities.pdf
> ./CSHL_genome_informatics/srm_poster/new_results/sanitized_sam_me1_mm80_mi200000_intron_position.eps
> ./CSHL_genome_informatics/srm_poster/new_results/sanitized_sam_me1_mm80_mi200000_intron_position.pdf
> ./CSHL_genome_informatics/srm_poster/new_results/sanitized_sam_me1_mm80_mi200000_mismatches_log.eps
> ./CSHL_genome_informatics/srm_poster/new_results/sanitized_sam_me1_mm80_mi200000_mismatches_log.pdf
> ./CSHL_genome_informatics/srm_poster/new_results/sanitized_sam_me1_mm80_mi20000_insertions.eps
> ./CSHL_genome_informatics/srm_poster/new_results/sanitized_sam_me1_mm80_mi20000_insertions_log_legend.eps
> ./CSHL_genome_informatics/srm_poster/new_results/sanitized_sam_me1_mm80_mi20000_insertions_log_legend.pdf
> ./CSHL_genome_informatics/srm_poster/new_results/sanitized_sam_me1_mm80_mi20000_insertions.pdf
> ./CSHL_genome_informatics/srm_poster/new_results/sanitized_sam_me2_mm80_mi20000_deletions.eps
> ./CSHL_genome_informatics/srm_poster/new_results/sanitized_sam_me2_mm80_mi20000_deletions_log.eps
> ./CSHL_genome_informatics/srm_poster/new_results/sanitized_sam_me2_mm80_mi20000_deletions_log.pdf
> ./CSHL_genome_informatics/srm_poster/new_results/sanitized_sam_me2_mm80_mi20000_deletions.pdf
> ./CSHL_genome_informatics/srm_poster/new_results/sanitized_sam_me2_mm80_mi20000_indels.eps
> ./CSHL_genome_informatics/srm_poster/new_results/sanitized_sam_me2_mm80_mi20000_indels.pdf
> ./CSHL_genome_informatics/srm_poster/new_results/sanitized_sam_me2_mm80_mi20000_insertions.eps
> ./CSHL_genome_informatics/srm_poster/new_results/sanitized_sam_me2_mm80_mi20000_insertions_legend.eps
> ./CSHL_genome_informatics/srm_poster/new_results/sanitized_sam_me2_mm80_mi20000_insertions_legend.pdf
> ./CSHL_genome_informatics/srm_poster/new_results/sanitized_sam_me2_mm80_mi20000_insertions_log.eps
> ./CSHL_genome_informatics/srm_poster/new_results/sanitized_sam_me2_mm80_mi20000_insertions_log_legend.eps
> ./CSHL_genome_informatics/srm_poster/new_results/sanitized_sam_me2_mm80_mi20000_insertions_log_legend.pdf
> ./CSHL_genome_informatics/srm_poster/new_results/sanitized_sam_me2_mm80_mi20000_insertions_log.pdf
> ./CSHL_genome_informatics/srm_poster/new_results/sanitized_sam_me2_mm80_mi20000_insertions.pdf
> ./CSHL_genome_informatics/srm_poster/new_results/sanitized_sam_me2_mm80_mi20000_intron_position.eps
> ./CSHL_genome_informatics/srm_poster/new_results/sanitized_sam_me2_mm80_mi20000_intron_position_log.eps
> ./CSHL_genome_informatics/srm_poster/new_results/sanitized_sam_me2_mm80_mi20000_intron_position_log.pdf
> ./CSHL_genome_informatics/srm_poster/new_results/sanitized_sam_me2_mm80_mi20000_intron_position.pdf
> ./CSHL_genome_informatics/srm_poster/new_results/sanitized_sam_me2_mm80_mi20000_mismatches.eps
> ./CSHL_genome_informatics/srm_poster/new_results/sanitized_sam_me2_mm80_mi20000_mismatches_log.eps
> ./CSHL_genome_informatics/srm_poster/new_results/sanitized_sam_me2_mm80_mi20000_mismatches_log.pdf
> ./CSHL_genome_informatics/srm_poster/new_results/sanitized_sam_me2_mm80_mi20000_mismatches.pdf
> ./CSHL_genome_informatics/srm_poster/new_results/sanitized_sam_me2_mm80_mi20000_qualities.eps
> ./CSHL_genome_informatics/srm_poster/new_results/sanitized_sam_me2_mm80_mi20000_qualities_log.eps
> ./CSHL_genome_informatics/srm_poster/new_results/sanitized_sam_me2_mm80_mi20000_qualities_log.pdf
> ./CSHL_genome_informatics/srm_poster/new_results/sanitized_sam_me2_mm80_mi20000_qualities.pdf
> ./CSHL_genome_informatics/srm_poster/new_results/sanitized_sam_mm80_mi20000_deletions.eps
> ./CSHL_genome_informatics/srm_poster/new_results/sanitized_sam_mm80_mi20000_deletions_log.eps
> ./CSHL_genome_informatics/srm_poster/new_results/sanitized_sam_mm80_mi20000_deletions_log.pdf
> ./CSHL_genome_informatics/srm_poster/new_results/sanitized_sam_mm80_mi20000_deletions.pdf
> ./CSHL_genome_informatics/srm_poster/new_results/sanitized_sam_mm80_mi20000_indels.eps
> ./CSHL_genome_informatics/srm_poster/new_results/sanitized_sam_mm80_mi20000_indels.pdf
> ./CSHL_genome_informatics/srm_poster/new_results/sanitized_sam_mm80_mi20000_insertions.eps
> ./CSHL_genome_informatics/srm_poster/new_results/sanitized_sam_mm80_mi20000_insertions_log.eps
> ./CSHL_genome_informatics/srm_poster/new_results/sanitized_sam_mm80_mi20000_insertions_log.pdf
> ./CSHL_genome_informatics/srm_poster/new_results/sanitized_sam_mm80_mi20000_insertions.pdf
> ./CSHL_genome_informatics/srm_poster/new_results/sanitized_sam_mm80_mi20000_intron_position_2.ai
> ./CSHL_genome_informatics/srm_poster/new_results/sanitized_sam_mm80_mi20000_intron_position_2.pdf
> ./CSHL_genome_informatics/srm_poster/new_results/sanitized_sam_mm80_mi20000_intron_position_2.png
> ./CSHL_genome_informatics/srm_poster/new_results/sanitized_sam_mm80_mi20000_intron_position_3.ai
> ./CSHL_genome_informatics/srm_poster/new_results/sanitized_sam_mm80_mi20000_intron_position_3a.pdf
> ./CSHL_genome_informatics/srm_poster/new_results/sanitized_sam_mm80_mi20000_intron_position_3.pdf
> ./CSHL_genome_informatics/srm_poster/new_results/sanitized_sam_mm80_mi20000_intron_position_3.png
> ./CSHL_genome_informatics/srm_poster/new_results/sanitized_sam_mm80_mi20000_intron_position.eps
> ./CSHL_genome_informatics/srm_poster/new_results/sanitized_sam_mm80_mi20000_intron_position_log.eps
> ./CSHL_genome_informatics/srm_poster/new_results/sanitized_sam_mm80_mi20000_intron_position_log.pdf
> ./CSHL_genome_informatics/srm_poster/new_results/sanitized_sam_mm80_mi20000_intron_position.pdf
> ./CSHL_genome_informatics/srm_poster/new_results/sanitized_sam_mm80_mi20000_mismatches.eps
> ./CSHL_genome_informatics/srm_poster/new_results/sanitized_sam_mm80_mi20000_mismatches_log.eps
> ./CSHL_genome_informatics/srm_poster/new_results/sanitized_sam_mm80_mi20000_mismatches_log.pdf
> ./CSHL_genome_informatics/srm_poster/new_results/sanitized_sam_mm80_mi20000_mismatches.pdf
> ./CSHL_genome_informatics/srm_poster/new_results/sanitized_sam_mm80_mi20000_qualities.eps
> ./CSHL_genome_informatics/srm_poster/new_results/sanitized_sam_mm80_mi20000_qualities_log.eps
> ./CSHL_genome_informatics/srm_poster/new_results/sanitized_sam_mm80_mi20000_qualities_log.pdf
> ./CSHL_genome_informatics/srm_poster/new_results/sanitized_sam_mm80_mi20000_qualities.pdf
> ./CSHL_genome_informatics/srm_poster/poster_srm_eval.tex
> ./CSHL_genome_informatics/srm_poster/scripts
> ./CSHL_genome_informatics/srm_poster/scripts/quant
> ./CSHL_genome_informatics/srm_poster/scripts/quant/elegans_mm_quant_1_spearman.eps
> ./CSHL_genome_informatics/srm_poster/scripts/quant/elegans_mm_quant_1_spearman.pdf
> ./CSHL_genome_informatics/srm_poster/scripts/quant/elegans_mm_quant_2.eps
> ./CSHL_genome_informatics/srm_poster/scripts/quant/elegans_mm_quant_2_log-pearson.eps
> ./CSHL_genome_informatics/srm_poster/scripts/quant/elegans_mm_quant_2_log-pearson.pdf
> ./CSHL_genome_informatics/srm_poster/scripts/quant/elegans_mm_quant_2_log-pearson_T.eps
> ./CSHL_genome_informatics/srm_poster/scripts/quant/elegans_mm_quant_2_log-pearson_T.pdf
> ./CSHL_genome_informatics/srm_poster/scripts/quant/elegans_mm_quant_2.pdf
> ./CSHL_genome_informatics/srm_poster/scripts/quant/elegans_mm_quant_2_spearman.eps
> ./CSHL_genome_informatics/srm_poster/scripts/quant/elegans_mm_quant_2_spearman.pdf
> ./CSHL_genome_informatics/srm_poster/scripts/quant/elegans_mm_quant_2_spearman_T.eps
> ./CSHL_genome_informatics/srm_poster/scripts/quant/elegans_mm_quant_2_spearman_T.pdf
> ./CSHL_genome_informatics/srm_poster/scripts/quant/elegans_mm_quant_2_T.eps
> ./CSHL_genome_informatics/srm_poster/scripts/quant/elegans_mm_quant_2_T_mod.pdf
> ./CSHL_genome_informatics/srm_poster/scripts/quant/elegans_mm_quant_2_T.pdf
> ./CSHL_genome_informatics/srm_poster/scripts/quant/elegans_mm_quant_3.eps
> ./CSHL_genome_informatics/srm_poster/scripts/quant/elegans_mm_quant_3_log-pearson.eps
> ./CSHL_genome_informatics/srm_poster/scripts/quant/elegans_mm_quant_3_log-pearson.pdf
> ./CSHL_genome_informatics/srm_poster/scripts/quant/elegans_mm_quant_3_log-pearson_T.eps
> ./CSHL_genome_informatics/srm_poster/scripts/quant/elegans_mm_quant_3_log-pearson_T.pdf
> ./CSHL_genome_informatics/srm_poster/scripts/quant/elegans_mm_quant_3.pdf
> ./CSHL_genome_informatics/srm_poster/scripts/quant/elegans_mm_quant_3_spearman.eps
> ./CSHL_genome_informatics/srm_poster/scripts/quant/elegans_mm_quant_3_spearman.pdf
> ./CSHL_genome_informatics/srm_poster/scripts/quant/elegans_mm_quant_3_spearman_T.eps
> ./CSHL_genome_informatics/srm_poster/scripts/quant/elegans_mm_quant_3_spearman_T.pdf
> ./CSHL_genome_informatics/srm_poster/scripts/quant/elegans_mm_quant_3_T.eps
> ./CSHL_genome_informatics/srm_poster/scripts/quant/elegans_mm_quant_3_T.pdf
> ./CSHL_genome_informatics/srm_poster/scripts/quant/elegans_mm_quant.eps
> ./CSHL_genome_informatics/srm_poster/scripts/quant/elegans_mm_quant.pdf
> ./CSHL_genome_informatics/srm_poster/scripts/quant/human_mm_quant_2.eps
> ./CSHL_genome_informatics/srm_poster/scripts/quant/human_mm_quant_2_log-pearson.eps
> ./CSHL_genome_informatics/srm_poster/scripts/quant/human_mm_quant_2_log-pearson.pdf
> ./CSHL_genome_informatics/srm_poster/scripts/quant/human_mm_quant_2_log-pearson_T.eps
> ./CSHL_genome_informatics/srm_poster/scripts/quant/human_mm_quant_2_log-pearson_T.pdf
> ./CSHL_genome_informatics/srm_poster/scripts/quant/human_mm_quant_2.pdf
> ./CSHL_genome_informatics/srm_poster/scripts/quant/human_mm_quant_2_spearman.eps
> ./CSHL_genome_informatics/srm_poster/scripts/quant/human_mm_quant_2_spearman.pdf
> ./CSHL_genome_informatics/srm_poster/scripts/quant/human_mm_quant_2_spearman_T.eps
> ./CSHL_genome_informatics/srm_poster/scripts/quant/human_mm_quant_2_spearman_T.pdf
> ./CSHL_genome_informatics/srm_poster/scripts/quant/human_mm_quant_2_T.eps
> ./CSHL_genome_informatics/srm_poster/scripts/quant/human_mm_quant_2_T_mod.pdf
> ./CSHL_genome_informatics/srm_poster/scripts/quant/human_mm_quant_2_T.pdf
> ./CSHL_genome_informatics/srm_poster/scripts/quant/human_mm_quant_3.eps
> ./CSHL_genome_informatics/srm_poster/scripts/quant/human_mm_quant_3_log-pearson.eps
> ./CSHL_genome_informatics/srm_poster/scripts/quant/human_mm_quant_3_log-pearson.pdf
> ./CSHL_genome_informatics/srm_poster/scripts/quant/human_mm_quant_3_log-pearson_T.eps
> ./CSHL_genome_informatics/srm_poster/scripts/quant/human_mm_quant_3_log-pearson_T.pdf
> ./CSHL_genome_informatics/srm_poster/scripts/quant/human_mm_quant_3.pdf
> ./CSHL_genome_informatics/srm_poster/scripts/quant/human_mm_quant_3_spearman.eps
> ./CSHL_genome_informatics/srm_poster/scripts/quant/human_mm_quant_3_spearman.pdf
> ./CSHL_genome_informatics/srm_poster/scripts/quant/human_mm_quant_3_spearman_T.eps
> ./CSHL_genome_informatics/srm_poster/scripts/quant/human_mm_quant_3_spearman_T.pdf
> ./CSHL_genome_informatics/srm_poster/scripts/quant/human_mm_quant_3_T.eps
> ./CSHL_genome_informatics/srm_poster/scripts/quant/human_mm_quant_3_T.pdf
> ./CSHL_genome_informatics/srm_poster/scripts/quant/human_mm_quant.eps
> ./CSHL_genome_informatics/srm_poster/scripts/quant/human_mm_quant.pdf
> ./CSHL_genome_informatics/srm_poster/scripts/quant/plot_quant.m
> ./CSHL_genome_informatics/srm_poster/scripts/quant/quant_submissions_elegans_log_pearson.m
> ./CSHL_genome_informatics/srm_poster/scripts/quant/quant_submissions_elegans_log_pearson_T.m
> ./CSHL_genome_informatics/srm_poster/scripts/quant/quant_submissions_elegans.m
> ./CSHL_genome_informatics/srm_poster/scripts/quant/quant_submissions_elegans_spearman.m
> ./CSHL_genome_informatics/srm_poster/scripts/quant/quant_submissions_elegans_spearman_T.m
> ./CSHL_genome_informatics/srm_poster/scripts/quant/quant_submissions_elegans_T.m
> ./CSHL_genome_informatics/srm_poster/scripts/quant/quant_submissions_human_log_pearson.m
> ./CSHL_genome_informatics/srm_poster/scripts/quant/quant_submissions_human_log_pearson_T.m
> ./CSHL_genome_informatics/srm_poster/scripts/quant/quant_submissions_human.m
> ./CSHL_genome_informatics/srm_poster/scripts/quant/quant_submissions_human_spearman.m
> ./CSHL_genome_informatics/srm_poster/scripts/quant/quant_submissions_human_spearman_T.m
> ./CSHL_genome_informatics/srm_poster/scripts/quant/quant_submissions_human_T.m
> ./CSHL_genome_informatics/srm_poster/scripts/quant/quant_submissions_me_human.m
> ./CSHL_genome_informatics/srm_poster/scripture
> ./CSHL_genome_informatics/srm_poster/scripture/elegans_scripture_comp.eps
> ./CSHL_genome_informatics/srm_poster/scripture/elegans_scripture_comp_mod.pdf
> ./CSHL_genome_informatics/srm_poster/scripture/elegans_scripture_comp.pdf
> ./CSHL_genome_informatics/srm_poster/scripture/elegans_scripture_comp_single=1.eps
> ./CSHL_genome_informatics/srm_poster/scripture/elegans_scripture_comp_single=1_mod.pdf
> ./CSHL_genome_informatics/srm_poster/scripture/elegans_scripture_comp_single=1.pdf
> ./CSHL_genome_informatics/srm_poster/scripture/elegans_scripture_comp_single=2.eps
> ./CSHL_genome_informatics/srm_poster/scripture/elegans_scripture_comp_single=2_mod.pdf
> ./CSHL_genome_informatics/srm_poster/scripture/elegans_scripture_comp_single=2.pdf
> ./CSHL_genome_informatics/srm_poster/scripture/human_scripture_comp.eps
> ./CSHL_genome_informatics/srm_poster/scripture/human_scripture_comp_mod.pdf
> ./CSHL_genome_informatics/srm_poster/scripture/human_scripture_comp.pdf
> ./CSHL_genome_informatics/srm_poster/scripture/human_scripture_comp_single=1.eps
> ./CSHL_genome_informatics/srm_poster/scripture/human_scripture_comp_single=1_mod.pdf
> ./CSHL_genome_informatics/srm_poster/scripture/human_scripture_comp_single=1.pdf
> ./CSHL_genome_informatics/srm_poster/scripture/human_scripture_comp_single=2.eps
> ./CSHL_genome_informatics/srm_poster/scripture/human_scripture_comp_single=2_mod.pdf
> ./CSHL_genome_informatics/srm_poster/scripture/human_scripture_comp_single=2.pdf
> ./CSHL_genome_informatics/stegle.txt
> ./CybFMLRetreat10
> ./CybFMLRetreat10/mGene.NG
> ./CybFMLRetreat10/mGene.NG/a0poster_mpi_v2.cls
> ./CybFMLRetreat10/mGene.NG/a0size.sty
> ./CybFMLRetreat10/mGene.NG/fml-logo-short.pdf
> ./CybFMLRetreat10/mGene.NG/img
> ./CybFMLRetreat10/mGene.NG/img/array_design_transcript.pdf
> ./CybFMLRetreat10/mGene.NG/img/Cokus_protein_coding_methylation.pdf
> ./CybFMLRetreat10/mGene.NG/img/complex_genes_good_support.ai
> ./CybFMLRetreat10/mGene.NG/img/complex_genes_good_support_ai.eps
> ./CybFMLRetreat10/mGene.NG/img/complex_genes_good_support_ai.pdf
> ./CybFMLRetreat10/mGene.NG/img/complex_genes_good_support.eps
> ./CybFMLRetreat10/mGene.NG/img/complex_genes_good_support_mod.eps
> ./CybFMLRetreat10/mGene.NG/img/complex_genes_good_support_mod.pdf
> ./CybFMLRetreat10/mGene.NG/img/complex_genes_good_support_mod_sharpened.pdf
> ./CybFMLRetreat10/mGene.NG/img/complex_genes_good_support.pdf
> ./CybFMLRetreat10/mGene.NG/img/eval_expression_bins_exons_comparison_conf.pdf
> ./CybFMLRetreat10/mGene.NG/img/gene_finding_rna_seq.jpg
> ./CybFMLRetreat10/mGene.NG/img/hgt_genome_37cd_d365e0_lines.pdf
> ./CybFMLRetreat10/mGene.NG/img/increasing_n_of_reads_plot.jpg
> ./CybFMLRetreat10/mGene.NG/img/little_support.eps
> ./CybFMLRetreat10/mGene.NG/img/many_alternatives.eps
> ./CybFMLRetreat10/mGene.NG/img/mGene_web_workflow.pdf
> ./CybFMLRetreat10/mGene.NG/img/model_with_features.pdf
> ./CybFMLRetreat10/mGene.NG/img/negXTs.png
> ./CybFMLRetreat10/mGene.NG/img/nice_sopport.eps
> ./CybFMLRetreat10/mGene.NG/img/nice_support.eps
> ./CybFMLRetreat10/mGene.NG/img/nice_support.pdf
> ./CybFMLRetreat10/mGene.NG/img/Path_score_and_features.graffle
> ./CybFMLRetreat10/mGene.NG/img/Path_score_and_features.pdf
> ./CybFMLRetreat10/mGene.NG/img/posXTs.png
> ./CybFMLRetreat10/mGene.NG/img/probably_wrong_annotation.eps
> ./CybFMLRetreat10/mGene.NG/img/RNA_Seq_better_than_ESTs.pdf
> ./CybFMLRetreat10/mGene.NG/img/RNA-Seq_features_in_mgene.pdf
> ./CybFMLRetreat10/mGene.NG/img/RNA-Seq_mapping.pdf
> ./CybFMLRetreat10/mGene.NG/img/RNA-Seq_profile.pdf
> ./CybFMLRetreat10/mGene.NG/img/splice_form_reads.pdf
> ./CybFMLRetreat10/mGene.NG/img/transcript_normalisation.eps
> ./CybFMLRetreat10/mGene.NG/img/transcript_normalisation.pdf
> ./CybFMLRetreat10/mGene.NG/img/transcript_normalisation.ps
> ./CybFMLRetreat10/mGene.NG/img/transcript_normalisation.xcf
> ./CybFMLRetreat10/mGene.NG/img/very_unbalanced_support.eps
> ./CybFMLRetreat10/mGene.NG/logo_mpg.pdf
> ./CybFMLRetreat10/mGene.NG/poster.tex
> ./CybFMLRetreat10/PALMapper
> ./CybFMLRetreat10/PALMapper/a0poster_mpi_v2.cls
> ./CybFMLRetreat10/PALMapper/a0size.sty
> ./CybFMLRetreat10/PALMapper/figs
> ./CybFMLRetreat10/PALMapper/figs/al_matrix_v2.png
> ./CybFMLRetreat10/PALMapper/figs/elegans_performance_comparison_avg.pdf
> ./CybFMLRetreat10/PALMapper/figs/example_alignment.pdf
> ./CybFMLRetreat10/PALMapper/figs/example_read.pdf
> ./CybFMLRetreat10/PALMapper/figs/fml-logo-short.pdf
> ./CybFMLRetreat10/PALMapper/figs/Logo-kurz.png
> ./CybFMLRetreat10/PALMapper/figs/logo_mpg.eps
> ./CybFMLRetreat10/PALMapper/figs/logo_mpg.pdf
> ./CybFMLRetreat10/PALMapper/figs/margin2.pdf
> ./CybFMLRetreat10/PALMapper/figs/margin3.pdf
> ./CybFMLRetreat10/PALMapper/figs/margin.pdf
> ./CybFMLRetreat10/PALMapper/figs/palmapper_pipeline.jpg
> ./CybFMLRetreat10/PALMapper/figs/pipeline-flow.png
> ./CybFMLRetreat10/PALMapper/figs/qpalma_alignment.jpg
> ./CybFMLRetreat10/PALMapper/figs/qpalma_alignment_lookup_2.pdf
> ./CybFMLRetreat10/PALMapper/figs/splice_form_reads.pdf
> ./CybFMLRetreat10/PALMapper/figs/trace.jpg
> ./CybFMLRetreat10/PALMapper/poster_retreat201004.tex
> ./ISCB_StudentCouncil
> ./ISCB_StudentCouncil/srm-eval
> ./ISCB_StudentCouncil/srm-eval/abstracts
> ./ISCB_StudentCouncil/srm-eval/abstracts/bmc_article.bst
> ./ISCB_StudentCouncil/srm-eval/abstracts/bmc_article.cls
> ./ISCB_StudentCouncil/srm-eval/abstracts/long_abstract.tex
> ./ISCB_StudentCouncil/srm-eval/abstracts/references.bib
> ./ISCB_StudentCouncil/srm-eval/abstracts/short_abstract.txt
> ./ISCB_StudentCouncil/srm-eval/poster
> ./ISCB_StudentCouncil/srm-eval/poster/a0poster_mpi_v2.cls
> ./ISCB_StudentCouncil/srm-eval/poster/a0size.sty
> ./ISCB_StudentCouncil/srm-eval/poster/img
> ./ISCB_StudentCouncil/srm-eval/poster/img/align_error_distribution_cut.pdf
> ./ISCB_StudentCouncil/srm-eval/poster/img/align_error_distribution.pdf
> ./ISCB_StudentCouncil/srm-eval/poster/img/D_melanogaster_L3_prec_rec.pdf
> ./ISCB_StudentCouncil/srm-eval/poster/img/elegans_chr1_alignment_eval_filtered.pdf
> ./ISCB_StudentCouncil/srm-eval/poster/img/elegans_chr1_alignment_eval_mr-filtered.pdf
> ./ISCB_StudentCouncil/srm-eval/poster/img/elegans_chr1_alignment_eval_original.pdf
> ./ISCB_StudentCouncil/srm-eval/poster/img/elegans_chr1_reads_pairwise_heatmap.pdf
> ./ISCB_StudentCouncil/srm-eval/poster/img/eval_overview.pdf
> ./ISCB_StudentCouncil/srm-eval/poster/img/fml-logo-long.pdf
> ./ISCB_StudentCouncil/srm-eval/poster/img/fml-logo-short.pdf
> ./ISCB_StudentCouncil/srm-eval/poster/img/galaxy_2_cut.pdf
> ./ISCB_StudentCouncil/srm-eval/poster/img/galaxy_alignment_eval_cut.pdf
> ./ISCB_StudentCouncil/srm-eval/poster/img/galaxy_alignment_eval.pdf
> ./ISCB_StudentCouncil/srm-eval/poster/img/GenomeMapper1.pdf
> ./ISCB_StudentCouncil/srm-eval/poster/img/mpg-logo.pdf
> ./ISCB_StudentCouncil/srm-eval/poster/img/multi-mapper1.pdf
> ./ISCB_StudentCouncil/srm-eval/poster/img/multi-mapper2.pdf
> ./ISCB_StudentCouncil/srm-eval/poster/img/multi-mapper3.pdf
> ./ISCB_StudentCouncil/srm-eval/poster/img/multi-mapper4.pdf
> ./ISCB_StudentCouncil/srm-eval/poster/img/RGASP-agreement-human-chr1.pdf
> ./ISCB_StudentCouncil/srm-eval/poster/img/RNA-Seq_mapping_cut.pdf
> ./ISCB_StudentCouncil/srm-eval/poster/img/RNA-Seq_mapping.pdf
> ./ISCB_StudentCouncil/srm-eval/poster/img/RNA-Seq_overview3.pdf
> ./ISCB_StudentCouncil/srm-eval/poster/img/spliced_read.pdf
> ./ISCB_StudentCouncil/srm-eval/poster/mybeamerbaseboxes.sty
> ./ISCB_StudentCouncil/srm-eval/poster/new_results
> ./ISCB_StudentCouncil/srm-eval/poster/new_results/copy_results.sh
> ./ISCB_StudentCouncil/srm-eval/poster/new_results/elegans_scripture_comp.eps
> ./ISCB_StudentCouncil/srm-eval/poster/new_results/elegans_scripture_comp.pdf
> ./ISCB_StudentCouncil/srm-eval/poster/new_results/ex_wise_fScore_full_elegans.eps
> ./ISCB_StudentCouncil/srm-eval/poster/new_results/ex_wise_fScore_full_elegans.pdf
> ./ISCB_StudentCouncil/srm-eval/poster/new_results/ex_wise_fScore_full_human.eps
> ./ISCB_StudentCouncil/srm-eval/poster/new_results/ex_wise_fScore_full_human.pdf
> ./ISCB_StudentCouncil/srm-eval/poster/new_results/ex_wise_fScore_single_elegans.eps
> ./ISCB_StudentCouncil/srm-eval/poster/new_results/ex_wise_fScore_single_elegans.pdf
> ./ISCB_StudentCouncil/srm-eval/poster/new_results/ex_wise_fScore_single_human.eps
> ./ISCB_StudentCouncil/srm-eval/poster/new_results/ex_wise_fScore_single_human.pdf
> ./ISCB_StudentCouncil/srm-eval/poster/new_results/ex_wise_fScore_unique_elegans.eps
> ./ISCB_StudentCouncil/srm-eval/poster/new_results/ex_wise_fScore_unique_elegans.pdf
> ./ISCB_StudentCouncil/srm-eval/poster/new_results/ex_wise_fScore_unique_human.eps
> ./ISCB_StudentCouncil/srm-eval/poster/new_results/ex_wise_fScore_unique_human.pdf
> ./ISCB_StudentCouncil/srm-eval/poster/new_results/human_scripture_comp.eps
> ./ISCB_StudentCouncil/srm-eval/poster/new_results/human_scripture_comp.pdf
> ./ISCB_StudentCouncil/srm-eval/poster/new_results/indel_legend.pdf
> ./ISCB_StudentCouncil/srm-eval/poster/new_results/indel_legend.png
> ./ISCB_StudentCouncil/srm-eval/poster/new_results/mm_wise_fScore_full_elegans.eps
> ./ISCB_StudentCouncil/srm-eval/poster/new_results/mm_wise_fScore_full_elegans.pdf
> ./ISCB_StudentCouncil/srm-eval/poster/new_results/mm_wise_fScore_full_human.eps
> ./ISCB_StudentCouncil/srm-eval/poster/new_results/mm_wise_fScore_full_human.pdf
> ./ISCB_StudentCouncil/srm-eval/poster/new_results/mm_wise_fScore_single_elegans.eps
> ./ISCB_StudentCouncil/srm-eval/poster/new_results/mm_wise_fScore_single_elegans.pdf
> ./ISCB_StudentCouncil/srm-eval/poster/new_results/mm_wise_fScore_single_human.eps
> ./ISCB_StudentCouncil/srm-eval/poster/new_results/mm_wise_fScore_single_human.pdf
> ./ISCB_StudentCouncil/srm-eval/poster/new_results/mm_wise_fScore_unique_elegans.eps
> ./ISCB_StudentCouncil/srm-eval/poster/new_results/mm_wise_fScore_unique_elegans.pdf
> ./ISCB_StudentCouncil/srm-eval/poster/new_results/mm_wise_fScore_unique_human.eps
> ./ISCB_StudentCouncil/srm-eval/poster/new_results/mm_wise_fScore_unique_human.pdf
> ./ISCB_StudentCouncil/srm-eval/poster/new_results/pairwise_introns_elegans2.pdf
> ./ISCB_StudentCouncil/srm-eval/poster/new_results/pairwise_introns_elegans2.png
> ./ISCB_StudentCouncil/srm-eval/poster/new_results/pairwise_introns_elegans_clip.ai
> ./ISCB_StudentCouncil/srm-eval/poster/new_results/pairwise_introns_elegans.eps
> ./ISCB_StudentCouncil/srm-eval/poster/new_results/pairwise_introns_elegans.pdf
> ./ISCB_StudentCouncil/srm-eval/poster/new_results/pairwise_introns_elegans.png
> ./ISCB_StudentCouncil/srm-eval/poster/new_results/pairwise_introns_elegans_xlabel.ai
> ./ISCB_StudentCouncil/srm-eval/poster/new_results/pairwise_introns_elegans_xlabel.pdf
> ./ISCB_StudentCouncil/srm-eval/poster/new_results/pairwise_introns_elegans_xlabel.png
> ./ISCB_StudentCouncil/srm-eval/poster/new_results/pairwise_introns_human2.pdf
> ./ISCB_StudentCouncil/srm-eval/poster/new_results/pairwise_introns_human2.png
> ./ISCB_StudentCouncil/srm-eval/poster/new_results/pairwise_introns_human_clip.ai
> ./ISCB_StudentCouncil/srm-eval/poster/new_results/pairwise_introns_human.eps
> ./ISCB_StudentCouncil/srm-eval/poster/new_results/pairwise_introns_human.pdf
> ./ISCB_StudentCouncil/srm-eval/poster/new_results/pairwise_introns_human.png
> ./ISCB_StudentCouncil/srm-eval/poster/new_results/pairwise_introns_human_xlabel.pdf
> ./ISCB_StudentCouncil/srm-eval/poster/new_results/pairwise_introns_unique_elegans.eps
> ./ISCB_StudentCouncil/srm-eval/poster/new_results/pairwise_introns_unique_elegans.pdf
> ./ISCB_StudentCouncil/srm-eval/poster/new_results/pairwise_introns_unique_human.eps
> ./ISCB_StudentCouncil/srm-eval/poster/new_results/pairwise_introns_unique_human.pdf
> ./ISCB_StudentCouncil/srm-eval/poster/new_results/performance_overview_strat1_elegans.eps
> ./ISCB_StudentCouncil/srm-eval/poster/new_results/performance_overview_strat1_elegans.pdf
> ./ISCB_StudentCouncil/srm-eval/poster/new_results/performance_overview_strat1_human.eps
> ./ISCB_StudentCouncil/srm-eval/poster/new_results/performance_overview_strat1_human.pdf
> ./ISCB_StudentCouncil/srm-eval/poster/new_results/performance_overview_zeroMM_elegans.eps
> ./ISCB_StudentCouncil/srm-eval/poster/new_results/performance_overview_zeroMM_elegans.pdf
> ./ISCB_StudentCouncil/srm-eval/poster/new_results/performance_overview_zeroMM_human.eps
> ./ISCB_StudentCouncil/srm-eval/poster/new_results/performance_overview_zeroMM_human.pdf
> ./ISCB_StudentCouncil/srm-eval/poster/new_results/sanitized_sam_me15_mm6_mi20000_deletions.eps
> ./ISCB_StudentCouncil/srm-eval/poster/new_results/sanitized_sam_me15_mm6_mi20000_deletions.pdf
> ./ISCB_StudentCouncil/srm-eval/poster/new_results/sanitized_sam_me15_mm6_mi20000_insertions.eps
> ./ISCB_StudentCouncil/srm-eval/poster/new_results/sanitized_sam_me15_mm6_mi20000_insertions.pdf
> ./ISCB_StudentCouncil/srm-eval/poster/new_results/sanitized_sam_me15_mm6_mi20000_intron_position.eps
> ./ISCB_StudentCouncil/srm-eval/poster/new_results/sanitized_sam_me15_mm6_mi20000_intron_position.pdf
> ./ISCB_StudentCouncil/srm-eval/poster/new_results/sanitized_sam_me15_mm6_mi20000_mismatches.eps
> ./ISCB_StudentCouncil/srm-eval/poster/new_results/sanitized_sam_me15_mm6_mi20000_mismatches.pdf
> ./ISCB_StudentCouncil/srm-eval/poster/new_results/sanitized_sam_me15_mm6_mi20000_qualities.eps
> ./ISCB_StudentCouncil/srm-eval/poster/new_results/sanitized_sam_me15_mm6_mi20000_qualities.pdf
> ./ISCB_StudentCouncil/srm-eval/poster/new_results/sanitized_sam_me2_mm80_mi20000_deletions.eps
> ./ISCB_StudentCouncil/srm-eval/poster/new_results/sanitized_sam_me2_mm80_mi20000_deletions_log.eps
> ./ISCB_StudentCouncil/srm-eval/poster/new_results/sanitized_sam_me2_mm80_mi20000_deletions_log.pdf
> ./ISCB_StudentCouncil/srm-eval/poster/new_results/sanitized_sam_me2_mm80_mi20000_deletions.pdf
> ./ISCB_StudentCouncil/srm-eval/poster/new_results/sanitized_sam_me2_mm80_mi20000_indels.eps
> ./ISCB_StudentCouncil/srm-eval/poster/new_results/sanitized_sam_me2_mm80_mi20000_indels.pdf
> ./ISCB_StudentCouncil/srm-eval/poster/new_results/sanitized_sam_me2_mm80_mi20000_insertions.eps
> ./ISCB_StudentCouncil/srm-eval/poster/new_results/sanitized_sam_me2_mm80_mi20000_insertions_legend.eps
> ./ISCB_StudentCouncil/srm-eval/poster/new_results/sanitized_sam_me2_mm80_mi20000_insertions_legend.pdf
> ./ISCB_StudentCouncil/srm-eval/poster/new_results/sanitized_sam_me2_mm80_mi20000_insertions_log.eps
> ./ISCB_StudentCouncil/srm-eval/poster/new_results/sanitized_sam_me2_mm80_mi20000_insertions_log_legend.eps
> ./ISCB_StudentCouncil/srm-eval/poster/new_results/sanitized_sam_me2_mm80_mi20000_insertions_log_legend.pdf
> ./ISCB_StudentCouncil/srm-eval/poster/new_results/sanitized_sam_me2_mm80_mi20000_insertions_log.pdf
> ./ISCB_StudentCouncil/srm-eval/poster/new_results/sanitized_sam_me2_mm80_mi20000_insertions.pdf
> ./ISCB_StudentCouncil/srm-eval/poster/new_results/sanitized_sam_me2_mm80_mi20000_intron_position.eps
> ./ISCB_StudentCouncil/srm-eval/poster/new_results/sanitized_sam_me2_mm80_mi20000_intron_position_log.eps
> ./ISCB_StudentCouncil/srm-eval/poster/new_results/sanitized_sam_me2_mm80_mi20000_intron_position_log.pdf
> ./ISCB_StudentCouncil/srm-eval/poster/new_results/sanitized_sam_me2_mm80_mi20000_intron_position.pdf
> ./ISCB_StudentCouncil/srm-eval/poster/new_results/sanitized_sam_me2_mm80_mi20000_mismatches.eps
> ./ISCB_StudentCouncil/srm-eval/poster/new_results/sanitized_sam_me2_mm80_mi20000_mismatches_log.eps
> ./ISCB_StudentCouncil/srm-eval/poster/new_results/sanitized_sam_me2_mm80_mi20000_mismatches_log.pdf
> ./ISCB_StudentCouncil/srm-eval/poster/new_results/sanitized_sam_me2_mm80_mi20000_mismatches.pdf
> ./ISCB_StudentCouncil/srm-eval/poster/new_results/sanitized_sam_me2_mm80_mi20000_qualities.eps
> ./ISCB_StudentCouncil/srm-eval/poster/new_results/sanitized_sam_me2_mm80_mi20000_qualities_log.eps
> ./ISCB_StudentCouncil/srm-eval/poster/new_results/sanitized_sam_me2_mm80_mi20000_qualities_log.pdf
> ./ISCB_StudentCouncil/srm-eval/poster/new_results/sanitized_sam_me2_mm80_mi20000_qualities.pdf
> ./ISCB_StudentCouncil/srm-eval/poster/new_results/sanitized_sam_mm80_mi20000_deletions.eps
> ./ISCB_StudentCouncil/srm-eval/poster/new_results/sanitized_sam_mm80_mi20000_deletions_log.eps
> ./ISCB_StudentCouncil/srm-eval/poster/new_results/sanitized_sam_mm80_mi20000_deletions_log.pdf
> ./ISCB_StudentCouncil/srm-eval/poster/new_results/sanitized_sam_mm80_mi20000_deletions.pdf
> ./ISCB_StudentCouncil/srm-eval/poster/new_results/sanitized_sam_mm80_mi20000_indels.eps
> ./ISCB_StudentCouncil/srm-eval/poster/new_results/sanitized_sam_mm80_mi20000_indels.pdf
> ./ISCB_StudentCouncil/srm-eval/poster/new_results/sanitized_sam_mm80_mi20000_insertions.eps
> ./ISCB_StudentCouncil/srm-eval/poster/new_results/sanitized_sam_mm80_mi20000_insertions_log.eps
> ./ISCB_StudentCouncil/srm-eval/poster/new_results/sanitized_sam_mm80_mi20000_insertions_log.pdf
> ./ISCB_StudentCouncil/srm-eval/poster/new_results/sanitized_sam_mm80_mi20000_insertions.pdf
> ./ISCB_StudentCouncil/srm-eval/poster/new_results/sanitized_sam_mm80_mi20000_intron_position_2.ai
> ./ISCB_StudentCouncil/srm-eval/poster/new_results/sanitized_sam_mm80_mi20000_intron_position_2.pdf
> ./ISCB_StudentCouncil/srm-eval/poster/new_results/sanitized_sam_mm80_mi20000_intron_position_2.png
> ./ISCB_StudentCouncil/srm-eval/poster/new_results/sanitized_sam_mm80_mi20000_intron_position_3.ai
> ./ISCB_StudentCouncil/srm-eval/poster/new_results/sanitized_sam_mm80_mi20000_intron_position_3a.pdf
> ./ISCB_StudentCouncil/srm-eval/poster/new_results/sanitized_sam_mm80_mi20000_intron_position_3.pdf
> ./ISCB_StudentCouncil/srm-eval/poster/new_results/sanitized_sam_mm80_mi20000_intron_position_3.png
> ./ISCB_StudentCouncil/srm-eval/poster/new_results/sanitized_sam_mm80_mi20000_intron_position.eps
> ./ISCB_StudentCouncil/srm-eval/poster/new_results/sanitized_sam_mm80_mi20000_intron_position_log.eps
> ./ISCB_StudentCouncil/srm-eval/poster/new_results/sanitized_sam_mm80_mi20000_intron_position_log.pdf
> ./ISCB_StudentCouncil/srm-eval/poster/new_results/sanitized_sam_mm80_mi20000_intron_position.pdf
> ./ISCB_StudentCouncil/srm-eval/poster/new_results/sanitized_sam_mm80_mi20000_mismatches.eps
> ./ISCB_StudentCouncil/srm-eval/poster/new_results/sanitized_sam_mm80_mi20000_mismatches_log.eps
> ./ISCB_StudentCouncil/srm-eval/poster/new_results/sanitized_sam_mm80_mi20000_mismatches_log.pdf
> ./ISCB_StudentCouncil/srm-eval/poster/new_results/sanitized_sam_mm80_mi20000_mismatches.pdf
> ./ISCB_StudentCouncil/srm-eval/poster/new_results/sanitized_sam_mm80_mi20000_qualities.eps
> ./ISCB_StudentCouncil/srm-eval/poster/new_results/sanitized_sam_mm80_mi20000_qualities_log.eps
> ./ISCB_StudentCouncil/srm-eval/poster/new_results/sanitized_sam_mm80_mi20000_qualities_log.pdf
> ./ISCB_StudentCouncil/srm-eval/poster/new_results/sanitized_sam_mm80_mi20000_qualities.pdf
> ./ISCB_StudentCouncil/srm-eval/poster/poster_srm_eval.tex
> ./ISCB_StudentCouncil/srm-eval/poster/scripts
> ./ISCB_StudentCouncil/srm-eval/poster/scripts/quant
> ./ISCB_StudentCouncil/srm-eval/poster/scripts/quant/elegans_mm_quant_1_spearman.eps
> ./ISCB_StudentCouncil/srm-eval/poster/scripts/quant/elegans_mm_quant_1_spearman.pdf
> ./ISCB_StudentCouncil/srm-eval/poster/scripts/quant/elegans_mm_quant_2.eps
> ./ISCB_StudentCouncil/srm-eval/poster/scripts/quant/elegans_mm_quant_2_log-pearson.eps
> ./ISCB_StudentCouncil/srm-eval/poster/scripts/quant/elegans_mm_quant_2_log-pearson.pdf
> ./ISCB_StudentCouncil/srm-eval/poster/scripts/quant/elegans_mm_quant_2_log-pearson_T.eps
> ./ISCB_StudentCouncil/srm-eval/poster/scripts/quant/elegans_mm_quant_2_log-pearson_T.pdf
> ./ISCB_StudentCouncil/srm-eval/poster/scripts/quant/elegans_mm_quant_2.pdf
> ./ISCB_StudentCouncil/srm-eval/poster/scripts/quant/elegans_mm_quant_2_spearman.eps
> ./ISCB_StudentCouncil/srm-eval/poster/scripts/quant/elegans_mm_quant_2_spearman.pdf
> ./ISCB_StudentCouncil/srm-eval/poster/scripts/quant/elegans_mm_quant_2_spearman_T.eps
> ./ISCB_StudentCouncil/srm-eval/poster/scripts/quant/elegans_mm_quant_2_spearman_T.pdf
> ./ISCB_StudentCouncil/srm-eval/poster/scripts/quant/elegans_mm_quant_2_T.eps
> ./ISCB_StudentCouncil/srm-eval/poster/scripts/quant/elegans_mm_quant_2_T.pdf
> ./ISCB_StudentCouncil/srm-eval/poster/scripts/quant/elegans_mm_quant_3.eps
> ./ISCB_StudentCouncil/srm-eval/poster/scripts/quant/elegans_mm_quant_3_log-pearson.eps
> ./ISCB_StudentCouncil/srm-eval/poster/scripts/quant/elegans_mm_quant_3_log-pearson.pdf
> ./ISCB_StudentCouncil/srm-eval/poster/scripts/quant/elegans_mm_quant_3_log-pearson_T.eps
> ./ISCB_StudentCouncil/srm-eval/poster/scripts/quant/elegans_mm_quant_3_log-pearson_T.pdf
> ./ISCB_StudentCouncil/srm-eval/poster/scripts/quant/elegans_mm_quant_3.pdf
> ./ISCB_StudentCouncil/srm-eval/poster/scripts/quant/elegans_mm_quant_3_spearman.eps
> ./ISCB_StudentCouncil/srm-eval/poster/scripts/quant/elegans_mm_quant_3_spearman.pdf
> ./ISCB_StudentCouncil/srm-eval/poster/scripts/quant/elegans_mm_quant_3_spearman_T.eps
> ./ISCB_StudentCouncil/srm-eval/poster/scripts/quant/elegans_mm_quant_3_spearman_T.pdf
> ./ISCB_StudentCouncil/srm-eval/poster/scripts/quant/elegans_mm_quant_3_T.eps
> ./ISCB_StudentCouncil/srm-eval/poster/scripts/quant/elegans_mm_quant_3_T.pdf
> ./ISCB_StudentCouncil/srm-eval/poster/scripts/quant/elegans_mm_quant.eps
> ./ISCB_StudentCouncil/srm-eval/poster/scripts/quant/elegans_mm_quant.pdf
> ./ISCB_StudentCouncil/srm-eval/poster/scripts/quant/human_mm_quant_2.eps
> ./ISCB_StudentCouncil/srm-eval/poster/scripts/quant/human_mm_quant_2_log-pearson.eps
> ./ISCB_StudentCouncil/srm-eval/poster/scripts/quant/human_mm_quant_2_log-pearson.pdf
> ./ISCB_StudentCouncil/srm-eval/poster/scripts/quant/human_mm_quant_2_log-pearson_T.eps
> ./ISCB_StudentCouncil/srm-eval/poster/scripts/quant/human_mm_quant_2_log-pearson_T.pdf
> ./ISCB_StudentCouncil/srm-eval/poster/scripts/quant/human_mm_quant_2.pdf
> ./ISCB_StudentCouncil/srm-eval/poster/scripts/quant/human_mm_quant_2_spearman.eps
> ./ISCB_StudentCouncil/srm-eval/poster/scripts/quant/human_mm_quant_2_spearman.pdf
> ./ISCB_StudentCouncil/srm-eval/poster/scripts/quant/human_mm_quant_2_spearman_T.eps
> ./ISCB_StudentCouncil/srm-eval/poster/scripts/quant/human_mm_quant_2_spearman_T.pdf
> ./ISCB_StudentCouncil/srm-eval/poster/scripts/quant/human_mm_quant_2_T.eps
> ./ISCB_StudentCouncil/srm-eval/poster/scripts/quant/human_mm_quant_2_T.pdf
> ./ISCB_StudentCouncil/srm-eval/poster/scripts/quant/human_mm_quant_3.eps
> ./ISCB_StudentCouncil/srm-eval/poster/scripts/quant/human_mm_quant_3_log-pearson.eps
> ./ISCB_StudentCouncil/srm-eval/poster/scripts/quant/human_mm_quant_3_log-pearson.pdf
> ./ISCB_StudentCouncil/srm-eval/poster/scripts/quant/human_mm_quant_3_log-pearson_T.eps
> ./ISCB_StudentCouncil/srm-eval/poster/scripts/quant/human_mm_quant_3_log-pearson_T.pdf
> ./ISCB_StudentCouncil/srm-eval/poster/scripts/quant/human_mm_quant_3.pdf
> ./ISCB_StudentCouncil/srm-eval/poster/scripts/quant/human_mm_quant_3_spearman.eps
> ./ISCB_StudentCouncil/srm-eval/poster/scripts/quant/human_mm_quant_3_spearman.pdf
> ./ISCB_StudentCouncil/srm-eval/poster/scripts/quant/human_mm_quant_3_spearman_T.eps
> ./ISCB_StudentCouncil/srm-eval/poster/scripts/quant/human_mm_quant_3_spearman_T.pdf
> ./ISCB_StudentCouncil/srm-eval/poster/scripts/quant/human_mm_quant_3_T.eps
> ./ISCB_StudentCouncil/srm-eval/poster/scripts/quant/human_mm_quant_3_T.pdf
> ./ISCB_StudentCouncil/srm-eval/poster/scripts/quant/human_mm_quant.eps
> ./ISCB_StudentCouncil/srm-eval/poster/scripts/quant/human_mm_quant.pdf
> ./ISCB_StudentCouncil/srm-eval/poster/scripts/quant/plot_quant.m
> ./ISCB_StudentCouncil/srm-eval/poster/scripts/quant/quant_submissions_elegans_log_pearson.m
> ./ISCB_StudentCouncil/srm-eval/poster/scripts/quant/quant_submissions_elegans_log_pearson_T.m
> ./ISCB_StudentCouncil/srm-eval/poster/scripts/quant/quant_submissions_elegans.m
> ./ISCB_StudentCouncil/srm-eval/poster/scripts/quant/quant_submissions_elegans_spearman.m
> ./ISCB_StudentCouncil/srm-eval/poster/scripts/quant/quant_submissions_elegans_spearman_T.m
> ./ISCB_StudentCouncil/srm-eval/poster/scripts/quant/quant_submissions_elegans_T.m
> ./ISCB_StudentCouncil/srm-eval/poster/scripts/quant/quant_submissions_human_log_pearson.m
> ./ISCB_StudentCouncil/srm-eval/poster/scripts/quant/quant_submissions_human_log_pearson_T.m
> ./ISCB_StudentCouncil/srm-eval/poster/scripts/quant/quant_submissions_human.m
> ./ISCB_StudentCouncil/srm-eval/poster/scripts/quant/quant_submissions_human_spearman.m
> ./ISCB_StudentCouncil/srm-eval/poster/scripts/quant/quant_submissions_human_spearman_T.m
> ./ISCB_StudentCouncil/srm-eval/poster/scripts/quant/quant_submissions_human_T.m
> ./ISCB_StudentCouncil/srm-eval/poster/scripts/quant/quant_submissions_me_human.m
> ./ISCB_StudentCouncil/srm-eval/poster/scripture
> ./ISCB_StudentCouncil/srm-eval/poster/scripture/elegans_scripture_comp.eps
> ./ISCB_StudentCouncil/srm-eval/poster/scripture/elegans_scripture_comp.pdf
> ./ISCB_StudentCouncil/srm-eval/poster/scripture/elegans_scripture_comp_single=1.eps
> ./ISCB_StudentCouncil/srm-eval/poster/scripture/elegans_scripture_comp_single=1.pdf
> ./ISCB_StudentCouncil/srm-eval/poster/scripture/elegans_scripture_comp_single=2.eps
> ./ISCB_StudentCouncil/srm-eval/poster/scripture/elegans_scripture_comp_single=2.pdf
> ./ISCB_StudentCouncil/srm-eval/poster/scripture/human_scripture_comp.eps
> ./ISCB_StudentCouncil/srm-eval/poster/scripture/human_scripture_comp.pdf
> ./ISCB_StudentCouncil/srm-eval/poster/scripture/human_scripture_comp_single=1.eps
> ./ISCB_StudentCouncil/srm-eval/poster/scripture/human_scripture_comp_single=1.pdf
> ./ISCB_StudentCouncil/srm-eval/poster/scripture/human_scripture_comp_single=2.eps
> ./ISCB_StudentCouncil/srm-eval/poster/scripture/human_scripture_comp_single=2.pdf
> ./ISMB10
> ./ISMB10/ASSIG10
> ./ISMB10/HITSEQ10
> ./ISMB10/mGene_highlight
> ./ISMB10/mGene_highlight/abstract_150.txt
> ./ISMB10/mGene_highlight/abstract.txt
> ./ISMB10/mGene_highlight/citations
> ./ISMB10/mGene_highlight/finalcombinedpdf.pdf
> ./ISMB10/online_RNASeq_analysis
> ./ISMB10/online_RNASeq_analysis/HiTSeq-SIG
> ./ISMB10/online_RNASeq_analysis/HiTSeq-SIG/HiTSeq-SIG_abstract.doc
> ./ISMB10/online_RNASeq_analysis/HiTSeq-SIG/RGASP-overview_mod.graffle
> ./ISMB10/online_RNASeq_analysis/poster
> ./ISMB10/online_RNASeq_analysis/poster/a0poster_mpi_v2.cls
> ./ISMB10/online_RNASeq_analysis/poster/a0size.sty
> ./ISMB10/online_RNASeq_analysis/poster/fml-logo-short.pdf
> ./ISMB10/online_RNASeq_analysis/poster/img
> ./ISMB10/online_RNASeq_analysis/poster/img/CAT_1_cds1_ISMB08_legend.pdf
> ./ISMB10/online_RNASeq_analysis/poster/img/CAT_1_cds1_ISMB08.pdf
> ./ISMB10/online_RNASeq_analysis/poster/img/complex_genes_good_support_ai.pdf
> ./ISMB10/online_RNASeq_analysis/poster/img/coverage_example.pdf
> ./ISMB10/online_RNASeq_analysis/poster/img/elegans_alignment_eval.pdf
> ./ISMB10/online_RNASeq_analysis/poster/img/elegans_cds_avg_graph_filter.pdf
> ./ISMB10/online_RNASeq_analysis/poster/img/elegans_cds_avg_mgene_vs_mtim_vs_abinitio.pdf
> ./ISMB10/online_RNASeq_analysis/poster/img/elegans_SRX001872_profiles.pdf
> ./ISMB10/online_RNASeq_analysis/poster/img/galaxy.jpg
> ./ISMB10/online_RNASeq_analysis/poster/img/mTiM_model.pdf
> ./ISMB10/online_RNASeq_analysis/poster/img/mTiM_viz.pdf
> ./ISMB10/online_RNASeq_analysis/poster/img/profile_exm.pdf
> ./ISMB10/online_RNASeq_analysis/poster/img/QPALMA_illustration_mod.pdf
> ./ISMB10/online_RNASeq_analysis/poster/img/QPALMA_illustration.pdf
> ./ISMB10/online_RNASeq_analysis/poster/img/QPALMA_performance.pdf
> ./ISMB10/online_RNASeq_analysis/poster/img/RGASP-overview_mod.graffle
> ./ISMB10/online_RNASeq_analysis/poster/img/RGASP-overview_mod.pdf
> ./ISMB10/online_RNASeq_analysis/poster/img/RGASP-overview.pdf
> ./ISMB10/online_RNASeq_analysis/poster/img/RNA-Seq_features_in_mgene.pdf
> ./ISMB10/online_RNASeq_analysis/poster/img/RNA-Seq_mapping.pdf
> ./ISMB10/online_RNASeq_analysis/poster/img/RNA-Seq_pipeline.pdf
> ./ISMB10/online_RNASeq_analysis/poster/img/snap_workflow_editor.png
> ./ISMB10/online_RNASeq_analysis/poster/mpg-logo.pdf
> ./ISMB10/online_RNASeq_analysis/poster/poster_abstract_long.tex
> ./ISMB10/online_RNASeq_analysis/poster/poster_abstract_short.txt
> ./ISMB10/online_RNASeq_analysis/poster/poster_justification.txt
> ./ISMB10/online_RNASeq_analysis/poster/poster_oqtans.tex
> ./ISMB10/online_RNASeq_analysis/poster/references.bib
> ./ISMB10/Palmapper
> ./ISMB10/Palmapper/Hitseq
> ./ISMB10/Palmapper/Hitseq/HitSeq-SIG_PALMapper_abstract.doc
> ./ISMB10/Palmapper/Hitseq/long_abstract.tex
> ./ISMB10/Palmapper/Poster
> ./ISMB10/Palmapper/Poster/a0poster_mpi_v2.cls
> ./ISMB10/Palmapper/Poster/a0size.sty
> ./ISMB10/Palmapper/Poster/figs
> ./ISMB10/Palmapper/Poster/figs/Alignment.pdf
> ./ISMB10/Palmapper/Poster/figs/dyn_prog.pdf
> ./ISMB10/Palmapper/Poster/figs/elegans_performance_comparison_avg.pdf
> ./ISMB10/Palmapper/Poster/figs/example_alignment.pdf
> ./ISMB10/Palmapper/Poster/figs/example_read.pdf
> ./ISMB10/Palmapper/Poster/figs/fml-logo-short.pdf
> ./ISMB10/Palmapper/Poster/figs/forwardAlgoDP.jpg
> ./ISMB10/Palmapper/Poster/figs/forwardAlgoDP.pdf
> ./ISMB10/Palmapper/Poster/figs/forwardAlgoDP.xcf
> ./ISMB10/Palmapper/Poster/figs/galaxy_screenshot.png
> ./ISMB10/Palmapper/Poster/figs/generalMatrixDP.pdf
> ./ISMB10/Palmapper/Poster/figs/logo_mpg.pdf
> ./ISMB10/Palmapper/Poster/figs/margin2.pdf
> ./ISMB10/Palmapper/Poster/figs/margin3.pdf
> ./ISMB10/Palmapper/Poster/figs/margin.pdf
> ./ISMB10/Palmapper/Poster/figs/oqtans-logo-5.pdf
> ./ISMB10/Palmapper/Poster/figs/oqtans_pipeline.pdf
> ./ISMB10/Palmapper/Poster/figs/palmapper_improvements.pdf
> ./ISMB10/Palmapper/Poster/figs/palmapper_pipeline.pdf
> ./ISMB10/Palmapper/Poster/figs/plot_ismb.jpg
> ./ISMB10/Palmapper/Poster/figs/pseudoChrSequences.pdf
> ./ISMB10/Palmapper/Poster/figs/qpalma_alignment.jpg
> ./ISMB10/Palmapper/Poster/figs/qpalma_alignment_lookup_2.pdf
> ./ISMB10/Palmapper/Poster/figs/qpalma_training.pdf
> ./ISMB10/Palmapper/Poster/figs/seedregions.pdf
> ./ISMB10/Palmapper/Poster/figs/splice_form_reads.pdf
> ./ISMB10/Palmapper/Poster/long_abstract.tex
> ./ISMB10/Palmapper/Poster/mybeamerbaseboxes.sty
> ./ISMB10/Palmapper/Poster/poster_ISMB10_PALMapper.tex
> ./ISMB10/Palmapper/Poster/short_abstract.txt
> ./ISMB10/srm-eval
> ./ISMB10/srm-eval/abstracts
> ./ISMB10/srm-eval/abstracts/HitSeq-SIG_RGASP-BAM-eval_abstract.doc
> ./ISMB10/srm-eval/abstracts/HitSeq-SIG_RGASP-BAM-eval_abstract.pdf
> ./ISMB10/srm-eval/abstracts/human_chr1_alignment_eval.eps
> ./ISMB10/srm-eval/abstracts/human_chr1_alignment_eval.jpg
> ./ISMB10/srm-eval/abstracts/human_chr1_alignment_eval.pdf
> ./ISMB10/srm-eval/abstracts/human_chr1_combined2.jpg
> ./ISMB10/srm-eval/abstracts/human_chr1_combined2.psd
> ./ISMB10/srm-eval/abstracts/human_chr1_combined.jpg
> ./ISMB10/srm-eval/abstracts/human_chr1_combined.psd
> ./ISMB10/srm-eval/abstracts/human_chr1_introncompare_heatmap.eps
> ./ISMB10/srm-eval/abstracts/human_chr1_introncompare_heatmap.jpg
> ./ISMB10/srm-eval/abstracts/human_chr1_introncompare_heatmap.pdf
> ./ISMB10/srm-eval/abstracts/human_chr1_reads_pairwise_heatmap.eps
> ./ISMB10/srm-eval/abstracts/human_chr1_reads_pairwise_heatmap.jpg
> ./ISMB10/srm-eval/abstracts/human_chr1_reads_pairwise_heatmap.pdf
> ./ISMB10/srm-eval/abstracts/long_abstract.tex
> ./ISMB10/srm-eval/abstracts/short_abstract.txt
> ./ISMB10/tutorial
> ./ISMB10/tutorial/ISMBTutorialProposal2010.doc
> ./JOBIM10
> ./JOBIM10/palmapper_poster_abstract.txt
> ./mGene.NGS
> ./mGene.NGS/img
> ./mGene.NGS/img/coding_exon_length_distrib.pdf
> ./mGene.NGS/img/coverage2.eps
> ./mGene.NGS/img/coverage.eps
> ./mGene.NGS/img/elegans_results_exons.pdf
> ./mGene.NGS/img/elegans_results_transcripts.pdf
> ./mGene.NGS/img/eval_expression_bins_comparison_conf.pdf
> ./mGene.NGS/img/eval_expression_bins_exons_comparison_conf.pdf
> ./mGene.NGS/img/eval_expression_bins_new.pdf
> ./mGene.NGS/img/eval_expression_bins.pdf
> ./mGene.NGS/img/exon_length_distrib.pdf
> ./mGene.NGS/img/exon_number_bias.pdf
> ./mGene.NGS/img/intron_length_distrib.pdf
> ./mGene.NGS/img/mGene_ngs2.graffle
> ./mGene.NGS/img/mGene_ngs2.graffle/data.plist
> ./mGene.NGS/img/mGene_ngs2.graffle/image10.pdf
> ./mGene.NGS/img/mGene_ngs2.graffle/image2.pdf
> ./mGene.NGS/img/mGene_ngs2.graffle/image3.pdf
> ./mGene.NGS/img/mGene_ngs2.graffle/image4.pdf
> ./mGene.NGS/img/mGene_ngs2.graffle/image5.pdf
> ./mGene.NGS/img/mGene_ngs2.graffle/image8.pdf
> ./mGene.NGS/img/mGene_ngs2.graffle/image9.pdf
> ./mGene.NGS/img/mGene_ngs2.graffle/QuickLook
> ./mGene.NGS/img/mGene_ngs2.graffle/QuickLook/Preview.pdf
> ./mGene.NGS/img/mGene_ngs2.graffle/QuickLook/Thumbnail.tiff
> ./mGene.NGS/img/mGene_ngs.graffle
> ./mGene.NGS/img/mGene_ngs.graffle/data.plist
> ./mGene.NGS/img/mGene_ngs.graffle/image10.pdf
> ./mGene.NGS/img/mGene_ngs.graffle/image2.pdf
> ./mGene.NGS/img/mGene_ngs.graffle/image3.pdf
> ./mGene.NGS/img/mGene_ngs.graffle/image4.pdf
> ./mGene.NGS/img/mGene_ngs.graffle/image5.pdf
> ./mGene.NGS/img/mGene_ngs.graffle/image8.pdf
> ./mGene.NGS/img/mGene_ngs.graffle/image9.pdf
> ./mGene.NGS/img/mGene_ngs.graffle/QuickLook
> ./mGene.NGS/img/mGene_ngs.graffle/QuickLook/Preview.pdf
> ./mGene.NGS/img/mGene_ngs.graffle/QuickLook/Thumbnail.tiff
> ./mGene.NGS/img/mGene_ngs.pdf
> ./mGene.NGS/mGene.bib
> ./mGene.NGS/mGene_ngs.tex
> ./mGene.NGS/outline.txt
> ./mGene.NGS/result.tex
> ./mGene.NGS/RNA-seq-citations.bib
> ./modEncode-elegans
> ./modEncode-elegans/recomb11_abstract.txt
> ./modEncode-elegans/revision
> ./modEncode-elegans/revision/1196914Cover_Letter.doc
> ./modEncode-elegans/revision/1196914Response_Letter.doc
> ./modEncode-elegans/revision/1196914Revised_Text.doc
> ./modEncode-elegans/revision/1196914Revised_Text.pdf
> ./modEncode-elegans/revision/1196914Supplementary_Materials.doc
> ./modEncode-elegans/revision/1196914Supplementary_Materials.pdf
> ./modEncode-elegans/revision/Figures
> ./modEncode-elegans/revision/Figures/1196914fig1.ai
> ./modEncode-elegans/revision/Figures/1196914fig2.ai
> ./modEncode-elegans/revision/Figures/1196914fig3.ai
> ./modEncode-elegans/revision/Figures/1196914fig4.ai
> ./modEncode-elegans/revision/Figures/1196914fig5.ai
> ./modEncode-elegans/revision/Figures/1196914fig6.ai
> ./modEncode-elegans/revision/Figures/1196914fig7.ai
> ./modEncode-elegans/revision/Figures/1196914fig8.ai
> ./modEncode-elegans/revision/Figures/1196914figpack_1-8.pdf
> ./modEncode-elegans/revision/Figures/1196914figpack_S1-S50.pdf
> ./modEncode-elegans/WormAWG-main-text-submit2.doc
> ./NAR-WSIssue
> ./NAR-WSIssue/KIRMES
> ./NAR-WSIssue/KIRMES/proposal
> ./NAR-WSIssue/KIRMES/proposal/kirmes-nar.bib
> ./NAR-WSIssue/KIRMES/proposal/kirmes-proposal.pdf
> ./NAR-WSIssue/KIRMES/proposal/kirmes-proposal.tex
> ./NAR-WSIssue/KIRMES/proposal/.project
> ./NAR-WSIssue/KIRMES/proposal/.texlipse
> ./NAR-WSIssue/RNA-Seq
> ./NAR-WSIssue/RNA-Seq/proposal
> ./NAR-WSIssue/RNA-Seq/proposal/proposal.tex
> ./NAR-WSIssue/RNA-Seq/revision
> ./NAR-WSIssue/RNA-Seq/revision/answers_to_reviewers.pdf
> ./NAR-WSIssue/RNA-Seq/revision/answers_to_reviewers.rtf
> ./NAR-WSIssue/RNA-Seq/revision/profile_illustration.pdf
> ./NAR-WSIssue/RNA-Seq/revision/profile_illustration.png
> ./NAR-WSIssue/RNA-Seq/revision/reviewer1.txt
> ./NAR-WSIssue/RNA-Seq/revision/reviewer2.txt
> ./NAR-WSIssue/RNA-Seq/revision/rQuantWeb_references.bib
> ./NAR-WSIssue/RNA-Seq/revision/rQuantWeb.tex
> ./NAR-WSIssue/RNA-Seq/submission
> ./NAR-WSIssue/RNA-Seq/submission/good_arguments.doc
> ./NAR-WSIssue/RNA-Seq/submission/instructions_authors.txt
> ./NAR-WSIssue/RNA-Seq/submission/Letter-NAR.doc
> ./NAR-WSIssue/RNA-Seq/submission/Letter-NAR.pdf
> ./NAR-WSIssue/RNA-Seq/submission/profile_illustration.eps
> ./NAR-WSIssue/RNA-Seq/submission/profile_illustration.pdf
> ./NAR-WSIssue/RNA-Seq/submission/rQuantWeb_references.bib
> ./NAR-WSIssue/RNA-Seq/submission/rQuantWeb.tex
> ./NIPS2010
> ./NIPS2010/MKL_workshop_MTL
> ./NIPS2010/MKL_workshop_MTL/bibliography.bib
> ./NIPS2010/MKL_workshop_MTL/img
> ./NIPS2010/MKL_workshop_MTL/img/broad_splicing_graph_new.png
> ./NIPS2010/MKL_workshop_MTL/img/broad_splicing_graph_selected.png
> ./NIPS2010/MKL_workshop_MTL/img/Figure_1.png
> ./NIPS2010/MKL_workshop_MTL/img/Figure_2.pdf
> ./NIPS2010/MKL_workshop_MTL/img/Figure_3.pdf
> ./NIPS2010/MKL_workshop_MTL/img/Figure_4.pdf
> ./NIPS2010/MKL_workshop_MTL/img/Figure_5.png
> ./NIPS2010/MKL_workshop_MTL/img/Figure_6.png
> ./NIPS2010/MKL_workshop_MTL/img/fml-logo-short.pdf
> ./NIPS2010/MKL_workshop_MTL/img/hist.pdf
> ./NIPS2010/MKL_workshop_MTL/img/matrix_all.png
> ./NIPS2010/MKL_workshop_MTL/img/matrix_combined-1.png
> ./NIPS2010/MKL_workshop_MTL/img/matrix_combined-2.png
> ./NIPS2010/MKL_workshop_MTL/img/matrix_combined-3.png
> ./NIPS2010/MKL_workshop_MTL/img/matrix_combined.png
> ./NIPS2010/MKL_workshop_MTL/img/matrix_combined.svg
> ./NIPS2010/MKL_workshop_MTL/img/matrix_decomp.png
> ./NIPS2010/MKL_workshop_MTL/img/matrix_decomp_talk_arrow.png
> ./NIPS2010/MKL_workshop_MTL/img/matrix_decomp_talk.png
> ./NIPS2010/MKL_workshop_MTL/img/matrix_decomp_talk.xcf
> ./NIPS2010/MKL_workshop_MTL/img/matrix_lhs.png
> ./NIPS2010/MKL_workshop_MTL/img/matrix_lhs.svg
> ./NIPS2010/MKL_workshop_MTL/img/matrix_rhs.png
> ./NIPS2010/MKL_workshop_MTL/img/matrix.svg
> ./NIPS2010/MKL_workshop_MTL/img/meta_tasks_1.png
> ./NIPS2010/MKL_workshop_MTL/img/meta_tasks_2.png
> ./NIPS2010/MKL_workshop_MTL/img/meta_tasks_3.png
> ./NIPS2010/MKL_workshop_MTL/img/meta_tasks_4.png
> ./NIPS2010/MKL_workshop_MTL/img/metatasks.png
> ./NIPS2010/MKL_workshop_MTL/img/meta_tasks.svg
> ./NIPS2010/MKL_workshop_MTL/img/mhc7_plot.pdf
> ./NIPS2010/MKL_workshop_MTL/img/mhc-peptide.png
> ./NIPS2010/MKL_workshop_MTL/img/mhc-peptide_talk-a.png
> ./NIPS2010/MKL_workshop_MTL/img/mhc-peptide_talk-b.png
> ./NIPS2010/MKL_workshop_MTL/img/mhc-peptide_talk-c.png
> ./NIPS2010/MKL_workshop_MTL/img/sim_seq.pdf
> ./NIPS2010/MKL_workshop_MTL/img/single_matrix_full.png
> ./NIPS2010/MKL_workshop_MTL/img/single_matrix_lhs.png
> ./NIPS2010/MKL_workshop_MTL/img/single_matrix_one.png
> ./NIPS2010/MKL_workshop_MTL/img/single_matrix.svg
> ./NIPS2010/MKL_workshop_MTL/img/small_broad_all-mkl_edit.png
> ./NIPS2010/MKL_workshop_MTL/img/spirals.svg
> ./NIPS2010/MKL_workshop_MTL/img/splice.png
> ./NIPS2010/MKL_workshop_MTL/img/talk_interpretation-1.png
> ./NIPS2010/MKL_workshop_MTL/img/talk_interpretation-2.png
> ./NIPS2010/MKL_workshop_MTL/img/talk_interpretation-3.png
> ./NIPS2010/MKL_workshop_MTL/img/talk_into.eps
> ./NIPS2010/MKL_workshop_MTL/img/talk_intro_full.pdf
> ./NIPS2010/MKL_workshop_MTL/img/talk_splicing_selection_big.png
> ./NIPS2010/MKL_workshop_MTL/img/talk_splicing_selection.png
> ./NIPS2010/MKL_workshop_MTL/img/task_sim.pdf
> ./NIPS2010/MKL_workshop_MTL/img/tasks.png
> ./NIPS2010/MKL_workshop_MTL/img/tasks_spirals.png
> ./NIPS2010/MKL_workshop_MTL/img/tasks.svg
> ./NIPS2010/MKL_workshop_MTL/img/ternary_complex.png
> ./NIPS2010/MKL_workshop_MTL/mkl_multitask.tex
> ./NIPS2010/MKL_workshop_MTL/mt-mkl_talk.tex
> ./NIPS2010/MKL_workshop_MTL/nips10submit_e.sty
> ./NIPS2010/MLCB_arts2
> ./NIPS2010/MLCB_arts2/bibliography.bib
> ./NIPS2010/MLCB_arts2/img
> ./NIPS2010/MLCB_arts2/img/hierarchy_0.png
> ./NIPS2010/MLCB_arts2/img/hierarchy_0.xcf
> ./NIPS2010/MLCB_arts2/img/hierarchy_1.png
> ./NIPS2010/MLCB_arts2/img/hierarchy_2.png
> ./NIPS2010/MLCB_arts2/img/hierarchy_3.png
> ./NIPS2010/MLCB_arts2/img/hierarchy_multitask.png
> ./NIPS2010/MLCB_arts2/img/runtime.pdf
> ./NIPS2010/MLCB_arts2/MLCB_arts2.tex
> ./NIPS2010/MLCB_arts2/nips10submit_e.sty
> ./NIPS2010/MLCB_mgene.ngs
> ./NIPS2010/MLCB_mgene.ngs/bibliography.bib
> ./NIPS2010/MLCB_mgene.ngs/eval_expression_bins_comparison_conf.pdf
> ./NIPS2010/MLCB_mgene.ngs/eval_expression_bins_conf_4.eps
> ./NIPS2010/MLCB_mgene.ngs/eval_expression_bins_conf_4.pdf
> ./NIPS2010/MLCB_mgene.ngs/HsmSVM_4.pdf
> ./NIPS2010/MLCB_mgene.ngs/img
> ./NIPS2010/MLCB_mgene.ngs/img/hierarchy_0.png
> ./NIPS2010/MLCB_mgene.ngs/img/hierarchy_0.xcf
> ./NIPS2010/MLCB_mgene.ngs/img/hierarchy_1.png
> ./NIPS2010/MLCB_mgene.ngs/img/hierarchy_2.png
> ./NIPS2010/MLCB_mgene.ngs/img/hierarchy_3.png
> ./NIPS2010/MLCB_mgene.ngs/img/hierarchy_multitask.png
> ./NIPS2010/MLCB_mgene.ngs/MLCB.tex
> ./NIPS2010/MLCB_mgene.ngs/my_new_file
> ./NIPS2010/MLCB_mgene.ngs/ng_sequencing.bib
> ./NIPS2010/MLCB_mgene.ngs/nips10submit_e.sty
> ./NIPS2010/MLCB_mgene.ngs/SkimNoncoding.png
> ./NIPS2010/MLCB_mgene.ngs/talk
> ./NIPS2010/MLCB_mgene.ngs/talk.bib
> ./NIPS2010/MLCB_mgene.ngs/talk/figs
> ./NIPS2010/MLCB_mgene.ngs/talk/figs/eval_expression_bins_conf_1.pdf
> ./NIPS2010/MLCB_mgene.ngs/talk/figs/eval_expression_bins_conf_2_line.graffle
> ./NIPS2010/MLCB_mgene.ngs/talk/figs/eval_expression_bins_conf_2_line.graffle/data.plist
> ./NIPS2010/MLCB_mgene.ngs/talk/figs/eval_expression_bins_conf_2_line.pdf
> ./NIPS2010/MLCB_mgene.ngs/talk/figs/eval_expression_bins_conf_2.pdf
> ./NIPS2010/MLCB_mgene.ngs/talk/figs/eval_expression_bins_conf_3.pdf
> ./NIPS2010/MLCB_mgene.ngs/talk/figs/eval_expression_bins_conf_4.pdf
> ./NIPS2010/MLCB_mgene.ngs/talk/figs/eval_expression_bins_conf_6.pdf
> ./NIPS2010/MLCB_mgene.ngs/talk/figs/expression_bins_1.pdf
> ./NIPS2010/MLCB_mgene.ngs/talk/figs/expression_bins_2.pdf
> ./NIPS2010/MLCB_mgene.ngs/talk/figs/expression_bins_all.pdf
> ./NIPS2010/MLCB_mgene.ngs/talk/figs/gene_structure_1.pdf
> ./NIPS2010/MLCB_mgene.ngs/talk/figs/gene_structure_blocks_high_cov.mat
> ./NIPS2010/MLCB_mgene.ngs/talk/figs/gene_structure_high_cov_1.pdf
> ./NIPS2010/MLCB_mgene.ngs/talk/figs/gene_structure_high_cov.pdf
> ./NIPS2010/MLCB_mgene.ngs/talk/figs/gene_structure.pdf
> ./NIPS2010/MLCB_mgene.ngs/talk/figs/gene_structure_with_signals_1.pdf
> ./NIPS2010/MLCB_mgene.ngs/talk/figs/gene_structure_with_signals_2.pdf
> ./NIPS2010/MLCB_mgene.ngs/talk/figs/gene_structure_with_signals_acc.pdf
> ./NIPS2010/MLCB_mgene.ngs/talk/figs/gene_structure_with_signals_no_label.pdf
> ./NIPS2010/MLCB_mgene.ngs/talk/figs/gene_structure_with_signals.pdf
> ./NIPS2010/MLCB_mgene.ngs/talk/figs/graph_extension_1.pdf
> ./NIPS2010/MLCB_mgene.ngs/talk/figs/graph_extension_2.pdf
> ./NIPS2010/MLCB_mgene.ngs/talk/figs/graph_extension_3.pdf
> ./NIPS2010/MLCB_mgene.ngs/talk/figs/graph_extension_all.pdf
> ./NIPS2010/MLCB_mgene.ngs/talk/figs/params_intron_feature_1.pdf
> ./NIPS2010/MLCB_mgene.ngs/talk/figs/params_intron_feature_2.pdf
> ./NIPS2010/MLCB_mgene.ngs/talk/figs/params_splice.pdf
> ./NIPS2010/MLCB_mgene.ngs/talk/figs/RNA-Seq_overview.pdf
> ./NIPS2010/MLCB_mgene.ngs/talk/figs/transform_1.pdf
> ./NIPS2010/MLCB_mgene.ngs/talk/figs/transform_2.pdf
> ./NIPS2010/MLCB_mgene.ngs/talk/figs/transform.pdf
> ./NIPS2010/MLCB_mgene.ngs/talk/fml-logo-long.pdf
> ./NIPS2010/MLCB_mgene.ngs/talk/fml-logo-short.pdf
> ./NIPS2010/MLCB_mgene.ngs/talk/outline.txt
> ./NIPS2010/MLCB_mgene.ngs/talk/talk.tex
> ./PLoS-PALMapper
> ./PLoS-PALMapper/Figs
> ./PLoS-PALMapper/Figs/dyn_prog.eps
> ./PLoS-PALMapper/Figs/forwardAlgoDPpaper.eps
> ./PLoS-PALMapper/Figs/generalMatrixDP.eps
> ./PLoS-PALMapper/Figs/GenomeMapper.eps
> ./PLoS-PALMapper/Figs/palmapper_pipeline.eps
> ./PLoS-PALMapper/Figs/palmapper_pipeline.jpg
> ./PLoS-PALMapper/Figs/qpalma_alignment.eps
> ./PLoS-PALMapper/Figs/seedregions.eps
> ./PLoS-PALMapper/plos2009.bst
> ./PLoS-PALMapper/plos-palmapper.bib
> ./PLoS-PALMapper/plos-palmapper.tex
> ./PLoS-PALMapper/TODO
> ./PRIB_MHC
> ./PRIB_MHC/bibliography.bib
> ./PRIB_MHC/img
> ./PRIB_MHC/img/iedb_torte.png
> ./PRIB_MHC/img/iedb_torte_sw.eps
> ./PRIB_MHC/img/iedb_torte_sw.png
> ./PRIB_MHC/img/lc_A0201.pdf
> ./PRIB_MHC/img/lc_A0201_sw.eps
> ./PRIB_MHC/img/lc_A0201_sw.pdf
> ./PRIB_MHC/img/mhc-peptide.png
> ./PRIB_MHC/img/mhc_pictures.pdf
> ./PRIB_MHC/img/mhc_pictures_sw.pdf
> ./PRIB_MHC/img/mhc_pictures_sw_transparent.eps
> ./PRIB_MHC/img/mhc_pictures_sw_transparent.pdf
> ./PRIB_MHC/img/results.eps
> ./PRIB_MHC/img/results.png
> ./PRIB_MHC/img/ternary_complex.png
> ./PRIB_MHC/llncs.cls
> ./PRIB_MHC/llncsdoc.sty
> ./PRIB_MHC/misc
> ./PRIB_MHC/misc/abstract.txt
> ./PRIB_MHC/misc/authors.txt
> ./PRIB_MHC/misc/copyright_form.pdf
> ./PRIB_MHC/misc/SKMBT_C25010071516360.pdf
> ./PRIB_MHC/paper_eps.tex
> ./PRIB_MHC/paper.tex
> ./PRIB_MHC/splncs03.bst
> ./PRIB_MHC/talk
> ./PRIB_MHC/talk/bibliography.bib
> ./PRIB_MHC/talk/img
> ./PRIB_MHC/talk/img/AA_table.png
> ./PRIB_MHC/talk/img/aa_venn_diagram.png
> ./PRIB_MHC/talk/img/alternate_tree.gif
> ./PRIB_MHC/talk/img/AminoAcid_grouping.png
> ./PRIB_MHC/talk/img/amino-acids-Venn-Diagram.gif
> ./PRIB_MHC/talk/img/baseline_plain.png
> ./PRIB_MHC/talk/img/baseline_plain.svg
> ./PRIB_MHC/talk/img/baseline_union.png
> ./PRIB_MHC/talk/img/baseline_union.svg
> ./PRIB_MHC/talk/img/broad_splicing_graph.png
> ./PRIB_MHC/talk/img/dna_rna_signal2.graffle
> ./PRIB_MHC/talk/img/dna_rna_signal2.pdf
> ./PRIB_MHC/talk/img/fml-logo-short.pdf
> ./PRIB_MHC/talk/img/gene_expression_mask.png
> ./PRIB_MHC/talk/img/gene_expression_mask.svg
> ./PRIB_MHC/talk/img/gene_expression.png
> ./PRIB_MHC/talk/img/gene_expression.svg
> ./PRIB_MHC/talk/img/hierarchy_0.png
> ./PRIB_MHC/talk/img/hierarchy_1.png
> ./PRIB_MHC/talk/img/hierarchy_1_toy.png
> ./PRIB_MHC/talk/img/hierarchy_1_transparent.png
> ./PRIB_MHC/talk/img/hierarchy_2.png
> ./PRIB_MHC/talk/img/hierarchy_2_transparent.png
> ./PRIB_MHC/talk/img/hierarchy_3.png
> ./PRIB_MHC/talk/img/hierarchy_3_transparent.png
> ./PRIB_MHC/talk/img/iedb_torte.png
> ./PRIB_MHC/talk/img/kernel_dirac.png
> ./PRIB_MHC/talk/img/kernel_full.png
> ./PRIB_MHC/talk/img/lc_A0201_neu.pdf
> ./PRIB_MHC/talk/img/lc_A0201.pdf
> ./PRIB_MHC/talk/img/logo_mpg3.png
> ./PRIB_MHC/talk/img/mhc1.png
> ./PRIB_MHC/talk/img/mhc_tcr_schatten.png
> ./PRIB_MHC/talk/img/phi.png
> ./PRIB_MHC/talk/img/psi.png
> ./PRIB_MHC/talk/img/psi.xcf
> ./PRIB_MHC/talk/img/results_fewer.png
> ./PRIB_MHC/talk/img/results.png
> ./PRIB_MHC/talk/img/results_splicing_largefont.png
> ./PRIB_MHC/talk/img/results_splicing_largefont_subset.png
> ./PRIB_MHC/talk/img/results_splicing_largefont_subset.xcf
> ./PRIB_MHC/talk/img/results_splicing.pdf
> ./PRIB_MHC/talk/img/results_splicing.png
> ./PRIB_MHC/talk/img/results_toy_deep.pdf
> ./PRIB_MHC/talk/img/results_toy_small.png
> ./PRIB_MHC/talk/img/results.xcf
> ./PRIB_MHC/talk/img/sim_seq_dirac.pdf
> ./PRIB_MHC/talk/img/sim_seq_dirac.svg
> ./PRIB_MHC/talk/img/sim_seq.pdf
> ./PRIB_MHC/talk/img/splicing_nosimple.pdf
> ./PRIB_MHC/talk/img/svmfood.jpg
> ./PRIB_MHC/talk/img/ternary_complex.png
> ./PRIB_MHC/talk/img/tol2.jpg
> ./PRIB_MHC/talk/img/tol.jpg
> ./PRIB_MHC/talk/img/toy_generation_tree_anno.png
> ./PRIB_MHC/talk/img/toy_high_mutation_rate.pdf
> ./PRIB_MHC/talk/img/translation_start.pdf
> ./PRIB_MHC/talk/img/translation_start.png
> ./PRIB_MHC/talk/img/two_way_using_taxonomy.png
> ./PRIB_MHC/talk/img/two_way_using_taxonomy.svg
> ./PRIB_MHC/talk/img/window.png
> ./PRIB_MHC/talk/talk_prib2010.pdf
> ./PRIB_MHC/talk/talk_prib2010.tex
> ./rDiff_AGBS_Retreat_2010
> ./rDiff_AGBS_Retreat_2010/2010_agbs_retreat_poster.bbl
> ./rDiff_AGBS_Retreat_2010/2010_agbs_retreat_poster.blg
> ./rDiff_AGBS_Retreat_2010/2010_agbs_retreat_poster.out
> ./rDiff_AGBS_Retreat_2010/2010_agbs_retreat_poster.pdf
> ./rDiff_AGBS_Retreat_2010/2010_agbs_retreat_poster.tex
> ./rDiff_AGBS_Retreat_2010/2010_agbs_retreat_poster.tex.backup
> ./rDiff_AGBS_Retreat_2010/a0poster_mpi_v2.cls
> ./rDiff_AGBS_Retreat_2010/a0size.sty
> ./rDiff_AGBS_Retreat_2010/document.bib
> ./rDiff_AGBS_Retreat_2010/document.bib.backup
> ./rDiff_AGBS_Retreat_2010/example_mpiposter_v2.aux
> ./rDiff_AGBS_Retreat_2010/example_mpiposter_v2.log
> ./rDiff_AGBS_Retreat_2010/fml-logo-short.pdf
> ./rDiff_AGBS_Retreat_2010/logo_kyb.eps
> ./rDiff_AGBS_Retreat_2010/logo_kyb.pdf
> ./rDiff_AGBS_Retreat_2010/logo_mpg.eps
> ./rDiff_AGBS_Retreat_2010/logo_mpg.pdf
> ./rDiff_ASSIG2010
> ./rDiff_ASSIG2010/drewe_assig10.doc
> ./rDiff_ECCB2010
> ./rDiff_ECCB2010/alltt.sty
> ./rDiff_ECCB2010/array.sty
> ./rDiff_ECCB2010/auto
> ./rDiff_ECCB2010/auto/document.el
> ./rDiff_ECCB2010/bioinfo.cls
> ./rDiff_ECCB2010/chngpage.sty
> ./rDiff_ECCB2010/color.sty
> ./rDiff_ECCB2010/crop.cfg
> ./rDiff_ECCB2010/crop.sty
> ./rDiff_ECCB2010/document.bib
> ./rDiff_ECCB2010/document.bib.backup
> ./rDiff_ECCB2010/ECCB10.dvi
> ./rDiff_ECCB2010/ECCB10.pdf
> ./rDiff_ECCB2010/ECCB10.tex
> ./rDiff_ECCB2010/ECCB10.tex.backup
> ./rDiff_ECCB2010/figs
> ./rDiff_ECCB2010/figs/backfeat.pdf
> ./rDiff_ECCB2010/figs/neg_plot.pdf
> ./rDiff_ECCB2010/figs/poisson_segment2.pdf
> ./rDiff_ECCB2010/figs/poisson_segment3.pdf
> ./rDiff_ECCB2010/figs/poisson_segment.pdf
> ./rDiff_ECCB2010/figs/pos_neg_plot2.pdf
> ./rDiff_ECCB2010/figs/pos_neg_plot.pdf
> ./rDiff_ECCB2010/figs/pos_plot.pdf
> ./rDiff_ECCB2010/figs/quant_illu.eps
> ./rDiff_ECCB2010/figs/quant_illu.pdf
> ./rDiff_ECCB2010/figs/roc_sim.pdf
> ./rDiff_ECCB2010/figs/sensitivity_reads.pdf
> ./rDiff_ECCB2010/float.sty
> ./rDiff_ECCB2010/flushend.sty
> ./rDiff_ECCB2010/graphicx.sty
> ./rDiff_ECCB2010/landscap.sty
> ./rDiff_ECCB2010/natbib.bst
> ./rDiff_ECCB2010/natbib.sty
> ./rDiff_ECCB2010/PLAIN.BST
> ./rDiff_ECCB2010/Review_ECCB_2010.tex
> ./rDiff_ECCB2010/stfloats.sty
> ./rDiff_ECCB2010/times.sty
> ./rDiff_ECCB2010/url.sty
> ./rDiff_ECCB2010/utils.tex
> ./rDiff_Genome_informatics_2010
> ./rDiff_Genome_informatics_2010/beamerposter.sty
> ./rDiff_Genome_informatics_2010/beamerthemeIcy.sty
> ./rDiff_Genome_informatics_2010/beamerthemeMPI.sty
> ./rDiff_Genome_informatics_2010/beamerthemesmls09.sty
> ./rDiff_Genome_informatics_2010/figs
> ./rDiff_Genome_informatics_2010/figs/backfeat.pdf
> ./rDiff_Genome_informatics_2010/figs/discriminative_regions3.pdf
> ./rDiff_Genome_informatics_2010/figs/discriminative_regions4.pdf
> ./rDiff_Genome_informatics_2010/figs/factors_illustration.pdf
> ./rDiff_Genome_informatics_2010/figs/factors_illustration.png
> ./rDiff_Genome_informatics_2010/figs/flow2_known1.pdf
> ./rDiff_Genome_informatics_2010/figs/flow2_known2.pdf
> ./rDiff_Genome_informatics_2010/figs/flow2.pdf
> ./rDiff_Genome_informatics_2010/figs/flow2_unknown1.pdf
> ./rDiff_Genome_informatics_2010/figs/flow2_unknown2.pdf
> ./rDiff_Genome_informatics_2010/figs/flow2_unknown3.pdf
> ./rDiff_Genome_informatics_2010/figs/fml-logo-short.pdf
> ./rDiff_Genome_informatics_2010/figs/graphical_model.pdf
> ./rDiff_Genome_informatics_2010/figs/gw_asso.pdf
> ./rDiff_Genome_informatics_2010/figs/gw_interact.pdf
> ./rDiff_Genome_informatics_2010/figs/interactions_illustration.pdf
> ./rDiff_Genome_informatics_2010/figs/interactions_illustration.png
> ./rDiff_Genome_informatics_2010/figs/logo_kyb.pdf
> ./rDiff_Genome_informatics_2010/figs/logo_mpg.pdf
> ./rDiff_Genome_informatics_2010/figs/mmd_read_density7.pdf
> ./rDiff_Genome_informatics_2010/figs/neg_plot.pdf
> ./rDiff_Genome_informatics_2010/figs/overdispersion.pdf
> ./rDiff_Genome_informatics_2010/figs/poisson_segment2.pdf
> ./rDiff_Genome_informatics_2010/figs/poisson_segment3.pdf
> ./rDiff_Genome_informatics_2010/figs/poisson_segment.pdf
> ./rDiff_Genome_informatics_2010/figs/pos_neg_plot2.pdf
> ./rDiff_Genome_informatics_2010/figs/pos_neg_plot.pdf
> ./rDiff_Genome_informatics_2010/figs/pos_plot.pdf
> ./rDiff_Genome_informatics_2010/figs/quant_illu.pdf
> ./rDiff_Genome_informatics_2010/figs/ratios_celegans.pdf
> ./rDiff_Genome_informatics_2010/figs/roc_sim.pdf
> ./rDiff_Genome_informatics_2010/figs/sensitivity_reads.pdf
> ./rDiff_Genome_informatics_2010/figs/sim_small_acc.pdf
> ./rDiff_Genome_informatics_2010/figs/sim_small_acc.png
> ./rDiff_Genome_informatics_2010/figs/sim_small_logprob.pdf
> ./rDiff_Genome_informatics_2010/figs/sim_small_mse.pdf
> ./rDiff_Genome_informatics_2010/figs/sim_small_mse.png
> ./rDiff_Genome_informatics_2010/mlapa.bst
> ./rDiff_Genome_informatics_2010/poster.bib
> ./rDiff_Genome_informatics_2010/poster.tex
> ./rDiff_Genome_informatics_2010/sparseFA.bib
> ./rDiff_Genome_informatics_2010/utils.tex
> ./rDiff_HiTSeq2010
> ./rDiff_HiTSeq2010/bmc_article.cls
> ./rDiff_HiTSeq2010/eccb2010_stegle_drewe.pdf
> ./rDiff_HiTSeq2010/figures
> ./rDiff_HiTSeq2010/figures/roc_sim.pdf
> ./rDiff_HiTSeq2010/figures/sensitivity_reads.pdf
> ./rDiff_HiTSeq2010/hitseq.aux
> ./rDiff_HiTSeq2010/hitseq.log
> ./rDiff_HiTSeq2010/hitseq.pdf
> ./rDiff_HiTSeq2010/hitseq_stegle_drewe.doc
> ./rDiff_tex
> ./rDiff_tex/notes.tex
> ./rDiff_tex/variance_estimation.tex
> ./RECOMB10
> ./RECOMB2010
> ./RECOMB2010/multitask
> ./RECOMB2010/multitask/algorithm2e.sty
> ./RECOMB2010/multitask/bibliography.bib
> ./RECOMB2010/multitask/history.txt
> ./RECOMB2010/multitask/img
> ./RECOMB2010/multitask/img/broad_splicing_graph_new.png
> ./RECOMB2010/multitask/img/broad_splicing_graph.png
> ./RECOMB2010/multitask/img/hierarchy_0.png
> ./RECOMB2010/multitask/img/hierarchy_0.xcf
> ./RECOMB2010/multitask/img/hierarchy_1.png
> ./RECOMB2010/multitask/img/hierarchy_2.png
> ./RECOMB2010/multitask/img/hierarchy_3.png
> ./RECOMB2010/multitask/img/hierarchy_multitask.png
> ./RECOMB2010/multitask/img/results_splicing.pdf
> ./RECOMB2010/multitask/img/results_splicing.png
> ./RECOMB2010/multitask/img/results_toy_deep.pdf
> ./RECOMB2010/multitask/img/results_toy_deep.png
> ./RECOMB2010/multitask/img/results_toy_small.png
> ./RECOMB2010/multitask/img/splicing_graph.png
> ./RECOMB2010/multitask/img/splicing_nosimple2.pdf
> ./RECOMB2010/multitask/img/splicing_nosimple.pdf
> ./RECOMB2010/multitask/img/splicing.pdf
> ./RECOMB2010/multitask/img/toy_high_mutation_rate.pdf
> ./RECOMB2010/multitask/img/toy_medium_mutation_rate.pdf
> ./RECOMB2010/multitask/llncs.cls
> ./RECOMB2010/multitask/llncs.dem
> ./RECOMB2010/multitask/llncsdoc.sty
> ./RECOMB2010/multitask/poster
> ./RECOMB2010/multitask/poster/a0poster_mpi_v2.cls
> ./RECOMB2010/multitask/poster/a0size.sty
> ./RECOMB2010/multitask/poster/bibliography.bib
> ./RECOMB2010/multitask/poster/img
> ./RECOMB2010/multitask/poster/img/broad_splicing_graph.png
> ./RECOMB2010/multitask/poster/img/dna_rna_signal2.pdf
> ./RECOMB2010/multitask/poster/img/fml-logo-short.pdf
> ./RECOMB2010/multitask/poster/img/hierarchy_0.png
> ./RECOMB2010/multitask/poster/img/hierarchy_1.png
> ./RECOMB2010/multitask/poster/img/hierarchy_1_toy.png
> ./RECOMB2010/multitask/poster/img/hierarchy_2.png
> ./RECOMB2010/multitask/poster/img/hierarchy_3.png
> ./RECOMB2010/multitask/poster/img/hierarchy_splicing_new.png
> ./RECOMB2010/multitask/poster/img/logo_mpg.pdf
> ./RECOMB2010/multitask/poster/img/results_splicing_largefont.png
> ./RECOMB2010/multitask/poster/img/results_splicing.png
> ./RECOMB2010/multitask/poster/img/splicing_nosimple.pdf
> ./RECOMB2010/multitask/poster/img/tol2.jpg
> ./RECOMB2010/multitask/poster/img/tol.jpg
> ./RECOMB2010/multitask/poster/img/toy_data_generation_tree.png
> ./RECOMB2010/multitask/poster/img/toy_data_generation_tree.xcf
> ./RECOMB2010/multitask/poster/img/toy_generation_tree_anno.png
> ./RECOMB2010/multitask/poster/img/toy_generation_tree.pdf
> ./RECOMB2010/multitask/poster/img/toy_generation_tree.svg
> ./RECOMB2010/multitask/poster/img/toy_high_mutation_rate.pdf
> ./RECOMB2010/multitask/poster/img/toy_medium_mutation_rate.pdf
> ./RECOMB2010/multitask/poster/img/two_way_using_taxonomy.png
> ./RECOMB2010/multitask/poster/multitask.bib
> ./RECOMB2010/multitask/poster/poster_mtl_recomb2010.tex
> ./RECOMB2010/multitask/read.me
> ./RECOMB2010/multitask/RECOMB10.tex
> ./RECOMB2010/multitask/Recomb Paper.mm
> ./RECOMB2010/multitask/subjidx.ind
> ./RECOMB2010/multitask/talk
> ./RECOMB2010/multitask/talk/bibliography.bib
> ./RECOMB2010/multitask/talk/img
> ./RECOMB2010/multitask/talk/img/alternate_tree.gif
> ./RECOMB2010/multitask/talk/img/baseline_plain.png
> ./RECOMB2010/multitask/talk/img/baseline_plain.svg
> ./RECOMB2010/multitask/talk/img/baseline_union.png
> ./RECOMB2010/multitask/talk/img/baseline_union.svg
> ./RECOMB2010/multitask/talk/img/broad_splicing_graph.png
> ./RECOMB2010/multitask/talk/img/dna_rna_signal2.graffle
> ./RECOMB2010/multitask/talk/img/dna_rna_signal2.pdf
> ./RECOMB2010/multitask/talk/img/fml-logo-short.pdf
> ./RECOMB2010/multitask/talk/img/gene_expression_mask.png
> ./RECOMB2010/multitask/talk/img/gene_expression_mask.svg
> ./RECOMB2010/multitask/talk/img/gene_expression.png
> ./RECOMB2010/multitask/talk/img/gene_expression.svg
> ./RECOMB2010/multitask/talk/img/hierarchy_0.png
> ./RECOMB2010/multitask/talk/img/hierarchy_1.png
> ./RECOMB2010/multitask/talk/img/hierarchy_1_toy.png
> ./RECOMB2010/multitask/talk/img/hierarchy_1_transparent.png
> ./RECOMB2010/multitask/talk/img/hierarchy_2.png
> ./RECOMB2010/multitask/talk/img/hierarchy_2_transparent.png
> ./RECOMB2010/multitask/talk/img/hierarchy_3.png
> ./RECOMB2010/multitask/talk/img/hierarchy_3_transparent.png
> ./RECOMB2010/multitask/talk/img/logo_mpg3.png
> ./RECOMB2010/multitask/talk/img/results_splicing_largefont.png
> ./RECOMB2010/multitask/talk/img/results_splicing_largefont_subset.png
> ./RECOMB2010/multitask/talk/img/results_splicing_largefont_subset.xcf
> ./RECOMB2010/multitask/talk/img/results_splicing.pdf
> ./RECOMB2010/multitask/talk/img/results_splicing.png
> ./RECOMB2010/multitask/talk/img/results_toy_deep.pdf
> ./RECOMB2010/multitask/talk/img/results_toy_small.png
> ./RECOMB2010/multitask/talk/img/splicing_nosimple.pdf
> ./RECOMB2010/multitask/talk/img/svmfood.jpg
> ./RECOMB2010/multitask/talk/img/tol2.jpg
> ./RECOMB2010/multitask/talk/img/tol.jpg
> ./RECOMB2010/multitask/talk/img/toy_generation_tree_anno.png
> ./RECOMB2010/multitask/talk/img/toy_high_mutation_rate.pdf
> ./RECOMB2010/multitask/talk/img/translation_start.pdf
> ./RECOMB2010/multitask/talk/img/translation_start.png
> ./RECOMB2010/multitask/talk/img/two_way_using_taxonomy.png
> ./RECOMB2010/multitask/talk/img/two_way_using_taxonomy.svg
> ./RECOMB2010/multitask/talk/img/window.png
> ./RECOMB2010/multitask/talk/talk_multitask_recomb2010.tex
> ./RECOMB2010/posters
> ./RECOMB2010/posters/online_quantitative_transcript_analysis
> ./RECOMB2010/posters/online_quantitative_transcript_analysis/a0poster_mpi_v2.cls
> ./RECOMB2010/posters/online_quantitative_transcript_analysis/a0size.sty
> ./RECOMB2010/posters/online_quantitative_transcript_analysis/abstract.tex
> ./RECOMB2010/posters/online_quantitative_transcript_analysis/bmc_article.bst
> ./RECOMB2010/posters/online_quantitative_transcript_analysis/bmc_article.cls
> ./RECOMB2010/posters/online_quantitative_transcript_analysis/fml-logo-short.pdf
> ./RECOMB2010/posters/online_quantitative_transcript_analysis/img
> ./RECOMB2010/posters/online_quantitative_transcript_analysis/img/a_thaliana_eval_2.pdf
> ./RECOMB2010/posters/online_quantitative_transcript_analysis/img/CAT_1_cds1_ISMB08_legend.pdf
> ./RECOMB2010/posters/online_quantitative_transcript_analysis/img/CAT_1_cds1_ISMB08.pdf
> ./RECOMB2010/posters/online_quantitative_transcript_analysis/img/celegans_results_new_intron.pdf
> ./RECOMB2010/posters/online_quantitative_transcript_analysis/img/celegans_results_new_transcript.pdf
> ./RECOMB2010/posters/online_quantitative_transcript_analysis/img/complex_genes_good_support_ai.pdf
> ./RECOMB2010/posters/online_quantitative_transcript_analysis/img/coverage_example.pdf
> ./RECOMB2010/posters/online_quantitative_transcript_analysis/img/elegans_alignment_eval.pdf
> ./RECOMB2010/posters/online_quantitative_transcript_analysis/img/elegans_cds_avg_graph_filter.pdf
> ./RECOMB2010/posters/online_quantitative_transcript_analysis/img/elegans_cds_avg_mgene_vs_mtim_vs_abinitio.pdf
> ./RECOMB2010/posters/online_quantitative_transcript_analysis/img/elegans_SRX001872_profiles.pdf
> ./RECOMB2010/posters/online_quantitative_transcript_analysis/img/galaxy.jpg
> ./RECOMB2010/posters/online_quantitative_transcript_analysis/img/graph_extension_all.pdf
> ./RECOMB2010/posters/online_quantitative_transcript_analysis/img/mTiM_model.pdf
> ./RECOMB2010/posters/online_quantitative_transcript_analysis/img/mTiM_viz.pdf
> ./RECOMB2010/posters/online_quantitative_transcript_analysis/img/oqtans-logo.pdf
> ./RECOMB2010/posters/online_quantitative_transcript_analysis/img/profile_exm.pdf
> ./RECOMB2010/posters/online_quantitative_transcript_analysis/img/QPALMA_illustration_mod.pdf
> ./RECOMB2010/posters/online_quantitative_transcript_analysis/img/QPALMA_illustration.pdf
> ./RECOMB2010/posters/online_quantitative_transcript_analysis/img/QPALMA_performance.pdf
> ./RECOMB2010/posters/online_quantitative_transcript_analysis/img/RGASP-overview_mod.graffle
> ./RECOMB2010/posters/online_quantitative_transcript_analysis/img/RGASP-overview_mod.pdf
> ./RECOMB2010/posters/online_quantitative_transcript_analysis/img/RGASP-overview.pdf
> ./RECOMB2010/posters/online_quantitative_transcript_analysis/img/RNA-Seq_features_in_mgene.pdf
> ./RECOMB2010/posters/online_quantitative_transcript_analysis/img/RNA-Seq_mapping.pdf
> ./RECOMB2010/posters/online_quantitative_transcript_analysis/img/RNA-Seq_pipeline.pdf
> ./RECOMB2010/posters/online_quantitative_transcript_analysis/img/snap_workflow_editor.png
> ./RECOMB2010/posters/online_quantitative_transcript_analysis/img/state_model_2.pdf
> ./RECOMB2010/posters/online_quantitative_transcript_analysis/img/state_model_3.pdf
> ./RECOMB2010/posters/online_quantitative_transcript_analysis/img/trans_segm_model_1.pdf
> ./RECOMB2010/posters/online_quantitative_transcript_analysis/mpg-logo.pdf
> ./RECOMB2010/posters/online_quantitative_transcript_analysis/poster.tex
> ./RNA-seq-natmeth
> ./RNA-seq-natmeth/abstract.txt
> ./RNA-seq-natmeth/Figure_1a_v2.ai
> ./RNA-seq-natmeth/Figure_1a_v3.ai
> ./RNA-seq-natmeth/Figure_1a_v3.eps
> ./RNA-seq-natmeth/Illumina_paired_strandspecific.docx
> ./RNA-seq-natmeth/Illumina_paired_strandspecific_Supplement.docx
> ./RNA-seq-natmeth/Letter_to_editor.docx
> ./RNA-seq-natmeth/Nematodes.Data
> ./RNA-seq-natmeth/Nematodes.Data/rdb
> ./RNA-seq-natmeth/Nematodes.Data/rdb/csort.frm
> ./RNA-seq-natmeth/Nematodes.Data/rdb/csort.MYD
> ./RNA-seq-natmeth/Nematodes.Data/rdb/csort.MYI
> ./RNA-seq-natmeth/Nematodes.Data/rdb/db.opt
> ./RNA-seq-natmeth/Nematodes.Data/rdb/jterms.frm
> ./RNA-seq-natmeth/Nematodes.Data/rdb/jterms.MYD
> ./RNA-seq-natmeth/Nematodes.Data/rdb/jterms.MYI
> ./RNA-seq-natmeth/Nematodes.Data/rdb/misc.frm
> ./RNA-seq-natmeth/Nematodes.Data/rdb/misc.MYD
> ./RNA-seq-natmeth/Nematodes.Data/rdb/misc.MYI
> ./RNA-seq-natmeth/Nematodes.Data/rdb/refs_ext.frm
> ./RNA-seq-natmeth/Nematodes.Data/rdb/refs_ext.MYD
> ./RNA-seq-natmeth/Nematodes.Data/rdb/refs_ext.MYI
> ./RNA-seq-natmeth/Nematodes.Data/rdb/refs.frm
> ./RNA-seq-natmeth/Nematodes.Data/rdb/refs.MYD
> ./RNA-seq-natmeth/Nematodes.Data/rdb/refs.MYI
> ./RNA-seq-natmeth/Nematodes.Data/rdb/terms.frm
> ./RNA-seq-natmeth/Nematodes.Data/rdb/terms.MYD
> ./RNA-seq-natmeth/Nematodes.Data/rdb/terms.MYI
> ./RNA-seq-natmeth/Nematodes.Data/Trash
> ./RNA-seq-natmeth/Nematodes.Data/Trash/Trash.Data
> ./RNA-seq-natmeth/Nematodes.Data/Trash/Trash.Data/rdb
> ./RNA-seq-natmeth/Nematodes.Data/Trash/Trash.Data/rdb/csort.frm
> ./RNA-seq-natmeth/Nematodes.Data/Trash/Trash.Data/rdb/csort.MYD
> ./RNA-seq-natmeth/Nematodes.Data/Trash/Trash.Data/rdb/csort.MYI
> ./RNA-seq-natmeth/Nematodes.Data/Trash/Trash.Data/rdb/db.opt
> ./RNA-seq-natmeth/Nematodes.Data/Trash/Trash.Data/rdb/jterms.frm
> ./RNA-seq-natmeth/Nematodes.Data/Trash/Trash.Data/rdb/jterms.MYD
> ./RNA-seq-natmeth/Nematodes.Data/Trash/Trash.Data/rdb/jterms.MYI
> ./RNA-seq-natmeth/Nematodes.Data/Trash/Trash.Data/rdb/misc.frm
> ./RNA-seq-natmeth/Nematodes.Data/Trash/Trash.Data/rdb/misc.MYD
> ./RNA-seq-natmeth/Nematodes.Data/Trash/Trash.Data/rdb/misc.MYI
> ./RNA-seq-natmeth/Nematodes.Data/Trash/Trash.Data/rdb/refs_ext.frm
> ./RNA-seq-natmeth/Nematodes.Data/Trash/Trash.Data/rdb/refs_ext.MYD
> ./RNA-seq-natmeth/Nematodes.Data/Trash/Trash.Data/rdb/refs_ext.MYI
> ./RNA-seq-natmeth/Nematodes.Data/Trash/Trash.Data/rdb/refs.frm
> ./RNA-seq-natmeth/Nematodes.Data/Trash/Trash.Data/rdb/refs.MYD
> ./RNA-seq-natmeth/Nematodes.Data/Trash/Trash.Data/rdb/refs.MYI
> ./RNA-seq-natmeth/Nematodes.Data/Trash/Trash.Data/rdb/terms.frm
> ./RNA-seq-natmeth/Nematodes.Data/Trash/Trash.Data/rdb/terms.MYD
> ./RNA-seq-natmeth/Nematodes.Data/Trash/Trash.Data/rdb/terms.MYI
> ./RNA-seq-natmeth/Nematodes.Data/Trash/Trash.enl
> ./RNA-seq-natmeth/Nematodes.enl
> ./srm-eval
> ./srm-eval/missing.pdf
> ./srm-eval/overview.aux
> ./srm-eval/overview.log
> ./srm-eval/overview.pdf
> ./srm-eval/overview.tex
> ./srm-eval/overview.txt
> ./srm-eval/references.bib
> ./srm-eval/results_complete.tex
> ./srm-eval/results.tex
> ./srm-eval/srm-eval
> ./srm-eval/srm-eval/eval_strategy.aux
> ./srm-eval/srm-eval/eval_strategy.tex
> ./srm-eval/srm-eval/figs
> ./srm-eval/srm-eval/figs/anonymous_alignment_eval.eps
> ./srm-eval/srm-eval/figs/anonymous_alignment_eval.pdf
> ./srm-eval/srm-eval/figs/anonymous_introncompare_heatmap.eps
> ./srm-eval/srm-eval/figs/anonymous_introncompare_heatmap.pdf
> ./srm-eval/srm-eval/figs/anonymous_reads_pairwise_heatmap.eps
> ./srm-eval/srm-eval/figs/anonymous_reads_pairwise_heatmap.pdf
> ./srm-eval/srm-eval/submitter_issues.tex
> ./Tiling-Miller
> ./Tiling-Miller/Spencer_Zeller_8_29_10DMGR.doc
> ./Tiling-Miller/Spencer_Zeller_8_30_10DMGR_methods.docx
> ./Tiling-Miller/Spencer_Zeller_GR_manuscript.pdf
> ./TIPPRetreat10
> ./TIPPRetreat10/rQuant
> ./TIPPRetreat10/rQuant/a0poster_mpi_v2.cls
> ./TIPPRetreat10/rQuant/a0size.sty
> ./TIPPRetreat10/rQuant/img
> ./TIPPRetreat10/rQuant/img/ath_profile.pdf
> ./TIPPRetreat10/rQuant/img/celegans_profile.pdf
> ./TIPPRetreat10/rQuant/img/comparison_corr.pdf
> ./TIPPRetreat10/rQuant/img/fml-logo-short.pdf
> ./TIPPRetreat10/rQuant/img/mpg-logo.pdf
> ./TIPPRetreat10/rQuant/img/profile_mixture.pdf
> ./TIPPRetreat10/rQuant/img/RNA-Seq_mapping.pdf
> ./TIPPRetreat10/rQuant/img/RNA-Seq_pipeline.pdf
> ./TIPPRetreat10/rQuant/img/RNA-Seq_read_content_SRX001872.pdf
> ./TIPPRetreat10/rQuant/img/RNA-Seq_sequencing.pdf
> ./TIPPRetreat10/rQuant/img/rquantweb_screenshot.png
> ./TIPPRetreat10/rQuant/img/rquantweb_workflow.png
> ./TIPPRetreat10/rQuant/img/workflow.pdf
> ./TIPPRetreat10/rQuant/mybeamerbaseboxes.sty
> ./TIPPRetreat10/rQuant/poster_rQuant.tex
> ./TIPPRetreat10/srm-eval
> ./TIPPRetreat10/srm-eval/a0poster_mpi_v2.cls
> ./TIPPRetreat10/srm-eval/a0size.sty
> ./TIPPRetreat10/srm-eval/img
> ./TIPPRetreat10/srm-eval/img/align_error_distribution_cut.pdf
> ./TIPPRetreat10/srm-eval/img/align_error_distribution.pdf
> ./TIPPRetreat10/srm-eval/img/elegans_chr1_alignment_eval_filtered.pdf
> ./TIPPRetreat10/srm-eval/img/elegans_chr1_alignment_eval_mr-filtered.pdf
> ./TIPPRetreat10/srm-eval/img/elegans_chr1_alignment_eval_original.pdf
> ./TIPPRetreat10/srm-eval/img/elegans_chr1_reads_pairwise_heatmap.pdf
> ./TIPPRetreat10/srm-eval/img/fml-logo-short.pdf
> ./TIPPRetreat10/srm-eval/img/galaxy_2_cut.pdf
> ./TIPPRetreat10/srm-eval/img/galaxy_alignment_eval_cut.pdf
> ./TIPPRetreat10/srm-eval/img/galaxy_alignment_eval.pdf
> ./TIPPRetreat10/srm-eval/img/GenomeMapper1.pdf
> ./TIPPRetreat10/srm-eval/img/mpg-logo.pdf
> ./TIPPRetreat10/srm-eval/img/RGASP-agreement-human-chr1.pdf
> ./TIPPRetreat10/srm-eval/img/RNA-Seq_mapping_cut.pdf
> ./TIPPRetreat10/srm-eval/img/RNA-Seq_mapping.pdf
> ./TIPPRetreat10/srm-eval/img/RNA-Seq_overview3.pdf
> ./TIPPRetreat10/srm-eval/mybeamerbaseboxes.sty
> ./TIPPRetreat10/srm-eval/poster_srm_eval.tex
> ./zf
> ./zf/ZfU1C_ms_trial1
> ./zf/ZfU1C_ms_trial1/Fig1_ZfU1C.jpg
> ./zf/ZfU1C_ms_trial1/Fig2_ZfU1C.jpg
> ./zf/ZfU1C_ms_trial1/Fig3_ZfU1C.jpg
> ./zf/ZfU1C_ms_trial1/Fig4_ZfU1C.jpg
> ./zf/ZfU1C_ms_trial1/Fig5_ZfU1C.jpg
> ./zf/ZfU1C_ms_trial1/Fig6_ZfU1C.jpg
> ./zf/ZfU1C_ms_trial1/Figures_ZfU1C.cdr
> ./zf/ZfU1C_ms_trial1/SUPPLEMENTARY METHODS.doc
> ./zf/ZfU1C_ms_trial1/supplFig.ppt
> ./zf/ZfU1C_ms_trial1/ZfU1C ms_18072010.doc
> ./zf/ZfU1C_ms_trial2
> ./zf/ZfU1C_ms_trial2/Bindereif_Cover_letter.pdf
> ./zf/ZfU1C_ms_trial2/Bindereif_manuscript_and_figures.pdf
> ./zf/ZfU1C_ms_trial2/Bindereif_Supplementary Methods_Text S1.pdf
> ./zf/ZfU1C_ms_trial2/Bindereif_Supporting Figures S1-3.pdf.pdf
> ./zf/ZfU1C_ms_trial2/Bindereif_Supporting Tables S1-8.pdf
