> ./arbeit.bib
> ./arbeit.tex
> ./figs
> ./figs/arbeit.pdf
> ./figs/A_thaliana_acc_nuc_frequ_neg.pdf
> ./figs/A_thaliana_acc_nuc_frequ_neg.ps
> ./figs/A_thaliana_acc_nuc_frequ_pos.pdf
> ./figs/A_thaliana_acc_nuc_frequ_pos.ps
> ./figs/auPRC_splice.jpg
> ./figs/auPRC_splice.pdf
> ./figs/auPRC_splice.ps
> ./figs/auPRC_splice_small.pdf
> ./figs/auPRC_splice_small.ps
> ./figs/C_e_acc_pos_imagesc.eps
> ./figs/C_e_acc_pos_imagesc.ps
> ./figs/C_elegans_acc_nuc_frequ_neg.pdf
> ./figs/C_elegans_acc_nuc_frequ_neg.ps
> ./figs/C_elegans_acc_nuc_frequ_pos.pdf
> ./figs/C_elegans_acc_nuc_frequ_pos.ps
> ./figs/example_windows.graffle
> ./figs/example_windows.pdf
> ./figs/fleischwolf_diag.pdf
> ./figs/flowchart1.png
> ./figs/flowchart2.png
> ./figs/flowchart_data_processing0.graffle
> ./figs/flowchart_data_processing0.pdf
> ./figs/flowchart_data_processing1.graffle
> ./figs/flowchart_data_processing1.pdf
> ./figs/flowchart_data_processing2.graffle
> ./figs/flowchart_data_processing2.pdf
> ./figs/flowchart_data_processing3.graffle
> ./figs/flowchart_data_processing3.pdf
> ./figs/flowchart_data_processing4.graffle
> ./figs/flowchart_data_processing4.pdf
> ./figs/flowchart_data_processing.graffle
> ./figs/flowchart_data_processing.pdf
> ./figs/flowchart.dsc
> ./figs/flowchart.eps
> ./figs/flowchart.graffle
> ./figs/flowchart_ml.graffle
> ./figs/flowchart_ml.pdf
> ./figs/flowchart.pdf
> ./figs/flowchart.png
> ./figs/gene_model.pdf
> ./figs/H_sapiens_acc_nuc_frequ_neg.pdf
> ./figs/H_sapiens_acc_nuc_frequ_neg.ps
> ./figs/H_sapiens_acc_nuc_frequ_pos.pdf
> ./figs/H_sapiens_acc_nuc_frequ_pos.ps
> ./figs/MC.graffle
> ./figs/MC.pdf
> ./figs/nGASP-model_simple.pdf
> ./figs/nuc_hist_acc_all.pdf
> ./figs/nuc_hist_all_legend.pdf
> ./figs/nuc_hist_all.pdf
> ./figs/para_hirarchie.graffle
> ./figs/para_hirarchie.pdf
> ./figs/para_hirarchie.ps
> ./figs/para_hirarchie.sk
> ./figs/poims.pdf
> ./figs/poims_small.pdf
> ./figs/poims_small.ps
> ./figs/PolyA-kernels.graffle
> ./figs/PolyA-kernels.pdf
> ./figs/roc_hmm_wd_wds_sp_10000.pdf
> ./figs/roc_hmm_wd_wds_sp_1000.pdf
> ./figs/roc_hmm_wd_wds_sp_100.pdf
> ./figs/roc_mc_wd_wds_sp_10000.png
> ./figs/roc_mc_wd_wds_sp_1000.png
> ./figs/sliding_window.graffle
> ./figs/sliding_window.pdf
> ./figs/tptn.graffle
> ./figs/tptn.pdf
> ./figs/unilogo.eps
> ./figs/unilogo.eps.ps
> ./figs/unilogo.pdf
> ./figs/unilogo.ps
> ./figs/wd-kernel2.eps
> ./figs/wd-kernel2.pdf
> ./figs/wdkernel.eps
> ./figs/wdkernel.pdf
> ./figs/WD-kernel.pdf
> ./figs/WD-kernel.ps
> ./figs/WDS-kernel.pdf
> ./figs/ZBIT_logo.eps
> ./figs/ZBIT_logo.pdf
> ./figs/ZBIT_logo.ps
> ./talk
> ./talk/figs
> ./talk/figs/alt_splice_AT4G10970_my.graffle
> ./talk/figs/alt_splice_AT4G10970_my.graffle/data.plist
> ./talk/figs/alt_splice_AT4G10970_my.pdf
> ./talk/figs/alt_splice_AT4G10970.pdf
> ./talk/figs/approach_no_tiling.graffle
> ./talk/figs/approach_no_tiling.graffle/data.plist
> ./talk/figs/approach_no_tiling.pdf
> ./talk/figs/approach_only_true.pdf
> ./talk/figs/approach_step1.pdf
> ./talk/figs/approach_tiling.pdf
> ./talk/figs/arrow.pdf
> ./talk/figs/bar_plot.jpg
> ./talk/figs/compare_abinitio_exons_missing.jpg
> ./talk/figs/compare_rna_seq_not_enough.
> ./talk/figs/compare_rna_seq_not_enough2.jpg
> ./talk/figs/compare_rna_seq_not_enough2.pdf
> ./talk/figs/compare_rna_seq_not_enough3.pdf
> ./talk/figs/compare_rna_seq_not_enough4.pdf
> ./talk/figs/compare_rna_seq_not_enough5.pdf
> ./talk/figs/compare_rna_seq_not_enough.jpg
> ./talk/figs/data_comparison.pdf
> ./talk/figs/data.pdf
> ./talk/figs/dna_to_protein.pdf
> ./talk/figs/eval_on_expression_bins.jpg
> ./talk/figs/rna_seq_data.pdf
> ./talk/figs/tiling_array_data.pdf
> ./talk/img
> ./talk/img/dna_rna.png
> ./talk/img/fleischwolf2.jpg
> ./talk/img/hgt_genome_37cd_d365e0_lines.pdf
> ./talk/img/hgt_genome_37cd_d365e0.pdf
> ./talk/img/hmm3.png
> ./talk/img/negXTs.png
> ./talk/img/nGASP-model_simple.png
> ./talk/img/posXTs.png
> ./talk/img/PRC_big_acc.png
> ./talk/img/PRC_big_don.png
> ./talk/img/sliding_win.sk
> ./talk/img/splice-window2.jpg
> ./talk/img/svm2.graffle
> ./talk/img/svm2.png
> ./talk/img/svm3.graffle
> ./talk/img/svm3.png
> ./talk/img/svm.graffle
> ./talk/img/svm.png
> ./talk/talk.out
> ./talk/talk.snm
> ./talk/talk.tex
> ./talk/talk.tex.bak
