> ./arbeit.bib
> ./arbeit.tex
> ./figs
> ./figs/abinitio_bootstrap.jpg
> ./figs/abinitio_bootstrap_old.jpg
> ./figs/arbeit.pdf
> ./figs/array_design_transcript.pdf
> ./figs/A_thaliana_acc_nuc_frequ_neg.pdf
> ./figs/A_thaliana_acc_nuc_frequ_neg.ps
> ./figs/A_thaliana_acc_nuc_frequ_pos.pdf
> ./figs/A_thaliana_acc_nuc_frequ_pos.ps
> ./figs/auPRC_splice.jpg
> ./figs/auPRC_splice.pdf
> ./figs/auPRC_splice.ps.bz2
> ./figs/auPRC_splice_small.pdf
> ./figs/auPRC_splice_small.ps
> ./figs/bad_annotation.jpg
> ./figs/bad_annotation.pdf
> ./figs/bad_annotation.ps
> ./figs/C_e_acc_neg_imagesc.eps.bz2
> ./figs/C_e_acc_neg_imagesc.pdf
> ./figs/C_e_acc_neg_imagesc.ps.bz2
> ./figs/C_e_acc_pos_imagesc.eps.bz2
> ./figs/C_e_acc_pos_imagesc.ps.bz2
> ./figs/C_elegans_acc_nuc_frequ_neg.pdf
> ./figs/C_elegans_acc_nuc_frequ_neg.ps
> ./figs/C_elegans_acc_nuc_frequ_pos.pdf
> ./figs/C_elegans_acc_nuc_frequ_pos.ps
> ./figs/comp_both_data_missleading.jpg
> ./figs/comp_rna_more_relyable.jpg
> ./figs/comp_tiling_predicted_retained_intron.jpg
> ./figs/coverage_hist.jpg
> ./figs/eval_on_expression_bins.jpg
> ./figs/example_windows.graffle
> ./figs/example_windows.pdf
> ./figs/fleischwolf_diag.pdf
> ./figs/gc_for_expression_bins.jpg
> ./figs/gene_model
> ./figs/gene_model.jpg
> ./figs/genemodel.jpg
> ./figs/gene_model.png
> ./figs/genemodel.png
> ./figs/gene_model.png.png
> ./figs/gene model.svg
> ./figs/gene_model.svg
> ./figs/HMM_features.graffle
> ./figs/HMM_features.jpg
> ./figs/HMM_features.pdf
> ./figs/H_sapiens_acc_nuc_frequ_neg.pdf
> ./figs/H_sapiens_acc_nuc_frequ_neg.ps
> ./figs/H_sapiens_acc_nuc_frequ_pos.pdf
> ./figs/H_sapiens_acc_nuc_frequ_pos.ps
> ./figs/imagesc_acc_n.jpg
> ./figs/imagesc_acc_p.jpg
> ./figs/lookback.graffle
> ./figs/lookback.jpg
> ./figs/lookback.pdf
> ./figs/MC.graffle
> ./figs/MC.pdf
> ./figs/nGASP-model_simple.pdf
> ./figs/nGASP_path_tiling~.graffle
> ./figs/nGASP_path_tiling.graffle
> ./figs/nGASP_path_tiling~.graffle/data.plist
> ./figs/nGASP_path_tiling.graffle/data.plist
> ./figs/nGASP_path_tiling.graffle/.OABK
> ./figs/nGASP_path_tiling.pdf
> ./figs/nuc_hist_acc_all.pdf
> ./figs/nuc_hist_all_legend.pdf
> ./figs/nuc_hist_all.pdf
> ./figs/para_hirarchie.graffle
> ./figs/para_hirarchie.pdf
> ./figs/para_hirarchie.ps
> ./figs/para_hirarchie.sk
> ./figs/plot_plifs_rna.jpg
> ./figs/plot_plifs_tiling.eps
> ./figs/plot_plifs_tiling.jpg
> ./figs/plot_plifs_tiling.pdf
> ./figs/plot_rna_plifs.eps
> ./figs/poims.pdf
> ./figs/poims.ps.bz2
> ./figs/poims_small.pdf
> ./figs/poims_small.ps
> ./figs/PolyA-kernels.graffle
> ./figs/PolyA-kernels.pdf
> ./figs/rna_data_better.jpg
> ./figs/rna_data_better.pdf
> ./figs/rna_data_better.ps
> ./figs/rna_discrete_tiling_better.pdf
> ./figs/rna_discrete_tiling_better.ps
> ./figs/rna_exons_missing_no_cov.pdf
> ./figs/rna_exons_missing_no_cov.ps
> ./figs/rna_peak_not_ignored.pdf
> ./figs/rna_peak_not_ignored.ps
> ./figs/rna_reads_in_intron.gif
> ./figs/rna_reads_in_intron.jpg
> ./figs/rna_reads_in_intron.pdf
> ./figs/rna_reads_in_intron.ps
> ./figs/roc_hmm_wd_wds_sp_10000.pdf
> ./figs/roc_hmm_wd_wds_sp_1000.pdf
> ./figs/roc_hmm_wd_wds_sp_100.pdf
> ./figs/roc_mc_wd_wds_sp_10000.png
> ./figs/roc_mc_wd_wds_sp_1000.png
> ./figs/sliding_window.graffle
> ./figs/sliding_window.pdf
> ./figs/splice_form_reads.pdf
> ./figs/structure_layer_2.pdf
> ./figs/system_overview.graffle
> ./figs/system_overview.pdf
> ./figs/tiling_array_contribution.graffle
> ./figs/tiling_array_contribution.pdf
> ./figs/tiling_better_many_exons.pdf
> ./figs/tiling_better_many_exons.ps
> ./figs/tiling_better.pdf
> ./figs/tiling_better.ps
> ./figs/tiling_better_rna_exon_missing.jpg
> ./figs/tiling_better_rna_exon_missing.pdf
> ./figs/tiling_better_rna_exon_missing.ps
> ./figs/tiling_data_better.pdf
> ./figs/tiling_data_better.ps
> ./figs/tiling_weights.jpg
> ./figs/tissue_alt_exon_boundary.jpg
> ./figs/tissue_confirmed_intron_retention_geq6_ests_respectively.jpg
> ./figs/tissue_confirmed_intron_retention.jpg
> ./figs/tissue_exon_skip_differential_expressed.jpg
> ./figs/tissue_exon_skip_good_data2.jpg
> ./figs/tissue_exon_skip_good_data.jpg
> ./figs/tissue_exon_skipped_confirmed.jpg
> ./figs/tissue_exon_skipped.jpg
> ./figs/tissue_intron_retention_good_data.jpg
> ./figs/tissue_one_low_one_high.m
> ./figs/tissue_retention_conf_intron_not_data_look_good.jpg
> ./figs/tissue_retention_confirmed_intron_not.jpg
> ./figs/tissue_ret_in_seedling_and_intron_in_inf_confirmed.jpg
> ./figs/tptn.graffle
> ./figs/tptn.pdf
> ./figs/train_and_eval_on_expression_bins.jpg
> ./figs/unilogo.eps
> ./figs/unilogo.eps.ps
> ./figs/unilogo.pdf
> ./figs/unilogo.ps
> ./figs/wd-kernel2.eps
> ./figs/wd-kernel2.pdf
> ./figs/wdkernel.eps
> ./figs/wdkernel.pdf
> ./figs/WD-kernel.pdf
> ./figs/WD-kernel.ps
> ./figs/WDS-kernel.pdf
> ./figs/weight_rna_seq_exon_for_bins.jpg
> ./figs/weight_tiling_exon_for_bins.jpg
> ./figs/ZBIT_logo.eps
> ./figs/ZBIT_logo.pdf
> ./figs/ZBIT_logo.ps
> ./talk
> ./talk/Diplom_talk.tex
> ./talk/figs
> ./talk/figs/alt_splice_AT4G10970_my.pdf
> ./talk/figs/alt_splice_AT4G10970.pdf
> ./talk/figs/approach_no_tiling.pdf
> ./talk/figs/approach_only_true.pdf
> ./talk/figs/approach_step1.pdf
> ./talk/figs/approach_tiling.pdf
> ./talk/figs/arrow.pdf
> ./talk/figs/bar_plot.jpg
> ./talk/figs/column_generation.pdf
> ./talk/figs/compare_abinitio_exons_missing.jpg
> ./talk/figs/compare_rna_seq_not_enough2.jpg
> ./talk/figs/compare_rna_seq_not_enough2.pdf
> ./talk/figs/compare_rna_seq_not_enough3.pdf
> ./talk/figs/compare_rna_seq_not_enough4.pdf
> ./talk/figs/compare_rna_seq_not_enough5.pdf
> ./talk/figs/compare_rna_seq_not_enough.jpg
> ./talk/figs/Content_based_model.pdf
> ./talk/figs/data_comparison.pdf
> ./talk/figs/data.pdf
> ./talk/figs/dna_to_protein.pdf
> ./talk/figs/eval_on_expression_bins.jpg
> ./talk/figs/model_with_features.pdf
> ./talk/figs/rna_seq_data.pdf
> ./talk/figs/tiling_array_data.pdf
> ./talk/figs/tiling_plifs.pdf
> ./talk_PhD_10min
> ./talk_PhD_10min/figs
> ./talk_PhD_10min/figs/alt_splice_AT4G10970_my.pdf
> ./talk_PhD_10min/figs/alt_splice_AT4G10970.pdf
> ./talk_PhD_10min/figs/approach_no_tiling.pdf
> ./talk_PhD_10min/figs/approach_only_true.pdf
> ./talk_PhD_10min/figs/approach_step1.pdf
> ./talk_PhD_10min/figs/approach_tiling.pdf
> ./talk_PhD_10min/figs/arrow.pdf
> ./talk_PhD_10min/figs/bar_plot.jpg
> ./talk_PhD_10min/figs/compare_abinitio_exons_missing.jpg
> ./talk_PhD_10min/figs/compare_rna_seq_not_enough.
> ./talk_PhD_10min/figs/compare_rna_seq_not_enough2.jpg
> ./talk_PhD_10min/figs/compare_rna_seq_not_enough2.pdf
> ./talk_PhD_10min/figs/compare_rna_seq_not_enough3.pdf
> ./talk_PhD_10min/figs/compare_rna_seq_not_enough4.pdf
> ./talk_PhD_10min/figs/compare_rna_seq_not_enough5.pdf
> ./talk_PhD_10min/figs/compare_rna_seq_not_enough.jpg
> ./talk_PhD_10min/figs/data_comparison.pdf
> ./talk_PhD_10min/figs/data.pdf
> ./talk_PhD_10min/figs/dna_to_protein.pdf
> ./talk_PhD_10min/figs/eval_on_expression_bins.jpg
> ./talk_PhD_10min/figs/tiling_array_data.pdf
> ./talk_PhD_10min/img
> ./talk_PhD_10min/img/dna_rna.png
> ./talk_PhD_10min/img/fleischwolf2.jpg
> ./talk_PhD_10min/img/hgt_genome_37cd_d365e0_lines.pdf
> ./talk_PhD_10min/img/hgt_genome_37cd_d365e0.pdf
> ./talk_PhD_10min/img/hmm3.png
> ./talk_PhD_10min/img/negXTs.png
> ./talk_PhD_10min/img/nGASP-model_simple.png
> ./talk_PhD_10min/img/posXTs.png
> ./talk_PhD_10min/img/PRC_big_acc.png
> ./talk_PhD_10min/img/PRC_big_don.png
> ./talk_PhD_10min/img/sliding_win.sk
> ./talk_PhD_10min/img/splice-window2.jpg
> ./talk_PhD_10min/img/svm2.graffle
> ./talk_PhD_10min/img/svm2.png
> ./talk_PhD_10min/img/svm3.graffle
> ./talk_PhD_10min/img/svm3.png
> ./talk_PhD_10min/img/svm.graffle
> ./talk_PhD_10min/img/svm.png
> ./talk_PhD_10min/talk.tex
> ./talk_PhD_10min/text.txt
